<?xml version="1.0" encoding="UTF-8"?>
<!-- Generated by org.testng.reporters.JUnitXMLReporter -->
<testsuite hostname="Gonis-MacBook-Pro.local" name="Home Test" tests="119" failures="36" timestamp="11 Feb 2016 12:32:52 GMT" time="8798.061" errors="0">
  <testcase name="@AfterClass uncheckSingleCollection" time="0.0" classname="com.biodata.labguru.tests.inventory.purchasables.ConsumablesTest">
    <failure type="org.openqa.selenium.UnsupportedCommandException" message="ERROR The test with session id 691114ebbd69427999aaf6e6ee4eea79 has already finished, and can&amp;apos;t receive further commands
You can learn more at https://saucelabs.com/jobs/691114ebbd69427999aaf6e6ee4eea79
For help, please check https://docs.saucelabs.com/reference/troubleshooting-common-error-messages
Command duration or timeout: 418 milliseconds
Build info: version: &amp;apos;2.48.2&amp;apos;, revision: &amp;apos;41bccdd10cf2c0560f637404c2d96164b67d9d67&amp;apos;, time: &amp;apos;2015-10-09 13:08:06&amp;apos;
System info: host: &amp;apos;Gonis-MacBook-Pro.local&amp;apos;, ip: &amp;apos;192.168.1.14&amp;apos;, os.name: &amp;apos;Mac OS X&amp;apos;, os.arch: &amp;apos;x86_64&amp;apos;, os.version: &amp;apos;10.10.4&amp;apos;, java.version: &amp;apos;1.8.0_45&amp;apos;
Driver info: org.openqa.selenium.remote.RemoteWebDriver
Capabilities [{applicationCacheEnabled=true, rotatable=false, hasMetadata=true, databaseEnabled=true, handlesAlerts=true, version=43.0, platform=MAC, nativeEvents=false, acceptSslCerts=true, webdriver.remote.sessionid=691114ebbd69427999aaf6e6ee4eea79, locationContextEnabled=true, webStorageEnabled=true, takesScreenshot=true, browserName=firefox, javascriptEnabled=true, cssSelectorsEnabled=true}]
Session ID: 691114ebbd69427999aaf6e6ee4eea79">
      <![CDATA[org.openqa.selenium.UnsupportedCommandException: ERROR The test with session id 691114ebbd69427999aaf6e6ee4eea79 has already finished, and can't receive further commands
You can learn more at https://saucelabs.com/jobs/691114ebbd69427999aaf6e6ee4eea79
For help, please check https://docs.saucelabs.com/reference/troubleshooting-common-error-messages
Command duration or timeout: 418 milliseconds
Build info: version: '2.48.2', revision: '41bccdd10cf2c0560f637404c2d96164b67d9d67', time: '2015-10-09 13:08:06'
System info: host: 'Gonis-MacBook-Pro.local', ip: '192.168.1.14', os.name: 'Mac OS X', os.arch: 'x86_64', os.version: '10.10.4', java.version: '1.8.0_45'
Driver info: org.openqa.selenium.remote.RemoteWebDriver
Capabilities [{applicationCacheEnabled=true, rotatable=false, hasMetadata=true, databaseEnabled=true, handlesAlerts=true, version=43.0, platform=MAC, nativeEvents=false, acceptSslCerts=true, webdriver.remote.sessionid=691114ebbd69427999aaf6e6ee4eea79, locationContextEnabled=true, webStorageEnabled=true, takesScreenshot=true, browserName=firefox, javascriptEnabled=true, cssSelectorsEnabled=true}]
Session ID: 691114ebbd69427999aaf6e6ee4eea79
	at org.openqa.selenium.remote.ErrorHandler.createThrowable(ErrorHandler.java:206)
	at org.openqa.selenium.remote.ErrorHandler.throwIfResponseFailed(ErrorHandler.java:158)
	at org.openqa.selenium.remote.RemoteWebDriver.execute(RemoteWebDriver.java:647)
	at org.openqa.selenium.remote.RemoteWebDriver.execute(RemoteWebDriver.java:670)
	at org.openqa.selenium.remote.RemoteWebDriver.getTitle(RemoteWebDriver.java:315)
	at com.biodata.labguru.tests.BaseTest.setLog(BaseTest.java:259)
	at com.biodata.labguru.tests.inventory.AbstractCollectionsTest.uncheckSingleCollection(AbstractCollectionsTest.java:73)
	at java.util.concurrent.ThreadPoolExecutor.runWorker(ThreadPoolExecutor.java:1142)
	at java.util.concurrent.ThreadPoolExecutor$Worker.run(ThreadPoolExecutor.java:617)
	at java.lang.Thread.run(Thread.java:745)
... Removed 13 stack frames]]>
    </failure>
  </testcase> <!-- @AfterClass uncheckSingleCollection -->
  <testcase name="@AfterClass tearDown" time="0.0" classname="com.biodata.labguru.tests.inventory.purchasables.ConsumablesTest">
    <failure type="org.openqa.selenium.UnsupportedCommandException" message="ERROR The test with session id 691114ebbd69427999aaf6e6ee4eea79 has already finished, and can&amp;apos;t receive further commands
You can learn more at https://saucelabs.com/jobs/691114ebbd69427999aaf6e6ee4eea79
For help, please check https://docs.saucelabs.com/reference/troubleshooting-common-error-messages
Command duration or timeout: 422 milliseconds
Build info: version: &amp;apos;2.48.2&amp;apos;, revision: &amp;apos;41bccdd10cf2c0560f637404c2d96164b67d9d67&amp;apos;, time: &amp;apos;2015-10-09 13:08:06&amp;apos;
System info: host: &amp;apos;Gonis-MacBook-Pro.local&amp;apos;, ip: &amp;apos;192.168.1.14&amp;apos;, os.name: &amp;apos;Mac OS X&amp;apos;, os.arch: &amp;apos;x86_64&amp;apos;, os.version: &amp;apos;10.10.4&amp;apos;, java.version: &amp;apos;1.8.0_45&amp;apos;
Driver info: org.openqa.selenium.remote.RemoteWebDriver
Capabilities [{applicationCacheEnabled=true, rotatable=false, hasMetadata=true, databaseEnabled=true, handlesAlerts=true, version=43.0, platform=MAC, nativeEvents=false, acceptSslCerts=true, webdriver.remote.sessionid=691114ebbd69427999aaf6e6ee4eea79, locationContextEnabled=true, webStorageEnabled=true, takesScreenshot=true, browserName=firefox, javascriptEnabled=true, cssSelectorsEnabled=true}]
Session ID: 691114ebbd69427999aaf6e6ee4eea79">
      <![CDATA[org.openqa.selenium.UnsupportedCommandException: ERROR The test with session id 691114ebbd69427999aaf6e6ee4eea79 has already finished, and can't receive further commands
You can learn more at https://saucelabs.com/jobs/691114ebbd69427999aaf6e6ee4eea79
For help, please check https://docs.saucelabs.com/reference/troubleshooting-common-error-messages
Command duration or timeout: 422 milliseconds
Build info: version: '2.48.2', revision: '41bccdd10cf2c0560f637404c2d96164b67d9d67', time: '2015-10-09 13:08:06'
System info: host: 'Gonis-MacBook-Pro.local', ip: '192.168.1.14', os.name: 'Mac OS X', os.arch: 'x86_64', os.version: '10.10.4', java.version: '1.8.0_45'
Driver info: org.openqa.selenium.remote.RemoteWebDriver
Capabilities [{applicationCacheEnabled=true, rotatable=false, hasMetadata=true, databaseEnabled=true, handlesAlerts=true, version=43.0, platform=MAC, nativeEvents=false, acceptSslCerts=true, webdriver.remote.sessionid=691114ebbd69427999aaf6e6ee4eea79, locationContextEnabled=true, webStorageEnabled=true, takesScreenshot=true, browserName=firefox, javascriptEnabled=true, cssSelectorsEnabled=true}]
Session ID: 691114ebbd69427999aaf6e6ee4eea79
	at org.openqa.selenium.remote.ErrorHandler.createThrowable(ErrorHandler.java:206)
	at org.openqa.selenium.remote.ErrorHandler.throwIfResponseFailed(ErrorHandler.java:158)
	at org.openqa.selenium.remote.RemoteWebDriver.execute(RemoteWebDriver.java:647)
	at org.openqa.selenium.remote.RemoteWebDriver.execute(RemoteWebDriver.java:670)
	at org.openqa.selenium.remote.RemoteWebDriver.quit(RemoteWebDriver.java:516)
	at com.biodata.labguru.tests.BaseTest.tearDown(BaseTest.java:92)
	at java.util.concurrent.ThreadPoolExecutor.runWorker(ThreadPoolExecutor.java:1142)
	at java.util.concurrent.ThreadPoolExecutor$Worker.run(ThreadPoolExecutor.java:617)
	at java.lang.Thread.run(Thread.java:745)
... Removed 13 stack frames]]>
    </failure>
  </testcase> <!-- @AfterClass tearDown -->
  <testcase name="@AfterClass uncheckSingleCollection" time="0.0" classname="com.biodata.labguru.tests.inventory.purchasables.YeastsTest">
    <failure type="org.openqa.selenium.UnsupportedCommandException" message="ERROR The test with session id e1a6802fe1e947799047bcdbd7b750be has already finished, and can&amp;apos;t receive further commands
You can learn more at https://saucelabs.com/jobs/e1a6802fe1e947799047bcdbd7b750be
For help, please check https://docs.saucelabs.com/reference/troubleshooting-common-error-messages
Command duration or timeout: 420 milliseconds
Build info: version: &amp;apos;2.48.2&amp;apos;, revision: &amp;apos;41bccdd10cf2c0560f637404c2d96164b67d9d67&amp;apos;, time: &amp;apos;2015-10-09 13:08:06&amp;apos;
System info: host: &amp;apos;Gonis-MacBook-Pro.local&amp;apos;, ip: &amp;apos;192.168.1.14&amp;apos;, os.name: &amp;apos;Mac OS X&amp;apos;, os.arch: &amp;apos;x86_64&amp;apos;, os.version: &amp;apos;10.10.4&amp;apos;, java.version: &amp;apos;1.8.0_45&amp;apos;
Driver info: org.openqa.selenium.remote.RemoteWebDriver
Capabilities [{applicationCacheEnabled=true, rotatable=false, hasMetadata=true, databaseEnabled=true, handlesAlerts=true, version=43.0, platform=MAC, nativeEvents=false, acceptSslCerts=true, webdriver.remote.sessionid=e1a6802fe1e947799047bcdbd7b750be, locationContextEnabled=true, webStorageEnabled=true, takesScreenshot=true, browserName=firefox, javascriptEnabled=true, cssSelectorsEnabled=true}]
Session ID: e1a6802fe1e947799047bcdbd7b750be">
      <![CDATA[org.openqa.selenium.UnsupportedCommandException: ERROR The test with session id e1a6802fe1e947799047bcdbd7b750be has already finished, and can't receive further commands
You can learn more at https://saucelabs.com/jobs/e1a6802fe1e947799047bcdbd7b750be
For help, please check https://docs.saucelabs.com/reference/troubleshooting-common-error-messages
Command duration or timeout: 420 milliseconds
Build info: version: '2.48.2', revision: '41bccdd10cf2c0560f637404c2d96164b67d9d67', time: '2015-10-09 13:08:06'
System info: host: 'Gonis-MacBook-Pro.local', ip: '192.168.1.14', os.name: 'Mac OS X', os.arch: 'x86_64', os.version: '10.10.4', java.version: '1.8.0_45'
Driver info: org.openqa.selenium.remote.RemoteWebDriver
Capabilities [{applicationCacheEnabled=true, rotatable=false, hasMetadata=true, databaseEnabled=true, handlesAlerts=true, version=43.0, platform=MAC, nativeEvents=false, acceptSslCerts=true, webdriver.remote.sessionid=e1a6802fe1e947799047bcdbd7b750be, locationContextEnabled=true, webStorageEnabled=true, takesScreenshot=true, browserName=firefox, javascriptEnabled=true, cssSelectorsEnabled=true}]
Session ID: e1a6802fe1e947799047bcdbd7b750be
	at org.openqa.selenium.remote.ErrorHandler.createThrowable(ErrorHandler.java:206)
	at org.openqa.selenium.remote.ErrorHandler.throwIfResponseFailed(ErrorHandler.java:158)
	at org.openqa.selenium.remote.RemoteWebDriver.execute(RemoteWebDriver.java:647)
	at org.openqa.selenium.remote.RemoteWebDriver.execute(RemoteWebDriver.java:670)
	at org.openqa.selenium.remote.RemoteWebDriver.getTitle(RemoteWebDriver.java:315)
	at com.biodata.labguru.tests.BaseTest.setLog(BaseTest.java:259)
	at com.biodata.labguru.tests.inventory.AbstractCollectionsTest.uncheckSingleCollection(AbstractCollectionsTest.java:73)
	at java.util.concurrent.ThreadPoolExecutor.runWorker(ThreadPoolExecutor.java:1142)
	at java.util.concurrent.ThreadPoolExecutor$Worker.run(ThreadPoolExecutor.java:617)
	at java.lang.Thread.run(Thread.java:745)
... Removed 13 stack frames]]>
    </failure>
  </testcase> <!-- @AfterClass uncheckSingleCollection -->
  <testcase name="@AfterClass tearDown" time="0.0" classname="com.biodata.labguru.tests.inventory.purchasables.YeastsTest">
    <failure type="org.openqa.selenium.UnsupportedCommandException" message="ERROR The test with session id e1a6802fe1e947799047bcdbd7b750be has already finished, and can&amp;apos;t receive further commands
You can learn more at https://saucelabs.com/jobs/e1a6802fe1e947799047bcdbd7b750be
For help, please check https://docs.saucelabs.com/reference/troubleshooting-common-error-messages
Command duration or timeout: 417 milliseconds
Build info: version: &amp;apos;2.48.2&amp;apos;, revision: &amp;apos;41bccdd10cf2c0560f637404c2d96164b67d9d67&amp;apos;, time: &amp;apos;2015-10-09 13:08:06&amp;apos;
System info: host: &amp;apos;Gonis-MacBook-Pro.local&amp;apos;, ip: &amp;apos;192.168.1.14&amp;apos;, os.name: &amp;apos;Mac OS X&amp;apos;, os.arch: &amp;apos;x86_64&amp;apos;, os.version: &amp;apos;10.10.4&amp;apos;, java.version: &amp;apos;1.8.0_45&amp;apos;
Driver info: org.openqa.selenium.remote.RemoteWebDriver
Capabilities [{applicationCacheEnabled=true, rotatable=false, hasMetadata=true, databaseEnabled=true, handlesAlerts=true, version=43.0, platform=MAC, nativeEvents=false, acceptSslCerts=true, webdriver.remote.sessionid=e1a6802fe1e947799047bcdbd7b750be, locationContextEnabled=true, webStorageEnabled=true, takesScreenshot=true, browserName=firefox, javascriptEnabled=true, cssSelectorsEnabled=true}]
Session ID: e1a6802fe1e947799047bcdbd7b750be">
      <![CDATA[org.openqa.selenium.UnsupportedCommandException: ERROR The test with session id e1a6802fe1e947799047bcdbd7b750be has already finished, and can't receive further commands
You can learn more at https://saucelabs.com/jobs/e1a6802fe1e947799047bcdbd7b750be
For help, please check https://docs.saucelabs.com/reference/troubleshooting-common-error-messages
Command duration or timeout: 417 milliseconds
Build info: version: '2.48.2', revision: '41bccdd10cf2c0560f637404c2d96164b67d9d67', time: '2015-10-09 13:08:06'
System info: host: 'Gonis-MacBook-Pro.local', ip: '192.168.1.14', os.name: 'Mac OS X', os.arch: 'x86_64', os.version: '10.10.4', java.version: '1.8.0_45'
Driver info: org.openqa.selenium.remote.RemoteWebDriver
Capabilities [{applicationCacheEnabled=true, rotatable=false, hasMetadata=true, databaseEnabled=true, handlesAlerts=true, version=43.0, platform=MAC, nativeEvents=false, acceptSslCerts=true, webdriver.remote.sessionid=e1a6802fe1e947799047bcdbd7b750be, locationContextEnabled=true, webStorageEnabled=true, takesScreenshot=true, browserName=firefox, javascriptEnabled=true, cssSelectorsEnabled=true}]
Session ID: e1a6802fe1e947799047bcdbd7b750be
	at org.openqa.selenium.remote.ErrorHandler.createThrowable(ErrorHandler.java:206)
	at org.openqa.selenium.remote.ErrorHandler.throwIfResponseFailed(ErrorHandler.java:158)
	at org.openqa.selenium.remote.RemoteWebDriver.execute(RemoteWebDriver.java:647)
	at org.openqa.selenium.remote.RemoteWebDriver.execute(RemoteWebDriver.java:670)
	at org.openqa.selenium.remote.RemoteWebDriver.quit(RemoteWebDriver.java:516)
	at com.biodata.labguru.tests.BaseTest.tearDown(BaseTest.java:92)
	at java.util.concurrent.ThreadPoolExecutor.runWorker(ThreadPoolExecutor.java:1142)
	at java.util.concurrent.ThreadPoolExecutor$Worker.run(ThreadPoolExecutor.java:617)
	at java.lang.Thread.run(Thread.java:745)
... Removed 13 stack frames]]>
    </failure>
  </testcase> <!-- @AfterClass tearDown -->
  <testcase name="@AfterClass uncheckSingleCollection" time="0.0" classname="com.biodata.labguru.tests.inventory.purchasables.WormsTest">
    <failure type="org.openqa.selenium.UnsupportedCommandException" message="ERROR The test with session id 1e3078ff5cdb4609a4140ff1d5ecb1d5 has already finished, and can&amp;apos;t receive further commands
You can learn more at https://saucelabs.com/jobs/1e3078ff5cdb4609a4140ff1d5ecb1d5
For help, please check https://docs.saucelabs.com/reference/troubleshooting-common-error-messages
Command duration or timeout: 258 milliseconds
Build info: version: &amp;apos;2.48.2&amp;apos;, revision: &amp;apos;41bccdd10cf2c0560f637404c2d96164b67d9d67&amp;apos;, time: &amp;apos;2015-10-09 13:08:06&amp;apos;
System info: host: &amp;apos;Gonis-MacBook-Pro.local&amp;apos;, ip: &amp;apos;192.168.1.14&amp;apos;, os.name: &amp;apos;Mac OS X&amp;apos;, os.arch: &amp;apos;x86_64&amp;apos;, os.version: &amp;apos;10.10.4&amp;apos;, java.version: &amp;apos;1.8.0_45&amp;apos;
Driver info: org.openqa.selenium.remote.RemoteWebDriver
Capabilities [{applicationCacheEnabled=true, rotatable=false, hasMetadata=true, databaseEnabled=true, handlesAlerts=true, version=43.0, platform=MAC, nativeEvents=false, acceptSslCerts=true, webdriver.remote.sessionid=1e3078ff5cdb4609a4140ff1d5ecb1d5, locationContextEnabled=true, webStorageEnabled=true, takesScreenshot=true, browserName=firefox, javascriptEnabled=true, cssSelectorsEnabled=true}]
Session ID: 1e3078ff5cdb4609a4140ff1d5ecb1d5">
      <![CDATA[org.openqa.selenium.UnsupportedCommandException: ERROR The test with session id 1e3078ff5cdb4609a4140ff1d5ecb1d5 has already finished, and can't receive further commands
You can learn more at https://saucelabs.com/jobs/1e3078ff5cdb4609a4140ff1d5ecb1d5
For help, please check https://docs.saucelabs.com/reference/troubleshooting-common-error-messages
Command duration or timeout: 258 milliseconds
Build info: version: '2.48.2', revision: '41bccdd10cf2c0560f637404c2d96164b67d9d67', time: '2015-10-09 13:08:06'
System info: host: 'Gonis-MacBook-Pro.local', ip: '192.168.1.14', os.name: 'Mac OS X', os.arch: 'x86_64', os.version: '10.10.4', java.version: '1.8.0_45'
Driver info: org.openqa.selenium.remote.RemoteWebDriver
Capabilities [{applicationCacheEnabled=true, rotatable=false, hasMetadata=true, databaseEnabled=true, handlesAlerts=true, version=43.0, platform=MAC, nativeEvents=false, acceptSslCerts=true, webdriver.remote.sessionid=1e3078ff5cdb4609a4140ff1d5ecb1d5, locationContextEnabled=true, webStorageEnabled=true, takesScreenshot=true, browserName=firefox, javascriptEnabled=true, cssSelectorsEnabled=true}]
Session ID: 1e3078ff5cdb4609a4140ff1d5ecb1d5
	at org.openqa.selenium.remote.ErrorHandler.createThrowable(ErrorHandler.java:206)
	at org.openqa.selenium.remote.ErrorHandler.throwIfResponseFailed(ErrorHandler.java:158)
	at org.openqa.selenium.remote.RemoteWebDriver.execute(RemoteWebDriver.java:647)
	at org.openqa.selenium.remote.RemoteWebDriver.execute(RemoteWebDriver.java:670)
	at org.openqa.selenium.remote.RemoteWebDriver.getTitle(RemoteWebDriver.java:315)
	at com.biodata.labguru.tests.BaseTest.setLog(BaseTest.java:259)
	at com.biodata.labguru.tests.inventory.AbstractCollectionsTest.uncheckSingleCollection(AbstractCollectionsTest.java:73)
	at java.util.concurrent.ThreadPoolExecutor.runWorker(ThreadPoolExecutor.java:1142)
	at java.util.concurrent.ThreadPoolExecutor$Worker.run(ThreadPoolExecutor.java:617)
	at java.lang.Thread.run(Thread.java:745)
... Removed 13 stack frames]]>
    </failure>
  </testcase> <!-- @AfterClass uncheckSingleCollection -->
  <testcase name="@AfterClass tearDown" time="0.0" classname="com.biodata.labguru.tests.inventory.purchasables.WormsTest">
    <failure type="org.openqa.selenium.UnsupportedCommandException" message="ERROR The test with session id 1e3078ff5cdb4609a4140ff1d5ecb1d5 has already finished, and can&amp;apos;t receive further commands
You can learn more at https://saucelabs.com/jobs/1e3078ff5cdb4609a4140ff1d5ecb1d5
For help, please check https://docs.saucelabs.com/reference/troubleshooting-common-error-messages
Command duration or timeout: 247 milliseconds
Build info: version: &amp;apos;2.48.2&amp;apos;, revision: &amp;apos;41bccdd10cf2c0560f637404c2d96164b67d9d67&amp;apos;, time: &amp;apos;2015-10-09 13:08:06&amp;apos;
System info: host: &amp;apos;Gonis-MacBook-Pro.local&amp;apos;, ip: &amp;apos;192.168.1.14&amp;apos;, os.name: &amp;apos;Mac OS X&amp;apos;, os.arch: &amp;apos;x86_64&amp;apos;, os.version: &amp;apos;10.10.4&amp;apos;, java.version: &amp;apos;1.8.0_45&amp;apos;
Driver info: org.openqa.selenium.remote.RemoteWebDriver
Capabilities [{applicationCacheEnabled=true, rotatable=false, hasMetadata=true, databaseEnabled=true, handlesAlerts=true, version=43.0, platform=MAC, nativeEvents=false, acceptSslCerts=true, webdriver.remote.sessionid=1e3078ff5cdb4609a4140ff1d5ecb1d5, locationContextEnabled=true, webStorageEnabled=true, takesScreenshot=true, browserName=firefox, javascriptEnabled=true, cssSelectorsEnabled=true}]
Session ID: 1e3078ff5cdb4609a4140ff1d5ecb1d5">
      <![CDATA[org.openqa.selenium.UnsupportedCommandException: ERROR The test with session id 1e3078ff5cdb4609a4140ff1d5ecb1d5 has already finished, and can't receive further commands
You can learn more at https://saucelabs.com/jobs/1e3078ff5cdb4609a4140ff1d5ecb1d5
For help, please check https://docs.saucelabs.com/reference/troubleshooting-common-error-messages
Command duration or timeout: 247 milliseconds
Build info: version: '2.48.2', revision: '41bccdd10cf2c0560f637404c2d96164b67d9d67', time: '2015-10-09 13:08:06'
System info: host: 'Gonis-MacBook-Pro.local', ip: '192.168.1.14', os.name: 'Mac OS X', os.arch: 'x86_64', os.version: '10.10.4', java.version: '1.8.0_45'
Driver info: org.openqa.selenium.remote.RemoteWebDriver
Capabilities [{applicationCacheEnabled=true, rotatable=false, hasMetadata=true, databaseEnabled=true, handlesAlerts=true, version=43.0, platform=MAC, nativeEvents=false, acceptSslCerts=true, webdriver.remote.sessionid=1e3078ff5cdb4609a4140ff1d5ecb1d5, locationContextEnabled=true, webStorageEnabled=true, takesScreenshot=true, browserName=firefox, javascriptEnabled=true, cssSelectorsEnabled=true}]
Session ID: 1e3078ff5cdb4609a4140ff1d5ecb1d5
	at org.openqa.selenium.remote.ErrorHandler.createThrowable(ErrorHandler.java:206)
	at org.openqa.selenium.remote.ErrorHandler.throwIfResponseFailed(ErrorHandler.java:158)
	at org.openqa.selenium.remote.RemoteWebDriver.execute(RemoteWebDriver.java:647)
	at org.openqa.selenium.remote.RemoteWebDriver.execute(RemoteWebDriver.java:670)
	at org.openqa.selenium.remote.RemoteWebDriver.quit(RemoteWebDriver.java:516)
	at com.biodata.labguru.tests.BaseTest.tearDown(BaseTest.java:92)
	at java.util.concurrent.ThreadPoolExecutor.runWorker(ThreadPoolExecutor.java:1142)
	at java.util.concurrent.ThreadPoolExecutor$Worker.run(ThreadPoolExecutor.java:617)
	at java.lang.Thread.run(Thread.java:745)
... Removed 13 stack frames]]>
    </failure>
  </testcase> <!-- @AfterClass tearDown -->
  <testcase name="@AfterClass uncheckSingleCollection" time="0.0" classname="com.biodata.labguru.tests.inventory.purchasables.ProteinsTest">
    <failure type="org.openqa.selenium.UnsupportedCommandException" message="ERROR The test with session id 613c28aec06d46a2844ce59d554e64af has already finished, and can&amp;apos;t receive further commands
You can learn more at https://saucelabs.com/jobs/613c28aec06d46a2844ce59d554e64af
For help, please check https://docs.saucelabs.com/reference/troubleshooting-common-error-messages
Command duration or timeout: 239 milliseconds
Build info: version: &amp;apos;2.48.2&amp;apos;, revision: &amp;apos;41bccdd10cf2c0560f637404c2d96164b67d9d67&amp;apos;, time: &amp;apos;2015-10-09 13:08:06&amp;apos;
System info: host: &amp;apos;Gonis-MacBook-Pro.local&amp;apos;, ip: &amp;apos;192.168.1.14&amp;apos;, os.name: &amp;apos;Mac OS X&amp;apos;, os.arch: &amp;apos;x86_64&amp;apos;, os.version: &amp;apos;10.10.4&amp;apos;, java.version: &amp;apos;1.8.0_45&amp;apos;
Driver info: org.openqa.selenium.remote.RemoteWebDriver
Capabilities [{applicationCacheEnabled=true, rotatable=false, hasMetadata=true, databaseEnabled=true, handlesAlerts=true, version=43.0, platform=MAC, nativeEvents=false, acceptSslCerts=true, webdriver.remote.sessionid=613c28aec06d46a2844ce59d554e64af, locationContextEnabled=true, webStorageEnabled=true, takesScreenshot=true, browserName=firefox, javascriptEnabled=true, cssSelectorsEnabled=true}]
Session ID: 613c28aec06d46a2844ce59d554e64af">
      <![CDATA[org.openqa.selenium.UnsupportedCommandException: ERROR The test with session id 613c28aec06d46a2844ce59d554e64af has already finished, and can't receive further commands
You can learn more at https://saucelabs.com/jobs/613c28aec06d46a2844ce59d554e64af
For help, please check https://docs.saucelabs.com/reference/troubleshooting-common-error-messages
Command duration or timeout: 239 milliseconds
Build info: version: '2.48.2', revision: '41bccdd10cf2c0560f637404c2d96164b67d9d67', time: '2015-10-09 13:08:06'
System info: host: 'Gonis-MacBook-Pro.local', ip: '192.168.1.14', os.name: 'Mac OS X', os.arch: 'x86_64', os.version: '10.10.4', java.version: '1.8.0_45'
Driver info: org.openqa.selenium.remote.RemoteWebDriver
Capabilities [{applicationCacheEnabled=true, rotatable=false, hasMetadata=true, databaseEnabled=true, handlesAlerts=true, version=43.0, platform=MAC, nativeEvents=false, acceptSslCerts=true, webdriver.remote.sessionid=613c28aec06d46a2844ce59d554e64af, locationContextEnabled=true, webStorageEnabled=true, takesScreenshot=true, browserName=firefox, javascriptEnabled=true, cssSelectorsEnabled=true}]
Session ID: 613c28aec06d46a2844ce59d554e64af
	at org.openqa.selenium.remote.ErrorHandler.createThrowable(ErrorHandler.java:206)
	at org.openqa.selenium.remote.ErrorHandler.throwIfResponseFailed(ErrorHandler.java:158)
	at org.openqa.selenium.remote.RemoteWebDriver.execute(RemoteWebDriver.java:647)
	at org.openqa.selenium.remote.RemoteWebDriver.execute(RemoteWebDriver.java:670)
	at org.openqa.selenium.remote.RemoteWebDriver.getTitle(RemoteWebDriver.java:315)
	at com.biodata.labguru.tests.BaseTest.setLog(BaseTest.java:259)
	at com.biodata.labguru.tests.inventory.AbstractCollectionsTest.uncheckSingleCollection(AbstractCollectionsTest.java:73)
	at java.util.concurrent.ThreadPoolExecutor.runWorker(ThreadPoolExecutor.java:1142)
	at java.util.concurrent.ThreadPoolExecutor$Worker.run(ThreadPoolExecutor.java:617)
	at java.lang.Thread.run(Thread.java:745)
... Removed 13 stack frames]]>
    </failure>
  </testcase> <!-- @AfterClass uncheckSingleCollection -->
  <testcase name="@AfterClass tearDown" time="0.0" classname="com.biodata.labguru.tests.inventory.purchasables.ProteinsTest">
    <failure type="org.openqa.selenium.UnsupportedCommandException" message="ERROR The test with session id 613c28aec06d46a2844ce59d554e64af has already finished, and can&amp;apos;t receive further commands
You can learn more at https://saucelabs.com/jobs/613c28aec06d46a2844ce59d554e64af
For help, please check https://docs.saucelabs.com/reference/troubleshooting-common-error-messages
Command duration or timeout: 247 milliseconds
Build info: version: &amp;apos;2.48.2&amp;apos;, revision: &amp;apos;41bccdd10cf2c0560f637404c2d96164b67d9d67&amp;apos;, time: &amp;apos;2015-10-09 13:08:06&amp;apos;
System info: host: &amp;apos;Gonis-MacBook-Pro.local&amp;apos;, ip: &amp;apos;192.168.1.14&amp;apos;, os.name: &amp;apos;Mac OS X&amp;apos;, os.arch: &amp;apos;x86_64&amp;apos;, os.version: &amp;apos;10.10.4&amp;apos;, java.version: &amp;apos;1.8.0_45&amp;apos;
Driver info: org.openqa.selenium.remote.RemoteWebDriver
Capabilities [{applicationCacheEnabled=true, rotatable=false, hasMetadata=true, databaseEnabled=true, handlesAlerts=true, version=43.0, platform=MAC, nativeEvents=false, acceptSslCerts=true, webdriver.remote.sessionid=613c28aec06d46a2844ce59d554e64af, locationContextEnabled=true, webStorageEnabled=true, takesScreenshot=true, browserName=firefox, javascriptEnabled=true, cssSelectorsEnabled=true}]
Session ID: 613c28aec06d46a2844ce59d554e64af">
      <![CDATA[org.openqa.selenium.UnsupportedCommandException: ERROR The test with session id 613c28aec06d46a2844ce59d554e64af has already finished, and can't receive further commands
You can learn more at https://saucelabs.com/jobs/613c28aec06d46a2844ce59d554e64af
For help, please check https://docs.saucelabs.com/reference/troubleshooting-common-error-messages
Command duration or timeout: 247 milliseconds
Build info: version: '2.48.2', revision: '41bccdd10cf2c0560f637404c2d96164b67d9d67', time: '2015-10-09 13:08:06'
System info: host: 'Gonis-MacBook-Pro.local', ip: '192.168.1.14', os.name: 'Mac OS X', os.arch: 'x86_64', os.version: '10.10.4', java.version: '1.8.0_45'
Driver info: org.openqa.selenium.remote.RemoteWebDriver
Capabilities [{applicationCacheEnabled=true, rotatable=false, hasMetadata=true, databaseEnabled=true, handlesAlerts=true, version=43.0, platform=MAC, nativeEvents=false, acceptSslCerts=true, webdriver.remote.sessionid=613c28aec06d46a2844ce59d554e64af, locationContextEnabled=true, webStorageEnabled=true, takesScreenshot=true, browserName=firefox, javascriptEnabled=true, cssSelectorsEnabled=true}]
Session ID: 613c28aec06d46a2844ce59d554e64af
	at org.openqa.selenium.remote.ErrorHandler.createThrowable(ErrorHandler.java:206)
	at org.openqa.selenium.remote.ErrorHandler.throwIfResponseFailed(ErrorHandler.java:158)
	at org.openqa.selenium.remote.RemoteWebDriver.execute(RemoteWebDriver.java:647)
	at org.openqa.selenium.remote.RemoteWebDriver.execute(RemoteWebDriver.java:670)
	at org.openqa.selenium.remote.RemoteWebDriver.quit(RemoteWebDriver.java:516)
	at com.biodata.labguru.tests.BaseTest.tearDown(BaseTest.java:92)
	at java.util.concurrent.ThreadPoolExecutor.runWorker(ThreadPoolExecutor.java:1142)
	at java.util.concurrent.ThreadPoolExecutor$Worker.run(ThreadPoolExecutor.java:617)
	at java.lang.Thread.run(Thread.java:745)
... Removed 13 stack frames]]>
    </failure>
  </testcase> <!-- @AfterClass tearDown -->
  <testcase name="@AfterClass uncheckSingleCollection" time="0.0" classname="com.biodata.labguru.tests.inventory.purchasables.AntibodiesTest">
    <failure type="org.openqa.selenium.UnsupportedCommandException" message="ERROR The test with session id 46ae38afd62a4075a0dfe43639b2a931 has already finished, and can&amp;apos;t receive further commands
You can learn more at https://saucelabs.com/jobs/46ae38afd62a4075a0dfe43639b2a931
For help, please check https://docs.saucelabs.com/reference/troubleshooting-common-error-messages
Command duration or timeout: 238 milliseconds
Build info: version: &amp;apos;2.48.2&amp;apos;, revision: &amp;apos;41bccdd10cf2c0560f637404c2d96164b67d9d67&amp;apos;, time: &amp;apos;2015-10-09 13:08:06&amp;apos;
System info: host: &amp;apos;Gonis-MacBook-Pro.local&amp;apos;, ip: &amp;apos;192.168.1.14&amp;apos;, os.name: &amp;apos;Mac OS X&amp;apos;, os.arch: &amp;apos;x86_64&amp;apos;, os.version: &amp;apos;10.10.4&amp;apos;, java.version: &amp;apos;1.8.0_45&amp;apos;
Driver info: org.openqa.selenium.remote.RemoteWebDriver
Capabilities [{applicationCacheEnabled=true, rotatable=false, hasMetadata=true, databaseEnabled=true, handlesAlerts=true, version=43.0, platform=MAC, nativeEvents=false, acceptSslCerts=true, webdriver.remote.sessionid=46ae38afd62a4075a0dfe43639b2a931, locationContextEnabled=true, webStorageEnabled=true, takesScreenshot=true, browserName=firefox, javascriptEnabled=true, cssSelectorsEnabled=true}]
Session ID: 46ae38afd62a4075a0dfe43639b2a931">
      <![CDATA[org.openqa.selenium.UnsupportedCommandException: ERROR The test with session id 46ae38afd62a4075a0dfe43639b2a931 has already finished, and can't receive further commands
You can learn more at https://saucelabs.com/jobs/46ae38afd62a4075a0dfe43639b2a931
For help, please check https://docs.saucelabs.com/reference/troubleshooting-common-error-messages
Command duration or timeout: 238 milliseconds
Build info: version: '2.48.2', revision: '41bccdd10cf2c0560f637404c2d96164b67d9d67', time: '2015-10-09 13:08:06'
System info: host: 'Gonis-MacBook-Pro.local', ip: '192.168.1.14', os.name: 'Mac OS X', os.arch: 'x86_64', os.version: '10.10.4', java.version: '1.8.0_45'
Driver info: org.openqa.selenium.remote.RemoteWebDriver
Capabilities [{applicationCacheEnabled=true, rotatable=false, hasMetadata=true, databaseEnabled=true, handlesAlerts=true, version=43.0, platform=MAC, nativeEvents=false, acceptSslCerts=true, webdriver.remote.sessionid=46ae38afd62a4075a0dfe43639b2a931, locationContextEnabled=true, webStorageEnabled=true, takesScreenshot=true, browserName=firefox, javascriptEnabled=true, cssSelectorsEnabled=true}]
Session ID: 46ae38afd62a4075a0dfe43639b2a931
	at org.openqa.selenium.remote.ErrorHandler.createThrowable(ErrorHandler.java:206)
	at org.openqa.selenium.remote.ErrorHandler.throwIfResponseFailed(ErrorHandler.java:158)
	at org.openqa.selenium.remote.RemoteWebDriver.execute(RemoteWebDriver.java:647)
	at org.openqa.selenium.remote.RemoteWebDriver.execute(RemoteWebDriver.java:670)
	at org.openqa.selenium.remote.RemoteWebDriver.getTitle(RemoteWebDriver.java:315)
	at com.biodata.labguru.tests.BaseTest.setLog(BaseTest.java:259)
	at com.biodata.labguru.tests.inventory.AbstractCollectionsTest.uncheckSingleCollection(AbstractCollectionsTest.java:73)
	at java.util.concurrent.ThreadPoolExecutor.runWorker(ThreadPoolExecutor.java:1142)
	at java.util.concurrent.ThreadPoolExecutor$Worker.run(ThreadPoolExecutor.java:617)
	at java.lang.Thread.run(Thread.java:745)
... Removed 13 stack frames]]>
    </failure>
  </testcase> <!-- @AfterClass uncheckSingleCollection -->
  <testcase name="@AfterClass tearDown" time="0.0" classname="com.biodata.labguru.tests.inventory.purchasables.AntibodiesTest">
    <failure type="org.openqa.selenium.UnsupportedCommandException" message="ERROR The test with session id 46ae38afd62a4075a0dfe43639b2a931 has already finished, and can&amp;apos;t receive further commands
You can learn more at https://saucelabs.com/jobs/46ae38afd62a4075a0dfe43639b2a931
For help, please check https://docs.saucelabs.com/reference/troubleshooting-common-error-messages
Command duration or timeout: 238 milliseconds
Build info: version: &amp;apos;2.48.2&amp;apos;, revision: &amp;apos;41bccdd10cf2c0560f637404c2d96164b67d9d67&amp;apos;, time: &amp;apos;2015-10-09 13:08:06&amp;apos;
System info: host: &amp;apos;Gonis-MacBook-Pro.local&amp;apos;, ip: &amp;apos;192.168.1.14&amp;apos;, os.name: &amp;apos;Mac OS X&amp;apos;, os.arch: &amp;apos;x86_64&amp;apos;, os.version: &amp;apos;10.10.4&amp;apos;, java.version: &amp;apos;1.8.0_45&amp;apos;
Driver info: org.openqa.selenium.remote.RemoteWebDriver
Capabilities [{applicationCacheEnabled=true, rotatable=false, hasMetadata=true, databaseEnabled=true, handlesAlerts=true, version=43.0, platform=MAC, nativeEvents=false, acceptSslCerts=true, webdriver.remote.sessionid=46ae38afd62a4075a0dfe43639b2a931, locationContextEnabled=true, webStorageEnabled=true, takesScreenshot=true, browserName=firefox, javascriptEnabled=true, cssSelectorsEnabled=true}]
Session ID: 46ae38afd62a4075a0dfe43639b2a931">
      <![CDATA[org.openqa.selenium.UnsupportedCommandException: ERROR The test with session id 46ae38afd62a4075a0dfe43639b2a931 has already finished, and can't receive further commands
You can learn more at https://saucelabs.com/jobs/46ae38afd62a4075a0dfe43639b2a931
For help, please check https://docs.saucelabs.com/reference/troubleshooting-common-error-messages
Command duration or timeout: 238 milliseconds
Build info: version: '2.48.2', revision: '41bccdd10cf2c0560f637404c2d96164b67d9d67', time: '2015-10-09 13:08:06'
System info: host: 'Gonis-MacBook-Pro.local', ip: '192.168.1.14', os.name: 'Mac OS X', os.arch: 'x86_64', os.version: '10.10.4', java.version: '1.8.0_45'
Driver info: org.openqa.selenium.remote.RemoteWebDriver
Capabilities [{applicationCacheEnabled=true, rotatable=false, hasMetadata=true, databaseEnabled=true, handlesAlerts=true, version=43.0, platform=MAC, nativeEvents=false, acceptSslCerts=true, webdriver.remote.sessionid=46ae38afd62a4075a0dfe43639b2a931, locationContextEnabled=true, webStorageEnabled=true, takesScreenshot=true, browserName=firefox, javascriptEnabled=true, cssSelectorsEnabled=true}]
Session ID: 46ae38afd62a4075a0dfe43639b2a931
	at org.openqa.selenium.remote.ErrorHandler.createThrowable(ErrorHandler.java:206)
	at org.openqa.selenium.remote.ErrorHandler.throwIfResponseFailed(ErrorHandler.java:158)
	at org.openqa.selenium.remote.RemoteWebDriver.execute(RemoteWebDriver.java:647)
	at org.openqa.selenium.remote.RemoteWebDriver.execute(RemoteWebDriver.java:670)
	at org.openqa.selenium.remote.RemoteWebDriver.quit(RemoteWebDriver.java:516)
	at com.biodata.labguru.tests.BaseTest.tearDown(BaseTest.java:92)
	at java.util.concurrent.ThreadPoolExecutor.runWorker(ThreadPoolExecutor.java:1142)
	at java.util.concurrent.ThreadPoolExecutor$Worker.run(ThreadPoolExecutor.java:617)
	at java.lang.Thread.run(Thread.java:745)
... Removed 13 stack frames]]>
    </failure>
  </testcase> <!-- @AfterClass tearDown -->
  <testcase name="checkCollectionCustomizeBreadCrumbs" time="348.597" classname="com.biodata.labguru.tests.inventory.purchasables.YeastsTest"/>
  <testcase name="addSimpleItem" time="374.046" classname="com.biodata.labguru.tests.inventory.purchasables.ProteinsTest"/>
  <testcase name="duplicateItem" time="399.31" classname="com.biodata.labguru.tests.inventory.purchasables.YeastsTest"/>
  <testcase name="editCollectionItemFromItemShowPage" time="507.17" classname="com.biodata.labguru.tests.inventory.purchasables.YeastsTest"/>
  <testcase name="editCollectionItemFromItemShowPage" time="80.959" classname="com.biodata.labguru.tests.inventory.purchasables.ProteinsTest">
    <failure type="org.openqa.selenium.UnsupportedCommandException" message="ERROR The test with session id 613c28aec06d46a2844ce59d554e64af has already finished, and can&amp;apos;t receive further commands
You can learn more at https://saucelabs.com/jobs/613c28aec06d46a2844ce59d554e64af
For help, please check https://docs.saucelabs.com/reference/troubleshooting-common-error-messages
Command duration or timeout: 399 milliseconds
Build info: version: &amp;apos;2.48.2&amp;apos;, revision: &amp;apos;41bccdd10cf2c0560f637404c2d96164b67d9d67&amp;apos;, time: &amp;apos;2015-10-09 13:08:06&amp;apos;
System info: host: &amp;apos;Gonis-MacBook-Pro.local&amp;apos;, ip: &amp;apos;192.168.1.14&amp;apos;, os.name: &amp;apos;Mac OS X&amp;apos;, os.arch: &amp;apos;x86_64&amp;apos;, os.version: &amp;apos;10.10.4&amp;apos;, java.version: &amp;apos;1.8.0_45&amp;apos;
Driver info: org.openqa.selenium.remote.RemoteWebDriver
Capabilities [{applicationCacheEnabled=true, rotatable=false, hasMetadata=true, databaseEnabled=true, handlesAlerts=true, version=43.0, platform=MAC, nativeEvents=false, acceptSslCerts=true, webdriver.remote.sessionid=613c28aec06d46a2844ce59d554e64af, locationContextEnabled=true, webStorageEnabled=true, takesScreenshot=true, browserName=firefox, javascriptEnabled=true, cssSelectorsEnabled=true}]
Session ID: 613c28aec06d46a2844ce59d554e64af">
      <![CDATA[org.openqa.selenium.UnsupportedCommandException: ERROR The test with session id 613c28aec06d46a2844ce59d554e64af has already finished, and can't receive further commands
You can learn more at https://saucelabs.com/jobs/613c28aec06d46a2844ce59d554e64af
For help, please check https://docs.saucelabs.com/reference/troubleshooting-common-error-messages
Command duration or timeout: 399 milliseconds
Build info: version: '2.48.2', revision: '41bccdd10cf2c0560f637404c2d96164b67d9d67', time: '2015-10-09 13:08:06'
System info: host: 'Gonis-MacBook-Pro.local', ip: '192.168.1.14', os.name: 'Mac OS X', os.arch: 'x86_64', os.version: '10.10.4', java.version: '1.8.0_45'
Driver info: org.openqa.selenium.remote.RemoteWebDriver
Capabilities [{applicationCacheEnabled=true, rotatable=false, hasMetadata=true, databaseEnabled=true, handlesAlerts=true, version=43.0, platform=MAC, nativeEvents=false, acceptSslCerts=true, webdriver.remote.sessionid=613c28aec06d46a2844ce59d554e64af, locationContextEnabled=true, webStorageEnabled=true, takesScreenshot=true, browserName=firefox, javascriptEnabled=true, cssSelectorsEnabled=true}]
Session ID: 613c28aec06d46a2844ce59d554e64af
	at org.openqa.selenium.remote.ErrorHandler.createThrowable(ErrorHandler.java:206)
	at org.openqa.selenium.remote.ErrorHandler.throwIfResponseFailed(ErrorHandler.java:158)
	at org.openqa.selenium.remote.RemoteWebDriver.execute(RemoteWebDriver.java:647)
	at org.openqa.selenium.remote.RemoteWebDriver.execute(RemoteWebDriver.java:670)
	at org.openqa.selenium.remote.RemoteWebDriver.getTitle(RemoteWebDriver.java:315)
	at com.biodata.labguru.tests.BaseTest.setLog(BaseTest.java:282)
	at com.biodata.labguru.tests.inventory.AbstractCollectionsTest.editCollectionItemFromItemShowPage(AbstractCollectionsTest.java:174)
	at java.util.concurrent.ThreadPoolExecutor.runWorker(ThreadPoolExecutor.java:1142)
	at java.util.concurrent.ThreadPoolExecutor$Worker.run(ThreadPoolExecutor.java:617)
	at java.lang.Thread.run(Thread.java:745)
... Removed 14 stack frames]]>
    </failure>
  </testcase> <!-- editCollectionItemFromItemShowPage -->
  <testcase name="uploadImage" time="13.987" classname="com.biodata.labguru.tests.inventory.purchasables.ProteinsTest">
    <failure type="org.openqa.selenium.UnsupportedCommandException" message="ERROR The test with session id 613c28aec06d46a2844ce59d554e64af has already finished, and can&amp;apos;t receive further commands
You can learn more at https://saucelabs.com/jobs/613c28aec06d46a2844ce59d554e64af
For help, please check https://docs.saucelabs.com/reference/troubleshooting-common-error-messages
Command duration or timeout: 416 milliseconds
Build info: version: &amp;apos;2.48.2&amp;apos;, revision: &amp;apos;41bccdd10cf2c0560f637404c2d96164b67d9d67&amp;apos;, time: &amp;apos;2015-10-09 13:08:06&amp;apos;
System info: host: &amp;apos;Gonis-MacBook-Pro.local&amp;apos;, ip: &amp;apos;192.168.1.14&amp;apos;, os.name: &amp;apos;Mac OS X&amp;apos;, os.arch: &amp;apos;x86_64&amp;apos;, os.version: &amp;apos;10.10.4&amp;apos;, java.version: &amp;apos;1.8.0_45&amp;apos;
Driver info: org.openqa.selenium.remote.RemoteWebDriver
Capabilities [{applicationCacheEnabled=true, rotatable=false, hasMetadata=true, databaseEnabled=true, handlesAlerts=true, version=43.0, platform=MAC, nativeEvents=false, acceptSslCerts=true, webdriver.remote.sessionid=613c28aec06d46a2844ce59d554e64af, locationContextEnabled=true, webStorageEnabled=true, takesScreenshot=true, browserName=firefox, javascriptEnabled=true, cssSelectorsEnabled=true}]
Session ID: 613c28aec06d46a2844ce59d554e64af">
      <![CDATA[org.openqa.selenium.UnsupportedCommandException: ERROR The test with session id 613c28aec06d46a2844ce59d554e64af has already finished, and can't receive further commands
You can learn more at https://saucelabs.com/jobs/613c28aec06d46a2844ce59d554e64af
For help, please check https://docs.saucelabs.com/reference/troubleshooting-common-error-messages
Command duration or timeout: 416 milliseconds
Build info: version: '2.48.2', revision: '41bccdd10cf2c0560f637404c2d96164b67d9d67', time: '2015-10-09 13:08:06'
System info: host: 'Gonis-MacBook-Pro.local', ip: '192.168.1.14', os.name: 'Mac OS X', os.arch: 'x86_64', os.version: '10.10.4', java.version: '1.8.0_45'
Driver info: org.openqa.selenium.remote.RemoteWebDriver
Capabilities [{applicationCacheEnabled=true, rotatable=false, hasMetadata=true, databaseEnabled=true, handlesAlerts=true, version=43.0, platform=MAC, nativeEvents=false, acceptSslCerts=true, webdriver.remote.sessionid=613c28aec06d46a2844ce59d554e64af, locationContextEnabled=true, webStorageEnabled=true, takesScreenshot=true, browserName=firefox, javascriptEnabled=true, cssSelectorsEnabled=true}]
Session ID: 613c28aec06d46a2844ce59d554e64af
	at org.openqa.selenium.remote.ErrorHandler.createThrowable(ErrorHandler.java:206)
	at org.openqa.selenium.remote.ErrorHandler.throwIfResponseFailed(ErrorHandler.java:158)
	at org.openqa.selenium.remote.RemoteWebDriver.execute(RemoteWebDriver.java:647)
	at org.openqa.selenium.remote.RemoteWebDriver.execute(RemoteWebDriver.java:670)
	at org.openqa.selenium.remote.RemoteWebDriver.getTitle(RemoteWebDriver.java:315)
	at com.biodata.labguru.tests.BaseTest.setLog(BaseTest.java:282)
	at com.biodata.labguru.tests.AbstractLGTest.uploadImage(AbstractLGTest.java:148)
	at java.util.concurrent.ThreadPoolExecutor.runWorker(ThreadPoolExecutor.java:1142)
	at java.util.concurrent.ThreadPoolExecutor$Worker.run(ThreadPoolExecutor.java:617)
	at java.lang.Thread.run(Thread.java:745)
... Removed 14 stack frames]]>
    </failure>
  </testcase> <!-- uploadImage -->
  <testcase name="addTag" time="644.16" classname="com.biodata.labguru.tests.inventory.purchasables.ConsumablesTest"/>
  <testcase name="uploadImage" time="479.498" classname="com.biodata.labguru.tests.inventory.purchasables.WormsTest"/>
  <testcase name="archiveStockFromStocksTab" time="1025.224" classname="com.biodata.labguru.tests.inventory.purchasables.ConsumablesTest"/>
  <testcase name="deleteStockFromStocksTab" time="795.886" classname="com.biodata.labguru.tests.inventory.purchasables.AntibodiesTest"/>
  <testcase name="deleteCollectionItemFromIndexTable" time="1353.044" classname="com.biodata.labguru.tests.inventory.purchasables.WormsTest">
    <failure type="java.lang.AssertionError" message="expected [1 items deleted successfully!] but found []">
      <![CDATA[java.lang.AssertionError: expected [1 items deleted successfully!] but found []
	at com.biodata.labguru.tests.inventory.AbstractCollectionsTest.deleteCollectionItemFromIndexTable(AbstractCollectionsTest.java:131)
	at java.util.concurrent.ThreadPoolExecutor.runWorker(ThreadPoolExecutor.java:1142)
	at java.util.concurrent.ThreadPoolExecutor$Worker.run(ThreadPoolExecutor.java:617)
	at java.lang.Thread.run(Thread.java:745)
... Removed 15 stack frames]]>
    </failure>
  </testcase> <!-- deleteCollectionItemFromIndexTable -->
  <testcase name="deleteAttachment" time="647.304" classname="com.biodata.labguru.tests.inventory.purchasables.ConsumablesTest"/>
  <testcase name="deleteAllItemsFromIndexTable" time="712.158" classname="com.biodata.labguru.tests.inventory.purchasables.AntibodiesTest">
    <failure type="java.lang.AssertionError" message="Not all items were deleted from index table.">
      <![CDATA[java.lang.AssertionError: Not all items were deleted from index table.
	at com.biodata.labguru.tests.inventory.AbstractCollectionsTest.deleteAllItemsFromIndexTable(AbstractCollectionsTest.java:354)
	at java.util.concurrent.ThreadPoolExecutor.runWorker(ThreadPoolExecutor.java:1142)
	at java.util.concurrent.ThreadPoolExecutor$Worker.run(ThreadPoolExecutor.java:617)
	at java.lang.Thread.run(Thread.java:745)
... Removed 13 stack frames]]>
    </failure>
  </testcase> <!-- deleteAllItemsFromIndexTable -->
  <testcase name="checkCollectionCustomizeBreadCrumbs" time="353.908" classname="com.biodata.labguru.tests.inventory.purchasables.WormsTest"/>
  <testcase name="addItemSaveAndNew" time="539.716" classname="com.biodata.labguru.tests.inventory.purchasables.ConsumablesTest"/>
  <testcase name="checkCollectionCustomizeBreadCrumbs" time="354.351" classname="com.biodata.labguru.tests.inventory.purchasables.AntibodiesTest"/>
  <testcase name="searchAndAddFromCGC" time="376.394" classname="com.biodata.labguru.tests.inventory.purchasables.WormsTest"/>
  <testcase name="editCollectionItemFromItemShowPage" time="559.409" classname="com.biodata.labguru.tests.inventory.purchasables.ConsumablesTest"/>
  <testcase name="addStockFromStocksTab" time="775.381" classname="com.biodata.labguru.tests.inventory.purchasables.ConsumablesTest"/>
  <testcase name="deleteCollectionItemFromItemShowPage" time="1362.587" classname="com.biodata.labguru.tests.inventory.purchasables.AntibodiesTest"/>
  <testcase name="deleteCollectionItemFromItemShowPage" time="1360.451" classname="com.biodata.labguru.tests.inventory.purchasables.WormsTest"/>
  <testcase name="archiveStockFromStocksTab" time="873.407" classname="com.biodata.labguru.tests.inventory.purchasables.AntibodiesTest"/>
  <testcase name="deleteStockFromStocksTab" time="950.642" classname="com.biodata.labguru.tests.inventory.purchasables.ConsumablesTest"/>
  <testcase name="showMenu" time="1064.273" classname="com.biodata.labguru.tests.inventory.purchasables.WormsTest">
    <failure type="java.lang.AssertionError" message="expected:&amp;lt;CGC&amp;gt; but was:&amp;lt;Worms&amp;gt;">
      <![CDATA[java.lang.AssertionError: expected:<CGC> but was:<Worms>
	at com.biodata.labguru.tests.inventory.purchasables.WormsTest.showMenu(WormsTest.java:45)
	at java.util.concurrent.ThreadPoolExecutor.runWorker(ThreadPoolExecutor.java:1142)
	at java.util.concurrent.ThreadPoolExecutor$Worker.run(ThreadPoolExecutor.java:617)
	at java.lang.Thread.run(Thread.java:745)
... Removed 12 stack frames]]>
    </failure>
  </testcase> <!-- showMenu -->
  <testcase name="importCollection" time="377.695" classname="com.biodata.labguru.tests.inventory.purchasables.AntibodiesTest">
    <failure type="java.lang.AssertionError" message="Unable to locate element: {&amp;quot;method&amp;quot;:&amp;quot;xpath&amp;quot;,&amp;quot;selector&amp;quot;:&amp;quot;.//*[@type=&amp;apos;file&amp;apos;]&amp;quot;}
For documentation on this error, please visit: http://seleniumhq.org/exceptions/no_such_element.html
Build info: version: &amp;apos;2.48.0&amp;apos;, revision: &amp;apos;b7b081a&amp;apos;, time: &amp;apos;2015-10-07 15:48:56&amp;apos;
System info: host: &amp;apos;itako42165.prod.miso&amp;apos;, ip: &amp;apos;172.20.42.165&amp;apos;, os.name: &amp;apos;Mac OS X&amp;apos;, os.arch: &amp;apos;x86_64&amp;apos;, os.version: &amp;apos;10.10.5&amp;apos;, java.version: &amp;apos;1.8.0_66&amp;apos;
Driver info: driver.version: unknown
Command duration or timeout: 14.97 seconds
For documentation on this error, please visit: http://seleniumhq.org/exceptions/no_such_element.html
Build info: version: &amp;apos;2.48.2&amp;apos;, revision: &amp;apos;41bccdd10cf2c0560f637404c2d96164b67d9d67&amp;apos;, time: &amp;apos;2015-10-09 13:08:06&amp;apos;
System info: host: &amp;apos;Gonis-MacBook-Pro.local&amp;apos;, ip: &amp;apos;192.168.1.14&amp;apos;, os.name: &amp;apos;Mac OS X&amp;apos;, os.arch: &amp;apos;x86_64&amp;apos;, os.version: &amp;apos;10.10.4&amp;apos;, java.version: &amp;apos;1.8.0_45&amp;apos;
Driver info: org.openqa.selenium.remote.RemoteWebDriver
Capabilities [{applicationCacheEnabled=true, rotatable=false, hasMetadata=true, databaseEnabled=true, handlesAlerts=true, version=43.0, platform=MAC, nativeEvents=false, acceptSslCerts=true, webdriver.remote.sessionid=46ae38afd62a4075a0dfe43639b2a931, locationContextEnabled=true, webStorageEnabled=true, takesScreenshot=true, browserName=firefox, javascriptEnabled=true, cssSelectorsEnabled=true}]
Session ID: 46ae38afd62a4075a0dfe43639b2a931
*** Element info: {Using=xpath, value=.//*[@type=&amp;apos;file&amp;apos;]}">
      <![CDATA[java.lang.AssertionError: Unable to locate element: {"method":"xpath","selector":".//*[@type='file']"}
For documentation on this error, please visit: http://seleniumhq.org/exceptions/no_such_element.html
Build info: version: '2.48.0', revision: 'b7b081a', time: '2015-10-07 15:48:56'
System info: host: 'itako42165.prod.miso', ip: '172.20.42.165', os.name: 'Mac OS X', os.arch: 'x86_64', os.version: '10.10.5', java.version: '1.8.0_66'
Driver info: driver.version: unknown
Command duration or timeout: 14.97 seconds
For documentation on this error, please visit: http://seleniumhq.org/exceptions/no_such_element.html
Build info: version: '2.48.2', revision: '41bccdd10cf2c0560f637404c2d96164b67d9d67', time: '2015-10-09 13:08:06'
System info: host: 'Gonis-MacBook-Pro.local', ip: '192.168.1.14', os.name: 'Mac OS X', os.arch: 'x86_64', os.version: '10.10.4', java.version: '1.8.0_45'
Driver info: org.openqa.selenium.remote.RemoteWebDriver
Capabilities [{applicationCacheEnabled=true, rotatable=false, hasMetadata=true, databaseEnabled=true, handlesAlerts=true, version=43.0, platform=MAC, nativeEvents=false, acceptSslCerts=true, webdriver.remote.sessionid=46ae38afd62a4075a0dfe43639b2a931, locationContextEnabled=true, webStorageEnabled=true, takesScreenshot=true, browserName=firefox, javascriptEnabled=true, cssSelectorsEnabled=true}]
Session ID: 46ae38afd62a4075a0dfe43639b2a931
*** Element info: {Using=xpath, value=.//*[@type='file']}
	at com.biodata.labguru.tests.inventory.AbstractCollectionsTest.importCollection(AbstractCollectionsTest.java:262)
	at java.util.concurrent.ThreadPoolExecutor.runWorker(ThreadPoolExecutor.java:1142)
	at java.util.concurrent.ThreadPoolExecutor$Worker.run(ThreadPoolExecutor.java:617)
	at java.lang.Thread.run(Thread.java:745)
... Removed 11 stack frames]]>
    </failure>
  </testcase> <!-- importCollection -->
  <testcase name="addFromProductDirectory" time="450.95" classname="com.biodata.labguru.tests.inventory.purchasables.ConsumablesTest">
    <failure type="java.lang.AssertionError" message="expected [true] but found [false]">
      <![CDATA[java.lang.AssertionError: expected [true] but found [false]
	at com.biodata.labguru.tests.inventory.purchasables.ConsumablesTest.addFromProductDirectory(ConsumablesTest.java:77)
	at java.util.concurrent.ThreadPoolExecutor.runWorker(ThreadPoolExecutor.java:1142)
	at java.util.concurrent.ThreadPoolExecutor$Worker.run(ThreadPoolExecutor.java:617)
	at java.lang.Thread.run(Thread.java:745)
... Removed 14 stack frames]]>
    </failure>
  </testcase> <!-- addFromProductDirectory -->
  <testcase name="duplicateItem" time="478.077" classname="com.biodata.labguru.tests.inventory.purchasables.WormsTest"/>
  <testcase name="checkShowPageOfCreatedItem" time="465.747" classname="com.biodata.labguru.tests.inventory.purchasables.AntibodiesTest"/>
  <testcase name="duplicateItem" time="560.012" classname="com.biodata.labguru.tests.inventory.purchasables.ConsumablesTest"/>
  <testcase name="addTask" time="639.878" classname="com.biodata.labguru.tests.inventory.purchasables.WormsTest"/>
  <testcase name="addNonComercialMaterial" time="530.511" classname="com.biodata.labguru.tests.inventory.purchasables.ConsumablesTest"/>
  <testcase name="checkCustomizeTableView" time="767.94" classname="com.biodata.labguru.tests.inventory.purchasables.AntibodiesTest"/>
  <testcase name="addTask" time="487.166" classname="com.biodata.labguru.tests.inventory.purchasables.ConsumablesTest">
    <failure type="org.openqa.selenium.UnsupportedCommandException" message="ERROR The test with session id 691114ebbd69427999aaf6e6ee4eea79 has already finished, and can&amp;apos;t receive further commands
You can learn more at https://saucelabs.com/jobs/691114ebbd69427999aaf6e6ee4eea79
For help, please check https://docs.saucelabs.com/reference/troubleshooting-common-error-messages
Command duration or timeout: 238 milliseconds
Build info: version: &amp;apos;2.48.2&amp;apos;, revision: &amp;apos;41bccdd10cf2c0560f637404c2d96164b67d9d67&amp;apos;, time: &amp;apos;2015-10-09 13:08:06&amp;apos;
System info: host: &amp;apos;Gonis-MacBook-Pro.local&amp;apos;, ip: &amp;apos;192.168.1.14&amp;apos;, os.name: &amp;apos;Mac OS X&amp;apos;, os.arch: &amp;apos;x86_64&amp;apos;, os.version: &amp;apos;10.10.4&amp;apos;, java.version: &amp;apos;1.8.0_45&amp;apos;
Driver info: org.openqa.selenium.remote.RemoteWebDriver
Capabilities [{applicationCacheEnabled=true, rotatable=false, hasMetadata=true, databaseEnabled=true, handlesAlerts=true, version=43.0, platform=MAC, nativeEvents=false, acceptSslCerts=true, webdriver.remote.sessionid=691114ebbd69427999aaf6e6ee4eea79, locationContextEnabled=true, webStorageEnabled=true, takesScreenshot=true, browserName=firefox, javascriptEnabled=true, cssSelectorsEnabled=true}]
Session ID: 691114ebbd69427999aaf6e6ee4eea79">
      <![CDATA[org.openqa.selenium.UnsupportedCommandException: ERROR The test with session id 691114ebbd69427999aaf6e6ee4eea79 has already finished, and can't receive further commands
You can learn more at https://saucelabs.com/jobs/691114ebbd69427999aaf6e6ee4eea79
For help, please check https://docs.saucelabs.com/reference/troubleshooting-common-error-messages
Command duration or timeout: 238 milliseconds
Build info: version: '2.48.2', revision: '41bccdd10cf2c0560f637404c2d96164b67d9d67', time: '2015-10-09 13:08:06'
System info: host: 'Gonis-MacBook-Pro.local', ip: '192.168.1.14', os.name: 'Mac OS X', os.arch: 'x86_64', os.version: '10.10.4', java.version: '1.8.0_45'
Driver info: org.openqa.selenium.remote.RemoteWebDriver
Capabilities [{applicationCacheEnabled=true, rotatable=false, hasMetadata=true, databaseEnabled=true, handlesAlerts=true, version=43.0, platform=MAC, nativeEvents=false, acceptSslCerts=true, webdriver.remote.sessionid=691114ebbd69427999aaf6e6ee4eea79, locationContextEnabled=true, webStorageEnabled=true, takesScreenshot=true, browserName=firefox, javascriptEnabled=true, cssSelectorsEnabled=true}]
Session ID: 691114ebbd69427999aaf6e6ee4eea79
	at org.openqa.selenium.remote.ErrorHandler.createThrowable(ErrorHandler.java:206)
	at org.openqa.selenium.remote.ErrorHandler.throwIfResponseFailed(ErrorHandler.java:158)
	at org.openqa.selenium.remote.RemoteWebDriver.execute(RemoteWebDriver.java:647)
	at org.openqa.selenium.remote.RemoteWebDriver.execute(RemoteWebDriver.java:670)
	at org.openqa.selenium.remote.RemoteWebDriver.getTitle(RemoteWebDriver.java:315)
	at com.biodata.labguru.tests.BaseTest.setLog(BaseTest.java:282)
	at com.biodata.labguru.tests.AbstractLGTest.addTask(AbstractLGTest.java:91)
	at java.util.concurrent.ThreadPoolExecutor.runWorker(ThreadPoolExecutor.java:1142)
	at java.util.concurrent.ThreadPoolExecutor$Worker.run(ThreadPoolExecutor.java:617)
	at java.lang.Thread.run(Thread.java:745)
... Removed 14 stack frames]]>
    </failure>
  </testcase> <!-- addTask -->
  <testcase name="deleteAllItemsFromIndexTable" time="677.555" classname="com.biodata.labguru.tests.inventory.purchasables.WormsTest">
    <failure type="org.openqa.selenium.UnsupportedCommandException" message="ERROR The test with session id 1e3078ff5cdb4609a4140ff1d5ecb1d5 has already finished, and can&amp;apos;t receive further commands
You can learn more at https://saucelabs.com/jobs/1e3078ff5cdb4609a4140ff1d5ecb1d5
For help, please check https://docs.saucelabs.com/reference/troubleshooting-common-error-messages
Command duration or timeout: 243 milliseconds
Build info: version: &amp;apos;2.48.2&amp;apos;, revision: &amp;apos;41bccdd10cf2c0560f637404c2d96164b67d9d67&amp;apos;, time: &amp;apos;2015-10-09 13:08:06&amp;apos;
System info: host: &amp;apos;Gonis-MacBook-Pro.local&amp;apos;, ip: &amp;apos;192.168.1.14&amp;apos;, os.name: &amp;apos;Mac OS X&amp;apos;, os.arch: &amp;apos;x86_64&amp;apos;, os.version: &amp;apos;10.10.4&amp;apos;, java.version: &amp;apos;1.8.0_45&amp;apos;
Driver info: org.openqa.selenium.remote.RemoteWebDriver
Capabilities [{applicationCacheEnabled=true, rotatable=false, hasMetadata=true, databaseEnabled=true, handlesAlerts=true, version=43.0, platform=MAC, nativeEvents=false, acceptSslCerts=true, webdriver.remote.sessionid=1e3078ff5cdb4609a4140ff1d5ecb1d5, locationContextEnabled=true, webStorageEnabled=true, takesScreenshot=true, browserName=firefox, javascriptEnabled=true, cssSelectorsEnabled=true}]
Session ID: 1e3078ff5cdb4609a4140ff1d5ecb1d5">
      <![CDATA[org.openqa.selenium.UnsupportedCommandException: ERROR The test with session id 1e3078ff5cdb4609a4140ff1d5ecb1d5 has already finished, and can't receive further commands
You can learn more at https://saucelabs.com/jobs/1e3078ff5cdb4609a4140ff1d5ecb1d5
For help, please check https://docs.saucelabs.com/reference/troubleshooting-common-error-messages
Command duration or timeout: 243 milliseconds
Build info: version: '2.48.2', revision: '41bccdd10cf2c0560f637404c2d96164b67d9d67', time: '2015-10-09 13:08:06'
System info: host: 'Gonis-MacBook-Pro.local', ip: '192.168.1.14', os.name: 'Mac OS X', os.arch: 'x86_64', os.version: '10.10.4', java.version: '1.8.0_45'
Driver info: org.openqa.selenium.remote.RemoteWebDriver
Capabilities [{applicationCacheEnabled=true, rotatable=false, hasMetadata=true, databaseEnabled=true, handlesAlerts=true, version=43.0, platform=MAC, nativeEvents=false, acceptSslCerts=true, webdriver.remote.sessionid=1e3078ff5cdb4609a4140ff1d5ecb1d5, locationContextEnabled=true, webStorageEnabled=true, takesScreenshot=true, browserName=firefox, javascriptEnabled=true, cssSelectorsEnabled=true}]
Session ID: 1e3078ff5cdb4609a4140ff1d5ecb1d5
	at org.openqa.selenium.remote.ErrorHandler.createThrowable(ErrorHandler.java:206)
	at org.openqa.selenium.remote.ErrorHandler.throwIfResponseFailed(ErrorHandler.java:158)
	at org.openqa.selenium.remote.RemoteWebDriver.execute(RemoteWebDriver.java:647)
	at org.openqa.selenium.remote.RemoteWebDriver.execute(RemoteWebDriver.java:670)
	at org.openqa.selenium.remote.RemoteWebDriver.getTitle(RemoteWebDriver.java:315)
	at com.biodata.labguru.tests.BaseTest.setLog(BaseTest.java:282)
	at com.biodata.labguru.tests.inventory.AbstractCollectionsTest.deleteAllItemsFromIndexTable(AbstractCollectionsTest.java:357)
	at java.util.concurrent.ThreadPoolExecutor.runWorker(ThreadPoolExecutor.java:1142)
	at java.util.concurrent.ThreadPoolExecutor$Worker.run(ThreadPoolExecutor.java:617)
	at java.lang.Thread.run(Thread.java:745)
... Removed 14 stack frames]]>
    </failure>
  </testcase> <!-- deleteAllItemsFromIndexTable -->
  <testcase name="showMenu" time="13.271" classname="com.biodata.labguru.tests.inventory.purchasables.ConsumablesTest">
    <failure type="org.openqa.selenium.UnsupportedCommandException" message="ERROR The test with session id 691114ebbd69427999aaf6e6ee4eea79 has already finished, and can&amp;apos;t receive further commands
You can learn more at https://saucelabs.com/jobs/691114ebbd69427999aaf6e6ee4eea79
For help, please check https://docs.saucelabs.com/reference/troubleshooting-common-error-messages
Command duration or timeout: 272 milliseconds
Build info: version: &amp;apos;2.48.2&amp;apos;, revision: &amp;apos;41bccdd10cf2c0560f637404c2d96164b67d9d67&amp;apos;, time: &amp;apos;2015-10-09 13:08:06&amp;apos;
System info: host: &amp;apos;Gonis-MacBook-Pro.local&amp;apos;, ip: &amp;apos;192.168.1.14&amp;apos;, os.name: &amp;apos;Mac OS X&amp;apos;, os.arch: &amp;apos;x86_64&amp;apos;, os.version: &amp;apos;10.10.4&amp;apos;, java.version: &amp;apos;1.8.0_45&amp;apos;
Driver info: org.openqa.selenium.remote.RemoteWebDriver
Capabilities [{applicationCacheEnabled=true, rotatable=false, hasMetadata=true, databaseEnabled=true, handlesAlerts=true, version=43.0, platform=MAC, nativeEvents=false, acceptSslCerts=true, webdriver.remote.sessionid=691114ebbd69427999aaf6e6ee4eea79, locationContextEnabled=true, webStorageEnabled=true, takesScreenshot=true, browserName=firefox, javascriptEnabled=true, cssSelectorsEnabled=true}]
Session ID: 691114ebbd69427999aaf6e6ee4eea79">
      <![CDATA[org.openqa.selenium.UnsupportedCommandException: ERROR The test with session id 691114ebbd69427999aaf6e6ee4eea79 has already finished, and can't receive further commands
You can learn more at https://saucelabs.com/jobs/691114ebbd69427999aaf6e6ee4eea79
For help, please check https://docs.saucelabs.com/reference/troubleshooting-common-error-messages
Command duration or timeout: 272 milliseconds
Build info: version: '2.48.2', revision: '41bccdd10cf2c0560f637404c2d96164b67d9d67', time: '2015-10-09 13:08:06'
System info: host: 'Gonis-MacBook-Pro.local', ip: '192.168.1.14', os.name: 'Mac OS X', os.arch: 'x86_64', os.version: '10.10.4', java.version: '1.8.0_45'
Driver info: org.openqa.selenium.remote.RemoteWebDriver
Capabilities [{applicationCacheEnabled=true, rotatable=false, hasMetadata=true, databaseEnabled=true, handlesAlerts=true, version=43.0, platform=MAC, nativeEvents=false, acceptSslCerts=true, webdriver.remote.sessionid=691114ebbd69427999aaf6e6ee4eea79, locationContextEnabled=true, webStorageEnabled=true, takesScreenshot=true, browserName=firefox, javascriptEnabled=true, cssSelectorsEnabled=true}]
Session ID: 691114ebbd69427999aaf6e6ee4eea79
	at org.openqa.selenium.remote.ErrorHandler.createThrowable(ErrorHandler.java:206)
	at org.openqa.selenium.remote.ErrorHandler.throwIfResponseFailed(ErrorHandler.java:158)
	at org.openqa.selenium.remote.RemoteWebDriver.execute(RemoteWebDriver.java:647)
	at org.openqa.selenium.remote.RemoteWebDriver.execute(RemoteWebDriver.java:670)
	at org.openqa.selenium.remote.RemoteWebDriver.getTitle(RemoteWebDriver.java:315)
	at com.biodata.labguru.pages.AdminPage.showConsumables(AdminPage.java:255)
	at com.biodata.labguru.tests.inventory.purchasables.ConsumablesTest.showModule(ConsumablesTest.java:164)
	at com.biodata.labguru.tests.AbstractLGTest.showTableIndex(AbstractLGTest.java:27)
	at com.biodata.labguru.tests.inventory.purchasables.ConsumablesTest.showMenu(ConsumablesTest.java:56)
	at java.util.concurrent.ThreadPoolExecutor.runWorker(ThreadPoolExecutor.java:1142)
	at java.util.concurrent.ThreadPoolExecutor$Worker.run(ThreadPoolExecutor.java:617)
	at java.lang.Thread.run(Thread.java:745)
... Removed 14 stack frames]]>
    </failure>
  </testcase> <!-- showMenu -->
  <testcase name="checkShowPageOfCreatedItem" time="13.683" classname="com.biodata.labguru.tests.inventory.purchasables.WormsTest">
    <failure type="org.openqa.selenium.UnsupportedCommandException" message="ERROR The test with session id 1e3078ff5cdb4609a4140ff1d5ecb1d5 has already finished, and can&amp;apos;t receive further commands
You can learn more at https://saucelabs.com/jobs/1e3078ff5cdb4609a4140ff1d5ecb1d5
For help, please check https://docs.saucelabs.com/reference/troubleshooting-common-error-messages
Command duration or timeout: 238 milliseconds
Build info: version: &amp;apos;2.48.2&amp;apos;, revision: &amp;apos;41bccdd10cf2c0560f637404c2d96164b67d9d67&amp;apos;, time: &amp;apos;2015-10-09 13:08:06&amp;apos;
System info: host: &amp;apos;Gonis-MacBook-Pro.local&amp;apos;, ip: &amp;apos;192.168.1.14&amp;apos;, os.name: &amp;apos;Mac OS X&amp;apos;, os.arch: &amp;apos;x86_64&amp;apos;, os.version: &amp;apos;10.10.4&amp;apos;, java.version: &amp;apos;1.8.0_45&amp;apos;
Driver info: org.openqa.selenium.remote.RemoteWebDriver
Capabilities [{applicationCacheEnabled=true, rotatable=false, hasMetadata=true, databaseEnabled=true, handlesAlerts=true, version=43.0, platform=MAC, nativeEvents=false, acceptSslCerts=true, webdriver.remote.sessionid=1e3078ff5cdb4609a4140ff1d5ecb1d5, locationContextEnabled=true, webStorageEnabled=true, takesScreenshot=true, browserName=firefox, javascriptEnabled=true, cssSelectorsEnabled=true}]
Session ID: 1e3078ff5cdb4609a4140ff1d5ecb1d5">
      <![CDATA[org.openqa.selenium.UnsupportedCommandException: ERROR The test with session id 1e3078ff5cdb4609a4140ff1d5ecb1d5 has already finished, and can't receive further commands
You can learn more at https://saucelabs.com/jobs/1e3078ff5cdb4609a4140ff1d5ecb1d5
For help, please check https://docs.saucelabs.com/reference/troubleshooting-common-error-messages
Command duration or timeout: 238 milliseconds
Build info: version: '2.48.2', revision: '41bccdd10cf2c0560f637404c2d96164b67d9d67', time: '2015-10-09 13:08:06'
System info: host: 'Gonis-MacBook-Pro.local', ip: '192.168.1.14', os.name: 'Mac OS X', os.arch: 'x86_64', os.version: '10.10.4', java.version: '1.8.0_45'
Driver info: org.openqa.selenium.remote.RemoteWebDriver
Capabilities [{applicationCacheEnabled=true, rotatable=false, hasMetadata=true, databaseEnabled=true, handlesAlerts=true, version=43.0, platform=MAC, nativeEvents=false, acceptSslCerts=true, webdriver.remote.sessionid=1e3078ff5cdb4609a4140ff1d5ecb1d5, locationContextEnabled=true, webStorageEnabled=true, takesScreenshot=true, browserName=firefox, javascriptEnabled=true, cssSelectorsEnabled=true}]
Session ID: 1e3078ff5cdb4609a4140ff1d5ecb1d5
	at org.openqa.selenium.remote.ErrorHandler.createThrowable(ErrorHandler.java:206)
	at org.openqa.selenium.remote.ErrorHandler.throwIfResponseFailed(ErrorHandler.java:158)
	at org.openqa.selenium.remote.RemoteWebDriver.execute(RemoteWebDriver.java:647)
	at org.openqa.selenium.remote.RemoteWebDriver.execute(RemoteWebDriver.java:670)
	at org.openqa.selenium.remote.RemoteWebDriver.getTitle(RemoteWebDriver.java:315)
	at com.biodata.labguru.tests.BaseTest.setLog(BaseTest.java:282)
	at com.biodata.labguru.tests.inventory.purchasables.PurchasableCollectionTest.checkShowPageOfCreatedItem(PurchasableCollectionTest.java:33)
	at java.util.concurrent.ThreadPoolExecutor.runWorker(ThreadPoolExecutor.java:1142)
	at java.util.concurrent.ThreadPoolExecutor$Worker.run(ThreadPoolExecutor.java:617)
	at java.lang.Thread.run(Thread.java:745)
... Removed 13 stack frames]]>
    </failure>
  </testcase> <!-- checkShowPageOfCreatedItem -->
  <testcase name="addSimpleItem" time="453.902" classname="com.biodata.labguru.tests.inventory.purchasables.AntibodiesTest"/>
  <testcase name="deleteCollectionItemFromIndexTable" time="13.603" classname="com.biodata.labguru.tests.inventory.purchasables.ConsumablesTest">
    <failure type="org.openqa.selenium.UnsupportedCommandException" message="ERROR The test with session id 691114ebbd69427999aaf6e6ee4eea79 has already finished, and can&amp;apos;t receive further commands
You can learn more at https://saucelabs.com/jobs/691114ebbd69427999aaf6e6ee4eea79
For help, please check https://docs.saucelabs.com/reference/troubleshooting-common-error-messages
Command duration or timeout: 248 milliseconds
Build info: version: &amp;apos;2.48.2&amp;apos;, revision: &amp;apos;41bccdd10cf2c0560f637404c2d96164b67d9d67&amp;apos;, time: &amp;apos;2015-10-09 13:08:06&amp;apos;
System info: host: &amp;apos;Gonis-MacBook-Pro.local&amp;apos;, ip: &amp;apos;192.168.1.14&amp;apos;, os.name: &amp;apos;Mac OS X&amp;apos;, os.arch: &amp;apos;x86_64&amp;apos;, os.version: &amp;apos;10.10.4&amp;apos;, java.version: &amp;apos;1.8.0_45&amp;apos;
Driver info: org.openqa.selenium.remote.RemoteWebDriver
Capabilities [{applicationCacheEnabled=true, rotatable=false, hasMetadata=true, databaseEnabled=true, handlesAlerts=true, version=43.0, platform=MAC, nativeEvents=false, acceptSslCerts=true, webdriver.remote.sessionid=691114ebbd69427999aaf6e6ee4eea79, locationContextEnabled=true, webStorageEnabled=true, takesScreenshot=true, browserName=firefox, javascriptEnabled=true, cssSelectorsEnabled=true}]
Session ID: 691114ebbd69427999aaf6e6ee4eea79">
      <![CDATA[org.openqa.selenium.UnsupportedCommandException: ERROR The test with session id 691114ebbd69427999aaf6e6ee4eea79 has already finished, and can't receive further commands
You can learn more at https://saucelabs.com/jobs/691114ebbd69427999aaf6e6ee4eea79
For help, please check https://docs.saucelabs.com/reference/troubleshooting-common-error-messages
Command duration or timeout: 248 milliseconds
Build info: version: '2.48.2', revision: '41bccdd10cf2c0560f637404c2d96164b67d9d67', time: '2015-10-09 13:08:06'
System info: host: 'Gonis-MacBook-Pro.local', ip: '192.168.1.14', os.name: 'Mac OS X', os.arch: 'x86_64', os.version: '10.10.4', java.version: '1.8.0_45'
Driver info: org.openqa.selenium.remote.RemoteWebDriver
Capabilities [{applicationCacheEnabled=true, rotatable=false, hasMetadata=true, databaseEnabled=true, handlesAlerts=true, version=43.0, platform=MAC, nativeEvents=false, acceptSslCerts=true, webdriver.remote.sessionid=691114ebbd69427999aaf6e6ee4eea79, locationContextEnabled=true, webStorageEnabled=true, takesScreenshot=true, browserName=firefox, javascriptEnabled=true, cssSelectorsEnabled=true}]
Session ID: 691114ebbd69427999aaf6e6ee4eea79
	at org.openqa.selenium.remote.ErrorHandler.createThrowable(ErrorHandler.java:206)
	at org.openqa.selenium.remote.ErrorHandler.throwIfResponseFailed(ErrorHandler.java:158)
	at org.openqa.selenium.remote.RemoteWebDriver.execute(RemoteWebDriver.java:647)
	at org.openqa.selenium.remote.RemoteWebDriver.execute(RemoteWebDriver.java:670)
	at org.openqa.selenium.remote.RemoteWebDriver.getTitle(RemoteWebDriver.java:315)
	at com.biodata.labguru.tests.BaseTest.setLog(BaseTest.java:282)
	at com.biodata.labguru.tests.inventory.AbstractCollectionsTest.deleteCollectionItemFromIndexTable(AbstractCollectionsTest.java:137)
	at java.util.concurrent.ThreadPoolExecutor.runWorker(ThreadPoolExecutor.java:1142)
	at java.util.concurrent.ThreadPoolExecutor$Worker.run(ThreadPoolExecutor.java:617)
	at java.lang.Thread.run(Thread.java:745)
... Removed 13 stack frames]]>
    </failure>
  </testcase> <!-- deleteCollectionItemFromIndexTable -->
  <testcase name="addTag" time="13.546" classname="com.biodata.labguru.tests.inventory.purchasables.WormsTest">
    <failure type="org.openqa.selenium.UnsupportedCommandException" message="ERROR The test with session id 1e3078ff5cdb4609a4140ff1d5ecb1d5 has already finished, and can&amp;apos;t receive further commands
You can learn more at https://saucelabs.com/jobs/1e3078ff5cdb4609a4140ff1d5ecb1d5
For help, please check https://docs.saucelabs.com/reference/troubleshooting-common-error-messages
Command duration or timeout: 240 milliseconds
Build info: version: &amp;apos;2.48.2&amp;apos;, revision: &amp;apos;41bccdd10cf2c0560f637404c2d96164b67d9d67&amp;apos;, time: &amp;apos;2015-10-09 13:08:06&amp;apos;
System info: host: &amp;apos;Gonis-MacBook-Pro.local&amp;apos;, ip: &amp;apos;192.168.1.14&amp;apos;, os.name: &amp;apos;Mac OS X&amp;apos;, os.arch: &amp;apos;x86_64&amp;apos;, os.version: &amp;apos;10.10.4&amp;apos;, java.version: &amp;apos;1.8.0_45&amp;apos;
Driver info: org.openqa.selenium.remote.RemoteWebDriver
Capabilities [{applicationCacheEnabled=true, rotatable=false, hasMetadata=true, databaseEnabled=true, handlesAlerts=true, version=43.0, platform=MAC, nativeEvents=false, acceptSslCerts=true, webdriver.remote.sessionid=1e3078ff5cdb4609a4140ff1d5ecb1d5, locationContextEnabled=true, webStorageEnabled=true, takesScreenshot=true, browserName=firefox, javascriptEnabled=true, cssSelectorsEnabled=true}]
Session ID: 1e3078ff5cdb4609a4140ff1d5ecb1d5">
      <![CDATA[org.openqa.selenium.UnsupportedCommandException: ERROR The test with session id 1e3078ff5cdb4609a4140ff1d5ecb1d5 has already finished, and can't receive further commands
You can learn more at https://saucelabs.com/jobs/1e3078ff5cdb4609a4140ff1d5ecb1d5
For help, please check https://docs.saucelabs.com/reference/troubleshooting-common-error-messages
Command duration or timeout: 240 milliseconds
Build info: version: '2.48.2', revision: '41bccdd10cf2c0560f637404c2d96164b67d9d67', time: '2015-10-09 13:08:06'
System info: host: 'Gonis-MacBook-Pro.local', ip: '192.168.1.14', os.name: 'Mac OS X', os.arch: 'x86_64', os.version: '10.10.4', java.version: '1.8.0_45'
Driver info: org.openqa.selenium.remote.RemoteWebDriver
Capabilities [{applicationCacheEnabled=true, rotatable=false, hasMetadata=true, databaseEnabled=true, handlesAlerts=true, version=43.0, platform=MAC, nativeEvents=false, acceptSslCerts=true, webdriver.remote.sessionid=1e3078ff5cdb4609a4140ff1d5ecb1d5, locationContextEnabled=true, webStorageEnabled=true, takesScreenshot=true, browserName=firefox, javascriptEnabled=true, cssSelectorsEnabled=true}]
Session ID: 1e3078ff5cdb4609a4140ff1d5ecb1d5
	at org.openqa.selenium.remote.ErrorHandler.createThrowable(ErrorHandler.java:206)
	at org.openqa.selenium.remote.ErrorHandler.throwIfResponseFailed(ErrorHandler.java:158)
	at org.openqa.selenium.remote.RemoteWebDriver.execute(RemoteWebDriver.java:647)
	at org.openqa.selenium.remote.RemoteWebDriver.execute(RemoteWebDriver.java:670)
	at org.openqa.selenium.remote.RemoteWebDriver.getTitle(RemoteWebDriver.java:315)
	at com.biodata.labguru.tests.BaseTest.setLog(BaseTest.java:282)
	at com.biodata.labguru.tests.AbstractLGTest.addTag(AbstractLGTest.java:69)
	at java.util.concurrent.ThreadPoolExecutor.runWorker(ThreadPoolExecutor.java:1142)
	at java.util.concurrent.ThreadPoolExecutor$Worker.run(ThreadPoolExecutor.java:617)
	at java.lang.Thread.run(Thread.java:745)
... Removed 13 stack frames]]>
    </failure>
  </testcase> <!-- addTag -->
  <testcase name="addSimpleItem" time="13.269" classname="com.biodata.labguru.tests.inventory.purchasables.ConsumablesTest">
    <failure type="org.openqa.selenium.UnsupportedCommandException" message="ERROR The test with session id 691114ebbd69427999aaf6e6ee4eea79 has already finished, and can&amp;apos;t receive further commands
You can learn more at https://saucelabs.com/jobs/691114ebbd69427999aaf6e6ee4eea79
For help, please check https://docs.saucelabs.com/reference/troubleshooting-common-error-messages
Command duration or timeout: 246 milliseconds
Build info: version: &amp;apos;2.48.2&amp;apos;, revision: &amp;apos;41bccdd10cf2c0560f637404c2d96164b67d9d67&amp;apos;, time: &amp;apos;2015-10-09 13:08:06&amp;apos;
System info: host: &amp;apos;Gonis-MacBook-Pro.local&amp;apos;, ip: &amp;apos;192.168.1.14&amp;apos;, os.name: &amp;apos;Mac OS X&amp;apos;, os.arch: &amp;apos;x86_64&amp;apos;, os.version: &amp;apos;10.10.4&amp;apos;, java.version: &amp;apos;1.8.0_45&amp;apos;
Driver info: org.openqa.selenium.remote.RemoteWebDriver
Capabilities [{applicationCacheEnabled=true, rotatable=false, hasMetadata=true, databaseEnabled=true, handlesAlerts=true, version=43.0, platform=MAC, nativeEvents=false, acceptSslCerts=true, webdriver.remote.sessionid=691114ebbd69427999aaf6e6ee4eea79, locationContextEnabled=true, webStorageEnabled=true, takesScreenshot=true, browserName=firefox, javascriptEnabled=true, cssSelectorsEnabled=true}]
Session ID: 691114ebbd69427999aaf6e6ee4eea79">
      <![CDATA[org.openqa.selenium.UnsupportedCommandException: ERROR The test with session id 691114ebbd69427999aaf6e6ee4eea79 has already finished, and can't receive further commands
You can learn more at https://saucelabs.com/jobs/691114ebbd69427999aaf6e6ee4eea79
For help, please check https://docs.saucelabs.com/reference/troubleshooting-common-error-messages
Command duration or timeout: 246 milliseconds
Build info: version: '2.48.2', revision: '41bccdd10cf2c0560f637404c2d96164b67d9d67', time: '2015-10-09 13:08:06'
System info: host: 'Gonis-MacBook-Pro.local', ip: '192.168.1.14', os.name: 'Mac OS X', os.arch: 'x86_64', os.version: '10.10.4', java.version: '1.8.0_45'
Driver info: org.openqa.selenium.remote.RemoteWebDriver
Capabilities [{applicationCacheEnabled=true, rotatable=false, hasMetadata=true, databaseEnabled=true, handlesAlerts=true, version=43.0, platform=MAC, nativeEvents=false, acceptSslCerts=true, webdriver.remote.sessionid=691114ebbd69427999aaf6e6ee4eea79, locationContextEnabled=true, webStorageEnabled=true, takesScreenshot=true, browserName=firefox, javascriptEnabled=true, cssSelectorsEnabled=true}]
Session ID: 691114ebbd69427999aaf6e6ee4eea79
	at org.openqa.selenium.remote.ErrorHandler.createThrowable(ErrorHandler.java:206)
	at org.openqa.selenium.remote.ErrorHandler.throwIfResponseFailed(ErrorHandler.java:158)
	at org.openqa.selenium.remote.RemoteWebDriver.execute(RemoteWebDriver.java:647)
	at org.openqa.selenium.remote.RemoteWebDriver.execute(RemoteWebDriver.java:670)
	at org.openqa.selenium.remote.RemoteWebDriver.getTitle(RemoteWebDriver.java:315)
	at com.biodata.labguru.pages.AdminPage.showConsumables(AdminPage.java:255)
	at com.biodata.labguru.tests.inventory.purchasables.ConsumablesTest.addSimpleItem(ConsumablesTest.java:104)
	at java.util.concurrent.ThreadPoolExecutor.runWorker(ThreadPoolExecutor.java:1142)
	at java.util.concurrent.ThreadPoolExecutor$Worker.run(ThreadPoolExecutor.java:617)
	at java.lang.Thread.run(Thread.java:745)
... Removed 13 stack frames]]>
    </failure>
  </testcase> <!-- addSimpleItem -->
  <testcase name="addStockFromStocksTab" time="13.805" classname="com.biodata.labguru.tests.inventory.purchasables.WormsTest">
    <failure type="org.openqa.selenium.UnsupportedCommandException" message="ERROR The test with session id 1e3078ff5cdb4609a4140ff1d5ecb1d5 has already finished, and can&amp;apos;t receive further commands
You can learn more at https://saucelabs.com/jobs/1e3078ff5cdb4609a4140ff1d5ecb1d5
For help, please check https://docs.saucelabs.com/reference/troubleshooting-common-error-messages
Command duration or timeout: 253 milliseconds
Build info: version: &amp;apos;2.48.2&amp;apos;, revision: &amp;apos;41bccdd10cf2c0560f637404c2d96164b67d9d67&amp;apos;, time: &amp;apos;2015-10-09 13:08:06&amp;apos;
System info: host: &amp;apos;Gonis-MacBook-Pro.local&amp;apos;, ip: &amp;apos;192.168.1.14&amp;apos;, os.name: &amp;apos;Mac OS X&amp;apos;, os.arch: &amp;apos;x86_64&amp;apos;, os.version: &amp;apos;10.10.4&amp;apos;, java.version: &amp;apos;1.8.0_45&amp;apos;
Driver info: org.openqa.selenium.remote.RemoteWebDriver
Capabilities [{applicationCacheEnabled=true, rotatable=false, hasMetadata=true, databaseEnabled=true, handlesAlerts=true, version=43.0, platform=MAC, nativeEvents=false, acceptSslCerts=true, webdriver.remote.sessionid=1e3078ff5cdb4609a4140ff1d5ecb1d5, locationContextEnabled=true, webStorageEnabled=true, takesScreenshot=true, browserName=firefox, javascriptEnabled=true, cssSelectorsEnabled=true}]
Session ID: 1e3078ff5cdb4609a4140ff1d5ecb1d5">
      <![CDATA[org.openqa.selenium.UnsupportedCommandException: ERROR The test with session id 1e3078ff5cdb4609a4140ff1d5ecb1d5 has already finished, and can't receive further commands
You can learn more at https://saucelabs.com/jobs/1e3078ff5cdb4609a4140ff1d5ecb1d5
For help, please check https://docs.saucelabs.com/reference/troubleshooting-common-error-messages
Command duration or timeout: 253 milliseconds
Build info: version: '2.48.2', revision: '41bccdd10cf2c0560f637404c2d96164b67d9d67', time: '2015-10-09 13:08:06'
System info: host: 'Gonis-MacBook-Pro.local', ip: '192.168.1.14', os.name: 'Mac OS X', os.arch: 'x86_64', os.version: '10.10.4', java.version: '1.8.0_45'
Driver info: org.openqa.selenium.remote.RemoteWebDriver
Capabilities [{applicationCacheEnabled=true, rotatable=false, hasMetadata=true, databaseEnabled=true, handlesAlerts=true, version=43.0, platform=MAC, nativeEvents=false, acceptSslCerts=true, webdriver.remote.sessionid=1e3078ff5cdb4609a4140ff1d5ecb1d5, locationContextEnabled=true, webStorageEnabled=true, takesScreenshot=true, browserName=firefox, javascriptEnabled=true, cssSelectorsEnabled=true}]
Session ID: 1e3078ff5cdb4609a4140ff1d5ecb1d5
	at org.openqa.selenium.remote.ErrorHandler.createThrowable(ErrorHandler.java:206)
	at org.openqa.selenium.remote.ErrorHandler.throwIfResponseFailed(ErrorHandler.java:158)
	at org.openqa.selenium.remote.RemoteWebDriver.execute(RemoteWebDriver.java:647)
	at org.openqa.selenium.remote.RemoteWebDriver.execute(RemoteWebDriver.java:670)
	at org.openqa.selenium.remote.RemoteWebDriver.getTitle(RemoteWebDriver.java:315)
	at com.biodata.labguru.tests.BaseTest.setLog(BaseTest.java:259)
	at com.biodata.labguru.tests.inventory.AbstractCollectionsTest.addStockFromStocksTab(AbstractCollectionsTest.java:313)
	at java.util.concurrent.ThreadPoolExecutor.runWorker(ThreadPoolExecutor.java:1142)
	at java.util.concurrent.ThreadPoolExecutor$Worker.run(ThreadPoolExecutor.java:617)
	at java.lang.Thread.run(Thread.java:745)
... Removed 13 stack frames]]>
    </failure>
  </testcase> <!-- addStockFromStocksTab -->
  <testcase name="addStockLocatedInBox" time="13.887" classname="com.biodata.labguru.tests.inventory.purchasables.ConsumablesTest">
    <failure type="org.openqa.selenium.UnsupportedCommandException" message="ERROR The test with session id 691114ebbd69427999aaf6e6ee4eea79 has already finished, and can&amp;apos;t receive further commands
You can learn more at https://saucelabs.com/jobs/691114ebbd69427999aaf6e6ee4eea79
For help, please check https://docs.saucelabs.com/reference/troubleshooting-common-error-messages
Command duration or timeout: 417 milliseconds
Build info: version: &amp;apos;2.48.2&amp;apos;, revision: &amp;apos;41bccdd10cf2c0560f637404c2d96164b67d9d67&amp;apos;, time: &amp;apos;2015-10-09 13:08:06&amp;apos;
System info: host: &amp;apos;Gonis-MacBook-Pro.local&amp;apos;, ip: &amp;apos;192.168.1.14&amp;apos;, os.name: &amp;apos;Mac OS X&amp;apos;, os.arch: &amp;apos;x86_64&amp;apos;, os.version: &amp;apos;10.10.4&amp;apos;, java.version: &amp;apos;1.8.0_45&amp;apos;
Driver info: org.openqa.selenium.remote.RemoteWebDriver
Capabilities [{applicationCacheEnabled=true, rotatable=false, hasMetadata=true, databaseEnabled=true, handlesAlerts=true, version=43.0, platform=MAC, nativeEvents=false, acceptSslCerts=true, webdriver.remote.sessionid=691114ebbd69427999aaf6e6ee4eea79, locationContextEnabled=true, webStorageEnabled=true, takesScreenshot=true, browserName=firefox, javascriptEnabled=true, cssSelectorsEnabled=true}]
Session ID: 691114ebbd69427999aaf6e6ee4eea79">
      <![CDATA[org.openqa.selenium.UnsupportedCommandException: ERROR The test with session id 691114ebbd69427999aaf6e6ee4eea79 has already finished, and can't receive further commands
You can learn more at https://saucelabs.com/jobs/691114ebbd69427999aaf6e6ee4eea79
For help, please check https://docs.saucelabs.com/reference/troubleshooting-common-error-messages
Command duration or timeout: 417 milliseconds
Build info: version: '2.48.2', revision: '41bccdd10cf2c0560f637404c2d96164b67d9d67', time: '2015-10-09 13:08:06'
System info: host: 'Gonis-MacBook-Pro.local', ip: '192.168.1.14', os.name: 'Mac OS X', os.arch: 'x86_64', os.version: '10.10.4', java.version: '1.8.0_45'
Driver info: org.openqa.selenium.remote.RemoteWebDriver
Capabilities [{applicationCacheEnabled=true, rotatable=false, hasMetadata=true, databaseEnabled=true, handlesAlerts=true, version=43.0, platform=MAC, nativeEvents=false, acceptSslCerts=true, webdriver.remote.sessionid=691114ebbd69427999aaf6e6ee4eea79, locationContextEnabled=true, webStorageEnabled=true, takesScreenshot=true, browserName=firefox, javascriptEnabled=true, cssSelectorsEnabled=true}]
Session ID: 691114ebbd69427999aaf6e6ee4eea79
	at org.openqa.selenium.remote.ErrorHandler.createThrowable(ErrorHandler.java:206)
	at org.openqa.selenium.remote.ErrorHandler.throwIfResponseFailed(ErrorHandler.java:158)
	at org.openqa.selenium.remote.RemoteWebDriver.execute(RemoteWebDriver.java:647)
	at org.openqa.selenium.remote.RemoteWebDriver.execute(RemoteWebDriver.java:670)
	at org.openqa.selenium.remote.RemoteWebDriver.getTitle(RemoteWebDriver.java:315)
	at com.biodata.labguru.tests.BaseTest.setLog(BaseTest.java:282)
	at com.biodata.labguru.tests.inventory.AbstractCollectionsTest.addStockLocatedInBox(AbstractCollectionsTest.java:337)
	at java.util.concurrent.ThreadPoolExecutor.runWorker(ThreadPoolExecutor.java:1142)
	at java.util.concurrent.ThreadPoolExecutor$Worker.run(ThreadPoolExecutor.java:617)
	at java.lang.Thread.run(Thread.java:745)
... Removed 13 stack frames]]>
    </failure>
  </testcase> <!-- addStockLocatedInBox -->
  <testcase name="addStockLocatedInBox" time="13.595" classname="com.biodata.labguru.tests.inventory.purchasables.WormsTest">
    <failure type="org.openqa.selenium.UnsupportedCommandException" message="ERROR The test with session id 1e3078ff5cdb4609a4140ff1d5ecb1d5 has already finished, and can&amp;apos;t receive further commands
You can learn more at https://saucelabs.com/jobs/1e3078ff5cdb4609a4140ff1d5ecb1d5
For help, please check https://docs.saucelabs.com/reference/troubleshooting-common-error-messages
Command duration or timeout: 242 milliseconds
Build info: version: &amp;apos;2.48.2&amp;apos;, revision: &amp;apos;41bccdd10cf2c0560f637404c2d96164b67d9d67&amp;apos;, time: &amp;apos;2015-10-09 13:08:06&amp;apos;
System info: host: &amp;apos;Gonis-MacBook-Pro.local&amp;apos;, ip: &amp;apos;192.168.1.14&amp;apos;, os.name: &amp;apos;Mac OS X&amp;apos;, os.arch: &amp;apos;x86_64&amp;apos;, os.version: &amp;apos;10.10.4&amp;apos;, java.version: &amp;apos;1.8.0_45&amp;apos;
Driver info: org.openqa.selenium.remote.RemoteWebDriver
Capabilities [{applicationCacheEnabled=true, rotatable=false, hasMetadata=true, databaseEnabled=true, handlesAlerts=true, version=43.0, platform=MAC, nativeEvents=false, acceptSslCerts=true, webdriver.remote.sessionid=1e3078ff5cdb4609a4140ff1d5ecb1d5, locationContextEnabled=true, webStorageEnabled=true, takesScreenshot=true, browserName=firefox, javascriptEnabled=true, cssSelectorsEnabled=true}]
Session ID: 1e3078ff5cdb4609a4140ff1d5ecb1d5">
      <![CDATA[org.openqa.selenium.UnsupportedCommandException: ERROR The test with session id 1e3078ff5cdb4609a4140ff1d5ecb1d5 has already finished, and can't receive further commands
You can learn more at https://saucelabs.com/jobs/1e3078ff5cdb4609a4140ff1d5ecb1d5
For help, please check https://docs.saucelabs.com/reference/troubleshooting-common-error-messages
Command duration or timeout: 242 milliseconds
Build info: version: '2.48.2', revision: '41bccdd10cf2c0560f637404c2d96164b67d9d67', time: '2015-10-09 13:08:06'
System info: host: 'Gonis-MacBook-Pro.local', ip: '192.168.1.14', os.name: 'Mac OS X', os.arch: 'x86_64', os.version: '10.10.4', java.version: '1.8.0_45'
Driver info: org.openqa.selenium.remote.RemoteWebDriver
Capabilities [{applicationCacheEnabled=true, rotatable=false, hasMetadata=true, databaseEnabled=true, handlesAlerts=true, version=43.0, platform=MAC, nativeEvents=false, acceptSslCerts=true, webdriver.remote.sessionid=1e3078ff5cdb4609a4140ff1d5ecb1d5, locationContextEnabled=true, webStorageEnabled=true, takesScreenshot=true, browserName=firefox, javascriptEnabled=true, cssSelectorsEnabled=true}]
Session ID: 1e3078ff5cdb4609a4140ff1d5ecb1d5
	at org.openqa.selenium.remote.ErrorHandler.createThrowable(ErrorHandler.java:206)
	at org.openqa.selenium.remote.ErrorHandler.throwIfResponseFailed(ErrorHandler.java:158)
	at org.openqa.selenium.remote.RemoteWebDriver.execute(RemoteWebDriver.java:647)
	at org.openqa.selenium.remote.RemoteWebDriver.execute(RemoteWebDriver.java:670)
	at org.openqa.selenium.remote.RemoteWebDriver.getTitle(RemoteWebDriver.java:315)
	at com.biodata.labguru.tests.BaseTest.setLog(BaseTest.java:282)
	at com.biodata.labguru.tests.inventory.AbstractCollectionsTest.addStockLocatedInBox(AbstractCollectionsTest.java:337)
	at java.util.concurrent.ThreadPoolExecutor.runWorker(ThreadPoolExecutor.java:1142)
	at java.util.concurrent.ThreadPoolExecutor$Worker.run(ThreadPoolExecutor.java:617)
	at java.lang.Thread.run(Thread.java:745)
... Removed 13 stack frames]]>
    </failure>
  </testcase> <!-- addStockLocatedInBox -->
  <testcase name="searchItemInShoppingList" time="13.501" classname="com.biodata.labguru.tests.inventory.purchasables.ConsumablesTest">
    <failure type="org.openqa.selenium.UnsupportedCommandException" message="ERROR The test with session id 691114ebbd69427999aaf6e6ee4eea79 has already finished, and can&amp;apos;t receive further commands
You can learn more at https://saucelabs.com/jobs/691114ebbd69427999aaf6e6ee4eea79
For help, please check https://docs.saucelabs.com/reference/troubleshooting-common-error-messages
Command duration or timeout: 236 milliseconds
Build info: version: &amp;apos;2.48.2&amp;apos;, revision: &amp;apos;41bccdd10cf2c0560f637404c2d96164b67d9d67&amp;apos;, time: &amp;apos;2015-10-09 13:08:06&amp;apos;
System info: host: &amp;apos;Gonis-MacBook-Pro.local&amp;apos;, ip: &amp;apos;192.168.1.14&amp;apos;, os.name: &amp;apos;Mac OS X&amp;apos;, os.arch: &amp;apos;x86_64&amp;apos;, os.version: &amp;apos;10.10.4&amp;apos;, java.version: &amp;apos;1.8.0_45&amp;apos;
Driver info: org.openqa.selenium.remote.RemoteWebDriver
Capabilities [{applicationCacheEnabled=true, rotatable=false, hasMetadata=true, databaseEnabled=true, handlesAlerts=true, version=43.0, platform=MAC, nativeEvents=false, acceptSslCerts=true, webdriver.remote.sessionid=691114ebbd69427999aaf6e6ee4eea79, locationContextEnabled=true, webStorageEnabled=true, takesScreenshot=true, browserName=firefox, javascriptEnabled=true, cssSelectorsEnabled=true}]
Session ID: 691114ebbd69427999aaf6e6ee4eea79">
      <![CDATA[org.openqa.selenium.UnsupportedCommandException: ERROR The test with session id 691114ebbd69427999aaf6e6ee4eea79 has already finished, and can't receive further commands
You can learn more at https://saucelabs.com/jobs/691114ebbd69427999aaf6e6ee4eea79
For help, please check https://docs.saucelabs.com/reference/troubleshooting-common-error-messages
Command duration or timeout: 236 milliseconds
Build info: version: '2.48.2', revision: '41bccdd10cf2c0560f637404c2d96164b67d9d67', time: '2015-10-09 13:08:06'
System info: host: 'Gonis-MacBook-Pro.local', ip: '192.168.1.14', os.name: 'Mac OS X', os.arch: 'x86_64', os.version: '10.10.4', java.version: '1.8.0_45'
Driver info: org.openqa.selenium.remote.RemoteWebDriver
Capabilities [{applicationCacheEnabled=true, rotatable=false, hasMetadata=true, databaseEnabled=true, handlesAlerts=true, version=43.0, platform=MAC, nativeEvents=false, acceptSslCerts=true, webdriver.remote.sessionid=691114ebbd69427999aaf6e6ee4eea79, locationContextEnabled=true, webStorageEnabled=true, takesScreenshot=true, browserName=firefox, javascriptEnabled=true, cssSelectorsEnabled=true}]
Session ID: 691114ebbd69427999aaf6e6ee4eea79
	at org.openqa.selenium.remote.ErrorHandler.createThrowable(ErrorHandler.java:206)
	at org.openqa.selenium.remote.ErrorHandler.throwIfResponseFailed(ErrorHandler.java:158)
	at org.openqa.selenium.remote.RemoteWebDriver.execute(RemoteWebDriver.java:647)
	at org.openqa.selenium.remote.RemoteWebDriver.execute(RemoteWebDriver.java:670)
	at org.openqa.selenium.remote.RemoteWebDriver.getTitle(RemoteWebDriver.java:315)
	at com.biodata.labguru.tests.BaseTest.setLog(BaseTest.java:282)
	at com.biodata.labguru.tests.inventory.purchasables.PurchasableCollectionTest.searchItemInShoppingList(PurchasableCollectionTest.java:64)
	at java.util.concurrent.ThreadPoolExecutor.runWorker(ThreadPoolExecutor.java:1142)
	at java.util.concurrent.ThreadPoolExecutor$Worker.run(ThreadPoolExecutor.java:617)
	at java.lang.Thread.run(Thread.java:745)
... Removed 13 stack frames]]>
    </failure>
  </testcase> <!-- searchItemInShoppingList -->
  <testcase name="addItemSaveAndNew" time="13.549" classname="com.biodata.labguru.tests.inventory.purchasables.WormsTest">
    <failure type="org.openqa.selenium.UnsupportedCommandException" message="ERROR The test with session id 1e3078ff5cdb4609a4140ff1d5ecb1d5 has already finished, and can&amp;apos;t receive further commands
You can learn more at https://saucelabs.com/jobs/1e3078ff5cdb4609a4140ff1d5ecb1d5
For help, please check https://docs.saucelabs.com/reference/troubleshooting-common-error-messages
Command duration or timeout: 240 milliseconds
Build info: version: &amp;apos;2.48.2&amp;apos;, revision: &amp;apos;41bccdd10cf2c0560f637404c2d96164b67d9d67&amp;apos;, time: &amp;apos;2015-10-09 13:08:06&amp;apos;
System info: host: &amp;apos;Gonis-MacBook-Pro.local&amp;apos;, ip: &amp;apos;192.168.1.14&amp;apos;, os.name: &amp;apos;Mac OS X&amp;apos;, os.arch: &amp;apos;x86_64&amp;apos;, os.version: &amp;apos;10.10.4&amp;apos;, java.version: &amp;apos;1.8.0_45&amp;apos;
Driver info: org.openqa.selenium.remote.RemoteWebDriver
Capabilities [{applicationCacheEnabled=true, rotatable=false, hasMetadata=true, databaseEnabled=true, handlesAlerts=true, version=43.0, platform=MAC, nativeEvents=false, acceptSslCerts=true, webdriver.remote.sessionid=1e3078ff5cdb4609a4140ff1d5ecb1d5, locationContextEnabled=true, webStorageEnabled=true, takesScreenshot=true, browserName=firefox, javascriptEnabled=true, cssSelectorsEnabled=true}]
Session ID: 1e3078ff5cdb4609a4140ff1d5ecb1d5">
      <![CDATA[org.openqa.selenium.UnsupportedCommandException: ERROR The test with session id 1e3078ff5cdb4609a4140ff1d5ecb1d5 has already finished, and can't receive further commands
You can learn more at https://saucelabs.com/jobs/1e3078ff5cdb4609a4140ff1d5ecb1d5
For help, please check https://docs.saucelabs.com/reference/troubleshooting-common-error-messages
Command duration or timeout: 240 milliseconds
Build info: version: '2.48.2', revision: '41bccdd10cf2c0560f637404c2d96164b67d9d67', time: '2015-10-09 13:08:06'
System info: host: 'Gonis-MacBook-Pro.local', ip: '192.168.1.14', os.name: 'Mac OS X', os.arch: 'x86_64', os.version: '10.10.4', java.version: '1.8.0_45'
Driver info: org.openqa.selenium.remote.RemoteWebDriver
Capabilities [{applicationCacheEnabled=true, rotatable=false, hasMetadata=true, databaseEnabled=true, handlesAlerts=true, version=43.0, platform=MAC, nativeEvents=false, acceptSslCerts=true, webdriver.remote.sessionid=1e3078ff5cdb4609a4140ff1d5ecb1d5, locationContextEnabled=true, webStorageEnabled=true, takesScreenshot=true, browserName=firefox, javascriptEnabled=true, cssSelectorsEnabled=true}]
Session ID: 1e3078ff5cdb4609a4140ff1d5ecb1d5
	at org.openqa.selenium.remote.ErrorHandler.createThrowable(ErrorHandler.java:206)
	at org.openqa.selenium.remote.ErrorHandler.throwIfResponseFailed(ErrorHandler.java:158)
	at org.openqa.selenium.remote.RemoteWebDriver.execute(RemoteWebDriver.java:647)
	at org.openqa.selenium.remote.RemoteWebDriver.execute(RemoteWebDriver.java:670)
	at org.openqa.selenium.remote.RemoteWebDriver.getTitle(RemoteWebDriver.java:315)
	at com.biodata.labguru.tests.BaseTest.setLog(BaseTest.java:282)
	at com.biodata.labguru.tests.inventory.AbstractCollectionsTest.addItemSaveAndNew(AbstractCollectionsTest.java:114)
	at java.util.concurrent.ThreadPoolExecutor.runWorker(ThreadPoolExecutor.java:1142)
	at java.util.concurrent.ThreadPoolExecutor$Worker.run(ThreadPoolExecutor.java:617)
	at java.lang.Thread.run(Thread.java:745)
... Removed 13 stack frames]]>
    </failure>
  </testcase> <!-- addItemSaveAndNew -->
  <testcase name="checkShowPageOfCreatedItem" time="13.773" classname="com.biodata.labguru.tests.inventory.purchasables.ConsumablesTest">
    <failure type="org.openqa.selenium.UnsupportedCommandException" message="ERROR The test with session id 691114ebbd69427999aaf6e6ee4eea79 has already finished, and can&amp;apos;t receive further commands
You can learn more at https://saucelabs.com/jobs/691114ebbd69427999aaf6e6ee4eea79
For help, please check https://docs.saucelabs.com/reference/troubleshooting-common-error-messages
Command duration or timeout: 540 milliseconds
Build info: version: &amp;apos;2.48.2&amp;apos;, revision: &amp;apos;41bccdd10cf2c0560f637404c2d96164b67d9d67&amp;apos;, time: &amp;apos;2015-10-09 13:08:06&amp;apos;
System info: host: &amp;apos;Gonis-MacBook-Pro.local&amp;apos;, ip: &amp;apos;192.168.1.14&amp;apos;, os.name: &amp;apos;Mac OS X&amp;apos;, os.arch: &amp;apos;x86_64&amp;apos;, os.version: &amp;apos;10.10.4&amp;apos;, java.version: &amp;apos;1.8.0_45&amp;apos;
Driver info: org.openqa.selenium.remote.RemoteWebDriver
Capabilities [{applicationCacheEnabled=true, rotatable=false, hasMetadata=true, databaseEnabled=true, handlesAlerts=true, version=43.0, platform=MAC, nativeEvents=false, acceptSslCerts=true, webdriver.remote.sessionid=691114ebbd69427999aaf6e6ee4eea79, locationContextEnabled=true, webStorageEnabled=true, takesScreenshot=true, browserName=firefox, javascriptEnabled=true, cssSelectorsEnabled=true}]
Session ID: 691114ebbd69427999aaf6e6ee4eea79">
      <![CDATA[org.openqa.selenium.UnsupportedCommandException: ERROR The test with session id 691114ebbd69427999aaf6e6ee4eea79 has already finished, and can't receive further commands
You can learn more at https://saucelabs.com/jobs/691114ebbd69427999aaf6e6ee4eea79
For help, please check https://docs.saucelabs.com/reference/troubleshooting-common-error-messages
Command duration or timeout: 540 milliseconds
Build info: version: '2.48.2', revision: '41bccdd10cf2c0560f637404c2d96164b67d9d67', time: '2015-10-09 13:08:06'
System info: host: 'Gonis-MacBook-Pro.local', ip: '192.168.1.14', os.name: 'Mac OS X', os.arch: 'x86_64', os.version: '10.10.4', java.version: '1.8.0_45'
Driver info: org.openqa.selenium.remote.RemoteWebDriver
Capabilities [{applicationCacheEnabled=true, rotatable=false, hasMetadata=true, databaseEnabled=true, handlesAlerts=true, version=43.0, platform=MAC, nativeEvents=false, acceptSslCerts=true, webdriver.remote.sessionid=691114ebbd69427999aaf6e6ee4eea79, locationContextEnabled=true, webStorageEnabled=true, takesScreenshot=true, browserName=firefox, javascriptEnabled=true, cssSelectorsEnabled=true}]
Session ID: 691114ebbd69427999aaf6e6ee4eea79
	at org.openqa.selenium.remote.ErrorHandler.createThrowable(ErrorHandler.java:206)
	at org.openqa.selenium.remote.ErrorHandler.throwIfResponseFailed(ErrorHandler.java:158)
	at org.openqa.selenium.remote.RemoteWebDriver.execute(RemoteWebDriver.java:647)
	at org.openqa.selenium.remote.RemoteWebDriver.execute(RemoteWebDriver.java:670)
	at org.openqa.selenium.remote.RemoteWebDriver.getTitle(RemoteWebDriver.java:315)
	at com.biodata.labguru.tests.BaseTest.setLog(BaseTest.java:282)
	at com.biodata.labguru.tests.inventory.purchasables.PurchasableCollectionTest.checkShowPageOfCreatedItem(PurchasableCollectionTest.java:33)
	at java.util.concurrent.ThreadPoolExecutor.runWorker(ThreadPoolExecutor.java:1142)
	at java.util.concurrent.ThreadPoolExecutor$Worker.run(ThreadPoolExecutor.java:617)
	at java.lang.Thread.run(Thread.java:745)
... Removed 13 stack frames]]>
    </failure>
  </testcase> <!-- checkShowPageOfCreatedItem -->
  <testcase name="addStockFromMetaDataSection" time="13.624" classname="com.biodata.labguru.tests.inventory.purchasables.WormsTest">
    <failure type="org.openqa.selenium.UnsupportedCommandException" message="ERROR The test with session id 1e3078ff5cdb4609a4140ff1d5ecb1d5 has already finished, and can&amp;apos;t receive further commands
You can learn more at https://saucelabs.com/jobs/1e3078ff5cdb4609a4140ff1d5ecb1d5
For help, please check https://docs.saucelabs.com/reference/troubleshooting-common-error-messages
Command duration or timeout: 374 milliseconds
Build info: version: &amp;apos;2.48.2&amp;apos;, revision: &amp;apos;41bccdd10cf2c0560f637404c2d96164b67d9d67&amp;apos;, time: &amp;apos;2015-10-09 13:08:06&amp;apos;
System info: host: &amp;apos;Gonis-MacBook-Pro.local&amp;apos;, ip: &amp;apos;192.168.1.14&amp;apos;, os.name: &amp;apos;Mac OS X&amp;apos;, os.arch: &amp;apos;x86_64&amp;apos;, os.version: &amp;apos;10.10.4&amp;apos;, java.version: &amp;apos;1.8.0_45&amp;apos;
Driver info: org.openqa.selenium.remote.RemoteWebDriver
Capabilities [{applicationCacheEnabled=true, rotatable=false, hasMetadata=true, databaseEnabled=true, handlesAlerts=true, version=43.0, platform=MAC, nativeEvents=false, acceptSslCerts=true, webdriver.remote.sessionid=1e3078ff5cdb4609a4140ff1d5ecb1d5, locationContextEnabled=true, webStorageEnabled=true, takesScreenshot=true, browserName=firefox, javascriptEnabled=true, cssSelectorsEnabled=true}]
Session ID: 1e3078ff5cdb4609a4140ff1d5ecb1d5">
      <![CDATA[org.openqa.selenium.UnsupportedCommandException: ERROR The test with session id 1e3078ff5cdb4609a4140ff1d5ecb1d5 has already finished, and can't receive further commands
You can learn more at https://saucelabs.com/jobs/1e3078ff5cdb4609a4140ff1d5ecb1d5
For help, please check https://docs.saucelabs.com/reference/troubleshooting-common-error-messages
Command duration or timeout: 374 milliseconds
Build info: version: '2.48.2', revision: '41bccdd10cf2c0560f637404c2d96164b67d9d67', time: '2015-10-09 13:08:06'
System info: host: 'Gonis-MacBook-Pro.local', ip: '192.168.1.14', os.name: 'Mac OS X', os.arch: 'x86_64', os.version: '10.10.4', java.version: '1.8.0_45'
Driver info: org.openqa.selenium.remote.RemoteWebDriver
Capabilities [{applicationCacheEnabled=true, rotatable=false, hasMetadata=true, databaseEnabled=true, handlesAlerts=true, version=43.0, platform=MAC, nativeEvents=false, acceptSslCerts=true, webdriver.remote.sessionid=1e3078ff5cdb4609a4140ff1d5ecb1d5, locationContextEnabled=true, webStorageEnabled=true, takesScreenshot=true, browserName=firefox, javascriptEnabled=true, cssSelectorsEnabled=true}]
Session ID: 1e3078ff5cdb4609a4140ff1d5ecb1d5
	at org.openqa.selenium.remote.ErrorHandler.createThrowable(ErrorHandler.java:206)
	at org.openqa.selenium.remote.ErrorHandler.throwIfResponseFailed(ErrorHandler.java:158)
	at org.openqa.selenium.remote.RemoteWebDriver.execute(RemoteWebDriver.java:647)
	at org.openqa.selenium.remote.RemoteWebDriver.execute(RemoteWebDriver.java:670)
	at org.openqa.selenium.remote.RemoteWebDriver.getTitle(RemoteWebDriver.java:315)
	at com.biodata.labguru.tests.BaseTest.setLog(BaseTest.java:259)
	at com.biodata.labguru.tests.inventory.AbstractCollectionsTest.addStockFromMetaDataSection(AbstractCollectionsTest.java:285)
	at java.util.concurrent.ThreadPoolExecutor.runWorker(ThreadPoolExecutor.java:1142)
	at java.util.concurrent.ThreadPoolExecutor$Worker.run(ThreadPoolExecutor.java:617)
	at java.lang.Thread.run(Thread.java:745)
... Removed 13 stack frames]]>
    </failure>
  </testcase> <!-- addStockFromMetaDataSection -->
  <testcase name="checkCustomizeTableView" time="13.661" classname="com.biodata.labguru.tests.inventory.purchasables.ConsumablesTest">
    <failure type="org.openqa.selenium.UnsupportedCommandException" message="ERROR The test with session id 691114ebbd69427999aaf6e6ee4eea79 has already finished, and can&amp;apos;t receive further commands
You can learn more at https://saucelabs.com/jobs/691114ebbd69427999aaf6e6ee4eea79
For help, please check https://docs.saucelabs.com/reference/troubleshooting-common-error-messages
Command duration or timeout: 256 milliseconds
Build info: version: &amp;apos;2.48.2&amp;apos;, revision: &amp;apos;41bccdd10cf2c0560f637404c2d96164b67d9d67&amp;apos;, time: &amp;apos;2015-10-09 13:08:06&amp;apos;
System info: host: &amp;apos;Gonis-MacBook-Pro.local&amp;apos;, ip: &amp;apos;192.168.1.14&amp;apos;, os.name: &amp;apos;Mac OS X&amp;apos;, os.arch: &amp;apos;x86_64&amp;apos;, os.version: &amp;apos;10.10.4&amp;apos;, java.version: &amp;apos;1.8.0_45&amp;apos;
Driver info: org.openqa.selenium.remote.RemoteWebDriver
Capabilities [{applicationCacheEnabled=true, rotatable=false, hasMetadata=true, databaseEnabled=true, handlesAlerts=true, version=43.0, platform=MAC, nativeEvents=false, acceptSslCerts=true, webdriver.remote.sessionid=691114ebbd69427999aaf6e6ee4eea79, locationContextEnabled=true, webStorageEnabled=true, takesScreenshot=true, browserName=firefox, javascriptEnabled=true, cssSelectorsEnabled=true}]
Session ID: 691114ebbd69427999aaf6e6ee4eea79">
      <![CDATA[org.openqa.selenium.UnsupportedCommandException: ERROR The test with session id 691114ebbd69427999aaf6e6ee4eea79 has already finished, and can't receive further commands
You can learn more at https://saucelabs.com/jobs/691114ebbd69427999aaf6e6ee4eea79
For help, please check https://docs.saucelabs.com/reference/troubleshooting-common-error-messages
Command duration or timeout: 256 milliseconds
Build info: version: '2.48.2', revision: '41bccdd10cf2c0560f637404c2d96164b67d9d67', time: '2015-10-09 13:08:06'
System info: host: 'Gonis-MacBook-Pro.local', ip: '192.168.1.14', os.name: 'Mac OS X', os.arch: 'x86_64', os.version: '10.10.4', java.version: '1.8.0_45'
Driver info: org.openqa.selenium.remote.RemoteWebDriver
Capabilities [{applicationCacheEnabled=true, rotatable=false, hasMetadata=true, databaseEnabled=true, handlesAlerts=true, version=43.0, platform=MAC, nativeEvents=false, acceptSslCerts=true, webdriver.remote.sessionid=691114ebbd69427999aaf6e6ee4eea79, locationContextEnabled=true, webStorageEnabled=true, takesScreenshot=true, browserName=firefox, javascriptEnabled=true, cssSelectorsEnabled=true}]
Session ID: 691114ebbd69427999aaf6e6ee4eea79
	at org.openqa.selenium.remote.ErrorHandler.createThrowable(ErrorHandler.java:206)
	at org.openqa.selenium.remote.ErrorHandler.throwIfResponseFailed(ErrorHandler.java:158)
	at org.openqa.selenium.remote.RemoteWebDriver.execute(RemoteWebDriver.java:647)
	at org.openqa.selenium.remote.RemoteWebDriver.execute(RemoteWebDriver.java:670)
	at org.openqa.selenium.remote.RemoteWebDriver.getTitle(RemoteWebDriver.java:315)
	at com.biodata.labguru.tests.BaseTest.setLog(BaseTest.java:282)
	at com.biodata.labguru.tests.inventory.AbstractCollectionsTest.checkCustomizeTableView(AbstractCollectionsTest.java:93)
	at java.util.concurrent.ThreadPoolExecutor.runWorker(ThreadPoolExecutor.java:1142)
	at java.util.concurrent.ThreadPoolExecutor$Worker.run(ThreadPoolExecutor.java:617)
	at java.lang.Thread.run(Thread.java:745)
... Removed 13 stack frames]]>
    </failure>
  </testcase> <!-- checkCustomizeTableView -->
  <testcase name="archiveStockFromStocksTab" time="13.609" classname="com.biodata.labguru.tests.inventory.purchasables.WormsTest">
    <failure type="org.openqa.selenium.UnsupportedCommandException" message="ERROR The test with session id 1e3078ff5cdb4609a4140ff1d5ecb1d5 has already finished, and can&amp;apos;t receive further commands
You can learn more at https://saucelabs.com/jobs/1e3078ff5cdb4609a4140ff1d5ecb1d5
For help, please check https://docs.saucelabs.com/reference/troubleshooting-common-error-messages
Command duration or timeout: 238 milliseconds
Build info: version: &amp;apos;2.48.2&amp;apos;, revision: &amp;apos;41bccdd10cf2c0560f637404c2d96164b67d9d67&amp;apos;, time: &amp;apos;2015-10-09 13:08:06&amp;apos;
System info: host: &amp;apos;Gonis-MacBook-Pro.local&amp;apos;, ip: &amp;apos;192.168.1.14&amp;apos;, os.name: &amp;apos;Mac OS X&amp;apos;, os.arch: &amp;apos;x86_64&amp;apos;, os.version: &amp;apos;10.10.4&amp;apos;, java.version: &amp;apos;1.8.0_45&amp;apos;
Driver info: org.openqa.selenium.remote.RemoteWebDriver
Capabilities [{applicationCacheEnabled=true, rotatable=false, hasMetadata=true, databaseEnabled=true, handlesAlerts=true, version=43.0, platform=MAC, nativeEvents=false, acceptSslCerts=true, webdriver.remote.sessionid=1e3078ff5cdb4609a4140ff1d5ecb1d5, locationContextEnabled=true, webStorageEnabled=true, takesScreenshot=true, browserName=firefox, javascriptEnabled=true, cssSelectorsEnabled=true}]
Session ID: 1e3078ff5cdb4609a4140ff1d5ecb1d5">
      <![CDATA[org.openqa.selenium.UnsupportedCommandException: ERROR The test with session id 1e3078ff5cdb4609a4140ff1d5ecb1d5 has already finished, and can't receive further commands
You can learn more at https://saucelabs.com/jobs/1e3078ff5cdb4609a4140ff1d5ecb1d5
For help, please check https://docs.saucelabs.com/reference/troubleshooting-common-error-messages
Command duration or timeout: 238 milliseconds
Build info: version: '2.48.2', revision: '41bccdd10cf2c0560f637404c2d96164b67d9d67', time: '2015-10-09 13:08:06'
System info: host: 'Gonis-MacBook-Pro.local', ip: '192.168.1.14', os.name: 'Mac OS X', os.arch: 'x86_64', os.version: '10.10.4', java.version: '1.8.0_45'
Driver info: org.openqa.selenium.remote.RemoteWebDriver
Capabilities [{applicationCacheEnabled=true, rotatable=false, hasMetadata=true, databaseEnabled=true, handlesAlerts=true, version=43.0, platform=MAC, nativeEvents=false, acceptSslCerts=true, webdriver.remote.sessionid=1e3078ff5cdb4609a4140ff1d5ecb1d5, locationContextEnabled=true, webStorageEnabled=true, takesScreenshot=true, browserName=firefox, javascriptEnabled=true, cssSelectorsEnabled=true}]
Session ID: 1e3078ff5cdb4609a4140ff1d5ecb1d5
	at org.openqa.selenium.remote.ErrorHandler.createThrowable(ErrorHandler.java:206)
	at org.openqa.selenium.remote.ErrorHandler.throwIfResponseFailed(ErrorHandler.java:158)
	at org.openqa.selenium.remote.RemoteWebDriver.execute(RemoteWebDriver.java:647)
	at org.openqa.selenium.remote.RemoteWebDriver.execute(RemoteWebDriver.java:670)
	at org.openqa.selenium.remote.RemoteWebDriver.getTitle(RemoteWebDriver.java:315)
	at com.biodata.labguru.tests.BaseTest.setLog(BaseTest.java:282)
	at com.biodata.labguru.tests.inventory.AbstractCollectionsTest.archiveStockFromStocksTab(AbstractCollectionsTest.java:407)
	at java.util.concurrent.ThreadPoolExecutor.runWorker(ThreadPoolExecutor.java:1142)
	at java.util.concurrent.ThreadPoolExecutor$Worker.run(ThreadPoolExecutor.java:617)
	at java.lang.Thread.run(Thread.java:745)
... Removed 13 stack frames]]>
    </failure>
  </testcase> <!-- archiveStockFromStocksTab -->
  <testcase name="importCollection" time="13.57" classname="com.biodata.labguru.tests.inventory.purchasables.ConsumablesTest">
    <failure type="org.openqa.selenium.UnsupportedCommandException" message="ERROR The test with session id 691114ebbd69427999aaf6e6ee4eea79 has already finished, and can&amp;apos;t receive further commands
You can learn more at https://saucelabs.com/jobs/691114ebbd69427999aaf6e6ee4eea79
For help, please check https://docs.saucelabs.com/reference/troubleshooting-common-error-messages
Command duration or timeout: 253 milliseconds
Build info: version: &amp;apos;2.48.2&amp;apos;, revision: &amp;apos;41bccdd10cf2c0560f637404c2d96164b67d9d67&amp;apos;, time: &amp;apos;2015-10-09 13:08:06&amp;apos;
System info: host: &amp;apos;Gonis-MacBook-Pro.local&amp;apos;, ip: &amp;apos;192.168.1.14&amp;apos;, os.name: &amp;apos;Mac OS X&amp;apos;, os.arch: &amp;apos;x86_64&amp;apos;, os.version: &amp;apos;10.10.4&amp;apos;, java.version: &amp;apos;1.8.0_45&amp;apos;
Driver info: org.openqa.selenium.remote.RemoteWebDriver
Capabilities [{applicationCacheEnabled=true, rotatable=false, hasMetadata=true, databaseEnabled=true, handlesAlerts=true, version=43.0, platform=MAC, nativeEvents=false, acceptSslCerts=true, webdriver.remote.sessionid=691114ebbd69427999aaf6e6ee4eea79, locationContextEnabled=true, webStorageEnabled=true, takesScreenshot=true, browserName=firefox, javascriptEnabled=true, cssSelectorsEnabled=true}]
Session ID: 691114ebbd69427999aaf6e6ee4eea79">
      <![CDATA[org.openqa.selenium.UnsupportedCommandException: ERROR The test with session id 691114ebbd69427999aaf6e6ee4eea79 has already finished, and can't receive further commands
You can learn more at https://saucelabs.com/jobs/691114ebbd69427999aaf6e6ee4eea79
For help, please check https://docs.saucelabs.com/reference/troubleshooting-common-error-messages
Command duration or timeout: 253 milliseconds
Build info: version: '2.48.2', revision: '41bccdd10cf2c0560f637404c2d96164b67d9d67', time: '2015-10-09 13:08:06'
System info: host: 'Gonis-MacBook-Pro.local', ip: '192.168.1.14', os.name: 'Mac OS X', os.arch: 'x86_64', os.version: '10.10.4', java.version: '1.8.0_45'
Driver info: org.openqa.selenium.remote.RemoteWebDriver
Capabilities [{applicationCacheEnabled=true, rotatable=false, hasMetadata=true, databaseEnabled=true, handlesAlerts=true, version=43.0, platform=MAC, nativeEvents=false, acceptSslCerts=true, webdriver.remote.sessionid=691114ebbd69427999aaf6e6ee4eea79, locationContextEnabled=true, webStorageEnabled=true, takesScreenshot=true, browserName=firefox, javascriptEnabled=true, cssSelectorsEnabled=true}]
Session ID: 691114ebbd69427999aaf6e6ee4eea79
	at org.openqa.selenium.remote.ErrorHandler.createThrowable(ErrorHandler.java:206)
	at org.openqa.selenium.remote.ErrorHandler.throwIfResponseFailed(ErrorHandler.java:158)
	at org.openqa.selenium.remote.RemoteWebDriver.execute(RemoteWebDriver.java:647)
	at org.openqa.selenium.remote.RemoteWebDriver.execute(RemoteWebDriver.java:670)
	at org.openqa.selenium.remote.RemoteWebDriver.getTitle(RemoteWebDriver.java:315)
	at com.biodata.labguru.tests.BaseTest.setLog(BaseTest.java:282)
	at com.biodata.labguru.tests.inventory.AbstractCollectionsTest.importCollection(AbstractCollectionsTest.java:261)
	at java.util.concurrent.ThreadPoolExecutor.runWorker(ThreadPoolExecutor.java:1142)
	at java.util.concurrent.ThreadPoolExecutor$Worker.run(ThreadPoolExecutor.java:617)
	at java.lang.Thread.run(Thread.java:745)
... Removed 13 stack frames]]>
    </failure>
  </testcase> <!-- importCollection -->
  <testcase name="deleteStockFromStocksTab" time="13.756" classname="com.biodata.labguru.tests.inventory.purchasables.WormsTest">
    <failure type="org.openqa.selenium.UnsupportedCommandException" message="ERROR The test with session id 1e3078ff5cdb4609a4140ff1d5ecb1d5 has already finished, and can&amp;apos;t receive further commands
You can learn more at https://saucelabs.com/jobs/1e3078ff5cdb4609a4140ff1d5ecb1d5
For help, please check https://docs.saucelabs.com/reference/troubleshooting-common-error-messages
Command duration or timeout: 259 milliseconds
Build info: version: &amp;apos;2.48.2&amp;apos;, revision: &amp;apos;41bccdd10cf2c0560f637404c2d96164b67d9d67&amp;apos;, time: &amp;apos;2015-10-09 13:08:06&amp;apos;
System info: host: &amp;apos;Gonis-MacBook-Pro.local&amp;apos;, ip: &amp;apos;192.168.1.14&amp;apos;, os.name: &amp;apos;Mac OS X&amp;apos;, os.arch: &amp;apos;x86_64&amp;apos;, os.version: &amp;apos;10.10.4&amp;apos;, java.version: &amp;apos;1.8.0_45&amp;apos;
Driver info: org.openqa.selenium.remote.RemoteWebDriver
Capabilities [{applicationCacheEnabled=true, rotatable=false, hasMetadata=true, databaseEnabled=true, handlesAlerts=true, version=43.0, platform=MAC, nativeEvents=false, acceptSslCerts=true, webdriver.remote.sessionid=1e3078ff5cdb4609a4140ff1d5ecb1d5, locationContextEnabled=true, webStorageEnabled=true, takesScreenshot=true, browserName=firefox, javascriptEnabled=true, cssSelectorsEnabled=true}]
Session ID: 1e3078ff5cdb4609a4140ff1d5ecb1d5">
      <![CDATA[org.openqa.selenium.UnsupportedCommandException: ERROR The test with session id 1e3078ff5cdb4609a4140ff1d5ecb1d5 has already finished, and can't receive further commands
You can learn more at https://saucelabs.com/jobs/1e3078ff5cdb4609a4140ff1d5ecb1d5
For help, please check https://docs.saucelabs.com/reference/troubleshooting-common-error-messages
Command duration or timeout: 259 milliseconds
Build info: version: '2.48.2', revision: '41bccdd10cf2c0560f637404c2d96164b67d9d67', time: '2015-10-09 13:08:06'
System info: host: 'Gonis-MacBook-Pro.local', ip: '192.168.1.14', os.name: 'Mac OS X', os.arch: 'x86_64', os.version: '10.10.4', java.version: '1.8.0_45'
Driver info: org.openqa.selenium.remote.RemoteWebDriver
Capabilities [{applicationCacheEnabled=true, rotatable=false, hasMetadata=true, databaseEnabled=true, handlesAlerts=true, version=43.0, platform=MAC, nativeEvents=false, acceptSslCerts=true, webdriver.remote.sessionid=1e3078ff5cdb4609a4140ff1d5ecb1d5, locationContextEnabled=true, webStorageEnabled=true, takesScreenshot=true, browserName=firefox, javascriptEnabled=true, cssSelectorsEnabled=true}]
Session ID: 1e3078ff5cdb4609a4140ff1d5ecb1d5
	at org.openqa.selenium.remote.ErrorHandler.createThrowable(ErrorHandler.java:206)
	at org.openqa.selenium.remote.ErrorHandler.throwIfResponseFailed(ErrorHandler.java:158)
	at org.openqa.selenium.remote.RemoteWebDriver.execute(RemoteWebDriver.java:647)
	at org.openqa.selenium.remote.RemoteWebDriver.execute(RemoteWebDriver.java:670)
	at org.openqa.selenium.remote.RemoteWebDriver.getTitle(RemoteWebDriver.java:315)
	at com.biodata.labguru.tests.BaseTest.setLog(BaseTest.java:282)
	at com.biodata.labguru.tests.inventory.AbstractCollectionsTest.deleteStockFromStocksTab(AbstractCollectionsTest.java:382)
	at java.util.concurrent.ThreadPoolExecutor.runWorker(ThreadPoolExecutor.java:1142)
	at java.util.concurrent.ThreadPoolExecutor$Worker.run(ThreadPoolExecutor.java:617)
	at java.lang.Thread.run(Thread.java:745)
... Removed 13 stack frames]]>
    </failure>
  </testcase> <!-- deleteStockFromStocksTab -->
  <testcase name="addConsumableToShoppingList" time="13.509" classname="com.biodata.labguru.tests.inventory.purchasables.ConsumablesTest">
    <failure type="org.openqa.selenium.UnsupportedCommandException" message="ERROR The test with session id 691114ebbd69427999aaf6e6ee4eea79 has already finished, and can&amp;apos;t receive further commands
You can learn more at https://saucelabs.com/jobs/691114ebbd69427999aaf6e6ee4eea79
For help, please check https://docs.saucelabs.com/reference/troubleshooting-common-error-messages
Command duration or timeout: 235 milliseconds
Build info: version: &amp;apos;2.48.2&amp;apos;, revision: &amp;apos;41bccdd10cf2c0560f637404c2d96164b67d9d67&amp;apos;, time: &amp;apos;2015-10-09 13:08:06&amp;apos;
System info: host: &amp;apos;Gonis-MacBook-Pro.local&amp;apos;, ip: &amp;apos;192.168.1.14&amp;apos;, os.name: &amp;apos;Mac OS X&amp;apos;, os.arch: &amp;apos;x86_64&amp;apos;, os.version: &amp;apos;10.10.4&amp;apos;, java.version: &amp;apos;1.8.0_45&amp;apos;
Driver info: org.openqa.selenium.remote.RemoteWebDriver
Capabilities [{applicationCacheEnabled=true, rotatable=false, hasMetadata=true, databaseEnabled=true, handlesAlerts=true, version=43.0, platform=MAC, nativeEvents=false, acceptSslCerts=true, webdriver.remote.sessionid=691114ebbd69427999aaf6e6ee4eea79, locationContextEnabled=true, webStorageEnabled=true, takesScreenshot=true, browserName=firefox, javascriptEnabled=true, cssSelectorsEnabled=true}]
Session ID: 691114ebbd69427999aaf6e6ee4eea79">
      <![CDATA[org.openqa.selenium.UnsupportedCommandException: ERROR The test with session id 691114ebbd69427999aaf6e6ee4eea79 has already finished, and can't receive further commands
You can learn more at https://saucelabs.com/jobs/691114ebbd69427999aaf6e6ee4eea79
For help, please check https://docs.saucelabs.com/reference/troubleshooting-common-error-messages
Command duration or timeout: 235 milliseconds
Build info: version: '2.48.2', revision: '41bccdd10cf2c0560f637404c2d96164b67d9d67', time: '2015-10-09 13:08:06'
System info: host: 'Gonis-MacBook-Pro.local', ip: '192.168.1.14', os.name: 'Mac OS X', os.arch: 'x86_64', os.version: '10.10.4', java.version: '1.8.0_45'
Driver info: org.openqa.selenium.remote.RemoteWebDriver
Capabilities [{applicationCacheEnabled=true, rotatable=false, hasMetadata=true, databaseEnabled=true, handlesAlerts=true, version=43.0, platform=MAC, nativeEvents=false, acceptSslCerts=true, webdriver.remote.sessionid=691114ebbd69427999aaf6e6ee4eea79, locationContextEnabled=true, webStorageEnabled=true, takesScreenshot=true, browserName=firefox, javascriptEnabled=true, cssSelectorsEnabled=true}]
Session ID: 691114ebbd69427999aaf6e6ee4eea79
	at org.openqa.selenium.remote.ErrorHandler.createThrowable(ErrorHandler.java:206)
	at org.openqa.selenium.remote.ErrorHandler.throwIfResponseFailed(ErrorHandler.java:158)
	at org.openqa.selenium.remote.RemoteWebDriver.execute(RemoteWebDriver.java:647)
	at org.openqa.selenium.remote.RemoteWebDriver.execute(RemoteWebDriver.java:670)
	at org.openqa.selenium.remote.RemoteWebDriver.getTitle(RemoteWebDriver.java:315)
	at com.biodata.labguru.tests.BaseTest.setLog(BaseTest.java:282)
	at com.biodata.labguru.tests.inventory.purchasables.ConsumablesTest.addConsumableToShoppingList(ConsumablesTest.java:127)
	at java.util.concurrent.ThreadPoolExecutor.runWorker(ThreadPoolExecutor.java:1142)
	at java.util.concurrent.ThreadPoolExecutor$Worker.run(ThreadPoolExecutor.java:617)
	at java.lang.Thread.run(Thread.java:745)
... Removed 13 stack frames]]>
    </failure>
  </testcase> <!-- addConsumableToShoppingList -->
  <testcase name="deleteAttachment" time="13.495" classname="com.biodata.labguru.tests.inventory.purchasables.WormsTest">
    <failure type="org.openqa.selenium.UnsupportedCommandException" message="ERROR The test with session id 1e3078ff5cdb4609a4140ff1d5ecb1d5 has already finished, and can&amp;apos;t receive further commands
You can learn more at https://saucelabs.com/jobs/1e3078ff5cdb4609a4140ff1d5ecb1d5
For help, please check https://docs.saucelabs.com/reference/troubleshooting-common-error-messages
Command duration or timeout: 243 milliseconds
Build info: version: &amp;apos;2.48.2&amp;apos;, revision: &amp;apos;41bccdd10cf2c0560f637404c2d96164b67d9d67&amp;apos;, time: &amp;apos;2015-10-09 13:08:06&amp;apos;
System info: host: &amp;apos;Gonis-MacBook-Pro.local&amp;apos;, ip: &amp;apos;192.168.1.14&amp;apos;, os.name: &amp;apos;Mac OS X&amp;apos;, os.arch: &amp;apos;x86_64&amp;apos;, os.version: &amp;apos;10.10.4&amp;apos;, java.version: &amp;apos;1.8.0_45&amp;apos;
Driver info: org.openqa.selenium.remote.RemoteWebDriver
Capabilities [{applicationCacheEnabled=true, rotatable=false, hasMetadata=true, databaseEnabled=true, handlesAlerts=true, version=43.0, platform=MAC, nativeEvents=false, acceptSslCerts=true, webdriver.remote.sessionid=1e3078ff5cdb4609a4140ff1d5ecb1d5, locationContextEnabled=true, webStorageEnabled=true, takesScreenshot=true, browserName=firefox, javascriptEnabled=true, cssSelectorsEnabled=true}]
Session ID: 1e3078ff5cdb4609a4140ff1d5ecb1d5">
      <![CDATA[org.openqa.selenium.UnsupportedCommandException: ERROR The test with session id 1e3078ff5cdb4609a4140ff1d5ecb1d5 has already finished, and can't receive further commands
You can learn more at https://saucelabs.com/jobs/1e3078ff5cdb4609a4140ff1d5ecb1d5
For help, please check https://docs.saucelabs.com/reference/troubleshooting-common-error-messages
Command duration or timeout: 243 milliseconds
Build info: version: '2.48.2', revision: '41bccdd10cf2c0560f637404c2d96164b67d9d67', time: '2015-10-09 13:08:06'
System info: host: 'Gonis-MacBook-Pro.local', ip: '192.168.1.14', os.name: 'Mac OS X', os.arch: 'x86_64', os.version: '10.10.4', java.version: '1.8.0_45'
Driver info: org.openqa.selenium.remote.RemoteWebDriver
Capabilities [{applicationCacheEnabled=true, rotatable=false, hasMetadata=true, databaseEnabled=true, handlesAlerts=true, version=43.0, platform=MAC, nativeEvents=false, acceptSslCerts=true, webdriver.remote.sessionid=1e3078ff5cdb4609a4140ff1d5ecb1d5, locationContextEnabled=true, webStorageEnabled=true, takesScreenshot=true, browserName=firefox, javascriptEnabled=true, cssSelectorsEnabled=true}]
Session ID: 1e3078ff5cdb4609a4140ff1d5ecb1d5
	at org.openqa.selenium.remote.ErrorHandler.createThrowable(ErrorHandler.java:206)
	at org.openqa.selenium.remote.ErrorHandler.throwIfResponseFailed(ErrorHandler.java:158)
	at org.openqa.selenium.remote.RemoteWebDriver.execute(RemoteWebDriver.java:647)
	at org.openqa.selenium.remote.RemoteWebDriver.execute(RemoteWebDriver.java:670)
	at org.openqa.selenium.remote.RemoteWebDriver.getTitle(RemoteWebDriver.java:315)
	at com.biodata.labguru.tests.BaseTest.setLog(BaseTest.java:282)
	at com.biodata.labguru.tests.AbstractLGTest.deleteAttachment(AbstractLGTest.java:164)
	at java.util.concurrent.ThreadPoolExecutor.runWorker(ThreadPoolExecutor.java:1142)
	at java.util.concurrent.ThreadPoolExecutor$Worker.run(ThreadPoolExecutor.java:617)
	at java.lang.Thread.run(Thread.java:745)
... Removed 13 stack frames]]>
    </failure>
  </testcase> <!-- deleteAttachment -->
  <testcase name="deleteCollectionItemFromItemShowPage" time="13.683" classname="com.biodata.labguru.tests.inventory.purchasables.ConsumablesTest">
    <failure type="org.openqa.selenium.UnsupportedCommandException" message="ERROR The test with session id 691114ebbd69427999aaf6e6ee4eea79 has already finished, and can&amp;apos;t receive further commands
You can learn more at https://saucelabs.com/jobs/691114ebbd69427999aaf6e6ee4eea79
For help, please check https://docs.saucelabs.com/reference/troubleshooting-common-error-messages
Command duration or timeout: 247 milliseconds
Build info: version: &amp;apos;2.48.2&amp;apos;, revision: &amp;apos;41bccdd10cf2c0560f637404c2d96164b67d9d67&amp;apos;, time: &amp;apos;2015-10-09 13:08:06&amp;apos;
System info: host: &amp;apos;Gonis-MacBook-Pro.local&amp;apos;, ip: &amp;apos;192.168.1.14&amp;apos;, os.name: &amp;apos;Mac OS X&amp;apos;, os.arch: &amp;apos;x86_64&amp;apos;, os.version: &amp;apos;10.10.4&amp;apos;, java.version: &amp;apos;1.8.0_45&amp;apos;
Driver info: org.openqa.selenium.remote.RemoteWebDriver
Capabilities [{applicationCacheEnabled=true, rotatable=false, hasMetadata=true, databaseEnabled=true, handlesAlerts=true, version=43.0, platform=MAC, nativeEvents=false, acceptSslCerts=true, webdriver.remote.sessionid=691114ebbd69427999aaf6e6ee4eea79, locationContextEnabled=true, webStorageEnabled=true, takesScreenshot=true, browserName=firefox, javascriptEnabled=true, cssSelectorsEnabled=true}]
Session ID: 691114ebbd69427999aaf6e6ee4eea79">
      <![CDATA[org.openqa.selenium.UnsupportedCommandException: ERROR The test with session id 691114ebbd69427999aaf6e6ee4eea79 has already finished, and can't receive further commands
You can learn more at https://saucelabs.com/jobs/691114ebbd69427999aaf6e6ee4eea79
For help, please check https://docs.saucelabs.com/reference/troubleshooting-common-error-messages
Command duration or timeout: 247 milliseconds
Build info: version: '2.48.2', revision: '41bccdd10cf2c0560f637404c2d96164b67d9d67', time: '2015-10-09 13:08:06'
System info: host: 'Gonis-MacBook-Pro.local', ip: '192.168.1.14', os.name: 'Mac OS X', os.arch: 'x86_64', os.version: '10.10.4', java.version: '1.8.0_45'
Driver info: org.openqa.selenium.remote.RemoteWebDriver
Capabilities [{applicationCacheEnabled=true, rotatable=false, hasMetadata=true, databaseEnabled=true, handlesAlerts=true, version=43.0, platform=MAC, nativeEvents=false, acceptSslCerts=true, webdriver.remote.sessionid=691114ebbd69427999aaf6e6ee4eea79, locationContextEnabled=true, webStorageEnabled=true, takesScreenshot=true, browserName=firefox, javascriptEnabled=true, cssSelectorsEnabled=true}]
Session ID: 691114ebbd69427999aaf6e6ee4eea79
	at org.openqa.selenium.remote.ErrorHandler.createThrowable(ErrorHandler.java:206)
	at org.openqa.selenium.remote.ErrorHandler.throwIfResponseFailed(ErrorHandler.java:158)
	at org.openqa.selenium.remote.RemoteWebDriver.execute(RemoteWebDriver.java:647)
	at org.openqa.selenium.remote.RemoteWebDriver.execute(RemoteWebDriver.java:670)
	at org.openqa.selenium.remote.RemoteWebDriver.getTitle(RemoteWebDriver.java:315)
	at com.biodata.labguru.tests.BaseTest.setLog(BaseTest.java:282)
	at com.biodata.labguru.tests.inventory.AbstractCollectionsTest.deleteCollectionItemFromItemShowPage(AbstractCollectionsTest.java:157)
	at java.util.concurrent.ThreadPoolExecutor.runWorker(ThreadPoolExecutor.java:1142)
	at java.util.concurrent.ThreadPoolExecutor$Worker.run(ThreadPoolExecutor.java:617)
	at java.lang.Thread.run(Thread.java:745)
... Removed 13 stack frames]]>
    </failure>
  </testcase> <!-- deleteCollectionItemFromItemShowPage -->
  <testcase name="editCollectionItemFromItemShowPage" time="13.693" classname="com.biodata.labguru.tests.inventory.purchasables.WormsTest">
    <failure type="org.openqa.selenium.UnsupportedCommandException" message="ERROR The test with session id 1e3078ff5cdb4609a4140ff1d5ecb1d5 has already finished, and can&amp;apos;t receive further commands
You can learn more at https://saucelabs.com/jobs/1e3078ff5cdb4609a4140ff1d5ecb1d5
For help, please check https://docs.saucelabs.com/reference/troubleshooting-common-error-messages
Command duration or timeout: 242 milliseconds
Build info: version: &amp;apos;2.48.2&amp;apos;, revision: &amp;apos;41bccdd10cf2c0560f637404c2d96164b67d9d67&amp;apos;, time: &amp;apos;2015-10-09 13:08:06&amp;apos;
System info: host: &amp;apos;Gonis-MacBook-Pro.local&amp;apos;, ip: &amp;apos;192.168.1.14&amp;apos;, os.name: &amp;apos;Mac OS X&amp;apos;, os.arch: &amp;apos;x86_64&amp;apos;, os.version: &amp;apos;10.10.4&amp;apos;, java.version: &amp;apos;1.8.0_45&amp;apos;
Driver info: org.openqa.selenium.remote.RemoteWebDriver
Capabilities [{applicationCacheEnabled=true, rotatable=false, hasMetadata=true, databaseEnabled=true, handlesAlerts=true, version=43.0, platform=MAC, nativeEvents=false, acceptSslCerts=true, webdriver.remote.sessionid=1e3078ff5cdb4609a4140ff1d5ecb1d5, locationContextEnabled=true, webStorageEnabled=true, takesScreenshot=true, browserName=firefox, javascriptEnabled=true, cssSelectorsEnabled=true}]
Session ID: 1e3078ff5cdb4609a4140ff1d5ecb1d5">
      <![CDATA[org.openqa.selenium.UnsupportedCommandException: ERROR The test with session id 1e3078ff5cdb4609a4140ff1d5ecb1d5 has already finished, and can't receive further commands
You can learn more at https://saucelabs.com/jobs/1e3078ff5cdb4609a4140ff1d5ecb1d5
For help, please check https://docs.saucelabs.com/reference/troubleshooting-common-error-messages
Command duration or timeout: 242 milliseconds
Build info: version: '2.48.2', revision: '41bccdd10cf2c0560f637404c2d96164b67d9d67', time: '2015-10-09 13:08:06'
System info: host: 'Gonis-MacBook-Pro.local', ip: '192.168.1.14', os.name: 'Mac OS X', os.arch: 'x86_64', os.version: '10.10.4', java.version: '1.8.0_45'
Driver info: org.openqa.selenium.remote.RemoteWebDriver
Capabilities [{applicationCacheEnabled=true, rotatable=false, hasMetadata=true, databaseEnabled=true, handlesAlerts=true, version=43.0, platform=MAC, nativeEvents=false, acceptSslCerts=true, webdriver.remote.sessionid=1e3078ff5cdb4609a4140ff1d5ecb1d5, locationContextEnabled=true, webStorageEnabled=true, takesScreenshot=true, browserName=firefox, javascriptEnabled=true, cssSelectorsEnabled=true}]
Session ID: 1e3078ff5cdb4609a4140ff1d5ecb1d5
	at org.openqa.selenium.remote.ErrorHandler.createThrowable(ErrorHandler.java:206)
	at org.openqa.selenium.remote.ErrorHandler.throwIfResponseFailed(ErrorHandler.java:158)
	at org.openqa.selenium.remote.RemoteWebDriver.execute(RemoteWebDriver.java:647)
	at org.openqa.selenium.remote.RemoteWebDriver.execute(RemoteWebDriver.java:670)
	at org.openqa.selenium.remote.RemoteWebDriver.getTitle(RemoteWebDriver.java:315)
	at com.biodata.labguru.tests.BaseTest.setLog(BaseTest.java:282)
	at com.biodata.labguru.tests.inventory.AbstractCollectionsTest.editCollectionItemFromItemShowPage(AbstractCollectionsTest.java:174)
	at java.util.concurrent.ThreadPoolExecutor.runWorker(ThreadPoolExecutor.java:1142)
	at java.util.concurrent.ThreadPoolExecutor$Worker.run(ThreadPoolExecutor.java:617)
	at java.lang.Thread.run(Thread.java:745)
... Removed 13 stack frames]]>
    </failure>
  </testcase> <!-- editCollectionItemFromItemShowPage -->
  <testcase name="uploadImage" time="13.751" classname="com.biodata.labguru.tests.inventory.purchasables.ConsumablesTest">
    <failure type="org.openqa.selenium.UnsupportedCommandException" message="ERROR The test with session id 691114ebbd69427999aaf6e6ee4eea79 has already finished, and can&amp;apos;t receive further commands
You can learn more at https://saucelabs.com/jobs/691114ebbd69427999aaf6e6ee4eea79
For help, please check https://docs.saucelabs.com/reference/troubleshooting-common-error-messages
Command duration or timeout: 262 milliseconds
Build info: version: &amp;apos;2.48.2&amp;apos;, revision: &amp;apos;41bccdd10cf2c0560f637404c2d96164b67d9d67&amp;apos;, time: &amp;apos;2015-10-09 13:08:06&amp;apos;
System info: host: &amp;apos;Gonis-MacBook-Pro.local&amp;apos;, ip: &amp;apos;192.168.1.14&amp;apos;, os.name: &amp;apos;Mac OS X&amp;apos;, os.arch: &amp;apos;x86_64&amp;apos;, os.version: &amp;apos;10.10.4&amp;apos;, java.version: &amp;apos;1.8.0_45&amp;apos;
Driver info: org.openqa.selenium.remote.RemoteWebDriver
Capabilities [{applicationCacheEnabled=true, rotatable=false, hasMetadata=true, databaseEnabled=true, handlesAlerts=true, version=43.0, platform=MAC, nativeEvents=false, acceptSslCerts=true, webdriver.remote.sessionid=691114ebbd69427999aaf6e6ee4eea79, locationContextEnabled=true, webStorageEnabled=true, takesScreenshot=true, browserName=firefox, javascriptEnabled=true, cssSelectorsEnabled=true}]
Session ID: 691114ebbd69427999aaf6e6ee4eea79">
      <![CDATA[org.openqa.selenium.UnsupportedCommandException: ERROR The test with session id 691114ebbd69427999aaf6e6ee4eea79 has already finished, and can't receive further commands
You can learn more at https://saucelabs.com/jobs/691114ebbd69427999aaf6e6ee4eea79
For help, please check https://docs.saucelabs.com/reference/troubleshooting-common-error-messages
Command duration or timeout: 262 milliseconds
Build info: version: '2.48.2', revision: '41bccdd10cf2c0560f637404c2d96164b67d9d67', time: '2015-10-09 13:08:06'
System info: host: 'Gonis-MacBook-Pro.local', ip: '192.168.1.14', os.name: 'Mac OS X', os.arch: 'x86_64', os.version: '10.10.4', java.version: '1.8.0_45'
Driver info: org.openqa.selenium.remote.RemoteWebDriver
Capabilities [{applicationCacheEnabled=true, rotatable=false, hasMetadata=true, databaseEnabled=true, handlesAlerts=true, version=43.0, platform=MAC, nativeEvents=false, acceptSslCerts=true, webdriver.remote.sessionid=691114ebbd69427999aaf6e6ee4eea79, locationContextEnabled=true, webStorageEnabled=true, takesScreenshot=true, browserName=firefox, javascriptEnabled=true, cssSelectorsEnabled=true}]
Session ID: 691114ebbd69427999aaf6e6ee4eea79
	at org.openqa.selenium.remote.ErrorHandler.createThrowable(ErrorHandler.java:206)
	at org.openqa.selenium.remote.ErrorHandler.throwIfResponseFailed(ErrorHandler.java:158)
	at org.openqa.selenium.remote.RemoteWebDriver.execute(RemoteWebDriver.java:647)
	at org.openqa.selenium.remote.RemoteWebDriver.execute(RemoteWebDriver.java:670)
	at org.openqa.selenium.remote.RemoteWebDriver.getTitle(RemoteWebDriver.java:315)
	at com.biodata.labguru.tests.BaseTest.setLog(BaseTest.java:282)
	at com.biodata.labguru.tests.AbstractLGTest.uploadImage(AbstractLGTest.java:148)
	at java.util.concurrent.ThreadPoolExecutor.runWorker(ThreadPoolExecutor.java:1142)
	at java.util.concurrent.ThreadPoolExecutor$Worker.run(ThreadPoolExecutor.java:617)
	at java.lang.Thread.run(Thread.java:745)
... Removed 13 stack frames]]>
    </failure>
  </testcase> <!-- uploadImage -->
  <testcase name="importCollection" time="13.779" classname="com.biodata.labguru.tests.inventory.purchasables.WormsTest">
    <failure type="org.openqa.selenium.UnsupportedCommandException" message="ERROR The test with session id 1e3078ff5cdb4609a4140ff1d5ecb1d5 has already finished, and can&amp;apos;t receive further commands
You can learn more at https://saucelabs.com/jobs/1e3078ff5cdb4609a4140ff1d5ecb1d5
For help, please check https://docs.saucelabs.com/reference/troubleshooting-common-error-messages
Command duration or timeout: 239 milliseconds
Build info: version: &amp;apos;2.48.2&amp;apos;, revision: &amp;apos;41bccdd10cf2c0560f637404c2d96164b67d9d67&amp;apos;, time: &amp;apos;2015-10-09 13:08:06&amp;apos;
System info: host: &amp;apos;Gonis-MacBook-Pro.local&amp;apos;, ip: &amp;apos;192.168.1.14&amp;apos;, os.name: &amp;apos;Mac OS X&amp;apos;, os.arch: &amp;apos;x86_64&amp;apos;, os.version: &amp;apos;10.10.4&amp;apos;, java.version: &amp;apos;1.8.0_45&amp;apos;
Driver info: org.openqa.selenium.remote.RemoteWebDriver
Capabilities [{applicationCacheEnabled=true, rotatable=false, hasMetadata=true, databaseEnabled=true, handlesAlerts=true, version=43.0, platform=MAC, nativeEvents=false, acceptSslCerts=true, webdriver.remote.sessionid=1e3078ff5cdb4609a4140ff1d5ecb1d5, locationContextEnabled=true, webStorageEnabled=true, takesScreenshot=true, browserName=firefox, javascriptEnabled=true, cssSelectorsEnabled=true}]
Session ID: 1e3078ff5cdb4609a4140ff1d5ecb1d5">
      <![CDATA[org.openqa.selenium.UnsupportedCommandException: ERROR The test with session id 1e3078ff5cdb4609a4140ff1d5ecb1d5 has already finished, and can't receive further commands
You can learn more at https://saucelabs.com/jobs/1e3078ff5cdb4609a4140ff1d5ecb1d5
For help, please check https://docs.saucelabs.com/reference/troubleshooting-common-error-messages
Command duration or timeout: 239 milliseconds
Build info: version: '2.48.2', revision: '41bccdd10cf2c0560f637404c2d96164b67d9d67', time: '2015-10-09 13:08:06'
System info: host: 'Gonis-MacBook-Pro.local', ip: '192.168.1.14', os.name: 'Mac OS X', os.arch: 'x86_64', os.version: '10.10.4', java.version: '1.8.0_45'
Driver info: org.openqa.selenium.remote.RemoteWebDriver
Capabilities [{applicationCacheEnabled=true, rotatable=false, hasMetadata=true, databaseEnabled=true, handlesAlerts=true, version=43.0, platform=MAC, nativeEvents=false, acceptSslCerts=true, webdriver.remote.sessionid=1e3078ff5cdb4609a4140ff1d5ecb1d5, locationContextEnabled=true, webStorageEnabled=true, takesScreenshot=true, browserName=firefox, javascriptEnabled=true, cssSelectorsEnabled=true}]
Session ID: 1e3078ff5cdb4609a4140ff1d5ecb1d5
	at org.openqa.selenium.remote.ErrorHandler.createThrowable(ErrorHandler.java:206)
	at org.openqa.selenium.remote.ErrorHandler.throwIfResponseFailed(ErrorHandler.java:158)
	at org.openqa.selenium.remote.RemoteWebDriver.execute(RemoteWebDriver.java:647)
	at org.openqa.selenium.remote.RemoteWebDriver.execute(RemoteWebDriver.java:670)
	at org.openqa.selenium.remote.RemoteWebDriver.getTitle(RemoteWebDriver.java:315)
	at com.biodata.labguru.tests.BaseTest.setLog(BaseTest.java:282)
	at com.biodata.labguru.tests.inventory.AbstractCollectionsTest.importCollection(AbstractCollectionsTest.java:261)
	at java.util.concurrent.ThreadPoolExecutor.runWorker(ThreadPoolExecutor.java:1142)
	at java.util.concurrent.ThreadPoolExecutor$Worker.run(ThreadPoolExecutor.java:617)
	at java.lang.Thread.run(Thread.java:745)
... Removed 13 stack frames]]>
    </failure>
  </testcase> <!-- importCollection -->
  <testcase name="deleteAllItemsFromIndexTable" time="13.586" classname="com.biodata.labguru.tests.inventory.purchasables.ConsumablesTest">
    <failure type="org.openqa.selenium.UnsupportedCommandException" message="ERROR The test with session id 691114ebbd69427999aaf6e6ee4eea79 has already finished, and can&amp;apos;t receive further commands
You can learn more at https://saucelabs.com/jobs/691114ebbd69427999aaf6e6ee4eea79
For help, please check https://docs.saucelabs.com/reference/troubleshooting-common-error-messages
Command duration or timeout: 238 milliseconds
Build info: version: &amp;apos;2.48.2&amp;apos;, revision: &amp;apos;41bccdd10cf2c0560f637404c2d96164b67d9d67&amp;apos;, time: &amp;apos;2015-10-09 13:08:06&amp;apos;
System info: host: &amp;apos;Gonis-MacBook-Pro.local&amp;apos;, ip: &amp;apos;192.168.1.14&amp;apos;, os.name: &amp;apos;Mac OS X&amp;apos;, os.arch: &amp;apos;x86_64&amp;apos;, os.version: &amp;apos;10.10.4&amp;apos;, java.version: &amp;apos;1.8.0_45&amp;apos;
Driver info: org.openqa.selenium.remote.RemoteWebDriver
Capabilities [{applicationCacheEnabled=true, rotatable=false, hasMetadata=true, databaseEnabled=true, handlesAlerts=true, version=43.0, platform=MAC, nativeEvents=false, acceptSslCerts=true, webdriver.remote.sessionid=691114ebbd69427999aaf6e6ee4eea79, locationContextEnabled=true, webStorageEnabled=true, takesScreenshot=true, browserName=firefox, javascriptEnabled=true, cssSelectorsEnabled=true}]
Session ID: 691114ebbd69427999aaf6e6ee4eea79">
      <![CDATA[org.openqa.selenium.UnsupportedCommandException: ERROR The test with session id 691114ebbd69427999aaf6e6ee4eea79 has already finished, and can't receive further commands
You can learn more at https://saucelabs.com/jobs/691114ebbd69427999aaf6e6ee4eea79
For help, please check https://docs.saucelabs.com/reference/troubleshooting-common-error-messages
Command duration or timeout: 238 milliseconds
Build info: version: '2.48.2', revision: '41bccdd10cf2c0560f637404c2d96164b67d9d67', time: '2015-10-09 13:08:06'
System info: host: 'Gonis-MacBook-Pro.local', ip: '192.168.1.14', os.name: 'Mac OS X', os.arch: 'x86_64', os.version: '10.10.4', java.version: '1.8.0_45'
Driver info: org.openqa.selenium.remote.RemoteWebDriver
Capabilities [{applicationCacheEnabled=true, rotatable=false, hasMetadata=true, databaseEnabled=true, handlesAlerts=true, version=43.0, platform=MAC, nativeEvents=false, acceptSslCerts=true, webdriver.remote.sessionid=691114ebbd69427999aaf6e6ee4eea79, locationContextEnabled=true, webStorageEnabled=true, takesScreenshot=true, browserName=firefox, javascriptEnabled=true, cssSelectorsEnabled=true}]
Session ID: 691114ebbd69427999aaf6e6ee4eea79
	at org.openqa.selenium.remote.ErrorHandler.createThrowable(ErrorHandler.java:206)
	at org.openqa.selenium.remote.ErrorHandler.throwIfResponseFailed(ErrorHandler.java:158)
	at org.openqa.selenium.remote.RemoteWebDriver.execute(RemoteWebDriver.java:647)
	at org.openqa.selenium.remote.RemoteWebDriver.execute(RemoteWebDriver.java:670)
	at org.openqa.selenium.remote.RemoteWebDriver.getTitle(RemoteWebDriver.java:315)
	at com.biodata.labguru.tests.BaseTest.setLog(BaseTest.java:282)
	at com.biodata.labguru.tests.inventory.AbstractCollectionsTest.deleteAllItemsFromIndexTable(AbstractCollectionsTest.java:357)
	at java.util.concurrent.ThreadPoolExecutor.runWorker(ThreadPoolExecutor.java:1142)
	at java.util.concurrent.ThreadPoolExecutor$Worker.run(ThreadPoolExecutor.java:617)
	at java.lang.Thread.run(Thread.java:745)
... Removed 13 stack frames]]>
    </failure>
  </testcase> <!-- deleteAllItemsFromIndexTable -->
  <testcase name="searchItemInShoppingList" time="13.758" classname="com.biodata.labguru.tests.inventory.purchasables.WormsTest">
    <failure type="org.openqa.selenium.UnsupportedCommandException" message="ERROR The test with session id 1e3078ff5cdb4609a4140ff1d5ecb1d5 has already finished, and can&amp;apos;t receive further commands
You can learn more at https://saucelabs.com/jobs/1e3078ff5cdb4609a4140ff1d5ecb1d5
For help, please check https://docs.saucelabs.com/reference/troubleshooting-common-error-messages
Command duration or timeout: 418 milliseconds
Build info: version: &amp;apos;2.48.2&amp;apos;, revision: &amp;apos;41bccdd10cf2c0560f637404c2d96164b67d9d67&amp;apos;, time: &amp;apos;2015-10-09 13:08:06&amp;apos;
System info: host: &amp;apos;Gonis-MacBook-Pro.local&amp;apos;, ip: &amp;apos;192.168.1.14&amp;apos;, os.name: &amp;apos;Mac OS X&amp;apos;, os.arch: &amp;apos;x86_64&amp;apos;, os.version: &amp;apos;10.10.4&amp;apos;, java.version: &amp;apos;1.8.0_45&amp;apos;
Driver info: org.openqa.selenium.remote.RemoteWebDriver
Capabilities [{applicationCacheEnabled=true, rotatable=false, hasMetadata=true, databaseEnabled=true, handlesAlerts=true, version=43.0, platform=MAC, nativeEvents=false, acceptSslCerts=true, webdriver.remote.sessionid=1e3078ff5cdb4609a4140ff1d5ecb1d5, locationContextEnabled=true, webStorageEnabled=true, takesScreenshot=true, browserName=firefox, javascriptEnabled=true, cssSelectorsEnabled=true}]
Session ID: 1e3078ff5cdb4609a4140ff1d5ecb1d5">
      <![CDATA[org.openqa.selenium.UnsupportedCommandException: ERROR The test with session id 1e3078ff5cdb4609a4140ff1d5ecb1d5 has already finished, and can't receive further commands
You can learn more at https://saucelabs.com/jobs/1e3078ff5cdb4609a4140ff1d5ecb1d5
For help, please check https://docs.saucelabs.com/reference/troubleshooting-common-error-messages
Command duration or timeout: 418 milliseconds
Build info: version: '2.48.2', revision: '41bccdd10cf2c0560f637404c2d96164b67d9d67', time: '2015-10-09 13:08:06'
System info: host: 'Gonis-MacBook-Pro.local', ip: '192.168.1.14', os.name: 'Mac OS X', os.arch: 'x86_64', os.version: '10.10.4', java.version: '1.8.0_45'
Driver info: org.openqa.selenium.remote.RemoteWebDriver
Capabilities [{applicationCacheEnabled=true, rotatable=false, hasMetadata=true, databaseEnabled=true, handlesAlerts=true, version=43.0, platform=MAC, nativeEvents=false, acceptSslCerts=true, webdriver.remote.sessionid=1e3078ff5cdb4609a4140ff1d5ecb1d5, locationContextEnabled=true, webStorageEnabled=true, takesScreenshot=true, browserName=firefox, javascriptEnabled=true, cssSelectorsEnabled=true}]
Session ID: 1e3078ff5cdb4609a4140ff1d5ecb1d5
	at org.openqa.selenium.remote.ErrorHandler.createThrowable(ErrorHandler.java:206)
	at org.openqa.selenium.remote.ErrorHandler.throwIfResponseFailed(ErrorHandler.java:158)
	at org.openqa.selenium.remote.RemoteWebDriver.execute(RemoteWebDriver.java:647)
	at org.openqa.selenium.remote.RemoteWebDriver.execute(RemoteWebDriver.java:670)
	at org.openqa.selenium.remote.RemoteWebDriver.getTitle(RemoteWebDriver.java:315)
	at com.biodata.labguru.tests.BaseTest.setLog(BaseTest.java:282)
	at com.biodata.labguru.tests.inventory.purchasables.PurchasableCollectionTest.searchItemInShoppingList(PurchasableCollectionTest.java:64)
	at java.util.concurrent.ThreadPoolExecutor.runWorker(ThreadPoolExecutor.java:1142)
	at java.util.concurrent.ThreadPoolExecutor$Worker.run(ThreadPoolExecutor.java:617)
	at java.lang.Thread.run(Thread.java:745)
... Removed 13 stack frames]]>
    </failure>
  </testcase> <!-- searchItemInShoppingList -->
  <testcase name="addToShoppingListFromShowPage" time="13.571" classname="com.biodata.labguru.tests.inventory.purchasables.ConsumablesTest">
    <failure type="org.openqa.selenium.UnsupportedCommandException" message="ERROR The test with session id 691114ebbd69427999aaf6e6ee4eea79 has already finished, and can&amp;apos;t receive further commands
You can learn more at https://saucelabs.com/jobs/691114ebbd69427999aaf6e6ee4eea79
For help, please check https://docs.saucelabs.com/reference/troubleshooting-common-error-messages
Command duration or timeout: 286 milliseconds
Build info: version: &amp;apos;2.48.2&amp;apos;, revision: &amp;apos;41bccdd10cf2c0560f637404c2d96164b67d9d67&amp;apos;, time: &amp;apos;2015-10-09 13:08:06&amp;apos;
System info: host: &amp;apos;Gonis-MacBook-Pro.local&amp;apos;, ip: &amp;apos;192.168.1.14&amp;apos;, os.name: &amp;apos;Mac OS X&amp;apos;, os.arch: &amp;apos;x86_64&amp;apos;, os.version: &amp;apos;10.10.4&amp;apos;, java.version: &amp;apos;1.8.0_45&amp;apos;
Driver info: org.openqa.selenium.remote.RemoteWebDriver
Capabilities [{applicationCacheEnabled=true, rotatable=false, hasMetadata=true, databaseEnabled=true, handlesAlerts=true, version=43.0, platform=MAC, nativeEvents=false, acceptSslCerts=true, webdriver.remote.sessionid=691114ebbd69427999aaf6e6ee4eea79, locationContextEnabled=true, webStorageEnabled=true, takesScreenshot=true, browserName=firefox, javascriptEnabled=true, cssSelectorsEnabled=true}]
Session ID: 691114ebbd69427999aaf6e6ee4eea79">
      <![CDATA[org.openqa.selenium.UnsupportedCommandException: ERROR The test with session id 691114ebbd69427999aaf6e6ee4eea79 has already finished, and can't receive further commands
You can learn more at https://saucelabs.com/jobs/691114ebbd69427999aaf6e6ee4eea79
For help, please check https://docs.saucelabs.com/reference/troubleshooting-common-error-messages
Command duration or timeout: 286 milliseconds
Build info: version: '2.48.2', revision: '41bccdd10cf2c0560f637404c2d96164b67d9d67', time: '2015-10-09 13:08:06'
System info: host: 'Gonis-MacBook-Pro.local', ip: '192.168.1.14', os.name: 'Mac OS X', os.arch: 'x86_64', os.version: '10.10.4', java.version: '1.8.0_45'
Driver info: org.openqa.selenium.remote.RemoteWebDriver
Capabilities [{applicationCacheEnabled=true, rotatable=false, hasMetadata=true, databaseEnabled=true, handlesAlerts=true, version=43.0, platform=MAC, nativeEvents=false, acceptSslCerts=true, webdriver.remote.sessionid=691114ebbd69427999aaf6e6ee4eea79, locationContextEnabled=true, webStorageEnabled=true, takesScreenshot=true, browserName=firefox, javascriptEnabled=true, cssSelectorsEnabled=true}]
Session ID: 691114ebbd69427999aaf6e6ee4eea79
	at org.openqa.selenium.remote.ErrorHandler.createThrowable(ErrorHandler.java:206)
	at org.openqa.selenium.remote.ErrorHandler.throwIfResponseFailed(ErrorHandler.java:158)
	at org.openqa.selenium.remote.RemoteWebDriver.execute(RemoteWebDriver.java:647)
	at org.openqa.selenium.remote.RemoteWebDriver.execute(RemoteWebDriver.java:670)
	at org.openqa.selenium.remote.RemoteWebDriver.getTitle(RemoteWebDriver.java:315)
	at com.biodata.labguru.tests.BaseTest.setLog(BaseTest.java:259)
	at com.biodata.labguru.tests.inventory.purchasables.ConsumablesTest.addToShoppingListFromShowPage(ConsumablesTest.java:146)
	at java.util.concurrent.ThreadPoolExecutor.runWorker(ThreadPoolExecutor.java:1142)
	at java.util.concurrent.ThreadPoolExecutor$Worker.run(ThreadPoolExecutor.java:617)
	at java.lang.Thread.run(Thread.java:745)
... Removed 13 stack frames]]>
    </failure>
  </testcase> <!-- addToShoppingListFromShowPage -->
  <testcase name="addCustomFieldAndGenerateCollectionTemplate" time="13.53" classname="com.biodata.labguru.tests.inventory.purchasables.WormsTest">
    <failure type="org.openqa.selenium.UnsupportedCommandException" message="ERROR The test with session id 1e3078ff5cdb4609a4140ff1d5ecb1d5 has already finished, and can&amp;apos;t receive further commands
You can learn more at https://saucelabs.com/jobs/1e3078ff5cdb4609a4140ff1d5ecb1d5
For help, please check https://docs.saucelabs.com/reference/troubleshooting-common-error-messages
Command duration or timeout: 239 milliseconds
Build info: version: &amp;apos;2.48.2&amp;apos;, revision: &amp;apos;41bccdd10cf2c0560f637404c2d96164b67d9d67&amp;apos;, time: &amp;apos;2015-10-09 13:08:06&amp;apos;
System info: host: &amp;apos;Gonis-MacBook-Pro.local&amp;apos;, ip: &amp;apos;192.168.1.14&amp;apos;, os.name: &amp;apos;Mac OS X&amp;apos;, os.arch: &amp;apos;x86_64&amp;apos;, os.version: &amp;apos;10.10.4&amp;apos;, java.version: &amp;apos;1.8.0_45&amp;apos;
Driver info: org.openqa.selenium.remote.RemoteWebDriver
Capabilities [{applicationCacheEnabled=true, rotatable=false, hasMetadata=true, databaseEnabled=true, handlesAlerts=true, version=43.0, platform=MAC, nativeEvents=false, acceptSslCerts=true, webdriver.remote.sessionid=1e3078ff5cdb4609a4140ff1d5ecb1d5, locationContextEnabled=true, webStorageEnabled=true, takesScreenshot=true, browserName=firefox, javascriptEnabled=true, cssSelectorsEnabled=true}]
Session ID: 1e3078ff5cdb4609a4140ff1d5ecb1d5">
      <![CDATA[org.openqa.selenium.UnsupportedCommandException: ERROR The test with session id 1e3078ff5cdb4609a4140ff1d5ecb1d5 has already finished, and can't receive further commands
You can learn more at https://saucelabs.com/jobs/1e3078ff5cdb4609a4140ff1d5ecb1d5
For help, please check https://docs.saucelabs.com/reference/troubleshooting-common-error-messages
Command duration or timeout: 239 milliseconds
Build info: version: '2.48.2', revision: '41bccdd10cf2c0560f637404c2d96164b67d9d67', time: '2015-10-09 13:08:06'
System info: host: 'Gonis-MacBook-Pro.local', ip: '192.168.1.14', os.name: 'Mac OS X', os.arch: 'x86_64', os.version: '10.10.4', java.version: '1.8.0_45'
Driver info: org.openqa.selenium.remote.RemoteWebDriver
Capabilities [{applicationCacheEnabled=true, rotatable=false, hasMetadata=true, databaseEnabled=true, handlesAlerts=true, version=43.0, platform=MAC, nativeEvents=false, acceptSslCerts=true, webdriver.remote.sessionid=1e3078ff5cdb4609a4140ff1d5ecb1d5, locationContextEnabled=true, webStorageEnabled=true, takesScreenshot=true, browserName=firefox, javascriptEnabled=true, cssSelectorsEnabled=true}]
Session ID: 1e3078ff5cdb4609a4140ff1d5ecb1d5
	at org.openqa.selenium.remote.ErrorHandler.createThrowable(ErrorHandler.java:206)
	at org.openqa.selenium.remote.ErrorHandler.throwIfResponseFailed(ErrorHandler.java:158)
	at org.openqa.selenium.remote.RemoteWebDriver.execute(RemoteWebDriver.java:647)
	at org.openqa.selenium.remote.RemoteWebDriver.execute(RemoteWebDriver.java:670)
	at org.openqa.selenium.remote.RemoteWebDriver.getTitle(RemoteWebDriver.java:315)
	at com.biodata.labguru.tests.BaseTest.setLog(BaseTest.java:282)
	at com.biodata.labguru.tests.inventory.AbstractCollectionsTest.addCustomFieldAndGenerateCollectionTemplate(AbstractCollectionsTest.java:242)
	at java.util.concurrent.ThreadPoolExecutor.runWorker(ThreadPoolExecutor.java:1142)
	at java.util.concurrent.ThreadPoolExecutor$Worker.run(ThreadPoolExecutor.java:617)
	at java.lang.Thread.run(Thread.java:745)
... Removed 13 stack frames]]>
    </failure>
  </testcase> <!-- addCustomFieldAndGenerateCollectionTemplate -->
  <testcase name="deleteCollectionItemFromItemShowPage" time="0.001" classname="com.biodata.labguru.tests.inventory.purchasables.ProteinsTest">
    <skipped/>
  </testcase> <!-- deleteCollectionItemFromItemShowPage -->
  <testcase name="deleteStockFromStocksTab" time="0.0" classname="com.biodata.labguru.tests.inventory.purchasables.ProteinsTest">
    <skipped/>
  </testcase> <!-- deleteStockFromStocksTab -->
  <testcase name="deleteAttachment" time="0.0" classname="com.biodata.labguru.tests.inventory.purchasables.ProteinsTest">
    <skipped/>
  </testcase> <!-- deleteAttachment -->
  <testcase name="addItemSaveAndNew" time="0.0" classname="com.biodata.labguru.tests.inventory.purchasables.YeastsTest">
    <skipped/>
  </testcase> <!-- addItemSaveAndNew -->
  <testcase name="addSimpleItem" time="0.0" classname="com.biodata.labguru.tests.inventory.purchasables.YeastsTest">
    <skipped/>
  </testcase> <!-- addSimpleItem -->
  <testcase name="checkCustomizeTableView" time="0.0" classname="com.biodata.labguru.tests.inventory.purchasables.YeastsTest">
    <skipped/>
  </testcase> <!-- checkCustomizeTableView -->
  <testcase name="deleteAttachment" time="0.001" classname="com.biodata.labguru.tests.inventory.purchasables.YeastsTest">
    <skipped/>
  </testcase> <!-- deleteAttachment -->
  <testcase name="deleteCollectionItemFromItemShowPage" time="0.0" classname="com.biodata.labguru.tests.inventory.purchasables.YeastsTest">
    <skipped/>
  </testcase> <!-- deleteCollectionItemFromItemShowPage -->
  <testcase name="checkShowPageOfCreatedItem" time="0.0" classname="com.biodata.labguru.tests.inventory.purchasables.ProteinsTest">
    <skipped/>
  </testcase> <!-- checkShowPageOfCreatedItem -->
  <testcase name="addStockFromStocksTab" time="0.0" classname="com.biodata.labguru.tests.inventory.purchasables.ProteinsTest">
    <skipped/>
  </testcase> <!-- addStockFromStocksTab -->
  <testcase name="duplicateItem" time="0.0" classname="com.biodata.labguru.tests.inventory.purchasables.ProteinsTest">
    <skipped/>
  </testcase> <!-- duplicateItem -->
  <testcase name="checkCollectionCustomizeBreadCrumbs" time="0.0" classname="com.biodata.labguru.tests.inventory.purchasables.ProteinsTest">
    <skipped/>
  </testcase> <!-- checkCollectionCustomizeBreadCrumbs -->
  <testcase name="addCustomFieldAndGenerateCollectionTemplate" time="0.0" classname="com.biodata.labguru.tests.inventory.purchasables.YeastsTest">
    <skipped/>
  </testcase> <!-- addCustomFieldAndGenerateCollectionTemplate -->
  <testcase name="addTask" time="0.0" classname="com.biodata.labguru.tests.inventory.purchasables.ProteinsTest">
    <skipped/>
  </testcase> <!-- addTask -->
  <testcase name="searchItemInShoppingList" time="0.0" classname="com.biodata.labguru.tests.inventory.purchasables.ProteinsTest">
    <skipped/>
  </testcase> <!-- searchItemInShoppingList -->
  <testcase name="showMenu" time="0.001" classname="com.biodata.labguru.tests.inventory.purchasables.YeastsTest">
    <skipped/>
  </testcase> <!-- showMenu -->
  <testcase name="deleteCollectionItemFromIndexTable" time="0.0" classname="com.biodata.labguru.tests.inventory.purchasables.YeastsTest">
    <skipped/>
  </testcase> <!-- deleteCollectionItemFromIndexTable -->
  <testcase name="archiveStockFromStocksTab" time="0.0" classname="com.biodata.labguru.tests.inventory.purchasables.ProteinsTest">
    <skipped/>
  </testcase> <!-- archiveStockFromStocksTab -->
  <testcase name="addStockFromMetaDataSection" time="0.001" classname="com.biodata.labguru.tests.inventory.purchasables.YeastsTest">
    <skipped/>
  </testcase> <!-- addStockFromMetaDataSection -->
  <testcase name="deleteStockFromStocksTab" time="0.0" classname="com.biodata.labguru.tests.inventory.purchasables.YeastsTest">
    <skipped/>
  </testcase> <!-- deleteStockFromStocksTab -->
  <testcase name="searchItemInShoppingList" time="0.0" classname="com.biodata.labguru.tests.inventory.purchasables.YeastsTest">
    <skipped/>
  </testcase> <!-- searchItemInShoppingList -->
  <testcase name="addStockLocatedInBox" time="0.001" classname="com.biodata.labguru.tests.inventory.purchasables.YeastsTest">
    <skipped/>
  </testcase> <!-- addStockLocatedInBox -->
  <testcase name="addTag" time="0.0" classname="com.biodata.labguru.tests.inventory.purchasables.ProteinsTest">
    <skipped/>
  </testcase> <!-- addTag -->
  <testcase name="deleteAllItemsFromIndexTable" time="0.0" classname="com.biodata.labguru.tests.inventory.purchasables.YeastsTest">
    <skipped/>
  </testcase> <!-- deleteAllItemsFromIndexTable -->
  <testcase name="deleteCollectionItemFromIndexTable" time="0.001" classname="com.biodata.labguru.tests.inventory.purchasables.ProteinsTest">
    <skipped/>
  </testcase> <!-- deleteCollectionItemFromIndexTable -->
  <testcase name="importCollection" time="0.0" classname="com.biodata.labguru.tests.inventory.purchasables.YeastsTest">
    <skipped/>
  </testcase> <!-- importCollection -->
  <testcase name="importCollection" time="0.0" classname="com.biodata.labguru.tests.inventory.purchasables.ProteinsTest">
    <skipped/>
  </testcase> <!-- importCollection -->
  <testcase name="uploadImage" time="0.001" classname="com.biodata.labguru.tests.inventory.purchasables.YeastsTest">
    <skipped/>
  </testcase> <!-- uploadImage -->
  <testcase name="addTask" time="0.0" classname="com.biodata.labguru.tests.inventory.purchasables.YeastsTest">
    <skipped/>
  </testcase> <!-- addTask -->
  <testcase name="checkCustomizeTableView" time="0.0" classname="com.biodata.labguru.tests.inventory.purchasables.ProteinsTest">
    <skipped/>
  </testcase> <!-- checkCustomizeTableView -->
  <testcase name="addStockLocatedInBox" time="0.0" classname="com.biodata.labguru.tests.inventory.purchasables.ProteinsTest">
    <skipped/>
  </testcase> <!-- addStockLocatedInBox -->
  <testcase name="showMenu" time="0.0" classname="com.biodata.labguru.tests.inventory.purchasables.ProteinsTest">
    <skipped/>
  </testcase> <!-- showMenu -->
  <testcase name="addItemSaveAndNew" time="0.0" classname="com.biodata.labguru.tests.inventory.purchasables.ProteinsTest">
    <skipped/>
  </testcase> <!-- addItemSaveAndNew -->
  <testcase name="archiveStockFromStocksTab" time="0.0" classname="com.biodata.labguru.tests.inventory.purchasables.YeastsTest">
    <skipped/>
  </testcase> <!-- archiveStockFromStocksTab -->
  <testcase name="deleteAllItemsFromIndexTable" time="0.0" classname="com.biodata.labguru.tests.inventory.purchasables.ProteinsTest">
    <skipped/>
  </testcase> <!-- deleteAllItemsFromIndexTable -->
  <testcase name="addCustomFieldAndGenerateCollectionTemplate" time="0.0" classname="com.biodata.labguru.tests.inventory.purchasables.ProteinsTest">
    <skipped/>
  </testcase> <!-- addCustomFieldAndGenerateCollectionTemplate -->
  <testcase name="addStockFromStocksTab" time="0.001" classname="com.biodata.labguru.tests.inventory.purchasables.YeastsTest">
    <skipped/>
  </testcase> <!-- addStockFromStocksTab -->
  <testcase name="checkShowPageOfCreatedItem" time="0.0" classname="com.biodata.labguru.tests.inventory.purchasables.YeastsTest">
    <skipped/>
  </testcase> <!-- checkShowPageOfCreatedItem -->
  <testcase name="addTag" time="0.0" classname="com.biodata.labguru.tests.inventory.purchasables.YeastsTest">
    <skipped/>
  </testcase> <!-- addTag -->
  <testcase name="addSimpleItem" time="13.639" classname="com.biodata.labguru.tests.inventory.purchasables.WormsTest">
    <failure type="org.openqa.selenium.UnsupportedCommandException" message="ERROR The test with session id 1e3078ff5cdb4609a4140ff1d5ecb1d5 has already finished, and can&amp;apos;t receive further commands
You can learn more at https://saucelabs.com/jobs/1e3078ff5cdb4609a4140ff1d5ecb1d5
For help, please check https://docs.saucelabs.com/reference/troubleshooting-common-error-messages
Command duration or timeout: 247 milliseconds
Build info: version: &amp;apos;2.48.2&amp;apos;, revision: &amp;apos;41bccdd10cf2c0560f637404c2d96164b67d9d67&amp;apos;, time: &amp;apos;2015-10-09 13:08:06&amp;apos;
System info: host: &amp;apos;Gonis-MacBook-Pro.local&amp;apos;, ip: &amp;apos;192.168.1.14&amp;apos;, os.name: &amp;apos;Mac OS X&amp;apos;, os.arch: &amp;apos;x86_64&amp;apos;, os.version: &amp;apos;10.10.4&amp;apos;, java.version: &amp;apos;1.8.0_45&amp;apos;
Driver info: org.openqa.selenium.remote.RemoteWebDriver
Capabilities [{applicationCacheEnabled=true, rotatable=false, hasMetadata=true, databaseEnabled=true, handlesAlerts=true, version=43.0, platform=MAC, nativeEvents=false, acceptSslCerts=true, webdriver.remote.sessionid=1e3078ff5cdb4609a4140ff1d5ecb1d5, locationContextEnabled=true, webStorageEnabled=true, takesScreenshot=true, browserName=firefox, javascriptEnabled=true, cssSelectorsEnabled=true}]
Session ID: 1e3078ff5cdb4609a4140ff1d5ecb1d5">
      <![CDATA[org.openqa.selenium.UnsupportedCommandException: ERROR The test with session id 1e3078ff5cdb4609a4140ff1d5ecb1d5 has already finished, and can't receive further commands
You can learn more at https://saucelabs.com/jobs/1e3078ff5cdb4609a4140ff1d5ecb1d5
For help, please check https://docs.saucelabs.com/reference/troubleshooting-common-error-messages
Command duration or timeout: 247 milliseconds
Build info: version: '2.48.2', revision: '41bccdd10cf2c0560f637404c2d96164b67d9d67', time: '2015-10-09 13:08:06'
System info: host: 'Gonis-MacBook-Pro.local', ip: '192.168.1.14', os.name: 'Mac OS X', os.arch: 'x86_64', os.version: '10.10.4', java.version: '1.8.0_45'
Driver info: org.openqa.selenium.remote.RemoteWebDriver
Capabilities [{applicationCacheEnabled=true, rotatable=false, hasMetadata=true, databaseEnabled=true, handlesAlerts=true, version=43.0, platform=MAC, nativeEvents=false, acceptSslCerts=true, webdriver.remote.sessionid=1e3078ff5cdb4609a4140ff1d5ecb1d5, locationContextEnabled=true, webStorageEnabled=true, takesScreenshot=true, browserName=firefox, javascriptEnabled=true, cssSelectorsEnabled=true}]
Session ID: 1e3078ff5cdb4609a4140ff1d5ecb1d5
	at org.openqa.selenium.remote.ErrorHandler.createThrowable(ErrorHandler.java:206)
	at org.openqa.selenium.remote.ErrorHandler.throwIfResponseFailed(ErrorHandler.java:158)
	at org.openqa.selenium.remote.RemoteWebDriver.execute(RemoteWebDriver.java:647)
	at org.openqa.selenium.remote.RemoteWebDriver.execute(RemoteWebDriver.java:670)
	at org.openqa.selenium.remote.RemoteWebDriver.getTitle(RemoteWebDriver.java:315)
	at com.biodata.labguru.tests.BaseTest.setLog(BaseTest.java:282)
	at com.biodata.labguru.tests.inventory.purchasables.WormsTest.addSimpleItem(WormsTest.java:67)
	at java.util.concurrent.ThreadPoolExecutor.runWorker(ThreadPoolExecutor.java:1142)
	at java.util.concurrent.ThreadPoolExecutor$Worker.run(ThreadPoolExecutor.java:617)
	at java.lang.Thread.run(Thread.java:745)
... Removed 13 stack frames]]>
    </failure>
  </testcase> <!-- addSimpleItem -->
  <testcase name="checkCustomizeTableView" time="0.001" classname="com.biodata.labguru.tests.inventory.purchasables.WormsTest">
    <skipped/>
  </testcase> <!-- checkCustomizeTableView -->
  <testcase name="addStockFromMetaDataSection" time="0.0" classname="com.biodata.labguru.tests.inventory.purchasables.ProteinsTest">
    <skipped/>
  </testcase> <!-- addStockFromMetaDataSection -->
  <testcase name="addTask" time="640.705" classname="com.biodata.labguru.tests.inventory.purchasables.AntibodiesTest"/>
  <testcase name="duplicateItem" time="0.0" classname="com.biodata.labguru.tests.inventory.purchasables.AntibodiesTest">
    <skipped/>
  </testcase> <!-- duplicateItem -->
  <testcase name="addAntibodyFromOnlineDir" time="0.0" classname="com.biodata.labguru.tests.inventory.purchasables.AntibodiesTest">
    <skipped/>
  </testcase> <!-- addAntibodyFromOnlineDir -->
  <testcase name="editCollectionItemFromItemShowPage" time="0.0" classname="com.biodata.labguru.tests.inventory.purchasables.AntibodiesTest">
    <skipped/>
  </testcase> <!-- editCollectionItemFromItemShowPage -->
  <testcase name="searchItemInShoppingList" time="0.001" classname="com.biodata.labguru.tests.inventory.purchasables.AntibodiesTest">
    <skipped/>
  </testcase> <!-- searchItemInShoppingList -->
  <testcase name="addStockFromMetaDataSection" time="0.001" classname="com.biodata.labguru.tests.inventory.purchasables.AntibodiesTest">
    <skipped/>
  </testcase> <!-- addStockFromMetaDataSection -->
  <testcase name="addStockFromStocksTab" time="0.0" classname="com.biodata.labguru.tests.inventory.purchasables.AntibodiesTest">
    <skipped/>
  </testcase> <!-- addStockFromStocksTab -->
  <testcase name="deleteCollectionItemFromIndexTable" time="0.0" classname="com.biodata.labguru.tests.inventory.purchasables.AntibodiesTest">
    <skipped/>
  </testcase> <!-- deleteCollectionItemFromIndexTable -->
  <testcase name="addItemSaveAndNew" time="0.001" classname="com.biodata.labguru.tests.inventory.purchasables.AntibodiesTest">
    <skipped/>
  </testcase> <!-- addItemSaveAndNew -->
  <testcase name="showAntybodyFromDirectory" time="0.0" classname="com.biodata.labguru.tests.inventory.purchasables.AntibodiesTest">
    <skipped/>
  </testcase> <!-- showAntybodyFromDirectory -->
  <testcase name="showMenu" time="0.0" classname="com.biodata.labguru.tests.inventory.purchasables.AntibodiesTest">
    <skipped/>
  </testcase> <!-- showMenu -->
  <testcase name="addCustomFieldAndGenerateCollectionTemplate" time="0.001" classname="com.biodata.labguru.tests.inventory.purchasables.AntibodiesTest">
    <skipped/>
  </testcase> <!-- addCustomFieldAndGenerateCollectionTemplate -->
  <testcase name="addTag" time="0.0" classname="com.biodata.labguru.tests.inventory.purchasables.AntibodiesTest">
    <skipped/>
  </testcase> <!-- addTag -->
  <testcase name="deleteAttachment" time="0.0" classname="com.biodata.labguru.tests.inventory.purchasables.AntibodiesTest">
    <skipped/>
  </testcase> <!-- deleteAttachment -->
  <testcase name="uploadImage" time="0.001" classname="com.biodata.labguru.tests.inventory.purchasables.AntibodiesTest">
    <skipped/>
  </testcase> <!-- uploadImage -->
  <testcase name="addStockLocatedInBox" time="0.001" classname="com.biodata.labguru.tests.inventory.purchasables.AntibodiesTest">
    <skipped/>
  </testcase> <!-- addStockLocatedInBox -->
</testsuite> <!-- Home Test -->
