<!DOCTYPE html PUBLIC "-//W3C//DTD XHTML 1.1//EN" "http://www.w3.org/TR/xhtml11/DTD/xhtml11.dtd">
<html xmlns="http://www.w3.org/1999/xhtml"><head><title>TestNG Report</title><style type="text/css">table {margin-bottom:10px;border-collapse:collapse;empty-cells:show}th,td {border:1px solid #009;padding:.25em .5em}th {vertical-align:bottom}td {vertical-align:top}table a {font-weight:bold}.stripe td {background-color: #E6EBF9}.num {text-align:right}.passedodd td {background-color: #3F3}.passedeven td {background-color: #0A0}.skippedodd td {background-color: #DDD}.skippedeven td {background-color: #CCC}.failedodd td,.attn {background-color: #F33}.failedeven td,.stripe .attn {background-color: #D00}.stacktrace {white-space:pre;font-family:monospace}.totop {font-size:85%;text-align:center;border-bottom:2px solid #000}</style></head><body><table><tr><th>Test</th><th># Passed</th><th># Skipped</th><th># Failed</th><th>Time (ms)</th><th>Included Groups</th><th>Excluded Groups</th></tr><tr><th colspan="7">Labguru Automation Suite</th></tr><tr><td><a href="#t0">Home Test</a></td><td class="num">27</td><td class="num attn">56</td><td class="num attn">36</td><td class="num">8,798,061</td><td>deep, basic sanity, v2</td><td>special, scarlet</td></tr></table><table><thead><tr><th>Class</th><th>Method</th><th>Start</th><th>Time (ms)</th></tr></thead><tbody><tr><th colspan="4">Labguru Automation Suite</th></tr></tbody><tbody id="t0"><tr><th colspan="4">Home Test &#8212; failed (configuration methods)</th></tr><tr class="failedeven"><td rowspan="2">com.biodata.labguru.tests.inventory.purchasables.AntibodiesTest</td><td><a href="#m0">tearDown</a></td><td rowspan="1">1455193972556</td><td rowspan="1">0</td></tr><tr class="failedeven"><td><a href="#m1">uncheckSingleCollection</a></td><td rowspan="1">1455193958914</td><td rowspan="1">0</td></tr><tr class="failedodd"><td rowspan="2">com.biodata.labguru.tests.inventory.purchasables.ConsumablesTest</td><td><a href="#m2">tearDown</a></td><td rowspan="1">1455193491252</td><td rowspan="1">0</td></tr><tr class="failedodd"><td><a href="#m3">uncheckSingleCollection</a></td><td rowspan="1">1455193477469</td><td rowspan="1">0</td></tr><tr class="failedeven"><td rowspan="2">com.biodata.labguru.tests.inventory.purchasables.ProteinsTest</td><td><a href="#m4">tearDown</a></td><td rowspan="1">1455193520225</td><td rowspan="1">0</td></tr><tr class="failedeven"><td><a href="#m5">uncheckSingleCollection</a></td><td rowspan="1">1455193506293</td><td rowspan="1">0</td></tr><tr class="failedodd"><td rowspan="2">com.biodata.labguru.tests.inventory.purchasables.WormsTest</td><td><a href="#m6">tearDown</a></td><td rowspan="1">1455193508381</td><td rowspan="1">0</td></tr><tr class="failedodd"><td><a href="#m7">uncheckSingleCollection</a></td><td rowspan="1">1455193494612</td><td rowspan="1">0</td></tr><tr class="failedeven"><td rowspan="2">com.biodata.labguru.tests.inventory.purchasables.YeastsTest</td><td><a href="#m8">tearDown</a></td><td rowspan="1">1455193505874</td><td rowspan="1">0</td></tr><tr class="failedeven"><td><a href="#m9">uncheckSingleCollection</a></td><td rowspan="1">1455193491708</td><td rowspan="1">0</td></tr><tr><th colspan="4">Home Test &#8212; failed</th></tr><tr class="failedeven"><td rowspan="2">com.biodata.labguru.tests.inventory.purchasables.AntibodiesTest</td><td><a href="#m10">deleteAllItemsFromIndexTable</a></td><td rowspan="1">1455187950387</td><td rowspan="1">712158</td></tr><tr class="failedeven"><td><a href="#m11">importCollection</a></td><td rowspan="1">1455191252902</td><td rowspan="1">377695</td></tr><tr class="failedodd"><td rowspan="15">com.biodata.labguru.tests.inventory.purchasables.ConsumablesTest</td><td><a href="#m12">addConsumableToShoppingList</a></td><td rowspan="1">1455193409356</td><td rowspan="1">13509</td></tr><tr class="failedodd"><td><a href="#m13">addFromProductDirectory</a></td><td rowspan="1">1455191272130</td><td rowspan="1">450950</td></tr><tr class="failedodd"><td><a href="#m14">addSimpleItem</a></td><td rowspan="1">1455193327680</td><td rowspan="1">13269</td></tr><tr class="failedodd"><td><a href="#m15">addStockLocatedInBox</a></td><td rowspan="1">1455193340954</td><td rowspan="1">13887</td></tr><tr class="failedodd"><td><a href="#m16">addTask</a></td><td rowspan="1">1455192813632</td><td rowspan="1">487166</td></tr><tr class="failedodd"><td><a href="#m17">addToShoppingListFromShowPage</a></td><td rowspan="1">1455193463896</td><td rowspan="1">13571</td></tr><tr class="failedodd"><td><a href="#m18">checkCustomizeTableView</a></td><td rowspan="1">1455193382120</td><td rowspan="1">13661</td></tr><tr class="failedodd"><td><a href="#m19">checkShowPageOfCreatedItem</a></td><td rowspan="1">1455193368346</td><td rowspan="1">13773</td></tr><tr class="failedodd"><td><a href="#m20">deleteAllItemsFromIndexTable</a></td><td rowspan="1">1455193450308</td><td rowspan="1">13586</td></tr><tr class="failedodd"><td><a href="#m21">deleteCollectionItemFromIndexTable</a></td><td rowspan="1">1455193314075</td><td rowspan="1">13603</td></tr><tr class="failedodd"><td><a href="#m22">deleteCollectionItemFromItemShowPage</a></td><td rowspan="1">1455193422866</td><td rowspan="1">13683</td></tr><tr class="failedodd"><td><a href="#m23">importCollection</a></td><td rowspan="1">1455193395783</td><td rowspan="1">13570</td></tr><tr class="failedodd"><td><a href="#m24">searchItemInShoppingList</a></td><td rowspan="1">1455193354843</td><td rowspan="1">13501</td></tr><tr class="failedodd"><td><a href="#m25">showMenu</a></td><td rowspan="1">1455193300802</td><td rowspan="1">13271</td></tr><tr class="failedodd"><td><a href="#m26">uploadImage</a></td><td rowspan="1">1455193436555</td><td rowspan="1">13751</td></tr><tr class="failedeven"><td rowspan="2">com.biodata.labguru.tests.inventory.purchasables.ProteinsTest</td><td><a href="#m27">editCollectionItemFromItemShowPage</a></td><td rowspan="1">1455186569887</td><td rowspan="1">80959</td></tr><tr class="failedeven"><td><a href="#m28">uploadImage</a></td><td rowspan="1">1455186650853</td><td rowspan="1">13987</td></tr><tr class="failedodd"><td rowspan="17">com.biodata.labguru.tests.inventory.purchasables.WormsTest</td><td><a href="#m29">addCustomFieldAndGenerateCollectionTemplate</a></td><td rowspan="1">1455193467438</td><td rowspan="1">13530</td></tr><tr class="failedodd"><td><a href="#m30">addItemSaveAndNew</a></td><td rowspan="1">1455193358161</td><td rowspan="1">13549</td></tr><tr class="failedodd"><td><a href="#m31">addSimpleItem</a></td><td rowspan="1">1455193480970</td><td rowspan="1">13639</td></tr><tr class="failedodd"><td><a href="#m32">addStockFromMetaDataSection</a></td><td rowspan="1">1455193371712</td><td rowspan="1">13624</td></tr><tr class="failedodd"><td><a href="#m33">addStockFromStocksTab</a></td><td rowspan="1">1455193330759</td><td rowspan="1">13805</td></tr><tr class="failedodd"><td><a href="#m34">addStockLocatedInBox</a></td><td rowspan="1">1455193344565</td><td rowspan="1">13595</td></tr><tr class="failedodd"><td><a href="#m35">addTag</a></td><td rowspan="1">1455193317212</td><td rowspan="1">13546</td></tr><tr class="failedodd"><td><a href="#m36">archiveStockFromStocksTab</a></td><td rowspan="1">1455193385338</td><td rowspan="1">13609</td></tr><tr class="failedodd"><td><a href="#m37">checkShowPageOfCreatedItem</a></td><td rowspan="1">1455193303528</td><td rowspan="1">13683</td></tr><tr class="failedodd"><td><a href="#m38">deleteAllItemsFromIndexTable</a></td><td rowspan="1">1455192625971</td><td rowspan="1">677555</td></tr><tr class="failedodd"><td><a href="#m39">deleteAttachment</a></td><td rowspan="1">1455193412706</td><td rowspan="1">13495</td></tr><tr class="failedodd"><td><a href="#m40">deleteCollectionItemFromIndexTable</a></td><td rowspan="1">1455186999918</td><td rowspan="1">1353044</td></tr><tr class="failedodd"><td><a href="#m41">deleteStockFromStocksTab</a></td><td rowspan="1">1455193398948</td><td rowspan="1">13756</td></tr><tr class="failedodd"><td><a href="#m42">editCollectionItemFromItemShowPage</a></td><td rowspan="1">1455193426203</td><td rowspan="1">13693</td></tr><tr class="failedodd"><td><a href="#m43">importCollection</a></td><td rowspan="1">1455193439898</td><td rowspan="1">13779</td></tr><tr class="failedodd"><td><a href="#m44">searchItemInShoppingList</a></td><td rowspan="1">1455193453678</td><td rowspan="1">13758</td></tr><tr class="failedodd"><td><a href="#m45">showMenu</a></td><td rowspan="1">1455190443721</td><td rowspan="1">1064273</td></tr><tr><th colspan="4">Home Test &#8212; skipped</th></tr><tr class="skippedeven"><td rowspan="15">com.biodata.labguru.tests.inventory.purchasables.AntibodiesTest</td><td><a href="#m46">addAntibodyFromOnlineDir</a></td><td rowspan="1">1455193958902</td><td rowspan="1">0</td></tr><tr class="skippedeven"><td><a href="#m47">addCustomFieldAndGenerateCollectionTemplate</a></td><td rowspan="1">1455193958910</td><td rowspan="1">1</td></tr><tr class="skippedeven"><td><a href="#m48">addItemSaveAndNew</a></td><td rowspan="1">1455193958908</td><td rowspan="1">1</td></tr><tr class="skippedeven"><td><a href="#m49">addStockFromMetaDataSection</a></td><td rowspan="1">1455193958904</td><td rowspan="1">1</td></tr><tr class="skippedeven"><td><a href="#m50">addStockFromStocksTab</a></td><td rowspan="1">1455193958906</td><td rowspan="1">0</td></tr><tr class="skippedeven"><td><a href="#m51">addStockLocatedInBox</a></td><td rowspan="1">1455193958913</td><td rowspan="1">1</td></tr><tr class="skippedeven"><td><a href="#m52">addTag</a></td><td rowspan="1">1455193958911</td><td rowspan="1">0</td></tr><tr class="skippedeven"><td><a href="#m53">deleteAttachment</a></td><td rowspan="1">1455193958912</td><td rowspan="1">0</td></tr><tr class="skippedeven"><td><a href="#m54">deleteCollectionItemFromIndexTable</a></td><td rowspan="1">1455193958907</td><td rowspan="1">0</td></tr><tr class="skippedeven"><td><a href="#m55">duplicateItem</a></td><td rowspan="1">1455193958897</td><td rowspan="1">0</td></tr><tr class="skippedeven"><td><a href="#m56">editCollectionItemFromItemShowPage</a></td><td rowspan="1">1455193958903</td><td rowspan="1">0</td></tr><tr class="skippedeven"><td><a href="#m57">searchItemInShoppingList</a></td><td rowspan="1">1455193958903</td><td rowspan="1">1</td></tr><tr class="skippedeven"><td><a href="#m58">showAntybodyFromDirectory</a></td><td rowspan="1">1455193958909</td><td rowspan="1">0</td></tr><tr class="skippedeven"><td><a href="#m59">showMenu</a></td><td rowspan="1">1455193958910</td><td rowspan="1">0</td></tr><tr class="skippedeven"><td><a href="#m60">uploadImage</a></td><td rowspan="1">1455193958912</td><td rowspan="1">1</td></tr><tr class="skippedodd"><td rowspan="20">com.biodata.labguru.tests.inventory.purchasables.ProteinsTest</td><td><a href="#m61">addCustomFieldAndGenerateCollectionTemplate</a></td><td rowspan="1">1455193491706</td><td rowspan="1">0</td></tr><tr class="skippedodd"><td><a href="#m62">addItemSaveAndNew</a></td><td rowspan="1">1455193491704</td><td rowspan="1">0</td></tr><tr class="skippedodd"><td><a href="#m63">addStockFromMetaDataSection</a></td><td rowspan="1">1455193506293</td><td rowspan="1">0</td></tr><tr class="skippedodd"><td><a href="#m64">addStockFromStocksTab</a></td><td rowspan="1">1455193491689</td><td rowspan="1">0</td></tr><tr class="skippedodd"><td><a href="#m65">addStockLocatedInBox</a></td><td rowspan="1">1455193491703</td><td rowspan="1">0</td></tr><tr class="skippedodd"><td><a href="#m66">addTag</a></td><td rowspan="1">1455193491698</td><td rowspan="1">0</td></tr><tr class="skippedodd"><td><a href="#m67">addTask</a></td><td rowspan="1">1455193491692</td><td rowspan="1">0</td></tr><tr class="skippedodd"><td><a href="#m68">archiveStockFromStocksTab</a></td><td rowspan="1">1455193491695</td><td rowspan="1">0</td></tr><tr class="skippedodd"><td><a href="#m69">checkCollectionCustomizeBreadCrumbs</a></td><td rowspan="1">1455193491691</td><td rowspan="1">0</td></tr><tr class="skippedodd"><td><a href="#m70">checkCustomizeTableView</a></td><td rowspan="1">1455193491703</td><td rowspan="1">0</td></tr><tr class="skippedodd"><td><a href="#m71">checkShowPageOfCreatedItem</a></td><td rowspan="1">1455193491689</td><td rowspan="1">0</td></tr><tr class="skippedodd"><td><a href="#m72">deleteAllItemsFromIndexTable</a></td><td rowspan="1">1455193491705</td><td rowspan="1">0</td></tr><tr class="skippedodd"><td><a href="#m73">deleteAttachment</a></td><td rowspan="1">1455193491684</td><td rowspan="1">0</td></tr><tr class="skippedodd"><td><a href="#m74">deleteCollectionItemFromIndexTable</a></td><td rowspan="1">1455193491699</td><td rowspan="1">1</td></tr><tr class="skippedodd"><td><a href="#m75">deleteCollectionItemFromItemShowPage</a></td><td rowspan="1">1455193491681</td><td rowspan="1">1</td></tr><tr class="skippedodd"><td><a href="#m76">deleteStockFromStocksTab</a></td><td rowspan="1">1455193491683</td><td rowspan="1">0</td></tr><tr class="skippedodd"><td><a href="#m77">duplicateItem</a></td><td rowspan="1">1455193491690</td><td rowspan="1">0</td></tr><tr class="skippedodd"><td><a href="#m78">importCollection</a></td><td rowspan="1">1455193491701</td><td rowspan="1">0</td></tr><tr class="skippedodd"><td><a href="#m79">searchItemInShoppingList</a></td><td rowspan="1">1455193491693</td><td rowspan="1">0</td></tr><tr class="skippedodd"><td><a href="#m80">showMenu</a></td><td rowspan="1">1455193491704</td><td rowspan="1">0</td></tr><tr class="skippedeven"><td rowspan="1">com.biodata.labguru.tests.inventory.purchasables.WormsTest</td><td><a href="#m81">checkCustomizeTableView</a></td><td rowspan="1">1455193494611</td><td rowspan="1">1</td></tr><tr class="skippedodd"><td rowspan="20">com.biodata.labguru.tests.inventory.purchasables.YeastsTest</td><td><a href="#m82">addCustomFieldAndGenerateCollectionTemplate</a></td><td rowspan="1">1455193491691</td><td rowspan="1">0</td></tr><tr class="skippedodd"><td><a href="#m83">addItemSaveAndNew</a></td><td rowspan="1">1455193491685</td><td rowspan="1">0</td></tr><tr class="skippedodd"><td><a href="#m84">addSimpleItem</a></td><td rowspan="1">1455193491686</td><td rowspan="1">0</td></tr><tr class="skippedodd"><td><a href="#m85">addStockFromMetaDataSection</a></td><td rowspan="1">1455193491695</td><td rowspan="1">1</td></tr><tr class="skippedodd"><td><a href="#m86">addStockFromStocksTab</a></td><td rowspan="1">1455193491706</td><td rowspan="1">1</td></tr><tr class="skippedodd"><td><a href="#m87">addStockLocatedInBox</a></td><td rowspan="1">1455193491697</td><td rowspan="1">1</td></tr><tr class="skippedodd"><td><a href="#m88">addTag</a></td><td rowspan="1">1455193491708</td><td rowspan="1">0</td></tr><tr class="skippedodd"><td><a href="#m89">addTask</a></td><td rowspan="1">1455193491702</td><td rowspan="1">0</td></tr><tr class="skippedodd"><td><a href="#m90">archiveStockFromStocksTab</a></td><td rowspan="1">1455193491705</td><td rowspan="1">0</td></tr><tr class="skippedodd"><td><a href="#m91">checkCustomizeTableView</a></td><td rowspan="1">1455193491687</td><td rowspan="1">0</td></tr><tr class="skippedodd"><td><a href="#m92">checkShowPageOfCreatedItem</a></td><td rowspan="1">1455193491707</td><td rowspan="1">0</td></tr><tr class="skippedodd"><td><a href="#m93">deleteAllItemsFromIndexTable</a></td><td rowspan="1">1455193491699</td><td rowspan="1">0</td></tr><tr class="skippedodd"><td><a href="#m94">deleteAttachment</a></td><td rowspan="1">1455193491687</td><td rowspan="1">1</td></tr><tr class="skippedodd"><td><a href="#m95">deleteCollectionItemFromIndexTable</a></td><td rowspan="1">1455193491694</td><td rowspan="1">0</td></tr><tr class="skippedodd"><td><a href="#m96">deleteCollectionItemFromItemShowPage</a></td><td rowspan="1">1455193491688</td><td rowspan="1">0</td></tr><tr class="skippedodd"><td><a href="#m97">deleteStockFromStocksTab</a></td><td rowspan="1">1455193491696</td><td rowspan="1">0</td></tr><tr class="skippedodd"><td><a href="#m98">importCollection</a></td><td rowspan="1">1455193491700</td><td rowspan="1">0</td></tr><tr class="skippedodd"><td><a href="#m99">searchItemInShoppingList</a></td><td rowspan="1">1455193491697</td><td rowspan="1">0</td></tr><tr class="skippedodd"><td><a href="#m100">showMenu</a></td><td rowspan="1">1455193491693</td><td rowspan="1">1</td></tr><tr class="skippedodd"><td><a href="#m101">uploadImage</a></td><td rowspan="1">1455193491701</td><td rowspan="1">1</td></tr><tr><th colspan="4">Home Test &#8212; passed</th></tr><tr class="passedeven"><td rowspan="8">com.biodata.labguru.tests.inventory.purchasables.AntibodiesTest</td><td><a href="#m102">addSimpleItem</a></td><td rowspan="1">1455192864287</td><td rowspan="1">453902</td></tr><tr class="passedeven"><td><a href="#m103">addTask</a></td><td rowspan="1">1455193318190</td><td rowspan="1">640705</td></tr><tr class="passedeven"><td><a href="#m104">archiveStockFromStocksTab</a></td><td rowspan="1">1455190379489</td><td rowspan="1">873407</td></tr><tr class="passedeven"><td><a href="#m105">checkCollectionCustomizeBreadCrumbs</a></td><td rowspan="1">1455188662548</td><td rowspan="1">354351</td></tr><tr class="passedeven"><td><a href="#m106">checkCustomizeTableView</a></td><td rowspan="1">1455192096346</td><td rowspan="1">767940</td></tr><tr class="passedeven"><td><a href="#m107">checkShowPageOfCreatedItem</a></td><td rowspan="1">1455191630598</td><td rowspan="1">465747</td></tr><tr class="passedeven"><td><a href="#m108">deleteCollectionItemFromItemShowPage</a></td><td rowspan="1">1455189016901</td><td rowspan="1">1362587</td></tr><tr class="passedeven"><td><a href="#m109">deleteStockFromStocksTab</a></td><td rowspan="1">1455187154499</td><td rowspan="1">795886</td></tr><tr class="passedodd"><td rowspan="9">com.biodata.labguru.tests.inventory.purchasables.ConsumablesTest</td><td><a href="#m110">addItemSaveAndNew</a></td><td rowspan="1">1455188446967</td><td rowspan="1">539716</td></tr><tr class="passedodd"><td><a href="#m111">addNonComercialMaterial</a></td><td rowspan="1">1455192283101</td><td rowspan="1">530511</td></tr><tr class="passedodd"><td><a href="#m112">addStockFromStocksTab</a></td><td rowspan="1">1455189546098</td><td rowspan="1">775381</td></tr><tr class="passedodd"><td><a href="#m113">addTag</a></td><td rowspan="1">1455186130276</td><td rowspan="1">644160</td></tr><tr class="passedodd"><td><a href="#m114">archiveStockFromStocksTab</a></td><td rowspan="1">1455186774437</td><td rowspan="1">1025224</td></tr><tr class="passedodd"><td><a href="#m115">deleteAttachment</a></td><td rowspan="1">1455187799662</td><td rowspan="1">647304</td></tr><tr class="passedodd"><td><a href="#m116">deleteStockFromStocksTab</a></td><td rowspan="1">1455190321486</td><td rowspan="1">950642</td></tr><tr class="passedodd"><td><a href="#m117">duplicateItem</a></td><td rowspan="1">1455191723082</td><td rowspan="1">560012</td></tr><tr class="passedodd"><td><a href="#m118">editCollectionItemFromItemShowPage</a></td><td rowspan="1">1455188986684</td><td rowspan="1">559409</td></tr><tr class="passedeven"><td rowspan="1">com.biodata.labguru.tests.inventory.purchasables.ProteinsTest</td><td><a href="#m119">addSimpleItem</a></td><td rowspan="1">1455185646798</td><td rowspan="1">374046</td></tr><tr class="passedodd"><td rowspan="6">com.biodata.labguru.tests.inventory.purchasables.WormsTest</td><td><a href="#m120">addTask</a></td><td rowspan="1">1455191986086</td><td rowspan="1">639878</td></tr><tr class="passedodd"><td><a href="#m121">checkCollectionCustomizeBreadCrumbs</a></td><td rowspan="1">1455188352964</td><td rowspan="1">353908</td></tr><tr class="passedodd"><td><a href="#m122">deleteCollectionItemFromItemShowPage</a></td><td rowspan="1">1455189083268</td><td rowspan="1">1360451</td></tr><tr class="passedodd"><td><a href="#m123">duplicateItem</a></td><td rowspan="1">1455191507996</td><td rowspan="1">478077</td></tr><tr class="passedodd"><td><a href="#m124">searchAndAddFromCGC</a></td><td rowspan="1">1455188706873</td><td rowspan="1">376394</td></tr><tr class="passedodd"><td><a href="#m125">uploadImage</a></td><td rowspan="1">1455186520418</td><td rowspan="1">479498</td></tr><tr class="passedeven"><td rowspan="3">com.biodata.labguru.tests.inventory.purchasables.YeastsTest</td><td><a href="#m126">checkCollectionCustomizeBreadCrumbs</a></td><td rowspan="1">1455185663400</td><td rowspan="1">348597</td></tr><tr class="passedeven"><td><a href="#m127">duplicateItem</a></td><td rowspan="1">1455185663400</td><td rowspan="1">399310</td></tr><tr class="passedeven"><td><a href="#m128">editCollectionItemFromItemShowPage</a></td><td rowspan="1">1455186062714</td><td rowspan="1">507170</td></tr></tbody></table><h2>Home Test</h2><h3 id="m0">com.biodata.labguru.tests.inventory.purchasables.AntibodiesTest#tearDown</h3><table class="result"><tr><th>Exception</th></tr><tr><td><div class="stacktrace">org.openqa.selenium.UnsupportedCommandException: ERROR The test with session id 46ae38afd62a4075a0dfe43639b2a931 has already finished, and can&apos;t receive further commands
You can learn more at https://saucelabs.com/jobs/46ae38afd62a4075a0dfe43639b2a931
For help, please check https://docs.saucelabs.com/reference/troubleshooting-common-error-messages
Command duration or timeout: 238 milliseconds
Build info: version: &apos;2.48.2&apos;, revision: &apos;41bccdd10cf2c0560f637404c2d96164b67d9d67&apos;, time: &apos;2015-10-09 13:08:06&apos;
System info: host: &apos;Gonis-MacBook-Pro.local&apos;, ip: &apos;192.168.1.14&apos;, os.name: &apos;Mac OS X&apos;, os.arch: &apos;x86_64&apos;, os.version: &apos;10.10.4&apos;, java.version: &apos;1.8.0_45&apos;
Driver info: org.openqa.selenium.remote.RemoteWebDriver
Capabilities [{applicationCacheEnabled=true, rotatable=false, hasMetadata=true, databaseEnabled=true, handlesAlerts=true, version=43.0, platform=MAC, nativeEvents=false, acceptSslCerts=true, webdriver.remote.sessionid=46ae38afd62a4075a0dfe43639b2a931, locationContextEnabled=true, webStorageEnabled=true, takesScreenshot=true, browserName=firefox, javascriptEnabled=true, cssSelectorsEnabled=true}]
Session ID: 46ae38afd62a4075a0dfe43639b2a931
	at org.openqa.selenium.remote.ErrorHandler.createThrowable(ErrorHandler.java:206)
	at org.openqa.selenium.remote.ErrorHandler.throwIfResponseFailed(ErrorHandler.java:158)
	at org.openqa.selenium.remote.RemoteWebDriver.execute(RemoteWebDriver.java:647)
	at org.openqa.selenium.remote.RemoteWebDriver.execute(RemoteWebDriver.java:670)
	at org.openqa.selenium.remote.RemoteWebDriver.quit(RemoteWebDriver.java:516)
	at com.biodata.labguru.tests.BaseTest.tearDown(BaseTest.java:92)
	at java.util.concurrent.ThreadPoolExecutor.runWorker(ThreadPoolExecutor.java:1142)
	at java.util.concurrent.ThreadPoolExecutor$Worker.run(ThreadPoolExecutor.java:617)
	at java.lang.Thread.run(Thread.java:745)
... Removed 13 stack frames</div></td></tr></table><p class="totop"><a href="#summary">back to summary</a></p><h3 id="m1">com.biodata.labguru.tests.inventory.purchasables.AntibodiesTest#uncheckSingleCollection</h3><table class="result"><tr><th>Exception</th></tr><tr><td><div class="stacktrace">org.openqa.selenium.UnsupportedCommandException: ERROR The test with session id 46ae38afd62a4075a0dfe43639b2a931 has already finished, and can&apos;t receive further commands
You can learn more at https://saucelabs.com/jobs/46ae38afd62a4075a0dfe43639b2a931
For help, please check https://docs.saucelabs.com/reference/troubleshooting-common-error-messages
Command duration or timeout: 238 milliseconds
Build info: version: &apos;2.48.2&apos;, revision: &apos;41bccdd10cf2c0560f637404c2d96164b67d9d67&apos;, time: &apos;2015-10-09 13:08:06&apos;
System info: host: &apos;Gonis-MacBook-Pro.local&apos;, ip: &apos;192.168.1.14&apos;, os.name: &apos;Mac OS X&apos;, os.arch: &apos;x86_64&apos;, os.version: &apos;10.10.4&apos;, java.version: &apos;1.8.0_45&apos;
Driver info: org.openqa.selenium.remote.RemoteWebDriver
Capabilities [{applicationCacheEnabled=true, rotatable=false, hasMetadata=true, databaseEnabled=true, handlesAlerts=true, version=43.0, platform=MAC, nativeEvents=false, acceptSslCerts=true, webdriver.remote.sessionid=46ae38afd62a4075a0dfe43639b2a931, locationContextEnabled=true, webStorageEnabled=true, takesScreenshot=true, browserName=firefox, javascriptEnabled=true, cssSelectorsEnabled=true}]
Session ID: 46ae38afd62a4075a0dfe43639b2a931
	at org.openqa.selenium.remote.ErrorHandler.createThrowable(ErrorHandler.java:206)
	at org.openqa.selenium.remote.ErrorHandler.throwIfResponseFailed(ErrorHandler.java:158)
	at org.openqa.selenium.remote.RemoteWebDriver.execute(RemoteWebDriver.java:647)
	at org.openqa.selenium.remote.RemoteWebDriver.execute(RemoteWebDriver.java:670)
	at org.openqa.selenium.remote.RemoteWebDriver.getTitle(RemoteWebDriver.java:315)
	at com.biodata.labguru.tests.BaseTest.setLog(BaseTest.java:259)
	at com.biodata.labguru.tests.inventory.AbstractCollectionsTest.uncheckSingleCollection(AbstractCollectionsTest.java:73)
	at java.util.concurrent.ThreadPoolExecutor.runWorker(ThreadPoolExecutor.java:1142)
	at java.util.concurrent.ThreadPoolExecutor$Worker.run(ThreadPoolExecutor.java:617)
	at java.lang.Thread.run(Thread.java:745)
... Removed 13 stack frames</div></td></tr></table><p class="totop"><a href="#summary">back to summary</a></p><h3 id="m2">com.biodata.labguru.tests.inventory.purchasables.ConsumablesTest#tearDown</h3><table class="result"><tr><th>Exception</th></tr><tr><td><div class="stacktrace">org.openqa.selenium.UnsupportedCommandException: ERROR The test with session id 691114ebbd69427999aaf6e6ee4eea79 has already finished, and can&apos;t receive further commands
You can learn more at https://saucelabs.com/jobs/691114ebbd69427999aaf6e6ee4eea79
For help, please check https://docs.saucelabs.com/reference/troubleshooting-common-error-messages
Command duration or timeout: 422 milliseconds
Build info: version: &apos;2.48.2&apos;, revision: &apos;41bccdd10cf2c0560f637404c2d96164b67d9d67&apos;, time: &apos;2015-10-09 13:08:06&apos;
System info: host: &apos;Gonis-MacBook-Pro.local&apos;, ip: &apos;192.168.1.14&apos;, os.name: &apos;Mac OS X&apos;, os.arch: &apos;x86_64&apos;, os.version: &apos;10.10.4&apos;, java.version: &apos;1.8.0_45&apos;
Driver info: org.openqa.selenium.remote.RemoteWebDriver
Capabilities [{applicationCacheEnabled=true, rotatable=false, hasMetadata=true, databaseEnabled=true, handlesAlerts=true, version=43.0, platform=MAC, nativeEvents=false, acceptSslCerts=true, webdriver.remote.sessionid=691114ebbd69427999aaf6e6ee4eea79, locationContextEnabled=true, webStorageEnabled=true, takesScreenshot=true, browserName=firefox, javascriptEnabled=true, cssSelectorsEnabled=true}]
Session ID: 691114ebbd69427999aaf6e6ee4eea79
	at org.openqa.selenium.remote.ErrorHandler.createThrowable(ErrorHandler.java:206)
	at org.openqa.selenium.remote.ErrorHandler.throwIfResponseFailed(ErrorHandler.java:158)
	at org.openqa.selenium.remote.RemoteWebDriver.execute(RemoteWebDriver.java:647)
	at org.openqa.selenium.remote.RemoteWebDriver.execute(RemoteWebDriver.java:670)
	at org.openqa.selenium.remote.RemoteWebDriver.quit(RemoteWebDriver.java:516)
	at com.biodata.labguru.tests.BaseTest.tearDown(BaseTest.java:92)
	at java.util.concurrent.ThreadPoolExecutor.runWorker(ThreadPoolExecutor.java:1142)
	at java.util.concurrent.ThreadPoolExecutor$Worker.run(ThreadPoolExecutor.java:617)
	at java.lang.Thread.run(Thread.java:745)
... Removed 13 stack frames</div></td></tr></table><p class="totop"><a href="#summary">back to summary</a></p><h3 id="m3">com.biodata.labguru.tests.inventory.purchasables.ConsumablesTest#uncheckSingleCollection</h3><table class="result"><tr><th>Exception</th></tr><tr><td><div class="stacktrace">org.openqa.selenium.UnsupportedCommandException: ERROR The test with session id 691114ebbd69427999aaf6e6ee4eea79 has already finished, and can&apos;t receive further commands
You can learn more at https://saucelabs.com/jobs/691114ebbd69427999aaf6e6ee4eea79
For help, please check https://docs.saucelabs.com/reference/troubleshooting-common-error-messages
Command duration or timeout: 418 milliseconds
Build info: version: &apos;2.48.2&apos;, revision: &apos;41bccdd10cf2c0560f637404c2d96164b67d9d67&apos;, time: &apos;2015-10-09 13:08:06&apos;
System info: host: &apos;Gonis-MacBook-Pro.local&apos;, ip: &apos;192.168.1.14&apos;, os.name: &apos;Mac OS X&apos;, os.arch: &apos;x86_64&apos;, os.version: &apos;10.10.4&apos;, java.version: &apos;1.8.0_45&apos;
Driver info: org.openqa.selenium.remote.RemoteWebDriver
Capabilities [{applicationCacheEnabled=true, rotatable=false, hasMetadata=true, databaseEnabled=true, handlesAlerts=true, version=43.0, platform=MAC, nativeEvents=false, acceptSslCerts=true, webdriver.remote.sessionid=691114ebbd69427999aaf6e6ee4eea79, locationContextEnabled=true, webStorageEnabled=true, takesScreenshot=true, browserName=firefox, javascriptEnabled=true, cssSelectorsEnabled=true}]
Session ID: 691114ebbd69427999aaf6e6ee4eea79
	at org.openqa.selenium.remote.ErrorHandler.createThrowable(ErrorHandler.java:206)
	at org.openqa.selenium.remote.ErrorHandler.throwIfResponseFailed(ErrorHandler.java:158)
	at org.openqa.selenium.remote.RemoteWebDriver.execute(RemoteWebDriver.java:647)
	at org.openqa.selenium.remote.RemoteWebDriver.execute(RemoteWebDriver.java:670)
	at org.openqa.selenium.remote.RemoteWebDriver.getTitle(RemoteWebDriver.java:315)
	at com.biodata.labguru.tests.BaseTest.setLog(BaseTest.java:259)
	at com.biodata.labguru.tests.inventory.AbstractCollectionsTest.uncheckSingleCollection(AbstractCollectionsTest.java:73)
	at java.util.concurrent.ThreadPoolExecutor.runWorker(ThreadPoolExecutor.java:1142)
	at java.util.concurrent.ThreadPoolExecutor$Worker.run(ThreadPoolExecutor.java:617)
	at java.lang.Thread.run(Thread.java:745)
... Removed 13 stack frames</div></td></tr></table><p class="totop"><a href="#summary">back to summary</a></p><h3 id="m4">com.biodata.labguru.tests.inventory.purchasables.ProteinsTest#tearDown</h3><table class="result"><tr><th>Exception</th></tr><tr><td><div class="stacktrace">org.openqa.selenium.UnsupportedCommandException: ERROR The test with session id 613c28aec06d46a2844ce59d554e64af has already finished, and can&apos;t receive further commands
You can learn more at https://saucelabs.com/jobs/613c28aec06d46a2844ce59d554e64af
For help, please check https://docs.saucelabs.com/reference/troubleshooting-common-error-messages
Command duration or timeout: 247 milliseconds
Build info: version: &apos;2.48.2&apos;, revision: &apos;41bccdd10cf2c0560f637404c2d96164b67d9d67&apos;, time: &apos;2015-10-09 13:08:06&apos;
System info: host: &apos;Gonis-MacBook-Pro.local&apos;, ip: &apos;192.168.1.14&apos;, os.name: &apos;Mac OS X&apos;, os.arch: &apos;x86_64&apos;, os.version: &apos;10.10.4&apos;, java.version: &apos;1.8.0_45&apos;
Driver info: org.openqa.selenium.remote.RemoteWebDriver
Capabilities [{applicationCacheEnabled=true, rotatable=false, hasMetadata=true, databaseEnabled=true, handlesAlerts=true, version=43.0, platform=MAC, nativeEvents=false, acceptSslCerts=true, webdriver.remote.sessionid=613c28aec06d46a2844ce59d554e64af, locationContextEnabled=true, webStorageEnabled=true, takesScreenshot=true, browserName=firefox, javascriptEnabled=true, cssSelectorsEnabled=true}]
Session ID: 613c28aec06d46a2844ce59d554e64af
	at org.openqa.selenium.remote.ErrorHandler.createThrowable(ErrorHandler.java:206)
	at org.openqa.selenium.remote.ErrorHandler.throwIfResponseFailed(ErrorHandler.java:158)
	at org.openqa.selenium.remote.RemoteWebDriver.execute(RemoteWebDriver.java:647)
	at org.openqa.selenium.remote.RemoteWebDriver.execute(RemoteWebDriver.java:670)
	at org.openqa.selenium.remote.RemoteWebDriver.quit(RemoteWebDriver.java:516)
	at com.biodata.labguru.tests.BaseTest.tearDown(BaseTest.java:92)
	at java.util.concurrent.ThreadPoolExecutor.runWorker(ThreadPoolExecutor.java:1142)
	at java.util.concurrent.ThreadPoolExecutor$Worker.run(ThreadPoolExecutor.java:617)
	at java.lang.Thread.run(Thread.java:745)
... Removed 13 stack frames</div></td></tr></table><p class="totop"><a href="#summary">back to summary</a></p><h3 id="m5">com.biodata.labguru.tests.inventory.purchasables.ProteinsTest#uncheckSingleCollection</h3><table class="result"><tr><th>Exception</th></tr><tr><td><div class="stacktrace">org.openqa.selenium.UnsupportedCommandException: ERROR The test with session id 613c28aec06d46a2844ce59d554e64af has already finished, and can&apos;t receive further commands
You can learn more at https://saucelabs.com/jobs/613c28aec06d46a2844ce59d554e64af
For help, please check https://docs.saucelabs.com/reference/troubleshooting-common-error-messages
Command duration or timeout: 239 milliseconds
Build info: version: &apos;2.48.2&apos;, revision: &apos;41bccdd10cf2c0560f637404c2d96164b67d9d67&apos;, time: &apos;2015-10-09 13:08:06&apos;
System info: host: &apos;Gonis-MacBook-Pro.local&apos;, ip: &apos;192.168.1.14&apos;, os.name: &apos;Mac OS X&apos;, os.arch: &apos;x86_64&apos;, os.version: &apos;10.10.4&apos;, java.version: &apos;1.8.0_45&apos;
Driver info: org.openqa.selenium.remote.RemoteWebDriver
Capabilities [{applicationCacheEnabled=true, rotatable=false, hasMetadata=true, databaseEnabled=true, handlesAlerts=true, version=43.0, platform=MAC, nativeEvents=false, acceptSslCerts=true, webdriver.remote.sessionid=613c28aec06d46a2844ce59d554e64af, locationContextEnabled=true, webStorageEnabled=true, takesScreenshot=true, browserName=firefox, javascriptEnabled=true, cssSelectorsEnabled=true}]
Session ID: 613c28aec06d46a2844ce59d554e64af
	at org.openqa.selenium.remote.ErrorHandler.createThrowable(ErrorHandler.java:206)
	at org.openqa.selenium.remote.ErrorHandler.throwIfResponseFailed(ErrorHandler.java:158)
	at org.openqa.selenium.remote.RemoteWebDriver.execute(RemoteWebDriver.java:647)
	at org.openqa.selenium.remote.RemoteWebDriver.execute(RemoteWebDriver.java:670)
	at org.openqa.selenium.remote.RemoteWebDriver.getTitle(RemoteWebDriver.java:315)
	at com.biodata.labguru.tests.BaseTest.setLog(BaseTest.java:259)
	at com.biodata.labguru.tests.inventory.AbstractCollectionsTest.uncheckSingleCollection(AbstractCollectionsTest.java:73)
	at java.util.concurrent.ThreadPoolExecutor.runWorker(ThreadPoolExecutor.java:1142)
	at java.util.concurrent.ThreadPoolExecutor$Worker.run(ThreadPoolExecutor.java:617)
	at java.lang.Thread.run(Thread.java:745)
... Removed 13 stack frames</div></td></tr></table><p class="totop"><a href="#summary">back to summary</a></p><h3 id="m6">com.biodata.labguru.tests.inventory.purchasables.WormsTest#tearDown</h3><table class="result"><tr><th>Exception</th></tr><tr><td><div class="stacktrace">org.openqa.selenium.UnsupportedCommandException: ERROR The test with session id 1e3078ff5cdb4609a4140ff1d5ecb1d5 has already finished, and can&apos;t receive further commands
You can learn more at https://saucelabs.com/jobs/1e3078ff5cdb4609a4140ff1d5ecb1d5
For help, please check https://docs.saucelabs.com/reference/troubleshooting-common-error-messages
Command duration or timeout: 247 milliseconds
Build info: version: &apos;2.48.2&apos;, revision: &apos;41bccdd10cf2c0560f637404c2d96164b67d9d67&apos;, time: &apos;2015-10-09 13:08:06&apos;
System info: host: &apos;Gonis-MacBook-Pro.local&apos;, ip: &apos;192.168.1.14&apos;, os.name: &apos;Mac OS X&apos;, os.arch: &apos;x86_64&apos;, os.version: &apos;10.10.4&apos;, java.version: &apos;1.8.0_45&apos;
Driver info: org.openqa.selenium.remote.RemoteWebDriver
Capabilities [{applicationCacheEnabled=true, rotatable=false, hasMetadata=true, databaseEnabled=true, handlesAlerts=true, version=43.0, platform=MAC, nativeEvents=false, acceptSslCerts=true, webdriver.remote.sessionid=1e3078ff5cdb4609a4140ff1d5ecb1d5, locationContextEnabled=true, webStorageEnabled=true, takesScreenshot=true, browserName=firefox, javascriptEnabled=true, cssSelectorsEnabled=true}]
Session ID: 1e3078ff5cdb4609a4140ff1d5ecb1d5
	at org.openqa.selenium.remote.ErrorHandler.createThrowable(ErrorHandler.java:206)
	at org.openqa.selenium.remote.ErrorHandler.throwIfResponseFailed(ErrorHandler.java:158)
	at org.openqa.selenium.remote.RemoteWebDriver.execute(RemoteWebDriver.java:647)
	at org.openqa.selenium.remote.RemoteWebDriver.execute(RemoteWebDriver.java:670)
	at org.openqa.selenium.remote.RemoteWebDriver.quit(RemoteWebDriver.java:516)
	at com.biodata.labguru.tests.BaseTest.tearDown(BaseTest.java:92)
	at java.util.concurrent.ThreadPoolExecutor.runWorker(ThreadPoolExecutor.java:1142)
	at java.util.concurrent.ThreadPoolExecutor$Worker.run(ThreadPoolExecutor.java:617)
	at java.lang.Thread.run(Thread.java:745)
... Removed 13 stack frames</div></td></tr></table><p class="totop"><a href="#summary">back to summary</a></p><h3 id="m7">com.biodata.labguru.tests.inventory.purchasables.WormsTest#uncheckSingleCollection</h3><table class="result"><tr><th>Exception</th></tr><tr><td><div class="stacktrace">org.openqa.selenium.UnsupportedCommandException: ERROR The test with session id 1e3078ff5cdb4609a4140ff1d5ecb1d5 has already finished, and can&apos;t receive further commands
You can learn more at https://saucelabs.com/jobs/1e3078ff5cdb4609a4140ff1d5ecb1d5
For help, please check https://docs.saucelabs.com/reference/troubleshooting-common-error-messages
Command duration or timeout: 258 milliseconds
Build info: version: &apos;2.48.2&apos;, revision: &apos;41bccdd10cf2c0560f637404c2d96164b67d9d67&apos;, time: &apos;2015-10-09 13:08:06&apos;
System info: host: &apos;Gonis-MacBook-Pro.local&apos;, ip: &apos;192.168.1.14&apos;, os.name: &apos;Mac OS X&apos;, os.arch: &apos;x86_64&apos;, os.version: &apos;10.10.4&apos;, java.version: &apos;1.8.0_45&apos;
Driver info: org.openqa.selenium.remote.RemoteWebDriver
Capabilities [{applicationCacheEnabled=true, rotatable=false, hasMetadata=true, databaseEnabled=true, handlesAlerts=true, version=43.0, platform=MAC, nativeEvents=false, acceptSslCerts=true, webdriver.remote.sessionid=1e3078ff5cdb4609a4140ff1d5ecb1d5, locationContextEnabled=true, webStorageEnabled=true, takesScreenshot=true, browserName=firefox, javascriptEnabled=true, cssSelectorsEnabled=true}]
Session ID: 1e3078ff5cdb4609a4140ff1d5ecb1d5
	at org.openqa.selenium.remote.ErrorHandler.createThrowable(ErrorHandler.java:206)
	at org.openqa.selenium.remote.ErrorHandler.throwIfResponseFailed(ErrorHandler.java:158)
	at org.openqa.selenium.remote.RemoteWebDriver.execute(RemoteWebDriver.java:647)
	at org.openqa.selenium.remote.RemoteWebDriver.execute(RemoteWebDriver.java:670)
	at org.openqa.selenium.remote.RemoteWebDriver.getTitle(RemoteWebDriver.java:315)
	at com.biodata.labguru.tests.BaseTest.setLog(BaseTest.java:259)
	at com.biodata.labguru.tests.inventory.AbstractCollectionsTest.uncheckSingleCollection(AbstractCollectionsTest.java:73)
	at java.util.concurrent.ThreadPoolExecutor.runWorker(ThreadPoolExecutor.java:1142)
	at java.util.concurrent.ThreadPoolExecutor$Worker.run(ThreadPoolExecutor.java:617)
	at java.lang.Thread.run(Thread.java:745)
... Removed 13 stack frames</div></td></tr></table><p class="totop"><a href="#summary">back to summary</a></p><h3 id="m8">com.biodata.labguru.tests.inventory.purchasables.YeastsTest#tearDown</h3><table class="result"><tr><th>Exception</th></tr><tr><td><div class="stacktrace">org.openqa.selenium.UnsupportedCommandException: ERROR The test with session id e1a6802fe1e947799047bcdbd7b750be has already finished, and can&apos;t receive further commands
You can learn more at https://saucelabs.com/jobs/e1a6802fe1e947799047bcdbd7b750be
For help, please check https://docs.saucelabs.com/reference/troubleshooting-common-error-messages
Command duration or timeout: 417 milliseconds
Build info: version: &apos;2.48.2&apos;, revision: &apos;41bccdd10cf2c0560f637404c2d96164b67d9d67&apos;, time: &apos;2015-10-09 13:08:06&apos;
System info: host: &apos;Gonis-MacBook-Pro.local&apos;, ip: &apos;192.168.1.14&apos;, os.name: &apos;Mac OS X&apos;, os.arch: &apos;x86_64&apos;, os.version: &apos;10.10.4&apos;, java.version: &apos;1.8.0_45&apos;
Driver info: org.openqa.selenium.remote.RemoteWebDriver
Capabilities [{applicationCacheEnabled=true, rotatable=false, hasMetadata=true, databaseEnabled=true, handlesAlerts=true, version=43.0, platform=MAC, nativeEvents=false, acceptSslCerts=true, webdriver.remote.sessionid=e1a6802fe1e947799047bcdbd7b750be, locationContextEnabled=true, webStorageEnabled=true, takesScreenshot=true, browserName=firefox, javascriptEnabled=true, cssSelectorsEnabled=true}]
Session ID: e1a6802fe1e947799047bcdbd7b750be
	at org.openqa.selenium.remote.ErrorHandler.createThrowable(ErrorHandler.java:206)
	at org.openqa.selenium.remote.ErrorHandler.throwIfResponseFailed(ErrorHandler.java:158)
	at org.openqa.selenium.remote.RemoteWebDriver.execute(RemoteWebDriver.java:647)
	at org.openqa.selenium.remote.RemoteWebDriver.execute(RemoteWebDriver.java:670)
	at org.openqa.selenium.remote.RemoteWebDriver.quit(RemoteWebDriver.java:516)
	at com.biodata.labguru.tests.BaseTest.tearDown(BaseTest.java:92)
	at java.util.concurrent.ThreadPoolExecutor.runWorker(ThreadPoolExecutor.java:1142)
	at java.util.concurrent.ThreadPoolExecutor$Worker.run(ThreadPoolExecutor.java:617)
	at java.lang.Thread.run(Thread.java:745)
... Removed 13 stack frames</div></td></tr></table><p class="totop"><a href="#summary">back to summary</a></p><h3 id="m9">com.biodata.labguru.tests.inventory.purchasables.YeastsTest#uncheckSingleCollection</h3><table class="result"><tr><th>Exception</th></tr><tr><td><div class="stacktrace">org.openqa.selenium.UnsupportedCommandException: ERROR The test with session id e1a6802fe1e947799047bcdbd7b750be has already finished, and can&apos;t receive further commands
You can learn more at https://saucelabs.com/jobs/e1a6802fe1e947799047bcdbd7b750be
For help, please check https://docs.saucelabs.com/reference/troubleshooting-common-error-messages
Command duration or timeout: 420 milliseconds
Build info: version: &apos;2.48.2&apos;, revision: &apos;41bccdd10cf2c0560f637404c2d96164b67d9d67&apos;, time: &apos;2015-10-09 13:08:06&apos;
System info: host: &apos;Gonis-MacBook-Pro.local&apos;, ip: &apos;192.168.1.14&apos;, os.name: &apos;Mac OS X&apos;, os.arch: &apos;x86_64&apos;, os.version: &apos;10.10.4&apos;, java.version: &apos;1.8.0_45&apos;
Driver info: org.openqa.selenium.remote.RemoteWebDriver
Capabilities [{applicationCacheEnabled=true, rotatable=false, hasMetadata=true, databaseEnabled=true, handlesAlerts=true, version=43.0, platform=MAC, nativeEvents=false, acceptSslCerts=true, webdriver.remote.sessionid=e1a6802fe1e947799047bcdbd7b750be, locationContextEnabled=true, webStorageEnabled=true, takesScreenshot=true, browserName=firefox, javascriptEnabled=true, cssSelectorsEnabled=true}]
Session ID: e1a6802fe1e947799047bcdbd7b750be
	at org.openqa.selenium.remote.ErrorHandler.createThrowable(ErrorHandler.java:206)
	at org.openqa.selenium.remote.ErrorHandler.throwIfResponseFailed(ErrorHandler.java:158)
	at org.openqa.selenium.remote.RemoteWebDriver.execute(RemoteWebDriver.java:647)
	at org.openqa.selenium.remote.RemoteWebDriver.execute(RemoteWebDriver.java:670)
	at org.openqa.selenium.remote.RemoteWebDriver.getTitle(RemoteWebDriver.java:315)
	at com.biodata.labguru.tests.BaseTest.setLog(BaseTest.java:259)
	at com.biodata.labguru.tests.inventory.AbstractCollectionsTest.uncheckSingleCollection(AbstractCollectionsTest.java:73)
	at java.util.concurrent.ThreadPoolExecutor.runWorker(ThreadPoolExecutor.java:1142)
	at java.util.concurrent.ThreadPoolExecutor$Worker.run(ThreadPoolExecutor.java:617)
	at java.lang.Thread.run(Thread.java:745)
... Removed 13 stack frames</div></td></tr></table><p class="totop"><a href="#summary">back to summary</a></p><h3 id="m10">com.biodata.labguru.tests.inventory.purchasables.AntibodiesTest#deleteAllItemsFromIndexTable</h3><table class="result"><tr><th>Exception</th></tr><tr><td><div class="stacktrace">java.lang.AssertionError: Not all items were deleted from index table.
	at com.biodata.labguru.tests.inventory.AbstractCollectionsTest.deleteAllItemsFromIndexTable(AbstractCollectionsTest.java:354)
	at java.util.concurrent.ThreadPoolExecutor.runWorker(ThreadPoolExecutor.java:1142)
	at java.util.concurrent.ThreadPoolExecutor$Worker.run(ThreadPoolExecutor.java:617)
	at java.lang.Thread.run(Thread.java:745)
... Removed 13 stack frames</div></td></tr></table><p class="totop"><a href="#summary">back to summary</a></p><h3 id="m11">com.biodata.labguru.tests.inventory.purchasables.AntibodiesTest#importCollection</h3><table class="result"><tr><th>Exception</th></tr><tr><td><div class="stacktrace">java.lang.AssertionError: Unable to locate element: {&quot;method&quot;:&quot;xpath&quot;,&quot;selector&quot;:&quot;.//*[@type=&apos;file&apos;]&quot;}
For documentation on this error, please visit: http://seleniumhq.org/exceptions/no_such_element.html
Build info: version: &apos;2.48.0&apos;, revision: &apos;b7b081a&apos;, time: &apos;2015-10-07 15:48:56&apos;
System info: host: &apos;itako42165.prod.miso&apos;, ip: &apos;172.20.42.165&apos;, os.name: &apos;Mac OS X&apos;, os.arch: &apos;x86_64&apos;, os.version: &apos;10.10.5&apos;, java.version: &apos;1.8.0_66&apos;
Driver info: driver.version: unknown
Command duration or timeout: 14.97 seconds
For documentation on this error, please visit: http://seleniumhq.org/exceptions/no_such_element.html
Build info: version: &apos;2.48.2&apos;, revision: &apos;41bccdd10cf2c0560f637404c2d96164b67d9d67&apos;, time: &apos;2015-10-09 13:08:06&apos;
System info: host: &apos;Gonis-MacBook-Pro.local&apos;, ip: &apos;192.168.1.14&apos;, os.name: &apos;Mac OS X&apos;, os.arch: &apos;x86_64&apos;, os.version: &apos;10.10.4&apos;, java.version: &apos;1.8.0_45&apos;
Driver info: org.openqa.selenium.remote.RemoteWebDriver
Capabilities [{applicationCacheEnabled=true, rotatable=false, hasMetadata=true, databaseEnabled=true, handlesAlerts=true, version=43.0, platform=MAC, nativeEvents=false, acceptSslCerts=true, webdriver.remote.sessionid=46ae38afd62a4075a0dfe43639b2a931, locationContextEnabled=true, webStorageEnabled=true, takesScreenshot=true, browserName=firefox, javascriptEnabled=true, cssSelectorsEnabled=true}]
Session ID: 46ae38afd62a4075a0dfe43639b2a931
*** Element info: {Using=xpath, value=.//*[@type=&apos;file&apos;]}
	at com.biodata.labguru.tests.inventory.AbstractCollectionsTest.importCollection(AbstractCollectionsTest.java:262)
	at java.util.concurrent.ThreadPoolExecutor.runWorker(ThreadPoolExecutor.java:1142)
	at java.util.concurrent.ThreadPoolExecutor$Worker.run(ThreadPoolExecutor.java:617)
	at java.lang.Thread.run(Thread.java:745)
... Removed 11 stack frames</div></td></tr></table><p class="totop"><a href="#summary">back to summary</a></p><h3 id="m12">com.biodata.labguru.tests.inventory.purchasables.ConsumablesTest#addConsumableToShoppingList</h3><table class="result"><tr><th>Exception</th></tr><tr><td><div class="stacktrace">org.openqa.selenium.UnsupportedCommandException: ERROR The test with session id 691114ebbd69427999aaf6e6ee4eea79 has already finished, and can&apos;t receive further commands
You can learn more at https://saucelabs.com/jobs/691114ebbd69427999aaf6e6ee4eea79
For help, please check https://docs.saucelabs.com/reference/troubleshooting-common-error-messages
Command duration or timeout: 235 milliseconds
Build info: version: &apos;2.48.2&apos;, revision: &apos;41bccdd10cf2c0560f637404c2d96164b67d9d67&apos;, time: &apos;2015-10-09 13:08:06&apos;
System info: host: &apos;Gonis-MacBook-Pro.local&apos;, ip: &apos;192.168.1.14&apos;, os.name: &apos;Mac OS X&apos;, os.arch: &apos;x86_64&apos;, os.version: &apos;10.10.4&apos;, java.version: &apos;1.8.0_45&apos;
Driver info: org.openqa.selenium.remote.RemoteWebDriver
Capabilities [{applicationCacheEnabled=true, rotatable=false, hasMetadata=true, databaseEnabled=true, handlesAlerts=true, version=43.0, platform=MAC, nativeEvents=false, acceptSslCerts=true, webdriver.remote.sessionid=691114ebbd69427999aaf6e6ee4eea79, locationContextEnabled=true, webStorageEnabled=true, takesScreenshot=true, browserName=firefox, javascriptEnabled=true, cssSelectorsEnabled=true}]
Session ID: 691114ebbd69427999aaf6e6ee4eea79
	at org.openqa.selenium.remote.ErrorHandler.createThrowable(ErrorHandler.java:206)
	at org.openqa.selenium.remote.ErrorHandler.throwIfResponseFailed(ErrorHandler.java:158)
	at org.openqa.selenium.remote.RemoteWebDriver.execute(RemoteWebDriver.java:647)
	at org.openqa.selenium.remote.RemoteWebDriver.execute(RemoteWebDriver.java:670)
	at org.openqa.selenium.remote.RemoteWebDriver.getTitle(RemoteWebDriver.java:315)
	at com.biodata.labguru.tests.BaseTest.setLog(BaseTest.java:282)
	at com.biodata.labguru.tests.inventory.purchasables.ConsumablesTest.addConsumableToShoppingList(ConsumablesTest.java:127)
	at java.util.concurrent.ThreadPoolExecutor.runWorker(ThreadPoolExecutor.java:1142)
	at java.util.concurrent.ThreadPoolExecutor$Worker.run(ThreadPoolExecutor.java:617)
	at java.lang.Thread.run(Thread.java:745)
... Removed 13 stack frames</div></td></tr></table><p class="totop"><a href="#summary">back to summary</a></p><h3 id="m13">com.biodata.labguru.tests.inventory.purchasables.ConsumablesTest#addFromProductDirectory</h3><table class="result"><tr><th>Exception</th></tr><tr><td><div class="stacktrace">java.lang.AssertionError: expected [true] but found [false]
	at com.biodata.labguru.tests.inventory.purchasables.ConsumablesTest.addFromProductDirectory(ConsumablesTest.java:77)
	at java.util.concurrent.ThreadPoolExecutor.runWorker(ThreadPoolExecutor.java:1142)
	at java.util.concurrent.ThreadPoolExecutor$Worker.run(ThreadPoolExecutor.java:617)
	at java.lang.Thread.run(Thread.java:745)
... Removed 14 stack frames</div></td></tr></table><p class="totop"><a href="#summary">back to summary</a></p><h3 id="m14">com.biodata.labguru.tests.inventory.purchasables.ConsumablesTest#addSimpleItem</h3><table class="result"><tr><th>Exception</th></tr><tr><td><div class="stacktrace">org.openqa.selenium.UnsupportedCommandException: ERROR The test with session id 691114ebbd69427999aaf6e6ee4eea79 has already finished, and can&apos;t receive further commands
You can learn more at https://saucelabs.com/jobs/691114ebbd69427999aaf6e6ee4eea79
For help, please check https://docs.saucelabs.com/reference/troubleshooting-common-error-messages
Command duration or timeout: 246 milliseconds
Build info: version: &apos;2.48.2&apos;, revision: &apos;41bccdd10cf2c0560f637404c2d96164b67d9d67&apos;, time: &apos;2015-10-09 13:08:06&apos;
System info: host: &apos;Gonis-MacBook-Pro.local&apos;, ip: &apos;192.168.1.14&apos;, os.name: &apos;Mac OS X&apos;, os.arch: &apos;x86_64&apos;, os.version: &apos;10.10.4&apos;, java.version: &apos;1.8.0_45&apos;
Driver info: org.openqa.selenium.remote.RemoteWebDriver
Capabilities [{applicationCacheEnabled=true, rotatable=false, hasMetadata=true, databaseEnabled=true, handlesAlerts=true, version=43.0, platform=MAC, nativeEvents=false, acceptSslCerts=true, webdriver.remote.sessionid=691114ebbd69427999aaf6e6ee4eea79, locationContextEnabled=true, webStorageEnabled=true, takesScreenshot=true, browserName=firefox, javascriptEnabled=true, cssSelectorsEnabled=true}]
Session ID: 691114ebbd69427999aaf6e6ee4eea79
	at org.openqa.selenium.remote.ErrorHandler.createThrowable(ErrorHandler.java:206)
	at org.openqa.selenium.remote.ErrorHandler.throwIfResponseFailed(ErrorHandler.java:158)
	at org.openqa.selenium.remote.RemoteWebDriver.execute(RemoteWebDriver.java:647)
	at org.openqa.selenium.remote.RemoteWebDriver.execute(RemoteWebDriver.java:670)
	at org.openqa.selenium.remote.RemoteWebDriver.getTitle(RemoteWebDriver.java:315)
	at com.biodata.labguru.pages.AdminPage.showConsumables(AdminPage.java:255)
	at com.biodata.labguru.tests.inventory.purchasables.ConsumablesTest.addSimpleItem(ConsumablesTest.java:104)
	at java.util.concurrent.ThreadPoolExecutor.runWorker(ThreadPoolExecutor.java:1142)
	at java.util.concurrent.ThreadPoolExecutor$Worker.run(ThreadPoolExecutor.java:617)
	at java.lang.Thread.run(Thread.java:745)
... Removed 13 stack frames</div></td></tr></table><p class="totop"><a href="#summary">back to summary</a></p><h3 id="m15">com.biodata.labguru.tests.inventory.purchasables.ConsumablesTest#addStockLocatedInBox</h3><table class="result"><tr><th>Exception</th></tr><tr><td><div class="stacktrace">org.openqa.selenium.UnsupportedCommandException: ERROR The test with session id 691114ebbd69427999aaf6e6ee4eea79 has already finished, and can&apos;t receive further commands
You can learn more at https://saucelabs.com/jobs/691114ebbd69427999aaf6e6ee4eea79
For help, please check https://docs.saucelabs.com/reference/troubleshooting-common-error-messages
Command duration or timeout: 417 milliseconds
Build info: version: &apos;2.48.2&apos;, revision: &apos;41bccdd10cf2c0560f637404c2d96164b67d9d67&apos;, time: &apos;2015-10-09 13:08:06&apos;
System info: host: &apos;Gonis-MacBook-Pro.local&apos;, ip: &apos;192.168.1.14&apos;, os.name: &apos;Mac OS X&apos;, os.arch: &apos;x86_64&apos;, os.version: &apos;10.10.4&apos;, java.version: &apos;1.8.0_45&apos;
Driver info: org.openqa.selenium.remote.RemoteWebDriver
Capabilities [{applicationCacheEnabled=true, rotatable=false, hasMetadata=true, databaseEnabled=true, handlesAlerts=true, version=43.0, platform=MAC, nativeEvents=false, acceptSslCerts=true, webdriver.remote.sessionid=691114ebbd69427999aaf6e6ee4eea79, locationContextEnabled=true, webStorageEnabled=true, takesScreenshot=true, browserName=firefox, javascriptEnabled=true, cssSelectorsEnabled=true}]
Session ID: 691114ebbd69427999aaf6e6ee4eea79
	at org.openqa.selenium.remote.ErrorHandler.createThrowable(ErrorHandler.java:206)
	at org.openqa.selenium.remote.ErrorHandler.throwIfResponseFailed(ErrorHandler.java:158)
	at org.openqa.selenium.remote.RemoteWebDriver.execute(RemoteWebDriver.java:647)
	at org.openqa.selenium.remote.RemoteWebDriver.execute(RemoteWebDriver.java:670)
	at org.openqa.selenium.remote.RemoteWebDriver.getTitle(RemoteWebDriver.java:315)
	at com.biodata.labguru.tests.BaseTest.setLog(BaseTest.java:282)
	at com.biodata.labguru.tests.inventory.AbstractCollectionsTest.addStockLocatedInBox(AbstractCollectionsTest.java:337)
	at java.util.concurrent.ThreadPoolExecutor.runWorker(ThreadPoolExecutor.java:1142)
	at java.util.concurrent.ThreadPoolExecutor$Worker.run(ThreadPoolExecutor.java:617)
	at java.lang.Thread.run(Thread.java:745)
... Removed 13 stack frames</div></td></tr></table><p class="totop"><a href="#summary">back to summary</a></p><h3 id="m16">com.biodata.labguru.tests.inventory.purchasables.ConsumablesTest#addTask</h3><table class="result"><tr><th>Exception</th></tr><tr><td><div class="stacktrace">org.openqa.selenium.UnsupportedCommandException: ERROR The test with session id 691114ebbd69427999aaf6e6ee4eea79 has already finished, and can&apos;t receive further commands
You can learn more at https://saucelabs.com/jobs/691114ebbd69427999aaf6e6ee4eea79
For help, please check https://docs.saucelabs.com/reference/troubleshooting-common-error-messages
Command duration or timeout: 238 milliseconds
Build info: version: &apos;2.48.2&apos;, revision: &apos;41bccdd10cf2c0560f637404c2d96164b67d9d67&apos;, time: &apos;2015-10-09 13:08:06&apos;
System info: host: &apos;Gonis-MacBook-Pro.local&apos;, ip: &apos;192.168.1.14&apos;, os.name: &apos;Mac OS X&apos;, os.arch: &apos;x86_64&apos;, os.version: &apos;10.10.4&apos;, java.version: &apos;1.8.0_45&apos;
Driver info: org.openqa.selenium.remote.RemoteWebDriver
Capabilities [{applicationCacheEnabled=true, rotatable=false, hasMetadata=true, databaseEnabled=true, handlesAlerts=true, version=43.0, platform=MAC, nativeEvents=false, acceptSslCerts=true, webdriver.remote.sessionid=691114ebbd69427999aaf6e6ee4eea79, locationContextEnabled=true, webStorageEnabled=true, takesScreenshot=true, browserName=firefox, javascriptEnabled=true, cssSelectorsEnabled=true}]
Session ID: 691114ebbd69427999aaf6e6ee4eea79
	at org.openqa.selenium.remote.ErrorHandler.createThrowable(ErrorHandler.java:206)
	at org.openqa.selenium.remote.ErrorHandler.throwIfResponseFailed(ErrorHandler.java:158)
	at org.openqa.selenium.remote.RemoteWebDriver.execute(RemoteWebDriver.java:647)
	at org.openqa.selenium.remote.RemoteWebDriver.execute(RemoteWebDriver.java:670)
	at org.openqa.selenium.remote.RemoteWebDriver.getTitle(RemoteWebDriver.java:315)
	at com.biodata.labguru.tests.BaseTest.setLog(BaseTest.java:282)
	at com.biodata.labguru.tests.AbstractLGTest.addTask(AbstractLGTest.java:91)
	at java.util.concurrent.ThreadPoolExecutor.runWorker(ThreadPoolExecutor.java:1142)
	at java.util.concurrent.ThreadPoolExecutor$Worker.run(ThreadPoolExecutor.java:617)
	at java.lang.Thread.run(Thread.java:745)
... Removed 14 stack frames</div></td></tr></table><p class="totop"><a href="#summary">back to summary</a></p><h3 id="m17">com.biodata.labguru.tests.inventory.purchasables.ConsumablesTest#addToShoppingListFromShowPage</h3><table class="result"><tr><th>Exception</th></tr><tr><td><div class="stacktrace">org.openqa.selenium.UnsupportedCommandException: ERROR The test with session id 691114ebbd69427999aaf6e6ee4eea79 has already finished, and can&apos;t receive further commands
You can learn more at https://saucelabs.com/jobs/691114ebbd69427999aaf6e6ee4eea79
For help, please check https://docs.saucelabs.com/reference/troubleshooting-common-error-messages
Command duration or timeout: 286 milliseconds
Build info: version: &apos;2.48.2&apos;, revision: &apos;41bccdd10cf2c0560f637404c2d96164b67d9d67&apos;, time: &apos;2015-10-09 13:08:06&apos;
System info: host: &apos;Gonis-MacBook-Pro.local&apos;, ip: &apos;192.168.1.14&apos;, os.name: &apos;Mac OS X&apos;, os.arch: &apos;x86_64&apos;, os.version: &apos;10.10.4&apos;, java.version: &apos;1.8.0_45&apos;
Driver info: org.openqa.selenium.remote.RemoteWebDriver
Capabilities [{applicationCacheEnabled=true, rotatable=false, hasMetadata=true, databaseEnabled=true, handlesAlerts=true, version=43.0, platform=MAC, nativeEvents=false, acceptSslCerts=true, webdriver.remote.sessionid=691114ebbd69427999aaf6e6ee4eea79, locationContextEnabled=true, webStorageEnabled=true, takesScreenshot=true, browserName=firefox, javascriptEnabled=true, cssSelectorsEnabled=true}]
Session ID: 691114ebbd69427999aaf6e6ee4eea79
	at org.openqa.selenium.remote.ErrorHandler.createThrowable(ErrorHandler.java:206)
	at org.openqa.selenium.remote.ErrorHandler.throwIfResponseFailed(ErrorHandler.java:158)
	at org.openqa.selenium.remote.RemoteWebDriver.execute(RemoteWebDriver.java:647)
	at org.openqa.selenium.remote.RemoteWebDriver.execute(RemoteWebDriver.java:670)
	at org.openqa.selenium.remote.RemoteWebDriver.getTitle(RemoteWebDriver.java:315)
	at com.biodata.labguru.tests.BaseTest.setLog(BaseTest.java:259)
	at com.biodata.labguru.tests.inventory.purchasables.ConsumablesTest.addToShoppingListFromShowPage(ConsumablesTest.java:146)
	at java.util.concurrent.ThreadPoolExecutor.runWorker(ThreadPoolExecutor.java:1142)
	at java.util.concurrent.ThreadPoolExecutor$Worker.run(ThreadPoolExecutor.java:617)
	at java.lang.Thread.run(Thread.java:745)
... Removed 13 stack frames</div></td></tr></table><p class="totop"><a href="#summary">back to summary</a></p><h3 id="m18">com.biodata.labguru.tests.inventory.purchasables.ConsumablesTest#checkCustomizeTableView</h3><table class="result"><tr><th>Exception</th></tr><tr><td><div class="stacktrace">org.openqa.selenium.UnsupportedCommandException: ERROR The test with session id 691114ebbd69427999aaf6e6ee4eea79 has already finished, and can&apos;t receive further commands
You can learn more at https://saucelabs.com/jobs/691114ebbd69427999aaf6e6ee4eea79
For help, please check https://docs.saucelabs.com/reference/troubleshooting-common-error-messages
Command duration or timeout: 256 milliseconds
Build info: version: &apos;2.48.2&apos;, revision: &apos;41bccdd10cf2c0560f637404c2d96164b67d9d67&apos;, time: &apos;2015-10-09 13:08:06&apos;
System info: host: &apos;Gonis-MacBook-Pro.local&apos;, ip: &apos;192.168.1.14&apos;, os.name: &apos;Mac OS X&apos;, os.arch: &apos;x86_64&apos;, os.version: &apos;10.10.4&apos;, java.version: &apos;1.8.0_45&apos;
Driver info: org.openqa.selenium.remote.RemoteWebDriver
Capabilities [{applicationCacheEnabled=true, rotatable=false, hasMetadata=true, databaseEnabled=true, handlesAlerts=true, version=43.0, platform=MAC, nativeEvents=false, acceptSslCerts=true, webdriver.remote.sessionid=691114ebbd69427999aaf6e6ee4eea79, locationContextEnabled=true, webStorageEnabled=true, takesScreenshot=true, browserName=firefox, javascriptEnabled=true, cssSelectorsEnabled=true}]
Session ID: 691114ebbd69427999aaf6e6ee4eea79
	at org.openqa.selenium.remote.ErrorHandler.createThrowable(ErrorHandler.java:206)
	at org.openqa.selenium.remote.ErrorHandler.throwIfResponseFailed(ErrorHandler.java:158)
	at org.openqa.selenium.remote.RemoteWebDriver.execute(RemoteWebDriver.java:647)
	at org.openqa.selenium.remote.RemoteWebDriver.execute(RemoteWebDriver.java:670)
	at org.openqa.selenium.remote.RemoteWebDriver.getTitle(RemoteWebDriver.java:315)
	at com.biodata.labguru.tests.BaseTest.setLog(BaseTest.java:282)
	at com.biodata.labguru.tests.inventory.AbstractCollectionsTest.checkCustomizeTableView(AbstractCollectionsTest.java:93)
	at java.util.concurrent.ThreadPoolExecutor.runWorker(ThreadPoolExecutor.java:1142)
	at java.util.concurrent.ThreadPoolExecutor$Worker.run(ThreadPoolExecutor.java:617)
	at java.lang.Thread.run(Thread.java:745)
... Removed 13 stack frames</div></td></tr></table><p class="totop"><a href="#summary">back to summary</a></p><h3 id="m19">com.biodata.labguru.tests.inventory.purchasables.ConsumablesTest#checkShowPageOfCreatedItem</h3><table class="result"><tr><th>Exception</th></tr><tr><td><div class="stacktrace">org.openqa.selenium.UnsupportedCommandException: ERROR The test with session id 691114ebbd69427999aaf6e6ee4eea79 has already finished, and can&apos;t receive further commands
You can learn more at https://saucelabs.com/jobs/691114ebbd69427999aaf6e6ee4eea79
For help, please check https://docs.saucelabs.com/reference/troubleshooting-common-error-messages
Command duration or timeout: 540 milliseconds
Build info: version: &apos;2.48.2&apos;, revision: &apos;41bccdd10cf2c0560f637404c2d96164b67d9d67&apos;, time: &apos;2015-10-09 13:08:06&apos;
System info: host: &apos;Gonis-MacBook-Pro.local&apos;, ip: &apos;192.168.1.14&apos;, os.name: &apos;Mac OS X&apos;, os.arch: &apos;x86_64&apos;, os.version: &apos;10.10.4&apos;, java.version: &apos;1.8.0_45&apos;
Driver info: org.openqa.selenium.remote.RemoteWebDriver
Capabilities [{applicationCacheEnabled=true, rotatable=false, hasMetadata=true, databaseEnabled=true, handlesAlerts=true, version=43.0, platform=MAC, nativeEvents=false, acceptSslCerts=true, webdriver.remote.sessionid=691114ebbd69427999aaf6e6ee4eea79, locationContextEnabled=true, webStorageEnabled=true, takesScreenshot=true, browserName=firefox, javascriptEnabled=true, cssSelectorsEnabled=true}]
Session ID: 691114ebbd69427999aaf6e6ee4eea79
	at org.openqa.selenium.remote.ErrorHandler.createThrowable(ErrorHandler.java:206)
	at org.openqa.selenium.remote.ErrorHandler.throwIfResponseFailed(ErrorHandler.java:158)
	at org.openqa.selenium.remote.RemoteWebDriver.execute(RemoteWebDriver.java:647)
	at org.openqa.selenium.remote.RemoteWebDriver.execute(RemoteWebDriver.java:670)
	at org.openqa.selenium.remote.RemoteWebDriver.getTitle(RemoteWebDriver.java:315)
	at com.biodata.labguru.tests.BaseTest.setLog(BaseTest.java:282)
	at com.biodata.labguru.tests.inventory.purchasables.PurchasableCollectionTest.checkShowPageOfCreatedItem(PurchasableCollectionTest.java:33)
	at java.util.concurrent.ThreadPoolExecutor.runWorker(ThreadPoolExecutor.java:1142)
	at java.util.concurrent.ThreadPoolExecutor$Worker.run(ThreadPoolExecutor.java:617)
	at java.lang.Thread.run(Thread.java:745)
... Removed 13 stack frames</div></td></tr></table><p class="totop"><a href="#summary">back to summary</a></p><h3 id="m20">com.biodata.labguru.tests.inventory.purchasables.ConsumablesTest#deleteAllItemsFromIndexTable</h3><table class="result"><tr><th>Exception</th></tr><tr><td><div class="stacktrace">org.openqa.selenium.UnsupportedCommandException: ERROR The test with session id 691114ebbd69427999aaf6e6ee4eea79 has already finished, and can&apos;t receive further commands
You can learn more at https://saucelabs.com/jobs/691114ebbd69427999aaf6e6ee4eea79
For help, please check https://docs.saucelabs.com/reference/troubleshooting-common-error-messages
Command duration or timeout: 238 milliseconds
Build info: version: &apos;2.48.2&apos;, revision: &apos;41bccdd10cf2c0560f637404c2d96164b67d9d67&apos;, time: &apos;2015-10-09 13:08:06&apos;
System info: host: &apos;Gonis-MacBook-Pro.local&apos;, ip: &apos;192.168.1.14&apos;, os.name: &apos;Mac OS X&apos;, os.arch: &apos;x86_64&apos;, os.version: &apos;10.10.4&apos;, java.version: &apos;1.8.0_45&apos;
Driver info: org.openqa.selenium.remote.RemoteWebDriver
Capabilities [{applicationCacheEnabled=true, rotatable=false, hasMetadata=true, databaseEnabled=true, handlesAlerts=true, version=43.0, platform=MAC, nativeEvents=false, acceptSslCerts=true, webdriver.remote.sessionid=691114ebbd69427999aaf6e6ee4eea79, locationContextEnabled=true, webStorageEnabled=true, takesScreenshot=true, browserName=firefox, javascriptEnabled=true, cssSelectorsEnabled=true}]
Session ID: 691114ebbd69427999aaf6e6ee4eea79
	at org.openqa.selenium.remote.ErrorHandler.createThrowable(ErrorHandler.java:206)
	at org.openqa.selenium.remote.ErrorHandler.throwIfResponseFailed(ErrorHandler.java:158)
	at org.openqa.selenium.remote.RemoteWebDriver.execute(RemoteWebDriver.java:647)
	at org.openqa.selenium.remote.RemoteWebDriver.execute(RemoteWebDriver.java:670)
	at org.openqa.selenium.remote.RemoteWebDriver.getTitle(RemoteWebDriver.java:315)
	at com.biodata.labguru.tests.BaseTest.setLog(BaseTest.java:282)
	at com.biodata.labguru.tests.inventory.AbstractCollectionsTest.deleteAllItemsFromIndexTable(AbstractCollectionsTest.java:357)
	at java.util.concurrent.ThreadPoolExecutor.runWorker(ThreadPoolExecutor.java:1142)
	at java.util.concurrent.ThreadPoolExecutor$Worker.run(ThreadPoolExecutor.java:617)
	at java.lang.Thread.run(Thread.java:745)
... Removed 13 stack frames</div></td></tr></table><p class="totop"><a href="#summary">back to summary</a></p><h3 id="m21">com.biodata.labguru.tests.inventory.purchasables.ConsumablesTest#deleteCollectionItemFromIndexTable</h3><table class="result"><tr><th>Exception</th></tr><tr><td><div class="stacktrace">org.openqa.selenium.UnsupportedCommandException: ERROR The test with session id 691114ebbd69427999aaf6e6ee4eea79 has already finished, and can&apos;t receive further commands
You can learn more at https://saucelabs.com/jobs/691114ebbd69427999aaf6e6ee4eea79
For help, please check https://docs.saucelabs.com/reference/troubleshooting-common-error-messages
Command duration or timeout: 248 milliseconds
Build info: version: &apos;2.48.2&apos;, revision: &apos;41bccdd10cf2c0560f637404c2d96164b67d9d67&apos;, time: &apos;2015-10-09 13:08:06&apos;
System info: host: &apos;Gonis-MacBook-Pro.local&apos;, ip: &apos;192.168.1.14&apos;, os.name: &apos;Mac OS X&apos;, os.arch: &apos;x86_64&apos;, os.version: &apos;10.10.4&apos;, java.version: &apos;1.8.0_45&apos;
Driver info: org.openqa.selenium.remote.RemoteWebDriver
Capabilities [{applicationCacheEnabled=true, rotatable=false, hasMetadata=true, databaseEnabled=true, handlesAlerts=true, version=43.0, platform=MAC, nativeEvents=false, acceptSslCerts=true, webdriver.remote.sessionid=691114ebbd69427999aaf6e6ee4eea79, locationContextEnabled=true, webStorageEnabled=true, takesScreenshot=true, browserName=firefox, javascriptEnabled=true, cssSelectorsEnabled=true}]
Session ID: 691114ebbd69427999aaf6e6ee4eea79
	at org.openqa.selenium.remote.ErrorHandler.createThrowable(ErrorHandler.java:206)
	at org.openqa.selenium.remote.ErrorHandler.throwIfResponseFailed(ErrorHandler.java:158)
	at org.openqa.selenium.remote.RemoteWebDriver.execute(RemoteWebDriver.java:647)
	at org.openqa.selenium.remote.RemoteWebDriver.execute(RemoteWebDriver.java:670)
	at org.openqa.selenium.remote.RemoteWebDriver.getTitle(RemoteWebDriver.java:315)
	at com.biodata.labguru.tests.BaseTest.setLog(BaseTest.java:282)
	at com.biodata.labguru.tests.inventory.AbstractCollectionsTest.deleteCollectionItemFromIndexTable(AbstractCollectionsTest.java:137)
	at java.util.concurrent.ThreadPoolExecutor.runWorker(ThreadPoolExecutor.java:1142)
	at java.util.concurrent.ThreadPoolExecutor$Worker.run(ThreadPoolExecutor.java:617)
	at java.lang.Thread.run(Thread.java:745)
... Removed 13 stack frames</div></td></tr></table><p class="totop"><a href="#summary">back to summary</a></p><h3 id="m22">com.biodata.labguru.tests.inventory.purchasables.ConsumablesTest#deleteCollectionItemFromItemShowPage</h3><table class="result"><tr><th>Exception</th></tr><tr><td><div class="stacktrace">org.openqa.selenium.UnsupportedCommandException: ERROR The test with session id 691114ebbd69427999aaf6e6ee4eea79 has already finished, and can&apos;t receive further commands
You can learn more at https://saucelabs.com/jobs/691114ebbd69427999aaf6e6ee4eea79
For help, please check https://docs.saucelabs.com/reference/troubleshooting-common-error-messages
Command duration or timeout: 247 milliseconds
Build info: version: &apos;2.48.2&apos;, revision: &apos;41bccdd10cf2c0560f637404c2d96164b67d9d67&apos;, time: &apos;2015-10-09 13:08:06&apos;
System info: host: &apos;Gonis-MacBook-Pro.local&apos;, ip: &apos;192.168.1.14&apos;, os.name: &apos;Mac OS X&apos;, os.arch: &apos;x86_64&apos;, os.version: &apos;10.10.4&apos;, java.version: &apos;1.8.0_45&apos;
Driver info: org.openqa.selenium.remote.RemoteWebDriver
Capabilities [{applicationCacheEnabled=true, rotatable=false, hasMetadata=true, databaseEnabled=true, handlesAlerts=true, version=43.0, platform=MAC, nativeEvents=false, acceptSslCerts=true, webdriver.remote.sessionid=691114ebbd69427999aaf6e6ee4eea79, locationContextEnabled=true, webStorageEnabled=true, takesScreenshot=true, browserName=firefox, javascriptEnabled=true, cssSelectorsEnabled=true}]
Session ID: 691114ebbd69427999aaf6e6ee4eea79
	at org.openqa.selenium.remote.ErrorHandler.createThrowable(ErrorHandler.java:206)
	at org.openqa.selenium.remote.ErrorHandler.throwIfResponseFailed(ErrorHandler.java:158)
	at org.openqa.selenium.remote.RemoteWebDriver.execute(RemoteWebDriver.java:647)
	at org.openqa.selenium.remote.RemoteWebDriver.execute(RemoteWebDriver.java:670)
	at org.openqa.selenium.remote.RemoteWebDriver.getTitle(RemoteWebDriver.java:315)
	at com.biodata.labguru.tests.BaseTest.setLog(BaseTest.java:282)
	at com.biodata.labguru.tests.inventory.AbstractCollectionsTest.deleteCollectionItemFromItemShowPage(AbstractCollectionsTest.java:157)
	at java.util.concurrent.ThreadPoolExecutor.runWorker(ThreadPoolExecutor.java:1142)
	at java.util.concurrent.ThreadPoolExecutor$Worker.run(ThreadPoolExecutor.java:617)
	at java.lang.Thread.run(Thread.java:745)
... Removed 13 stack frames</div></td></tr></table><p class="totop"><a href="#summary">back to summary</a></p><h3 id="m23">com.biodata.labguru.tests.inventory.purchasables.ConsumablesTest#importCollection</h3><table class="result"><tr><th>Exception</th></tr><tr><td><div class="stacktrace">org.openqa.selenium.UnsupportedCommandException: ERROR The test with session id 691114ebbd69427999aaf6e6ee4eea79 has already finished, and can&apos;t receive further commands
You can learn more at https://saucelabs.com/jobs/691114ebbd69427999aaf6e6ee4eea79
For help, please check https://docs.saucelabs.com/reference/troubleshooting-common-error-messages
Command duration or timeout: 253 milliseconds
Build info: version: &apos;2.48.2&apos;, revision: &apos;41bccdd10cf2c0560f637404c2d96164b67d9d67&apos;, time: &apos;2015-10-09 13:08:06&apos;
System info: host: &apos;Gonis-MacBook-Pro.local&apos;, ip: &apos;192.168.1.14&apos;, os.name: &apos;Mac OS X&apos;, os.arch: &apos;x86_64&apos;, os.version: &apos;10.10.4&apos;, java.version: &apos;1.8.0_45&apos;
Driver info: org.openqa.selenium.remote.RemoteWebDriver
Capabilities [{applicationCacheEnabled=true, rotatable=false, hasMetadata=true, databaseEnabled=true, handlesAlerts=true, version=43.0, platform=MAC, nativeEvents=false, acceptSslCerts=true, webdriver.remote.sessionid=691114ebbd69427999aaf6e6ee4eea79, locationContextEnabled=true, webStorageEnabled=true, takesScreenshot=true, browserName=firefox, javascriptEnabled=true, cssSelectorsEnabled=true}]
Session ID: 691114ebbd69427999aaf6e6ee4eea79
	at org.openqa.selenium.remote.ErrorHandler.createThrowable(ErrorHandler.java:206)
	at org.openqa.selenium.remote.ErrorHandler.throwIfResponseFailed(ErrorHandler.java:158)
	at org.openqa.selenium.remote.RemoteWebDriver.execute(RemoteWebDriver.java:647)
	at org.openqa.selenium.remote.RemoteWebDriver.execute(RemoteWebDriver.java:670)
	at org.openqa.selenium.remote.RemoteWebDriver.getTitle(RemoteWebDriver.java:315)
	at com.biodata.labguru.tests.BaseTest.setLog(BaseTest.java:282)
	at com.biodata.labguru.tests.inventory.AbstractCollectionsTest.importCollection(AbstractCollectionsTest.java:261)
	at java.util.concurrent.ThreadPoolExecutor.runWorker(ThreadPoolExecutor.java:1142)
	at java.util.concurrent.ThreadPoolExecutor$Worker.run(ThreadPoolExecutor.java:617)
	at java.lang.Thread.run(Thread.java:745)
... Removed 13 stack frames</div></td></tr></table><p class="totop"><a href="#summary">back to summary</a></p><h3 id="m24">com.biodata.labguru.tests.inventory.purchasables.ConsumablesTest#searchItemInShoppingList</h3><table class="result"><tr><th>Exception</th></tr><tr><td><div class="stacktrace">org.openqa.selenium.UnsupportedCommandException: ERROR The test with session id 691114ebbd69427999aaf6e6ee4eea79 has already finished, and can&apos;t receive further commands
You can learn more at https://saucelabs.com/jobs/691114ebbd69427999aaf6e6ee4eea79
For help, please check https://docs.saucelabs.com/reference/troubleshooting-common-error-messages
Command duration or timeout: 236 milliseconds
Build info: version: &apos;2.48.2&apos;, revision: &apos;41bccdd10cf2c0560f637404c2d96164b67d9d67&apos;, time: &apos;2015-10-09 13:08:06&apos;
System info: host: &apos;Gonis-MacBook-Pro.local&apos;, ip: &apos;192.168.1.14&apos;, os.name: &apos;Mac OS X&apos;, os.arch: &apos;x86_64&apos;, os.version: &apos;10.10.4&apos;, java.version: &apos;1.8.0_45&apos;
Driver info: org.openqa.selenium.remote.RemoteWebDriver
Capabilities [{applicationCacheEnabled=true, rotatable=false, hasMetadata=true, databaseEnabled=true, handlesAlerts=true, version=43.0, platform=MAC, nativeEvents=false, acceptSslCerts=true, webdriver.remote.sessionid=691114ebbd69427999aaf6e6ee4eea79, locationContextEnabled=true, webStorageEnabled=true, takesScreenshot=true, browserName=firefox, javascriptEnabled=true, cssSelectorsEnabled=true}]
Session ID: 691114ebbd69427999aaf6e6ee4eea79
	at org.openqa.selenium.remote.ErrorHandler.createThrowable(ErrorHandler.java:206)
	at org.openqa.selenium.remote.ErrorHandler.throwIfResponseFailed(ErrorHandler.java:158)
	at org.openqa.selenium.remote.RemoteWebDriver.execute(RemoteWebDriver.java:647)
	at org.openqa.selenium.remote.RemoteWebDriver.execute(RemoteWebDriver.java:670)
	at org.openqa.selenium.remote.RemoteWebDriver.getTitle(RemoteWebDriver.java:315)
	at com.biodata.labguru.tests.BaseTest.setLog(BaseTest.java:282)
	at com.biodata.labguru.tests.inventory.purchasables.PurchasableCollectionTest.searchItemInShoppingList(PurchasableCollectionTest.java:64)
	at java.util.concurrent.ThreadPoolExecutor.runWorker(ThreadPoolExecutor.java:1142)
	at java.util.concurrent.ThreadPoolExecutor$Worker.run(ThreadPoolExecutor.java:617)
	at java.lang.Thread.run(Thread.java:745)
... Removed 13 stack frames</div></td></tr></table><p class="totop"><a href="#summary">back to summary</a></p><h3 id="m25">com.biodata.labguru.tests.inventory.purchasables.ConsumablesTest#showMenu</h3><table class="result"><tr><th>Exception</th></tr><tr><td><div class="stacktrace">org.openqa.selenium.UnsupportedCommandException: ERROR The test with session id 691114ebbd69427999aaf6e6ee4eea79 has already finished, and can&apos;t receive further commands
You can learn more at https://saucelabs.com/jobs/691114ebbd69427999aaf6e6ee4eea79
For help, please check https://docs.saucelabs.com/reference/troubleshooting-common-error-messages
Command duration or timeout: 272 milliseconds
Build info: version: &apos;2.48.2&apos;, revision: &apos;41bccdd10cf2c0560f637404c2d96164b67d9d67&apos;, time: &apos;2015-10-09 13:08:06&apos;
System info: host: &apos;Gonis-MacBook-Pro.local&apos;, ip: &apos;192.168.1.14&apos;, os.name: &apos;Mac OS X&apos;, os.arch: &apos;x86_64&apos;, os.version: &apos;10.10.4&apos;, java.version: &apos;1.8.0_45&apos;
Driver info: org.openqa.selenium.remote.RemoteWebDriver
Capabilities [{applicationCacheEnabled=true, rotatable=false, hasMetadata=true, databaseEnabled=true, handlesAlerts=true, version=43.0, platform=MAC, nativeEvents=false, acceptSslCerts=true, webdriver.remote.sessionid=691114ebbd69427999aaf6e6ee4eea79, locationContextEnabled=true, webStorageEnabled=true, takesScreenshot=true, browserName=firefox, javascriptEnabled=true, cssSelectorsEnabled=true}]
Session ID: 691114ebbd69427999aaf6e6ee4eea79
	at org.openqa.selenium.remote.ErrorHandler.createThrowable(ErrorHandler.java:206)
	at org.openqa.selenium.remote.ErrorHandler.throwIfResponseFailed(ErrorHandler.java:158)
	at org.openqa.selenium.remote.RemoteWebDriver.execute(RemoteWebDriver.java:647)
	at org.openqa.selenium.remote.RemoteWebDriver.execute(RemoteWebDriver.java:670)
	at org.openqa.selenium.remote.RemoteWebDriver.getTitle(RemoteWebDriver.java:315)
	at com.biodata.labguru.pages.AdminPage.showConsumables(AdminPage.java:255)
	at com.biodata.labguru.tests.inventory.purchasables.ConsumablesTest.showModule(ConsumablesTest.java:164)
	at com.biodata.labguru.tests.AbstractLGTest.showTableIndex(AbstractLGTest.java:27)
	at com.biodata.labguru.tests.inventory.purchasables.ConsumablesTest.showMenu(ConsumablesTest.java:56)
	at java.util.concurrent.ThreadPoolExecutor.runWorker(ThreadPoolExecutor.java:1142)
	at java.util.concurrent.ThreadPoolExecutor$Worker.run(ThreadPoolExecutor.java:617)
	at java.lang.Thread.run(Thread.java:745)
... Removed 14 stack frames</div></td></tr></table><p class="totop"><a href="#summary">back to summary</a></p><h3 id="m26">com.biodata.labguru.tests.inventory.purchasables.ConsumablesTest#uploadImage</h3><table class="result"><tr><th>Exception</th></tr><tr><td><div class="stacktrace">org.openqa.selenium.UnsupportedCommandException: ERROR The test with session id 691114ebbd69427999aaf6e6ee4eea79 has already finished, and can&apos;t receive further commands
You can learn more at https://saucelabs.com/jobs/691114ebbd69427999aaf6e6ee4eea79
For help, please check https://docs.saucelabs.com/reference/troubleshooting-common-error-messages
Command duration or timeout: 262 milliseconds
Build info: version: &apos;2.48.2&apos;, revision: &apos;41bccdd10cf2c0560f637404c2d96164b67d9d67&apos;, time: &apos;2015-10-09 13:08:06&apos;
System info: host: &apos;Gonis-MacBook-Pro.local&apos;, ip: &apos;192.168.1.14&apos;, os.name: &apos;Mac OS X&apos;, os.arch: &apos;x86_64&apos;, os.version: &apos;10.10.4&apos;, java.version: &apos;1.8.0_45&apos;
Driver info: org.openqa.selenium.remote.RemoteWebDriver
Capabilities [{applicationCacheEnabled=true, rotatable=false, hasMetadata=true, databaseEnabled=true, handlesAlerts=true, version=43.0, platform=MAC, nativeEvents=false, acceptSslCerts=true, webdriver.remote.sessionid=691114ebbd69427999aaf6e6ee4eea79, locationContextEnabled=true, webStorageEnabled=true, takesScreenshot=true, browserName=firefox, javascriptEnabled=true, cssSelectorsEnabled=true}]
Session ID: 691114ebbd69427999aaf6e6ee4eea79
	at org.openqa.selenium.remote.ErrorHandler.createThrowable(ErrorHandler.java:206)
	at org.openqa.selenium.remote.ErrorHandler.throwIfResponseFailed(ErrorHandler.java:158)
	at org.openqa.selenium.remote.RemoteWebDriver.execute(RemoteWebDriver.java:647)
	at org.openqa.selenium.remote.RemoteWebDriver.execute(RemoteWebDriver.java:670)
	at org.openqa.selenium.remote.RemoteWebDriver.getTitle(RemoteWebDriver.java:315)
	at com.biodata.labguru.tests.BaseTest.setLog(BaseTest.java:282)
	at com.biodata.labguru.tests.AbstractLGTest.uploadImage(AbstractLGTest.java:148)
	at java.util.concurrent.ThreadPoolExecutor.runWorker(ThreadPoolExecutor.java:1142)
	at java.util.concurrent.ThreadPoolExecutor$Worker.run(ThreadPoolExecutor.java:617)
	at java.lang.Thread.run(Thread.java:745)
... Removed 13 stack frames</div></td></tr></table><p class="totop"><a href="#summary">back to summary</a></p><h3 id="m27">com.biodata.labguru.tests.inventory.purchasables.ProteinsTest#editCollectionItemFromItemShowPage</h3><table class="result"><tr><th>Exception</th></tr><tr><td><div class="stacktrace">org.openqa.selenium.UnsupportedCommandException: ERROR The test with session id 613c28aec06d46a2844ce59d554e64af has already finished, and can&apos;t receive further commands
You can learn more at https://saucelabs.com/jobs/613c28aec06d46a2844ce59d554e64af
For help, please check https://docs.saucelabs.com/reference/troubleshooting-common-error-messages
Command duration or timeout: 399 milliseconds
Build info: version: &apos;2.48.2&apos;, revision: &apos;41bccdd10cf2c0560f637404c2d96164b67d9d67&apos;, time: &apos;2015-10-09 13:08:06&apos;
System info: host: &apos;Gonis-MacBook-Pro.local&apos;, ip: &apos;192.168.1.14&apos;, os.name: &apos;Mac OS X&apos;, os.arch: &apos;x86_64&apos;, os.version: &apos;10.10.4&apos;, java.version: &apos;1.8.0_45&apos;
Driver info: org.openqa.selenium.remote.RemoteWebDriver
Capabilities [{applicationCacheEnabled=true, rotatable=false, hasMetadata=true, databaseEnabled=true, handlesAlerts=true, version=43.0, platform=MAC, nativeEvents=false, acceptSslCerts=true, webdriver.remote.sessionid=613c28aec06d46a2844ce59d554e64af, locationContextEnabled=true, webStorageEnabled=true, takesScreenshot=true, browserName=firefox, javascriptEnabled=true, cssSelectorsEnabled=true}]
Session ID: 613c28aec06d46a2844ce59d554e64af
	at org.openqa.selenium.remote.ErrorHandler.createThrowable(ErrorHandler.java:206)
	at org.openqa.selenium.remote.ErrorHandler.throwIfResponseFailed(ErrorHandler.java:158)
	at org.openqa.selenium.remote.RemoteWebDriver.execute(RemoteWebDriver.java:647)
	at org.openqa.selenium.remote.RemoteWebDriver.execute(RemoteWebDriver.java:670)
	at org.openqa.selenium.remote.RemoteWebDriver.getTitle(RemoteWebDriver.java:315)
	at com.biodata.labguru.tests.BaseTest.setLog(BaseTest.java:282)
	at com.biodata.labguru.tests.inventory.AbstractCollectionsTest.editCollectionItemFromItemShowPage(AbstractCollectionsTest.java:174)
	at java.util.concurrent.ThreadPoolExecutor.runWorker(ThreadPoolExecutor.java:1142)
	at java.util.concurrent.ThreadPoolExecutor$Worker.run(ThreadPoolExecutor.java:617)
	at java.lang.Thread.run(Thread.java:745)
... Removed 14 stack frames</div></td></tr></table><p class="totop"><a href="#summary">back to summary</a></p><h3 id="m28">com.biodata.labguru.tests.inventory.purchasables.ProteinsTest#uploadImage</h3><table class="result"><tr><th>Exception</th></tr><tr><td><div class="stacktrace">org.openqa.selenium.UnsupportedCommandException: ERROR The test with session id 613c28aec06d46a2844ce59d554e64af has already finished, and can&apos;t receive further commands
You can learn more at https://saucelabs.com/jobs/613c28aec06d46a2844ce59d554e64af
For help, please check https://docs.saucelabs.com/reference/troubleshooting-common-error-messages
Command duration or timeout: 416 milliseconds
Build info: version: &apos;2.48.2&apos;, revision: &apos;41bccdd10cf2c0560f637404c2d96164b67d9d67&apos;, time: &apos;2015-10-09 13:08:06&apos;
System info: host: &apos;Gonis-MacBook-Pro.local&apos;, ip: &apos;192.168.1.14&apos;, os.name: &apos;Mac OS X&apos;, os.arch: &apos;x86_64&apos;, os.version: &apos;10.10.4&apos;, java.version: &apos;1.8.0_45&apos;
Driver info: org.openqa.selenium.remote.RemoteWebDriver
Capabilities [{applicationCacheEnabled=true, rotatable=false, hasMetadata=true, databaseEnabled=true, handlesAlerts=true, version=43.0, platform=MAC, nativeEvents=false, acceptSslCerts=true, webdriver.remote.sessionid=613c28aec06d46a2844ce59d554e64af, locationContextEnabled=true, webStorageEnabled=true, takesScreenshot=true, browserName=firefox, javascriptEnabled=true, cssSelectorsEnabled=true}]
Session ID: 613c28aec06d46a2844ce59d554e64af
	at org.openqa.selenium.remote.ErrorHandler.createThrowable(ErrorHandler.java:206)
	at org.openqa.selenium.remote.ErrorHandler.throwIfResponseFailed(ErrorHandler.java:158)
	at org.openqa.selenium.remote.RemoteWebDriver.execute(RemoteWebDriver.java:647)
	at org.openqa.selenium.remote.RemoteWebDriver.execute(RemoteWebDriver.java:670)
	at org.openqa.selenium.remote.RemoteWebDriver.getTitle(RemoteWebDriver.java:315)
	at com.biodata.labguru.tests.BaseTest.setLog(BaseTest.java:282)
	at com.biodata.labguru.tests.AbstractLGTest.uploadImage(AbstractLGTest.java:148)
	at java.util.concurrent.ThreadPoolExecutor.runWorker(ThreadPoolExecutor.java:1142)
	at java.util.concurrent.ThreadPoolExecutor$Worker.run(ThreadPoolExecutor.java:617)
	at java.lang.Thread.run(Thread.java:745)
... Removed 14 stack frames</div></td></tr></table><p class="totop"><a href="#summary">back to summary</a></p><h3 id="m29">com.biodata.labguru.tests.inventory.purchasables.WormsTest#addCustomFieldAndGenerateCollectionTemplate</h3><table class="result"><tr><th>Exception</th></tr><tr><td><div class="stacktrace">org.openqa.selenium.UnsupportedCommandException: ERROR The test with session id 1e3078ff5cdb4609a4140ff1d5ecb1d5 has already finished, and can&apos;t receive further commands
You can learn more at https://saucelabs.com/jobs/1e3078ff5cdb4609a4140ff1d5ecb1d5
For help, please check https://docs.saucelabs.com/reference/troubleshooting-common-error-messages
Command duration or timeout: 239 milliseconds
Build info: version: &apos;2.48.2&apos;, revision: &apos;41bccdd10cf2c0560f637404c2d96164b67d9d67&apos;, time: &apos;2015-10-09 13:08:06&apos;
System info: host: &apos;Gonis-MacBook-Pro.local&apos;, ip: &apos;192.168.1.14&apos;, os.name: &apos;Mac OS X&apos;, os.arch: &apos;x86_64&apos;, os.version: &apos;10.10.4&apos;, java.version: &apos;1.8.0_45&apos;
Driver info: org.openqa.selenium.remote.RemoteWebDriver
Capabilities [{applicationCacheEnabled=true, rotatable=false, hasMetadata=true, databaseEnabled=true, handlesAlerts=true, version=43.0, platform=MAC, nativeEvents=false, acceptSslCerts=true, webdriver.remote.sessionid=1e3078ff5cdb4609a4140ff1d5ecb1d5, locationContextEnabled=true, webStorageEnabled=true, takesScreenshot=true, browserName=firefox, javascriptEnabled=true, cssSelectorsEnabled=true}]
Session ID: 1e3078ff5cdb4609a4140ff1d5ecb1d5
	at org.openqa.selenium.remote.ErrorHandler.createThrowable(ErrorHandler.java:206)
	at org.openqa.selenium.remote.ErrorHandler.throwIfResponseFailed(ErrorHandler.java:158)
	at org.openqa.selenium.remote.RemoteWebDriver.execute(RemoteWebDriver.java:647)
	at org.openqa.selenium.remote.RemoteWebDriver.execute(RemoteWebDriver.java:670)
	at org.openqa.selenium.remote.RemoteWebDriver.getTitle(RemoteWebDriver.java:315)
	at com.biodata.labguru.tests.BaseTest.setLog(BaseTest.java:282)
	at com.biodata.labguru.tests.inventory.AbstractCollectionsTest.addCustomFieldAndGenerateCollectionTemplate(AbstractCollectionsTest.java:242)
	at java.util.concurrent.ThreadPoolExecutor.runWorker(ThreadPoolExecutor.java:1142)
	at java.util.concurrent.ThreadPoolExecutor$Worker.run(ThreadPoolExecutor.java:617)
	at java.lang.Thread.run(Thread.java:745)
... Removed 13 stack frames</div></td></tr></table><p class="totop"><a href="#summary">back to summary</a></p><h3 id="m30">com.biodata.labguru.tests.inventory.purchasables.WormsTest#addItemSaveAndNew</h3><table class="result"><tr><th>Exception</th></tr><tr><td><div class="stacktrace">org.openqa.selenium.UnsupportedCommandException: ERROR The test with session id 1e3078ff5cdb4609a4140ff1d5ecb1d5 has already finished, and can&apos;t receive further commands
You can learn more at https://saucelabs.com/jobs/1e3078ff5cdb4609a4140ff1d5ecb1d5
For help, please check https://docs.saucelabs.com/reference/troubleshooting-common-error-messages
Command duration or timeout: 240 milliseconds
Build info: version: &apos;2.48.2&apos;, revision: &apos;41bccdd10cf2c0560f637404c2d96164b67d9d67&apos;, time: &apos;2015-10-09 13:08:06&apos;
System info: host: &apos;Gonis-MacBook-Pro.local&apos;, ip: &apos;192.168.1.14&apos;, os.name: &apos;Mac OS X&apos;, os.arch: &apos;x86_64&apos;, os.version: &apos;10.10.4&apos;, java.version: &apos;1.8.0_45&apos;
Driver info: org.openqa.selenium.remote.RemoteWebDriver
Capabilities [{applicationCacheEnabled=true, rotatable=false, hasMetadata=true, databaseEnabled=true, handlesAlerts=true, version=43.0, platform=MAC, nativeEvents=false, acceptSslCerts=true, webdriver.remote.sessionid=1e3078ff5cdb4609a4140ff1d5ecb1d5, locationContextEnabled=true, webStorageEnabled=true, takesScreenshot=true, browserName=firefox, javascriptEnabled=true, cssSelectorsEnabled=true}]
Session ID: 1e3078ff5cdb4609a4140ff1d5ecb1d5
	at org.openqa.selenium.remote.ErrorHandler.createThrowable(ErrorHandler.java:206)
	at org.openqa.selenium.remote.ErrorHandler.throwIfResponseFailed(ErrorHandler.java:158)
	at org.openqa.selenium.remote.RemoteWebDriver.execute(RemoteWebDriver.java:647)
	at org.openqa.selenium.remote.RemoteWebDriver.execute(RemoteWebDriver.java:670)
	at org.openqa.selenium.remote.RemoteWebDriver.getTitle(RemoteWebDriver.java:315)
	at com.biodata.labguru.tests.BaseTest.setLog(BaseTest.java:282)
	at com.biodata.labguru.tests.inventory.AbstractCollectionsTest.addItemSaveAndNew(AbstractCollectionsTest.java:114)
	at java.util.concurrent.ThreadPoolExecutor.runWorker(ThreadPoolExecutor.java:1142)
	at java.util.concurrent.ThreadPoolExecutor$Worker.run(ThreadPoolExecutor.java:617)
	at java.lang.Thread.run(Thread.java:745)
... Removed 13 stack frames</div></td></tr></table><p class="totop"><a href="#summary">back to summary</a></p><h3 id="m31">com.biodata.labguru.tests.inventory.purchasables.WormsTest#addSimpleItem</h3><table class="result"><tr><th>Exception</th></tr><tr><td><div class="stacktrace">org.openqa.selenium.UnsupportedCommandException: ERROR The test with session id 1e3078ff5cdb4609a4140ff1d5ecb1d5 has already finished, and can&apos;t receive further commands
You can learn more at https://saucelabs.com/jobs/1e3078ff5cdb4609a4140ff1d5ecb1d5
For help, please check https://docs.saucelabs.com/reference/troubleshooting-common-error-messages
Command duration or timeout: 247 milliseconds
Build info: version: &apos;2.48.2&apos;, revision: &apos;41bccdd10cf2c0560f637404c2d96164b67d9d67&apos;, time: &apos;2015-10-09 13:08:06&apos;
System info: host: &apos;Gonis-MacBook-Pro.local&apos;, ip: &apos;192.168.1.14&apos;, os.name: &apos;Mac OS X&apos;, os.arch: &apos;x86_64&apos;, os.version: &apos;10.10.4&apos;, java.version: &apos;1.8.0_45&apos;
Driver info: org.openqa.selenium.remote.RemoteWebDriver
Capabilities [{applicationCacheEnabled=true, rotatable=false, hasMetadata=true, databaseEnabled=true, handlesAlerts=true, version=43.0, platform=MAC, nativeEvents=false, acceptSslCerts=true, webdriver.remote.sessionid=1e3078ff5cdb4609a4140ff1d5ecb1d5, locationContextEnabled=true, webStorageEnabled=true, takesScreenshot=true, browserName=firefox, javascriptEnabled=true, cssSelectorsEnabled=true}]
Session ID: 1e3078ff5cdb4609a4140ff1d5ecb1d5
	at org.openqa.selenium.remote.ErrorHandler.createThrowable(ErrorHandler.java:206)
	at org.openqa.selenium.remote.ErrorHandler.throwIfResponseFailed(ErrorHandler.java:158)
	at org.openqa.selenium.remote.RemoteWebDriver.execute(RemoteWebDriver.java:647)
	at org.openqa.selenium.remote.RemoteWebDriver.execute(RemoteWebDriver.java:670)
	at org.openqa.selenium.remote.RemoteWebDriver.getTitle(RemoteWebDriver.java:315)
	at com.biodata.labguru.tests.BaseTest.setLog(BaseTest.java:282)
	at com.biodata.labguru.tests.inventory.purchasables.WormsTest.addSimpleItem(WormsTest.java:67)
	at java.util.concurrent.ThreadPoolExecutor.runWorker(ThreadPoolExecutor.java:1142)
	at java.util.concurrent.ThreadPoolExecutor$Worker.run(ThreadPoolExecutor.java:617)
	at java.lang.Thread.run(Thread.java:745)
... Removed 13 stack frames</div></td></tr></table><p class="totop"><a href="#summary">back to summary</a></p><h3 id="m32">com.biodata.labguru.tests.inventory.purchasables.WormsTest#addStockFromMetaDataSection</h3><table class="result"><tr><th>Exception</th></tr><tr><td><div class="stacktrace">org.openqa.selenium.UnsupportedCommandException: ERROR The test with session id 1e3078ff5cdb4609a4140ff1d5ecb1d5 has already finished, and can&apos;t receive further commands
You can learn more at https://saucelabs.com/jobs/1e3078ff5cdb4609a4140ff1d5ecb1d5
For help, please check https://docs.saucelabs.com/reference/troubleshooting-common-error-messages
Command duration or timeout: 374 milliseconds
Build info: version: &apos;2.48.2&apos;, revision: &apos;41bccdd10cf2c0560f637404c2d96164b67d9d67&apos;, time: &apos;2015-10-09 13:08:06&apos;
System info: host: &apos;Gonis-MacBook-Pro.local&apos;, ip: &apos;192.168.1.14&apos;, os.name: &apos;Mac OS X&apos;, os.arch: &apos;x86_64&apos;, os.version: &apos;10.10.4&apos;, java.version: &apos;1.8.0_45&apos;
Driver info: org.openqa.selenium.remote.RemoteWebDriver
Capabilities [{applicationCacheEnabled=true, rotatable=false, hasMetadata=true, databaseEnabled=true, handlesAlerts=true, version=43.0, platform=MAC, nativeEvents=false, acceptSslCerts=true, webdriver.remote.sessionid=1e3078ff5cdb4609a4140ff1d5ecb1d5, locationContextEnabled=true, webStorageEnabled=true, takesScreenshot=true, browserName=firefox, javascriptEnabled=true, cssSelectorsEnabled=true}]
Session ID: 1e3078ff5cdb4609a4140ff1d5ecb1d5
	at org.openqa.selenium.remote.ErrorHandler.createThrowable(ErrorHandler.java:206)
	at org.openqa.selenium.remote.ErrorHandler.throwIfResponseFailed(ErrorHandler.java:158)
	at org.openqa.selenium.remote.RemoteWebDriver.execute(RemoteWebDriver.java:647)
	at org.openqa.selenium.remote.RemoteWebDriver.execute(RemoteWebDriver.java:670)
	at org.openqa.selenium.remote.RemoteWebDriver.getTitle(RemoteWebDriver.java:315)
	at com.biodata.labguru.tests.BaseTest.setLog(BaseTest.java:259)
	at com.biodata.labguru.tests.inventory.AbstractCollectionsTest.addStockFromMetaDataSection(AbstractCollectionsTest.java:285)
	at java.util.concurrent.ThreadPoolExecutor.runWorker(ThreadPoolExecutor.java:1142)
	at java.util.concurrent.ThreadPoolExecutor$Worker.run(ThreadPoolExecutor.java:617)
	at java.lang.Thread.run(Thread.java:745)
... Removed 13 stack frames</div></td></tr></table><p class="totop"><a href="#summary">back to summary</a></p><h3 id="m33">com.biodata.labguru.tests.inventory.purchasables.WormsTest#addStockFromStocksTab</h3><table class="result"><tr><th>Exception</th></tr><tr><td><div class="stacktrace">org.openqa.selenium.UnsupportedCommandException: ERROR The test with session id 1e3078ff5cdb4609a4140ff1d5ecb1d5 has already finished, and can&apos;t receive further commands
You can learn more at https://saucelabs.com/jobs/1e3078ff5cdb4609a4140ff1d5ecb1d5
For help, please check https://docs.saucelabs.com/reference/troubleshooting-common-error-messages
Command duration or timeout: 253 milliseconds
Build info: version: &apos;2.48.2&apos;, revision: &apos;41bccdd10cf2c0560f637404c2d96164b67d9d67&apos;, time: &apos;2015-10-09 13:08:06&apos;
System info: host: &apos;Gonis-MacBook-Pro.local&apos;, ip: &apos;192.168.1.14&apos;, os.name: &apos;Mac OS X&apos;, os.arch: &apos;x86_64&apos;, os.version: &apos;10.10.4&apos;, java.version: &apos;1.8.0_45&apos;
Driver info: org.openqa.selenium.remote.RemoteWebDriver
Capabilities [{applicationCacheEnabled=true, rotatable=false, hasMetadata=true, databaseEnabled=true, handlesAlerts=true, version=43.0, platform=MAC, nativeEvents=false, acceptSslCerts=true, webdriver.remote.sessionid=1e3078ff5cdb4609a4140ff1d5ecb1d5, locationContextEnabled=true, webStorageEnabled=true, takesScreenshot=true, browserName=firefox, javascriptEnabled=true, cssSelectorsEnabled=true}]
Session ID: 1e3078ff5cdb4609a4140ff1d5ecb1d5
	at org.openqa.selenium.remote.ErrorHandler.createThrowable(ErrorHandler.java:206)
	at org.openqa.selenium.remote.ErrorHandler.throwIfResponseFailed(ErrorHandler.java:158)
	at org.openqa.selenium.remote.RemoteWebDriver.execute(RemoteWebDriver.java:647)
	at org.openqa.selenium.remote.RemoteWebDriver.execute(RemoteWebDriver.java:670)
	at org.openqa.selenium.remote.RemoteWebDriver.getTitle(RemoteWebDriver.java:315)
	at com.biodata.labguru.tests.BaseTest.setLog(BaseTest.java:259)
	at com.biodata.labguru.tests.inventory.AbstractCollectionsTest.addStockFromStocksTab(AbstractCollectionsTest.java:313)
	at java.util.concurrent.ThreadPoolExecutor.runWorker(ThreadPoolExecutor.java:1142)
	at java.util.concurrent.ThreadPoolExecutor$Worker.run(ThreadPoolExecutor.java:617)
	at java.lang.Thread.run(Thread.java:745)
... Removed 13 stack frames</div></td></tr></table><p class="totop"><a href="#summary">back to summary</a></p><h3 id="m34">com.biodata.labguru.tests.inventory.purchasables.WormsTest#addStockLocatedInBox</h3><table class="result"><tr><th>Exception</th></tr><tr><td><div class="stacktrace">org.openqa.selenium.UnsupportedCommandException: ERROR The test with session id 1e3078ff5cdb4609a4140ff1d5ecb1d5 has already finished, and can&apos;t receive further commands
You can learn more at https://saucelabs.com/jobs/1e3078ff5cdb4609a4140ff1d5ecb1d5
For help, please check https://docs.saucelabs.com/reference/troubleshooting-common-error-messages
Command duration or timeout: 242 milliseconds
Build info: version: &apos;2.48.2&apos;, revision: &apos;41bccdd10cf2c0560f637404c2d96164b67d9d67&apos;, time: &apos;2015-10-09 13:08:06&apos;
System info: host: &apos;Gonis-MacBook-Pro.local&apos;, ip: &apos;192.168.1.14&apos;, os.name: &apos;Mac OS X&apos;, os.arch: &apos;x86_64&apos;, os.version: &apos;10.10.4&apos;, java.version: &apos;1.8.0_45&apos;
Driver info: org.openqa.selenium.remote.RemoteWebDriver
Capabilities [{applicationCacheEnabled=true, rotatable=false, hasMetadata=true, databaseEnabled=true, handlesAlerts=true, version=43.0, platform=MAC, nativeEvents=false, acceptSslCerts=true, webdriver.remote.sessionid=1e3078ff5cdb4609a4140ff1d5ecb1d5, locationContextEnabled=true, webStorageEnabled=true, takesScreenshot=true, browserName=firefox, javascriptEnabled=true, cssSelectorsEnabled=true}]
Session ID: 1e3078ff5cdb4609a4140ff1d5ecb1d5
	at org.openqa.selenium.remote.ErrorHandler.createThrowable(ErrorHandler.java:206)
	at org.openqa.selenium.remote.ErrorHandler.throwIfResponseFailed(ErrorHandler.java:158)
	at org.openqa.selenium.remote.RemoteWebDriver.execute(RemoteWebDriver.java:647)
	at org.openqa.selenium.remote.RemoteWebDriver.execute(RemoteWebDriver.java:670)
	at org.openqa.selenium.remote.RemoteWebDriver.getTitle(RemoteWebDriver.java:315)
	at com.biodata.labguru.tests.BaseTest.setLog(BaseTest.java:282)
	at com.biodata.labguru.tests.inventory.AbstractCollectionsTest.addStockLocatedInBox(AbstractCollectionsTest.java:337)
	at java.util.concurrent.ThreadPoolExecutor.runWorker(ThreadPoolExecutor.java:1142)
	at java.util.concurrent.ThreadPoolExecutor$Worker.run(ThreadPoolExecutor.java:617)
	at java.lang.Thread.run(Thread.java:745)
... Removed 13 stack frames</div></td></tr></table><p class="totop"><a href="#summary">back to summary</a></p><h3 id="m35">com.biodata.labguru.tests.inventory.purchasables.WormsTest#addTag</h3><table class="result"><tr><th>Exception</th></tr><tr><td><div class="stacktrace">org.openqa.selenium.UnsupportedCommandException: ERROR The test with session id 1e3078ff5cdb4609a4140ff1d5ecb1d5 has already finished, and can&apos;t receive further commands
You can learn more at https://saucelabs.com/jobs/1e3078ff5cdb4609a4140ff1d5ecb1d5
For help, please check https://docs.saucelabs.com/reference/troubleshooting-common-error-messages
Command duration or timeout: 240 milliseconds
Build info: version: &apos;2.48.2&apos;, revision: &apos;41bccdd10cf2c0560f637404c2d96164b67d9d67&apos;, time: &apos;2015-10-09 13:08:06&apos;
System info: host: &apos;Gonis-MacBook-Pro.local&apos;, ip: &apos;192.168.1.14&apos;, os.name: &apos;Mac OS X&apos;, os.arch: &apos;x86_64&apos;, os.version: &apos;10.10.4&apos;, java.version: &apos;1.8.0_45&apos;
Driver info: org.openqa.selenium.remote.RemoteWebDriver
Capabilities [{applicationCacheEnabled=true, rotatable=false, hasMetadata=true, databaseEnabled=true, handlesAlerts=true, version=43.0, platform=MAC, nativeEvents=false, acceptSslCerts=true, webdriver.remote.sessionid=1e3078ff5cdb4609a4140ff1d5ecb1d5, locationContextEnabled=true, webStorageEnabled=true, takesScreenshot=true, browserName=firefox, javascriptEnabled=true, cssSelectorsEnabled=true}]
Session ID: 1e3078ff5cdb4609a4140ff1d5ecb1d5
	at org.openqa.selenium.remote.ErrorHandler.createThrowable(ErrorHandler.java:206)
	at org.openqa.selenium.remote.ErrorHandler.throwIfResponseFailed(ErrorHandler.java:158)
	at org.openqa.selenium.remote.RemoteWebDriver.execute(RemoteWebDriver.java:647)
	at org.openqa.selenium.remote.RemoteWebDriver.execute(RemoteWebDriver.java:670)
	at org.openqa.selenium.remote.RemoteWebDriver.getTitle(RemoteWebDriver.java:315)
	at com.biodata.labguru.tests.BaseTest.setLog(BaseTest.java:282)
	at com.biodata.labguru.tests.AbstractLGTest.addTag(AbstractLGTest.java:69)
	at java.util.concurrent.ThreadPoolExecutor.runWorker(ThreadPoolExecutor.java:1142)
	at java.util.concurrent.ThreadPoolExecutor$Worker.run(ThreadPoolExecutor.java:617)
	at java.lang.Thread.run(Thread.java:745)
... Removed 13 stack frames</div></td></tr></table><p class="totop"><a href="#summary">back to summary</a></p><h3 id="m36">com.biodata.labguru.tests.inventory.purchasables.WormsTest#archiveStockFromStocksTab</h3><table class="result"><tr><th>Exception</th></tr><tr><td><div class="stacktrace">org.openqa.selenium.UnsupportedCommandException: ERROR The test with session id 1e3078ff5cdb4609a4140ff1d5ecb1d5 has already finished, and can&apos;t receive further commands
You can learn more at https://saucelabs.com/jobs/1e3078ff5cdb4609a4140ff1d5ecb1d5
For help, please check https://docs.saucelabs.com/reference/troubleshooting-common-error-messages
Command duration or timeout: 238 milliseconds
Build info: version: &apos;2.48.2&apos;, revision: &apos;41bccdd10cf2c0560f637404c2d96164b67d9d67&apos;, time: &apos;2015-10-09 13:08:06&apos;
System info: host: &apos;Gonis-MacBook-Pro.local&apos;, ip: &apos;192.168.1.14&apos;, os.name: &apos;Mac OS X&apos;, os.arch: &apos;x86_64&apos;, os.version: &apos;10.10.4&apos;, java.version: &apos;1.8.0_45&apos;
Driver info: org.openqa.selenium.remote.RemoteWebDriver
Capabilities [{applicationCacheEnabled=true, rotatable=false, hasMetadata=true, databaseEnabled=true, handlesAlerts=true, version=43.0, platform=MAC, nativeEvents=false, acceptSslCerts=true, webdriver.remote.sessionid=1e3078ff5cdb4609a4140ff1d5ecb1d5, locationContextEnabled=true, webStorageEnabled=true, takesScreenshot=true, browserName=firefox, javascriptEnabled=true, cssSelectorsEnabled=true}]
Session ID: 1e3078ff5cdb4609a4140ff1d5ecb1d5
	at org.openqa.selenium.remote.ErrorHandler.createThrowable(ErrorHandler.java:206)
	at org.openqa.selenium.remote.ErrorHandler.throwIfResponseFailed(ErrorHandler.java:158)
	at org.openqa.selenium.remote.RemoteWebDriver.execute(RemoteWebDriver.java:647)
	at org.openqa.selenium.remote.RemoteWebDriver.execute(RemoteWebDriver.java:670)
	at org.openqa.selenium.remote.RemoteWebDriver.getTitle(RemoteWebDriver.java:315)
	at com.biodata.labguru.tests.BaseTest.setLog(BaseTest.java:282)
	at com.biodata.labguru.tests.inventory.AbstractCollectionsTest.archiveStockFromStocksTab(AbstractCollectionsTest.java:407)
	at java.util.concurrent.ThreadPoolExecutor.runWorker(ThreadPoolExecutor.java:1142)
	at java.util.concurrent.ThreadPoolExecutor$Worker.run(ThreadPoolExecutor.java:617)
	at java.lang.Thread.run(Thread.java:745)
... Removed 13 stack frames</div></td></tr></table><p class="totop"><a href="#summary">back to summary</a></p><h3 id="m37">com.biodata.labguru.tests.inventory.purchasables.WormsTest#checkShowPageOfCreatedItem</h3><table class="result"><tr><th>Exception</th></tr><tr><td><div class="stacktrace">org.openqa.selenium.UnsupportedCommandException: ERROR The test with session id 1e3078ff5cdb4609a4140ff1d5ecb1d5 has already finished, and can&apos;t receive further commands
You can learn more at https://saucelabs.com/jobs/1e3078ff5cdb4609a4140ff1d5ecb1d5
For help, please check https://docs.saucelabs.com/reference/troubleshooting-common-error-messages
Command duration or timeout: 238 milliseconds
Build info: version: &apos;2.48.2&apos;, revision: &apos;41bccdd10cf2c0560f637404c2d96164b67d9d67&apos;, time: &apos;2015-10-09 13:08:06&apos;
System info: host: &apos;Gonis-MacBook-Pro.local&apos;, ip: &apos;192.168.1.14&apos;, os.name: &apos;Mac OS X&apos;, os.arch: &apos;x86_64&apos;, os.version: &apos;10.10.4&apos;, java.version: &apos;1.8.0_45&apos;
Driver info: org.openqa.selenium.remote.RemoteWebDriver
Capabilities [{applicationCacheEnabled=true, rotatable=false, hasMetadata=true, databaseEnabled=true, handlesAlerts=true, version=43.0, platform=MAC, nativeEvents=false, acceptSslCerts=true, webdriver.remote.sessionid=1e3078ff5cdb4609a4140ff1d5ecb1d5, locationContextEnabled=true, webStorageEnabled=true, takesScreenshot=true, browserName=firefox, javascriptEnabled=true, cssSelectorsEnabled=true}]
Session ID: 1e3078ff5cdb4609a4140ff1d5ecb1d5
	at org.openqa.selenium.remote.ErrorHandler.createThrowable(ErrorHandler.java:206)
	at org.openqa.selenium.remote.ErrorHandler.throwIfResponseFailed(ErrorHandler.java:158)
	at org.openqa.selenium.remote.RemoteWebDriver.execute(RemoteWebDriver.java:647)
	at org.openqa.selenium.remote.RemoteWebDriver.execute(RemoteWebDriver.java:670)
	at org.openqa.selenium.remote.RemoteWebDriver.getTitle(RemoteWebDriver.java:315)
	at com.biodata.labguru.tests.BaseTest.setLog(BaseTest.java:282)
	at com.biodata.labguru.tests.inventory.purchasables.PurchasableCollectionTest.checkShowPageOfCreatedItem(PurchasableCollectionTest.java:33)
	at java.util.concurrent.ThreadPoolExecutor.runWorker(ThreadPoolExecutor.java:1142)
	at java.util.concurrent.ThreadPoolExecutor$Worker.run(ThreadPoolExecutor.java:617)
	at java.lang.Thread.run(Thread.java:745)
... Removed 13 stack frames</div></td></tr></table><p class="totop"><a href="#summary">back to summary</a></p><h3 id="m38">com.biodata.labguru.tests.inventory.purchasables.WormsTest#deleteAllItemsFromIndexTable</h3><table class="result"><tr><th>Exception</th></tr><tr><td><div class="stacktrace">org.openqa.selenium.UnsupportedCommandException: ERROR The test with session id 1e3078ff5cdb4609a4140ff1d5ecb1d5 has already finished, and can&apos;t receive further commands
You can learn more at https://saucelabs.com/jobs/1e3078ff5cdb4609a4140ff1d5ecb1d5
For help, please check https://docs.saucelabs.com/reference/troubleshooting-common-error-messages
Command duration or timeout: 243 milliseconds
Build info: version: &apos;2.48.2&apos;, revision: &apos;41bccdd10cf2c0560f637404c2d96164b67d9d67&apos;, time: &apos;2015-10-09 13:08:06&apos;
System info: host: &apos;Gonis-MacBook-Pro.local&apos;, ip: &apos;192.168.1.14&apos;, os.name: &apos;Mac OS X&apos;, os.arch: &apos;x86_64&apos;, os.version: &apos;10.10.4&apos;, java.version: &apos;1.8.0_45&apos;
Driver info: org.openqa.selenium.remote.RemoteWebDriver
Capabilities [{applicationCacheEnabled=true, rotatable=false, hasMetadata=true, databaseEnabled=true, handlesAlerts=true, version=43.0, platform=MAC, nativeEvents=false, acceptSslCerts=true, webdriver.remote.sessionid=1e3078ff5cdb4609a4140ff1d5ecb1d5, locationContextEnabled=true, webStorageEnabled=true, takesScreenshot=true, browserName=firefox, javascriptEnabled=true, cssSelectorsEnabled=true}]
Session ID: 1e3078ff5cdb4609a4140ff1d5ecb1d5
	at org.openqa.selenium.remote.ErrorHandler.createThrowable(ErrorHandler.java:206)
	at org.openqa.selenium.remote.ErrorHandler.throwIfResponseFailed(ErrorHandler.java:158)
	at org.openqa.selenium.remote.RemoteWebDriver.execute(RemoteWebDriver.java:647)
	at org.openqa.selenium.remote.RemoteWebDriver.execute(RemoteWebDriver.java:670)
	at org.openqa.selenium.remote.RemoteWebDriver.getTitle(RemoteWebDriver.java:315)
	at com.biodata.labguru.tests.BaseTest.setLog(BaseTest.java:282)
	at com.biodata.labguru.tests.inventory.AbstractCollectionsTest.deleteAllItemsFromIndexTable(AbstractCollectionsTest.java:357)
	at java.util.concurrent.ThreadPoolExecutor.runWorker(ThreadPoolExecutor.java:1142)
	at java.util.concurrent.ThreadPoolExecutor$Worker.run(ThreadPoolExecutor.java:617)
	at java.lang.Thread.run(Thread.java:745)
... Removed 14 stack frames</div></td></tr></table><p class="totop"><a href="#summary">back to summary</a></p><h3 id="m39">com.biodata.labguru.tests.inventory.purchasables.WormsTest#deleteAttachment</h3><table class="result"><tr><th>Exception</th></tr><tr><td><div class="stacktrace">org.openqa.selenium.UnsupportedCommandException: ERROR The test with session id 1e3078ff5cdb4609a4140ff1d5ecb1d5 has already finished, and can&apos;t receive further commands
You can learn more at https://saucelabs.com/jobs/1e3078ff5cdb4609a4140ff1d5ecb1d5
For help, please check https://docs.saucelabs.com/reference/troubleshooting-common-error-messages
Command duration or timeout: 243 milliseconds
Build info: version: &apos;2.48.2&apos;, revision: &apos;41bccdd10cf2c0560f637404c2d96164b67d9d67&apos;, time: &apos;2015-10-09 13:08:06&apos;
System info: host: &apos;Gonis-MacBook-Pro.local&apos;, ip: &apos;192.168.1.14&apos;, os.name: &apos;Mac OS X&apos;, os.arch: &apos;x86_64&apos;, os.version: &apos;10.10.4&apos;, java.version: &apos;1.8.0_45&apos;
Driver info: org.openqa.selenium.remote.RemoteWebDriver
Capabilities [{applicationCacheEnabled=true, rotatable=false, hasMetadata=true, databaseEnabled=true, handlesAlerts=true, version=43.0, platform=MAC, nativeEvents=false, acceptSslCerts=true, webdriver.remote.sessionid=1e3078ff5cdb4609a4140ff1d5ecb1d5, locationContextEnabled=true, webStorageEnabled=true, takesScreenshot=true, browserName=firefox, javascriptEnabled=true, cssSelectorsEnabled=true}]
Session ID: 1e3078ff5cdb4609a4140ff1d5ecb1d5
	at org.openqa.selenium.remote.ErrorHandler.createThrowable(ErrorHandler.java:206)
	at org.openqa.selenium.remote.ErrorHandler.throwIfResponseFailed(ErrorHandler.java:158)
	at org.openqa.selenium.remote.RemoteWebDriver.execute(RemoteWebDriver.java:647)
	at org.openqa.selenium.remote.RemoteWebDriver.execute(RemoteWebDriver.java:670)
	at org.openqa.selenium.remote.RemoteWebDriver.getTitle(RemoteWebDriver.java:315)
	at com.biodata.labguru.tests.BaseTest.setLog(BaseTest.java:282)
	at com.biodata.labguru.tests.AbstractLGTest.deleteAttachment(AbstractLGTest.java:164)
	at java.util.concurrent.ThreadPoolExecutor.runWorker(ThreadPoolExecutor.java:1142)
	at java.util.concurrent.ThreadPoolExecutor$Worker.run(ThreadPoolExecutor.java:617)
	at java.lang.Thread.run(Thread.java:745)
... Removed 13 stack frames</div></td></tr></table><p class="totop"><a href="#summary">back to summary</a></p><h3 id="m40">com.biodata.labguru.tests.inventory.purchasables.WormsTest#deleteCollectionItemFromIndexTable</h3><table class="result"><tr><th>Exception</th></tr><tr><td><div class="stacktrace">java.lang.AssertionError: expected [1 items deleted successfully!] but found []
	at com.biodata.labguru.tests.inventory.AbstractCollectionsTest.deleteCollectionItemFromIndexTable(AbstractCollectionsTest.java:131)
	at java.util.concurrent.ThreadPoolExecutor.runWorker(ThreadPoolExecutor.java:1142)
	at java.util.concurrent.ThreadPoolExecutor$Worker.run(ThreadPoolExecutor.java:617)
	at java.lang.Thread.run(Thread.java:745)
... Removed 15 stack frames</div></td></tr></table><p class="totop"><a href="#summary">back to summary</a></p><h3 id="m41">com.biodata.labguru.tests.inventory.purchasables.WormsTest#deleteStockFromStocksTab</h3><table class="result"><tr><th>Exception</th></tr><tr><td><div class="stacktrace">org.openqa.selenium.UnsupportedCommandException: ERROR The test with session id 1e3078ff5cdb4609a4140ff1d5ecb1d5 has already finished, and can&apos;t receive further commands
You can learn more at https://saucelabs.com/jobs/1e3078ff5cdb4609a4140ff1d5ecb1d5
For help, please check https://docs.saucelabs.com/reference/troubleshooting-common-error-messages
Command duration or timeout: 259 milliseconds
Build info: version: &apos;2.48.2&apos;, revision: &apos;41bccdd10cf2c0560f637404c2d96164b67d9d67&apos;, time: &apos;2015-10-09 13:08:06&apos;
System info: host: &apos;Gonis-MacBook-Pro.local&apos;, ip: &apos;192.168.1.14&apos;, os.name: &apos;Mac OS X&apos;, os.arch: &apos;x86_64&apos;, os.version: &apos;10.10.4&apos;, java.version: &apos;1.8.0_45&apos;
Driver info: org.openqa.selenium.remote.RemoteWebDriver
Capabilities [{applicationCacheEnabled=true, rotatable=false, hasMetadata=true, databaseEnabled=true, handlesAlerts=true, version=43.0, platform=MAC, nativeEvents=false, acceptSslCerts=true, webdriver.remote.sessionid=1e3078ff5cdb4609a4140ff1d5ecb1d5, locationContextEnabled=true, webStorageEnabled=true, takesScreenshot=true, browserName=firefox, javascriptEnabled=true, cssSelectorsEnabled=true}]
Session ID: 1e3078ff5cdb4609a4140ff1d5ecb1d5
	at org.openqa.selenium.remote.ErrorHandler.createThrowable(ErrorHandler.java:206)
	at org.openqa.selenium.remote.ErrorHandler.throwIfResponseFailed(ErrorHandler.java:158)
	at org.openqa.selenium.remote.RemoteWebDriver.execute(RemoteWebDriver.java:647)
	at org.openqa.selenium.remote.RemoteWebDriver.execute(RemoteWebDriver.java:670)
	at org.openqa.selenium.remote.RemoteWebDriver.getTitle(RemoteWebDriver.java:315)
	at com.biodata.labguru.tests.BaseTest.setLog(BaseTest.java:282)
	at com.biodata.labguru.tests.inventory.AbstractCollectionsTest.deleteStockFromStocksTab(AbstractCollectionsTest.java:382)
	at java.util.concurrent.ThreadPoolExecutor.runWorker(ThreadPoolExecutor.java:1142)
	at java.util.concurrent.ThreadPoolExecutor$Worker.run(ThreadPoolExecutor.java:617)
	at java.lang.Thread.run(Thread.java:745)
... Removed 13 stack frames</div></td></tr></table><p class="totop"><a href="#summary">back to summary</a></p><h3 id="m42">com.biodata.labguru.tests.inventory.purchasables.WormsTest#editCollectionItemFromItemShowPage</h3><table class="result"><tr><th>Exception</th></tr><tr><td><div class="stacktrace">org.openqa.selenium.UnsupportedCommandException: ERROR The test with session id 1e3078ff5cdb4609a4140ff1d5ecb1d5 has already finished, and can&apos;t receive further commands
You can learn more at https://saucelabs.com/jobs/1e3078ff5cdb4609a4140ff1d5ecb1d5
For help, please check https://docs.saucelabs.com/reference/troubleshooting-common-error-messages
Command duration or timeout: 242 milliseconds
Build info: version: &apos;2.48.2&apos;, revision: &apos;41bccdd10cf2c0560f637404c2d96164b67d9d67&apos;, time: &apos;2015-10-09 13:08:06&apos;
System info: host: &apos;Gonis-MacBook-Pro.local&apos;, ip: &apos;192.168.1.14&apos;, os.name: &apos;Mac OS X&apos;, os.arch: &apos;x86_64&apos;, os.version: &apos;10.10.4&apos;, java.version: &apos;1.8.0_45&apos;
Driver info: org.openqa.selenium.remote.RemoteWebDriver
Capabilities [{applicationCacheEnabled=true, rotatable=false, hasMetadata=true, databaseEnabled=true, handlesAlerts=true, version=43.0, platform=MAC, nativeEvents=false, acceptSslCerts=true, webdriver.remote.sessionid=1e3078ff5cdb4609a4140ff1d5ecb1d5, locationContextEnabled=true, webStorageEnabled=true, takesScreenshot=true, browserName=firefox, javascriptEnabled=true, cssSelectorsEnabled=true}]
Session ID: 1e3078ff5cdb4609a4140ff1d5ecb1d5
	at org.openqa.selenium.remote.ErrorHandler.createThrowable(ErrorHandler.java:206)
	at org.openqa.selenium.remote.ErrorHandler.throwIfResponseFailed(ErrorHandler.java:158)
	at org.openqa.selenium.remote.RemoteWebDriver.execute(RemoteWebDriver.java:647)
	at org.openqa.selenium.remote.RemoteWebDriver.execute(RemoteWebDriver.java:670)
	at org.openqa.selenium.remote.RemoteWebDriver.getTitle(RemoteWebDriver.java:315)
	at com.biodata.labguru.tests.BaseTest.setLog(BaseTest.java:282)
	at com.biodata.labguru.tests.inventory.AbstractCollectionsTest.editCollectionItemFromItemShowPage(AbstractCollectionsTest.java:174)
	at java.util.concurrent.ThreadPoolExecutor.runWorker(ThreadPoolExecutor.java:1142)
	at java.util.concurrent.ThreadPoolExecutor$Worker.run(ThreadPoolExecutor.java:617)
	at java.lang.Thread.run(Thread.java:745)
... Removed 13 stack frames</div></td></tr></table><p class="totop"><a href="#summary">back to summary</a></p><h3 id="m43">com.biodata.labguru.tests.inventory.purchasables.WormsTest#importCollection</h3><table class="result"><tr><th>Exception</th></tr><tr><td><div class="stacktrace">org.openqa.selenium.UnsupportedCommandException: ERROR The test with session id 1e3078ff5cdb4609a4140ff1d5ecb1d5 has already finished, and can&apos;t receive further commands
You can learn more at https://saucelabs.com/jobs/1e3078ff5cdb4609a4140ff1d5ecb1d5
For help, please check https://docs.saucelabs.com/reference/troubleshooting-common-error-messages
Command duration or timeout: 239 milliseconds
Build info: version: &apos;2.48.2&apos;, revision: &apos;41bccdd10cf2c0560f637404c2d96164b67d9d67&apos;, time: &apos;2015-10-09 13:08:06&apos;
System info: host: &apos;Gonis-MacBook-Pro.local&apos;, ip: &apos;192.168.1.14&apos;, os.name: &apos;Mac OS X&apos;, os.arch: &apos;x86_64&apos;, os.version: &apos;10.10.4&apos;, java.version: &apos;1.8.0_45&apos;
Driver info: org.openqa.selenium.remote.RemoteWebDriver
Capabilities [{applicationCacheEnabled=true, rotatable=false, hasMetadata=true, databaseEnabled=true, handlesAlerts=true, version=43.0, platform=MAC, nativeEvents=false, acceptSslCerts=true, webdriver.remote.sessionid=1e3078ff5cdb4609a4140ff1d5ecb1d5, locationContextEnabled=true, webStorageEnabled=true, takesScreenshot=true, browserName=firefox, javascriptEnabled=true, cssSelectorsEnabled=true}]
Session ID: 1e3078ff5cdb4609a4140ff1d5ecb1d5
	at org.openqa.selenium.remote.ErrorHandler.createThrowable(ErrorHandler.java:206)
	at org.openqa.selenium.remote.ErrorHandler.throwIfResponseFailed(ErrorHandler.java:158)
	at org.openqa.selenium.remote.RemoteWebDriver.execute(RemoteWebDriver.java:647)
	at org.openqa.selenium.remote.RemoteWebDriver.execute(RemoteWebDriver.java:670)
	at org.openqa.selenium.remote.RemoteWebDriver.getTitle(RemoteWebDriver.java:315)
	at com.biodata.labguru.tests.BaseTest.setLog(BaseTest.java:282)
	at com.biodata.labguru.tests.inventory.AbstractCollectionsTest.importCollection(AbstractCollectionsTest.java:261)
	at java.util.concurrent.ThreadPoolExecutor.runWorker(ThreadPoolExecutor.java:1142)
	at java.util.concurrent.ThreadPoolExecutor$Worker.run(ThreadPoolExecutor.java:617)
	at java.lang.Thread.run(Thread.java:745)
... Removed 13 stack frames</div></td></tr></table><p class="totop"><a href="#summary">back to summary</a></p><h3 id="m44">com.biodata.labguru.tests.inventory.purchasables.WormsTest#searchItemInShoppingList</h3><table class="result"><tr><th>Exception</th></tr><tr><td><div class="stacktrace">org.openqa.selenium.UnsupportedCommandException: ERROR The test with session id 1e3078ff5cdb4609a4140ff1d5ecb1d5 has already finished, and can&apos;t receive further commands
You can learn more at https://saucelabs.com/jobs/1e3078ff5cdb4609a4140ff1d5ecb1d5
For help, please check https://docs.saucelabs.com/reference/troubleshooting-common-error-messages
Command duration or timeout: 418 milliseconds
Build info: version: &apos;2.48.2&apos;, revision: &apos;41bccdd10cf2c0560f637404c2d96164b67d9d67&apos;, time: &apos;2015-10-09 13:08:06&apos;
System info: host: &apos;Gonis-MacBook-Pro.local&apos;, ip: &apos;192.168.1.14&apos;, os.name: &apos;Mac OS X&apos;, os.arch: &apos;x86_64&apos;, os.version: &apos;10.10.4&apos;, java.version: &apos;1.8.0_45&apos;
Driver info: org.openqa.selenium.remote.RemoteWebDriver
Capabilities [{applicationCacheEnabled=true, rotatable=false, hasMetadata=true, databaseEnabled=true, handlesAlerts=true, version=43.0, platform=MAC, nativeEvents=false, acceptSslCerts=true, webdriver.remote.sessionid=1e3078ff5cdb4609a4140ff1d5ecb1d5, locationContextEnabled=true, webStorageEnabled=true, takesScreenshot=true, browserName=firefox, javascriptEnabled=true, cssSelectorsEnabled=true}]
Session ID: 1e3078ff5cdb4609a4140ff1d5ecb1d5
	at org.openqa.selenium.remote.ErrorHandler.createThrowable(ErrorHandler.java:206)
	at org.openqa.selenium.remote.ErrorHandler.throwIfResponseFailed(ErrorHandler.java:158)
	at org.openqa.selenium.remote.RemoteWebDriver.execute(RemoteWebDriver.java:647)
	at org.openqa.selenium.remote.RemoteWebDriver.execute(RemoteWebDriver.java:670)
	at org.openqa.selenium.remote.RemoteWebDriver.getTitle(RemoteWebDriver.java:315)
	at com.biodata.labguru.tests.BaseTest.setLog(BaseTest.java:282)
	at com.biodata.labguru.tests.inventory.purchasables.PurchasableCollectionTest.searchItemInShoppingList(PurchasableCollectionTest.java:64)
	at java.util.concurrent.ThreadPoolExecutor.runWorker(ThreadPoolExecutor.java:1142)
	at java.util.concurrent.ThreadPoolExecutor$Worker.run(ThreadPoolExecutor.java:617)
	at java.lang.Thread.run(Thread.java:745)
... Removed 13 stack frames</div></td></tr></table><p class="totop"><a href="#summary">back to summary</a></p><h3 id="m45">com.biodata.labguru.tests.inventory.purchasables.WormsTest#showMenu</h3><table class="result"><tr><th>Exception</th></tr><tr><td><div class="stacktrace">java.lang.AssertionError: expected:&lt;CGC&gt; but was:&lt;Worms&gt;
	at com.biodata.labguru.tests.inventory.purchasables.WormsTest.showMenu(WormsTest.java:45)
	at java.util.concurrent.ThreadPoolExecutor.runWorker(ThreadPoolExecutor.java:1142)
	at java.util.concurrent.ThreadPoolExecutor$Worker.run(ThreadPoolExecutor.java:617)
	at java.lang.Thread.run(Thread.java:745)
... Removed 12 stack frames</div></td></tr></table><p class="totop"><a href="#summary">back to summary</a></p><h3 id="m46">com.biodata.labguru.tests.inventory.purchasables.AntibodiesTest#addAntibodyFromOnlineDir</h3><table class="result"></table><p class="totop"><a href="#summary">back to summary</a></p><h3 id="m47">com.biodata.labguru.tests.inventory.purchasables.AntibodiesTest#addCustomFieldAndGenerateCollectionTemplate</h3><table class="result"></table><p class="totop"><a href="#summary">back to summary</a></p><h3 id="m48">com.biodata.labguru.tests.inventory.purchasables.AntibodiesTest#addItemSaveAndNew</h3><table class="result"></table><p class="totop"><a href="#summary">back to summary</a></p><h3 id="m49">com.biodata.labguru.tests.inventory.purchasables.AntibodiesTest#addStockFromMetaDataSection</h3><table class="result"></table><p class="totop"><a href="#summary">back to summary</a></p><h3 id="m50">com.biodata.labguru.tests.inventory.purchasables.AntibodiesTest#addStockFromStocksTab</h3><table class="result"></table><p class="totop"><a href="#summary">back to summary</a></p><h3 id="m51">com.biodata.labguru.tests.inventory.purchasables.AntibodiesTest#addStockLocatedInBox</h3><table class="result"></table><p class="totop"><a href="#summary">back to summary</a></p><h3 id="m52">com.biodata.labguru.tests.inventory.purchasables.AntibodiesTest#addTag</h3><table class="result"></table><p class="totop"><a href="#summary">back to summary</a></p><h3 id="m53">com.biodata.labguru.tests.inventory.purchasables.AntibodiesTest#deleteAttachment</h3><table class="result"></table><p class="totop"><a href="#summary">back to summary</a></p><h3 id="m54">com.biodata.labguru.tests.inventory.purchasables.AntibodiesTest#deleteCollectionItemFromIndexTable</h3><table class="result"></table><p class="totop"><a href="#summary">back to summary</a></p><h3 id="m55">com.biodata.labguru.tests.inventory.purchasables.AntibodiesTest#duplicateItem</h3><table class="result"></table><p class="totop"><a href="#summary">back to summary</a></p><h3 id="m56">com.biodata.labguru.tests.inventory.purchasables.AntibodiesTest#editCollectionItemFromItemShowPage</h3><table class="result"></table><p class="totop"><a href="#summary">back to summary</a></p><h3 id="m57">com.biodata.labguru.tests.inventory.purchasables.AntibodiesTest#searchItemInShoppingList</h3><table class="result"></table><p class="totop"><a href="#summary">back to summary</a></p><h3 id="m58">com.biodata.labguru.tests.inventory.purchasables.AntibodiesTest#showAntybodyFromDirectory</h3><table class="result"></table><p class="totop"><a href="#summary">back to summary</a></p><h3 id="m59">com.biodata.labguru.tests.inventory.purchasables.AntibodiesTest#showMenu</h3><table class="result"></table><p class="totop"><a href="#summary">back to summary</a></p><h3 id="m60">com.biodata.labguru.tests.inventory.purchasables.AntibodiesTest#uploadImage</h3><table class="result"></table><p class="totop"><a href="#summary">back to summary</a></p><h3 id="m61">com.biodata.labguru.tests.inventory.purchasables.ProteinsTest#addCustomFieldAndGenerateCollectionTemplate</h3><table class="result"></table><p class="totop"><a href="#summary">back to summary</a></p><h3 id="m62">com.biodata.labguru.tests.inventory.purchasables.ProteinsTest#addItemSaveAndNew</h3><table class="result"></table><p class="totop"><a href="#summary">back to summary</a></p><h3 id="m63">com.biodata.labguru.tests.inventory.purchasables.ProteinsTest#addStockFromMetaDataSection</h3><table class="result"></table><p class="totop"><a href="#summary">back to summary</a></p><h3 id="m64">com.biodata.labguru.tests.inventory.purchasables.ProteinsTest#addStockFromStocksTab</h3><table class="result"></table><p class="totop"><a href="#summary">back to summary</a></p><h3 id="m65">com.biodata.labguru.tests.inventory.purchasables.ProteinsTest#addStockLocatedInBox</h3><table class="result"></table><p class="totop"><a href="#summary">back to summary</a></p><h3 id="m66">com.biodata.labguru.tests.inventory.purchasables.ProteinsTest#addTag</h3><table class="result"></table><p class="totop"><a href="#summary">back to summary</a></p><h3 id="m67">com.biodata.labguru.tests.inventory.purchasables.ProteinsTest#addTask</h3><table class="result"></table><p class="totop"><a href="#summary">back to summary</a></p><h3 id="m68">com.biodata.labguru.tests.inventory.purchasables.ProteinsTest#archiveStockFromStocksTab</h3><table class="result"></table><p class="totop"><a href="#summary">back to summary</a></p><h3 id="m69">com.biodata.labguru.tests.inventory.purchasables.ProteinsTest#checkCollectionCustomizeBreadCrumbs</h3><table class="result"></table><p class="totop"><a href="#summary">back to summary</a></p><h3 id="m70">com.biodata.labguru.tests.inventory.purchasables.ProteinsTest#checkCustomizeTableView</h3><table class="result"></table><p class="totop"><a href="#summary">back to summary</a></p><h3 id="m71">com.biodata.labguru.tests.inventory.purchasables.ProteinsTest#checkShowPageOfCreatedItem</h3><table class="result"></table><p class="totop"><a href="#summary">back to summary</a></p><h3 id="m72">com.biodata.labguru.tests.inventory.purchasables.ProteinsTest#deleteAllItemsFromIndexTable</h3><table class="result"></table><p class="totop"><a href="#summary">back to summary</a></p><h3 id="m73">com.biodata.labguru.tests.inventory.purchasables.ProteinsTest#deleteAttachment</h3><table class="result"></table><p class="totop"><a href="#summary">back to summary</a></p><h3 id="m74">com.biodata.labguru.tests.inventory.purchasables.ProteinsTest#deleteCollectionItemFromIndexTable</h3><table class="result"></table><p class="totop"><a href="#summary">back to summary</a></p><h3 id="m75">com.biodata.labguru.tests.inventory.purchasables.ProteinsTest#deleteCollectionItemFromItemShowPage</h3><table class="result"></table><p class="totop"><a href="#summary">back to summary</a></p><h3 id="m76">com.biodata.labguru.tests.inventory.purchasables.ProteinsTest#deleteStockFromStocksTab</h3><table class="result"></table><p class="totop"><a href="#summary">back to summary</a></p><h3 id="m77">com.biodata.labguru.tests.inventory.purchasables.ProteinsTest#duplicateItem</h3><table class="result"></table><p class="totop"><a href="#summary">back to summary</a></p><h3 id="m78">com.biodata.labguru.tests.inventory.purchasables.ProteinsTest#importCollection</h3><table class="result"></table><p class="totop"><a href="#summary">back to summary</a></p><h3 id="m79">com.biodata.labguru.tests.inventory.purchasables.ProteinsTest#searchItemInShoppingList</h3><table class="result"></table><p class="totop"><a href="#summary">back to summary</a></p><h3 id="m80">com.biodata.labguru.tests.inventory.purchasables.ProteinsTest#showMenu</h3><table class="result"></table><p class="totop"><a href="#summary">back to summary</a></p><h3 id="m81">com.biodata.labguru.tests.inventory.purchasables.WormsTest#checkCustomizeTableView</h3><table class="result"></table><p class="totop"><a href="#summary">back to summary</a></p><h3 id="m82">com.biodata.labguru.tests.inventory.purchasables.YeastsTest#addCustomFieldAndGenerateCollectionTemplate</h3><table class="result"></table><p class="totop"><a href="#summary">back to summary</a></p><h3 id="m83">com.biodata.labguru.tests.inventory.purchasables.YeastsTest#addItemSaveAndNew</h3><table class="result"></table><p class="totop"><a href="#summary">back to summary</a></p><h3 id="m84">com.biodata.labguru.tests.inventory.purchasables.YeastsTest#addSimpleItem</h3><table class="result"></table><p class="totop"><a href="#summary">back to summary</a></p><h3 id="m85">com.biodata.labguru.tests.inventory.purchasables.YeastsTest#addStockFromMetaDataSection</h3><table class="result"></table><p class="totop"><a href="#summary">back to summary</a></p><h3 id="m86">com.biodata.labguru.tests.inventory.purchasables.YeastsTest#addStockFromStocksTab</h3><table class="result"></table><p class="totop"><a href="#summary">back to summary</a></p><h3 id="m87">com.biodata.labguru.tests.inventory.purchasables.YeastsTest#addStockLocatedInBox</h3><table class="result"></table><p class="totop"><a href="#summary">back to summary</a></p><h3 id="m88">com.biodata.labguru.tests.inventory.purchasables.YeastsTest#addTag</h3><table class="result"></table><p class="totop"><a href="#summary">back to summary</a></p><h3 id="m89">com.biodata.labguru.tests.inventory.purchasables.YeastsTest#addTask</h3><table class="result"></table><p class="totop"><a href="#summary">back to summary</a></p><h3 id="m90">com.biodata.labguru.tests.inventory.purchasables.YeastsTest#archiveStockFromStocksTab</h3><table class="result"></table><p class="totop"><a href="#summary">back to summary</a></p><h3 id="m91">com.biodata.labguru.tests.inventory.purchasables.YeastsTest#checkCustomizeTableView</h3><table class="result"></table><p class="totop"><a href="#summary">back to summary</a></p><h3 id="m92">com.biodata.labguru.tests.inventory.purchasables.YeastsTest#checkShowPageOfCreatedItem</h3><table class="result"></table><p class="totop"><a href="#summary">back to summary</a></p><h3 id="m93">com.biodata.labguru.tests.inventory.purchasables.YeastsTest#deleteAllItemsFromIndexTable</h3><table class="result"></table><p class="totop"><a href="#summary">back to summary</a></p><h3 id="m94">com.biodata.labguru.tests.inventory.purchasables.YeastsTest#deleteAttachment</h3><table class="result"></table><p class="totop"><a href="#summary">back to summary</a></p><h3 id="m95">com.biodata.labguru.tests.inventory.purchasables.YeastsTest#deleteCollectionItemFromIndexTable</h3><table class="result"></table><p class="totop"><a href="#summary">back to summary</a></p><h3 id="m96">com.biodata.labguru.tests.inventory.purchasables.YeastsTest#deleteCollectionItemFromItemShowPage</h3><table class="result"></table><p class="totop"><a href="#summary">back to summary</a></p><h3 id="m97">com.biodata.labguru.tests.inventory.purchasables.YeastsTest#deleteStockFromStocksTab</h3><table class="result"></table><p class="totop"><a href="#summary">back to summary</a></p><h3 id="m98">com.biodata.labguru.tests.inventory.purchasables.YeastsTest#importCollection</h3><table class="result"></table><p class="totop"><a href="#summary">back to summary</a></p><h3 id="m99">com.biodata.labguru.tests.inventory.purchasables.YeastsTest#searchItemInShoppingList</h3><table class="result"></table><p class="totop"><a href="#summary">back to summary</a></p><h3 id="m100">com.biodata.labguru.tests.inventory.purchasables.YeastsTest#showMenu</h3><table class="result"></table><p class="totop"><a href="#summary">back to summary</a></p><h3 id="m101">com.biodata.labguru.tests.inventory.purchasables.YeastsTest#uploadImage</h3><table class="result"></table><p class="totop"><a href="#summary">back to summary</a></p><h3 id="m102">com.biodata.labguru.tests.inventory.purchasables.AntibodiesTest#addSimpleItem</h3><table class="result"></table><p class="totop"><a href="#summary">back to summary</a></p><h3 id="m103">com.biodata.labguru.tests.inventory.purchasables.AntibodiesTest#addTask</h3><table class="result"></table><p class="totop"><a href="#summary">back to summary</a></p><h3 id="m104">com.biodata.labguru.tests.inventory.purchasables.AntibodiesTest#archiveStockFromStocksTab</h3><table class="result"></table><p class="totop"><a href="#summary">back to summary</a></p><h3 id="m105">com.biodata.labguru.tests.inventory.purchasables.AntibodiesTest#checkCollectionCustomizeBreadCrumbs</h3><table class="result"></table><p class="totop"><a href="#summary">back to summary</a></p><h3 id="m106">com.biodata.labguru.tests.inventory.purchasables.AntibodiesTest#checkCustomizeTableView</h3><table class="result"></table><p class="totop"><a href="#summary">back to summary</a></p><h3 id="m107">com.biodata.labguru.tests.inventory.purchasables.AntibodiesTest#checkShowPageOfCreatedItem</h3><table class="result"></table><p class="totop"><a href="#summary">back to summary</a></p><h3 id="m108">com.biodata.labguru.tests.inventory.purchasables.AntibodiesTest#deleteCollectionItemFromItemShowPage</h3><table class="result"></table><p class="totop"><a href="#summary">back to summary</a></p><h3 id="m109">com.biodata.labguru.tests.inventory.purchasables.AntibodiesTest#deleteStockFromStocksTab</h3><table class="result"></table><p class="totop"><a href="#summary">back to summary</a></p><h3 id="m110">com.biodata.labguru.tests.inventory.purchasables.ConsumablesTest#addItemSaveAndNew</h3><table class="result"></table><p class="totop"><a href="#summary">back to summary</a></p><h3 id="m111">com.biodata.labguru.tests.inventory.purchasables.ConsumablesTest#addNonComercialMaterial</h3><table class="result"></table><p class="totop"><a href="#summary">back to summary</a></p><h3 id="m112">com.biodata.labguru.tests.inventory.purchasables.ConsumablesTest#addStockFromStocksTab</h3><table class="result"></table><p class="totop"><a href="#summary">back to summary</a></p><h3 id="m113">com.biodata.labguru.tests.inventory.purchasables.ConsumablesTest#addTag</h3><table class="result"></table><p class="totop"><a href="#summary">back to summary</a></p><h3 id="m114">com.biodata.labguru.tests.inventory.purchasables.ConsumablesTest#archiveStockFromStocksTab</h3><table class="result"></table><p class="totop"><a href="#summary">back to summary</a></p><h3 id="m115">com.biodata.labguru.tests.inventory.purchasables.ConsumablesTest#deleteAttachment</h3><table class="result"></table><p class="totop"><a href="#summary">back to summary</a></p><h3 id="m116">com.biodata.labguru.tests.inventory.purchasables.ConsumablesTest#deleteStockFromStocksTab</h3><table class="result"></table><p class="totop"><a href="#summary">back to summary</a></p><h3 id="m117">com.biodata.labguru.tests.inventory.purchasables.ConsumablesTest#duplicateItem</h3><table class="result"></table><p class="totop"><a href="#summary">back to summary</a></p><h3 id="m118">com.biodata.labguru.tests.inventory.purchasables.ConsumablesTest#editCollectionItemFromItemShowPage</h3><table class="result"></table><p class="totop"><a href="#summary">back to summary</a></p><h3 id="m119">com.biodata.labguru.tests.inventory.purchasables.ProteinsTest#addSimpleItem</h3><table class="result"></table><p class="totop"><a href="#summary">back to summary</a></p><h3 id="m120">com.biodata.labguru.tests.inventory.purchasables.WormsTest#addTask</h3><table class="result"></table><p class="totop"><a href="#summary">back to summary</a></p><h3 id="m121">com.biodata.labguru.tests.inventory.purchasables.WormsTest#checkCollectionCustomizeBreadCrumbs</h3><table class="result"></table><p class="totop"><a href="#summary">back to summary</a></p><h3 id="m122">com.biodata.labguru.tests.inventory.purchasables.WormsTest#deleteCollectionItemFromItemShowPage</h3><table class="result"></table><p class="totop"><a href="#summary">back to summary</a></p><h3 id="m123">com.biodata.labguru.tests.inventory.purchasables.WormsTest#duplicateItem</h3><table class="result"></table><p class="totop"><a href="#summary">back to summary</a></p><h3 id="m124">com.biodata.labguru.tests.inventory.purchasables.WormsTest#searchAndAddFromCGC</h3><table class="result"></table><p class="totop"><a href="#summary">back to summary</a></p><h3 id="m125">com.biodata.labguru.tests.inventory.purchasables.WormsTest#uploadImage</h3><table class="result"></table><p class="totop"><a href="#summary">back to summary</a></p><h3 id="m126">com.biodata.labguru.tests.inventory.purchasables.YeastsTest#checkCollectionCustomizeBreadCrumbs</h3><table class="result"></table><p class="totop"><a href="#summary">back to summary</a></p><h3 id="m127">com.biodata.labguru.tests.inventory.purchasables.YeastsTest#duplicateItem</h3><table class="result"></table><p class="totop"><a href="#summary">back to summary</a></p><h3 id="m128">com.biodata.labguru.tests.inventory.purchasables.YeastsTest#editCollectionItemFromItemShowPage</h3><table class="result"></table><p class="totop"><a href="#summary">back to summary</a></p></body></html>