<?xml version="1.0" encoding="UTF-8"?>
<!-- Generated by org.testng.reporters.JUnitReportReporter -->
<testsuite hostname="Gonis-MacBook-Pro.local" name="com.biodata.labguru.tests.knowledgebase.RecipesTest" tests="9" failures="0" timestamp="8 Feb 2016 12:37:48 GMT" time="4609.131" errors="2">
  <testcase name="duplicateItem" time="453.428" classname="com.biodata.labguru.tests.knowledgebase.RecipesTest"/>
  <testcase name="addNewRecipe" time="722.354" classname="com.biodata.labguru.tests.knowledgebase.RecipesTest"/>
  <testcase name="addRecipeFromDirectory" time="384.346" classname="com.biodata.labguru.tests.knowledgebase.RecipesTest">
    <error type="java.lang.AssertionError" message="Timed out after 20 seconds waiting for visibility of element located by By.xpath: .//*[@id=&#039;knowledgebase_recipe_name_input&#039;]/span
Build info: version: &#039;2.48.2&#039;, revision: &#039;41bccdd10cf2c0560f637404c2d96164b67d9d67&#039;, time: &#039;2015-10-09 13:08:06&#039;
System info: host: &#039;Gonis-MacBook-Pro.local&#039;, ip: &#039;192.168.1.205&#039;, os.name: &#039;Mac OS X&#039;, os.arch: &#039;x86_64&#039;, os.version: &#039;10.10.4&#039;, java.version: &#039;1.8.0_45&#039;
Driver info: org.openqa.selenium.remote.RemoteWebDriver
Capabilities [{applicationCacheEnabled=true, rotatable=false, hasMetadata=true, databaseEnabled=true, handlesAlerts=true, version=43.0, platform=MAC, nativeEvents=false, acceptSslCerts=true, webdriver.remote.sessionid=1f99b08304554f45bf4d6f10dc57936d, locationContextEnabled=true, webStorageEnabled=true, takesScreenshot=true, browserName=firefox, javascriptEnabled=true, cssSelectorsEnabled=true}]
Session ID: 1f99b08304554f45bf4d6f10dc57936d">
      <![CDATA[java.lang.AssertionError: Timed out after 20 seconds waiting for visibility of element located by By.xpath: .//*[@id='knowledgebase_recipe_name_input']/span
Build info: version: '2.48.2', revision: '41bccdd10cf2c0560f637404c2d96164b67d9d67', time: '2015-10-09 13:08:06'
System info: host: 'Gonis-MacBook-Pro.local', ip: '192.168.1.205', os.name: 'Mac OS X', os.arch: 'x86_64', os.version: '10.10.4', java.version: '1.8.0_45'
Driver info: org.openqa.selenium.remote.RemoteWebDriver
Capabilities [{applicationCacheEnabled=true, rotatable=false, hasMetadata=true, databaseEnabled=true, handlesAlerts=true, version=43.0, platform=MAC, nativeEvents=false, acceptSslCerts=true, webdriver.remote.sessionid=1f99b08304554f45bf4d6f10dc57936d, locationContextEnabled=true, webStorageEnabled=true, takesScreenshot=true, browserName=firefox, javascriptEnabled=true, cssSelectorsEnabled=true}]
Session ID: 1f99b08304554f45bf4d6f10dc57936d
	at org.testng.AssertJUnit.fail(AssertJUnit.java:59)
	at com.biodata.labguru.tests.knowledgebase.RecipesTest.addRecipeFromDirectory(RecipesTest.java:45)
	at sun.reflect.NativeMethodAccessorImpl.invoke0(Native Method)
	at sun.reflect.NativeMethodAccessorImpl.invoke(NativeMethodAccessorImpl.java:62)
	at sun.reflect.DelegatingMethodAccessorImpl.invoke(DelegatingMethodAccessorImpl.java:43)
	at java.lang.reflect.Method.invoke(Method.java:497)
	at org.testng.internal.MethodInvocationHelper.invokeMethod(MethodInvocationHelper.java:85)
	at org.testng.internal.Invoker.invokeMethod(Invoker.java:696)
	at org.testng.internal.Invoker.invokeTestMethod(Invoker.java:882)
	at org.testng.internal.Invoker.invokeTestMethods(Invoker.java:1189)
	at org.testng.internal.TestMethodWorker.invokeTestMethods(TestMethodWorker.java:124)
	at org.testng.internal.TestMethodWorker.run(TestMethodWorker.java:108)
	at java.util.concurrent.ThreadPoolExecutor.runWorker(ThreadPoolExecutor.java:1142)
	at java.util.concurrent.ThreadPoolExecutor$Worker.run(ThreadPoolExecutor.java:617)
	at java.lang.Thread.run(Thread.java:745)
]]>
    </error>
  </testcase> <!-- addRecipeFromDirectory -->
  <testcase name="deleteKnowledgebaseItem" time="759.190" classname="com.biodata.labguru.tests.knowledgebase.RecipesTest">
    <error type="java.lang.AssertionError" message="Timed out after 20 seconds waiting for visibility of element located by By.cssSelector: .searchtextbox
Build info: version: &#039;2.48.2&#039;, revision: &#039;41bccdd10cf2c0560f637404c2d96164b67d9d67&#039;, time: &#039;2015-10-09 13:08:06&#039;
System info: host: &#039;Gonis-MacBook-Pro.local&#039;, ip: &#039;192.168.1.205&#039;, os.name: &#039;Mac OS X&#039;, os.arch: &#039;x86_64&#039;, os.version: &#039;10.10.4&#039;, java.version: &#039;1.8.0_45&#039;
Driver info: org.openqa.selenium.remote.RemoteWebDriver
Capabilities [{applicationCacheEnabled=true, rotatable=false, hasMetadata=true, databaseEnabled=true, handlesAlerts=true, version=43.0, platform=MAC, nativeEvents=false, acceptSslCerts=true, webdriver.remote.sessionid=1f99b08304554f45bf4d6f10dc57936d, locationContextEnabled=true, webStorageEnabled=true, takesScreenshot=true, browserName=firefox, javascriptEnabled=true, cssSelectorsEnabled=true}]
Session ID: 1f99b08304554f45bf4d6f10dc57936d">
      <![CDATA[java.lang.AssertionError: Timed out after 20 seconds waiting for visibility of element located by By.cssSelector: .searchtextbox
Build info: version: '2.48.2', revision: '41bccdd10cf2c0560f637404c2d96164b67d9d67', time: '2015-10-09 13:08:06'
System info: host: 'Gonis-MacBook-Pro.local', ip: '192.168.1.205', os.name: 'Mac OS X', os.arch: 'x86_64', os.version: '10.10.4', java.version: '1.8.0_45'
Driver info: org.openqa.selenium.remote.RemoteWebDriver
Capabilities [{applicationCacheEnabled=true, rotatable=false, hasMetadata=true, databaseEnabled=true, handlesAlerts=true, version=43.0, platform=MAC, nativeEvents=false, acceptSslCerts=true, webdriver.remote.sessionid=1f99b08304554f45bf4d6f10dc57936d, locationContextEnabled=true, webStorageEnabled=true, takesScreenshot=true, browserName=firefox, javascriptEnabled=true, cssSelectorsEnabled=true}]
Session ID: 1f99b08304554f45bf4d6f10dc57936d
	at org.testng.AssertJUnit.fail(AssertJUnit.java:59)
	at com.biodata.labguru.tests.knowledgebase.AbstractKnowledgebaseTest.deleteKnowledgebaseItem(AbstractKnowledgebaseTest.java:62)
	at sun.reflect.NativeMethodAccessorImpl.invoke0(Native Method)
	at sun.reflect.NativeMethodAccessorImpl.invoke(NativeMethodAccessorImpl.java:62)
	at sun.reflect.DelegatingMethodAccessorImpl.invoke(DelegatingMethodAccessorImpl.java:43)
	at java.lang.reflect.Method.invoke(Method.java:497)
	at org.testng.internal.MethodInvocationHelper.invokeMethod(MethodInvocationHelper.java:85)
	at org.testng.internal.Invoker.invokeMethod(Invoker.java:696)
	at org.testng.internal.Invoker.invokeTestMethod(Invoker.java:882)
	at org.testng.internal.Invoker.invokeTestMethods(Invoker.java:1189)
	at org.testng.internal.TestMethodWorker.invokeTestMethods(TestMethodWorker.java:124)
	at org.testng.internal.TestMethodWorker.run(TestMethodWorker.java:108)
	at java.util.concurrent.ThreadPoolExecutor.runWorker(ThreadPoolExecutor.java:1142)
	at java.util.concurrent.ThreadPoolExecutor$Worker.run(ThreadPoolExecutor.java:617)
	at java.lang.Thread.run(Thread.java:745)
]]>
    </error>
  </testcase> <!-- deleteKnowledgebaseItem -->
  <testcase name="uploadImage" time="461.786" classname="com.biodata.labguru.tests.knowledgebase.RecipesTest"/>
  <testcase name="addTask" time="541.328" classname="com.biodata.labguru.tests.knowledgebase.RecipesTest"/>
  <testcase name="showMenu" time="349.911" classname="com.biodata.labguru.tests.knowledgebase.RecipesTest"/>
  <testcase name="deleteAttachment" time="464.401" classname="com.biodata.labguru.tests.knowledgebase.RecipesTest"/>
  <testcase name="addTag" time="472.387" classname="com.biodata.labguru.tests.knowledgebase.RecipesTest"/>
</testsuite> <!-- com.biodata.labguru.tests.knowledgebase.RecipesTest -->
