<?xml version="1.0" encoding="UTF-8"?>
<!-- Generated by org.testng.reporters.JUnitReportReporter -->
<testsuite hostname="Gonis-MacBook-Pro.local" name="com.biodata.labguru.tests.inventory.purchasables.ProteinsTest" tests="23" failures="22" timestamp="11 Feb 2016 12:32:53 GMT" time="468.994" errors="0">
  <testcase name="deleteCollectionItemFromIndexTable" time="0.001" classname="com.biodata.labguru.tests.inventory.purchasables.ProteinsTest">
    <failure type="org.openqa.selenium.UnsupportedCommandException" message="ERROR The test with session id 46ae38afd62a4075a0dfe43639b2a931 has already finished, and can&#039;t receive further commands
You can learn more at https://saucelabs.com/jobs/46ae38afd62a4075a0dfe43639b2a931
For help, please check https://docs.saucelabs.com/reference/troubleshooting-common-error-messages
Command duration or timeout: 238 milliseconds
Build info: version: &#039;2.48.2&#039;, revision: &#039;41bccdd10cf2c0560f637404c2d96164b67d9d67&#039;, time: &#039;2015-10-09 13:08:06&#039;
System info: host: &#039;Gonis-MacBook-Pro.local&#039;, ip: &#039;192.168.1.14&#039;, os.name: &#039;Mac OS X&#039;, os.arch: &#039;x86_64&#039;, os.version: &#039;10.10.4&#039;, java.version: &#039;1.8.0_45&#039;
Driver info: org.openqa.selenium.remote.RemoteWebDriver
Capabilities [{applicationCacheEnabled=true, rotatable=false, hasMetadata=true, databaseEnabled=true, handlesAlerts=true, version=43.0, platform=MAC, nativeEvents=false, acceptSslCerts=true, webdriver.remote.sessionid=46ae38afd62a4075a0dfe43639b2a931, locationContextEnabled=true, webStorageEnabled=true, takesScreenshot=true, browserName=firefox, javascriptEnabled=true, cssSelectorsEnabled=true}]
Session ID: 46ae38afd62a4075a0dfe43639b2a931">
      <![CDATA[org.openqa.selenium.UnsupportedCommandException: ERROR The test with session id 46ae38afd62a4075a0dfe43639b2a931 has already finished, and can't receive further commands
You can learn more at https://saucelabs.com/jobs/46ae38afd62a4075a0dfe43639b2a931
For help, please check https://docs.saucelabs.com/reference/troubleshooting-common-error-messages
Command duration or timeout: 238 milliseconds
Build info: version: '2.48.2', revision: '41bccdd10cf2c0560f637404c2d96164b67d9d67', time: '2015-10-09 13:08:06'
System info: host: 'Gonis-MacBook-Pro.local', ip: '192.168.1.14', os.name: 'Mac OS X', os.arch: 'x86_64', os.version: '10.10.4', java.version: '1.8.0_45'
Driver info: org.openqa.selenium.remote.RemoteWebDriver
Capabilities [{applicationCacheEnabled=true, rotatable=false, hasMetadata=true, databaseEnabled=true, handlesAlerts=true, version=43.0, platform=MAC, nativeEvents=false, acceptSslCerts=true, webdriver.remote.sessionid=46ae38afd62a4075a0dfe43639b2a931, locationContextEnabled=true, webStorageEnabled=true, takesScreenshot=true, browserName=firefox, javascriptEnabled=true, cssSelectorsEnabled=true}]
Session ID: 46ae38afd62a4075a0dfe43639b2a931
	at sun.reflect.GeneratedConstructorAccessor15.newInstance(Unknown Source)
	at sun.reflect.DelegatingConstructorAccessorImpl.newInstance(DelegatingConstructorAccessorImpl.java:45)
	at java.lang.reflect.Constructor.newInstance(Constructor.java:422)
	at org.openqa.selenium.remote.ErrorHandler.createThrowable(ErrorHandler.java:206)
	at org.openqa.selenium.remote.ErrorHandler.throwIfResponseFailed(ErrorHandler.java:158)
	at org.openqa.selenium.remote.RemoteWebDriver.execute(RemoteWebDriver.java:647)
	at org.openqa.selenium.remote.RemoteWebDriver.execute(RemoteWebDriver.java:670)
	at org.openqa.selenium.remote.RemoteWebDriver.getTitle(RemoteWebDriver.java:315)
	at com.biodata.labguru.tests.BaseTest.setLog(BaseTest.java:259)
	at com.biodata.labguru.tests.inventory.AbstractCollectionsTest.uncheckSingleCollection(AbstractCollectionsTest.java:73)
	at sun.reflect.NativeMethodAccessorImpl.invoke0(Native Method)
	at sun.reflect.NativeMethodAccessorImpl.invoke(NativeMethodAccessorImpl.java:62)
	at sun.reflect.DelegatingMethodAccessorImpl.invoke(DelegatingMethodAccessorImpl.java:43)
	at java.lang.reflect.Method.invoke(Method.java:497)
	at org.testng.internal.MethodInvocationHelper.invokeMethod(MethodInvocationHelper.java:85)
	at org.testng.internal.Invoker.invokeConfigurationMethod(Invoker.java:552)
	at org.testng.internal.Invoker.invokeConfigurations(Invoker.java:215)
	at org.testng.internal.Invoker.invokeConfigurations(Invoker.java:140)
	at org.testng.internal.TestMethodWorker.invokeAfterClassMethods(TestMethodWorker.java:220)
	at org.testng.internal.TestMethodWorker.run(TestMethodWorker.java:111)
	at java.util.concurrent.ThreadPoolExecutor.runWorker(ThreadPoolExecutor.java:1142)
	at java.util.concurrent.ThreadPoolExecutor$Worker.run(ThreadPoolExecutor.java:617)
	at java.lang.Thread.run(Thread.java:745)
]]>
    </failure>
  </testcase> <!-- deleteCollectionItemFromIndexTable -->
  <testcase name="deleteStockFromStocksTab" time="0.000" classname="com.biodata.labguru.tests.inventory.purchasables.ProteinsTest">
    <failure type="org.openqa.selenium.UnsupportedCommandException" message="ERROR The test with session id 46ae38afd62a4075a0dfe43639b2a931 has already finished, and can&#039;t receive further commands
You can learn more at https://saucelabs.com/jobs/46ae38afd62a4075a0dfe43639b2a931
For help, please check https://docs.saucelabs.com/reference/troubleshooting-common-error-messages
Command duration or timeout: 238 milliseconds
Build info: version: &#039;2.48.2&#039;, revision: &#039;41bccdd10cf2c0560f637404c2d96164b67d9d67&#039;, time: &#039;2015-10-09 13:08:06&#039;
System info: host: &#039;Gonis-MacBook-Pro.local&#039;, ip: &#039;192.168.1.14&#039;, os.name: &#039;Mac OS X&#039;, os.arch: &#039;x86_64&#039;, os.version: &#039;10.10.4&#039;, java.version: &#039;1.8.0_45&#039;
Driver info: org.openqa.selenium.remote.RemoteWebDriver
Capabilities [{applicationCacheEnabled=true, rotatable=false, hasMetadata=true, databaseEnabled=true, handlesAlerts=true, version=43.0, platform=MAC, nativeEvents=false, acceptSslCerts=true, webdriver.remote.sessionid=46ae38afd62a4075a0dfe43639b2a931, locationContextEnabled=true, webStorageEnabled=true, takesScreenshot=true, browserName=firefox, javascriptEnabled=true, cssSelectorsEnabled=true}]
Session ID: 46ae38afd62a4075a0dfe43639b2a931">
      <![CDATA[org.openqa.selenium.UnsupportedCommandException: ERROR The test with session id 46ae38afd62a4075a0dfe43639b2a931 has already finished, and can't receive further commands
You can learn more at https://saucelabs.com/jobs/46ae38afd62a4075a0dfe43639b2a931
For help, please check https://docs.saucelabs.com/reference/troubleshooting-common-error-messages
Command duration or timeout: 238 milliseconds
Build info: version: '2.48.2', revision: '41bccdd10cf2c0560f637404c2d96164b67d9d67', time: '2015-10-09 13:08:06'
System info: host: 'Gonis-MacBook-Pro.local', ip: '192.168.1.14', os.name: 'Mac OS X', os.arch: 'x86_64', os.version: '10.10.4', java.version: '1.8.0_45'
Driver info: org.openqa.selenium.remote.RemoteWebDriver
Capabilities [{applicationCacheEnabled=true, rotatable=false, hasMetadata=true, databaseEnabled=true, handlesAlerts=true, version=43.0, platform=MAC, nativeEvents=false, acceptSslCerts=true, webdriver.remote.sessionid=46ae38afd62a4075a0dfe43639b2a931, locationContextEnabled=true, webStorageEnabled=true, takesScreenshot=true, browserName=firefox, javascriptEnabled=true, cssSelectorsEnabled=true}]
Session ID: 46ae38afd62a4075a0dfe43639b2a931
	at sun.reflect.GeneratedConstructorAccessor15.newInstance(Unknown Source)
	at sun.reflect.DelegatingConstructorAccessorImpl.newInstance(DelegatingConstructorAccessorImpl.java:45)
	at java.lang.reflect.Constructor.newInstance(Constructor.java:422)
	at org.openqa.selenium.remote.ErrorHandler.createThrowable(ErrorHandler.java:206)
	at org.openqa.selenium.remote.ErrorHandler.throwIfResponseFailed(ErrorHandler.java:158)
	at org.openqa.selenium.remote.RemoteWebDriver.execute(RemoteWebDriver.java:647)
	at org.openqa.selenium.remote.RemoteWebDriver.execute(RemoteWebDriver.java:670)
	at org.openqa.selenium.remote.RemoteWebDriver.getTitle(RemoteWebDriver.java:315)
	at com.biodata.labguru.tests.BaseTest.setLog(BaseTest.java:259)
	at com.biodata.labguru.tests.inventory.AbstractCollectionsTest.uncheckSingleCollection(AbstractCollectionsTest.java:73)
	at sun.reflect.NativeMethodAccessorImpl.invoke0(Native Method)
	at sun.reflect.NativeMethodAccessorImpl.invoke(NativeMethodAccessorImpl.java:62)
	at sun.reflect.DelegatingMethodAccessorImpl.invoke(DelegatingMethodAccessorImpl.java:43)
	at java.lang.reflect.Method.invoke(Method.java:497)
	at org.testng.internal.MethodInvocationHelper.invokeMethod(MethodInvocationHelper.java:85)
	at org.testng.internal.Invoker.invokeConfigurationMethod(Invoker.java:552)
	at org.testng.internal.Invoker.invokeConfigurations(Invoker.java:215)
	at org.testng.internal.Invoker.invokeConfigurations(Invoker.java:140)
	at org.testng.internal.TestMethodWorker.invokeAfterClassMethods(TestMethodWorker.java:220)
	at org.testng.internal.TestMethodWorker.run(TestMethodWorker.java:111)
	at java.util.concurrent.ThreadPoolExecutor.runWorker(ThreadPoolExecutor.java:1142)
	at java.util.concurrent.ThreadPoolExecutor$Worker.run(ThreadPoolExecutor.java:617)
	at java.lang.Thread.run(Thread.java:745)
]]>
    </failure>
  </testcase> <!-- deleteStockFromStocksTab -->
  <testcase name="checkShowPageOfCreatedItem" time="0.000" classname="com.biodata.labguru.tests.inventory.purchasables.ProteinsTest">
    <failure type="org.openqa.selenium.UnsupportedCommandException" message="ERROR The test with session id 46ae38afd62a4075a0dfe43639b2a931 has already finished, and can&#039;t receive further commands
You can learn more at https://saucelabs.com/jobs/46ae38afd62a4075a0dfe43639b2a931
For help, please check https://docs.saucelabs.com/reference/troubleshooting-common-error-messages
Command duration or timeout: 238 milliseconds
Build info: version: &#039;2.48.2&#039;, revision: &#039;41bccdd10cf2c0560f637404c2d96164b67d9d67&#039;, time: &#039;2015-10-09 13:08:06&#039;
System info: host: &#039;Gonis-MacBook-Pro.local&#039;, ip: &#039;192.168.1.14&#039;, os.name: &#039;Mac OS X&#039;, os.arch: &#039;x86_64&#039;, os.version: &#039;10.10.4&#039;, java.version: &#039;1.8.0_45&#039;
Driver info: org.openqa.selenium.remote.RemoteWebDriver
Capabilities [{applicationCacheEnabled=true, rotatable=false, hasMetadata=true, databaseEnabled=true, handlesAlerts=true, version=43.0, platform=MAC, nativeEvents=false, acceptSslCerts=true, webdriver.remote.sessionid=46ae38afd62a4075a0dfe43639b2a931, locationContextEnabled=true, webStorageEnabled=true, takesScreenshot=true, browserName=firefox, javascriptEnabled=true, cssSelectorsEnabled=true}]
Session ID: 46ae38afd62a4075a0dfe43639b2a931">
      <![CDATA[org.openqa.selenium.UnsupportedCommandException: ERROR The test with session id 46ae38afd62a4075a0dfe43639b2a931 has already finished, and can't receive further commands
You can learn more at https://saucelabs.com/jobs/46ae38afd62a4075a0dfe43639b2a931
For help, please check https://docs.saucelabs.com/reference/troubleshooting-common-error-messages
Command duration or timeout: 238 milliseconds
Build info: version: '2.48.2', revision: '41bccdd10cf2c0560f637404c2d96164b67d9d67', time: '2015-10-09 13:08:06'
System info: host: 'Gonis-MacBook-Pro.local', ip: '192.168.1.14', os.name: 'Mac OS X', os.arch: 'x86_64', os.version: '10.10.4', java.version: '1.8.0_45'
Driver info: org.openqa.selenium.remote.RemoteWebDriver
Capabilities [{applicationCacheEnabled=true, rotatable=false, hasMetadata=true, databaseEnabled=true, handlesAlerts=true, version=43.0, platform=MAC, nativeEvents=false, acceptSslCerts=true, webdriver.remote.sessionid=46ae38afd62a4075a0dfe43639b2a931, locationContextEnabled=true, webStorageEnabled=true, takesScreenshot=true, browserName=firefox, javascriptEnabled=true, cssSelectorsEnabled=true}]
Session ID: 46ae38afd62a4075a0dfe43639b2a931
	at sun.reflect.GeneratedConstructorAccessor15.newInstance(Unknown Source)
	at sun.reflect.DelegatingConstructorAccessorImpl.newInstance(DelegatingConstructorAccessorImpl.java:45)
	at java.lang.reflect.Constructor.newInstance(Constructor.java:422)
	at org.openqa.selenium.remote.ErrorHandler.createThrowable(ErrorHandler.java:206)
	at org.openqa.selenium.remote.ErrorHandler.throwIfResponseFailed(ErrorHandler.java:158)
	at org.openqa.selenium.remote.RemoteWebDriver.execute(RemoteWebDriver.java:647)
	at org.openqa.selenium.remote.RemoteWebDriver.execute(RemoteWebDriver.java:670)
	at org.openqa.selenium.remote.RemoteWebDriver.getTitle(RemoteWebDriver.java:315)
	at com.biodata.labguru.tests.BaseTest.setLog(BaseTest.java:259)
	at com.biodata.labguru.tests.inventory.AbstractCollectionsTest.uncheckSingleCollection(AbstractCollectionsTest.java:73)
	at sun.reflect.NativeMethodAccessorImpl.invoke0(Native Method)
	at sun.reflect.NativeMethodAccessorImpl.invoke(NativeMethodAccessorImpl.java:62)
	at sun.reflect.DelegatingMethodAccessorImpl.invoke(DelegatingMethodAccessorImpl.java:43)
	at java.lang.reflect.Method.invoke(Method.java:497)
	at org.testng.internal.MethodInvocationHelper.invokeMethod(MethodInvocationHelper.java:85)
	at org.testng.internal.Invoker.invokeConfigurationMethod(Invoker.java:552)
	at org.testng.internal.Invoker.invokeConfigurations(Invoker.java:215)
	at org.testng.internal.Invoker.invokeConfigurations(Invoker.java:140)
	at org.testng.internal.TestMethodWorker.invokeAfterClassMethods(TestMethodWorker.java:220)
	at org.testng.internal.TestMethodWorker.run(TestMethodWorker.java:111)
	at java.util.concurrent.ThreadPoolExecutor.runWorker(ThreadPoolExecutor.java:1142)
	at java.util.concurrent.ThreadPoolExecutor$Worker.run(ThreadPoolExecutor.java:617)
	at java.lang.Thread.run(Thread.java:745)
]]>
    </failure>
  </testcase> <!-- checkShowPageOfCreatedItem -->
  <testcase name="deleteAttachment" time="0.000" classname="com.biodata.labguru.tests.inventory.purchasables.ProteinsTest">
    <failure type="org.openqa.selenium.UnsupportedCommandException" message="ERROR The test with session id 46ae38afd62a4075a0dfe43639b2a931 has already finished, and can&#039;t receive further commands
You can learn more at https://saucelabs.com/jobs/46ae38afd62a4075a0dfe43639b2a931
For help, please check https://docs.saucelabs.com/reference/troubleshooting-common-error-messages
Command duration or timeout: 238 milliseconds
Build info: version: &#039;2.48.2&#039;, revision: &#039;41bccdd10cf2c0560f637404c2d96164b67d9d67&#039;, time: &#039;2015-10-09 13:08:06&#039;
System info: host: &#039;Gonis-MacBook-Pro.local&#039;, ip: &#039;192.168.1.14&#039;, os.name: &#039;Mac OS X&#039;, os.arch: &#039;x86_64&#039;, os.version: &#039;10.10.4&#039;, java.version: &#039;1.8.0_45&#039;
Driver info: org.openqa.selenium.remote.RemoteWebDriver
Capabilities [{applicationCacheEnabled=true, rotatable=false, hasMetadata=true, databaseEnabled=true, handlesAlerts=true, version=43.0, platform=MAC, nativeEvents=false, acceptSslCerts=true, webdriver.remote.sessionid=46ae38afd62a4075a0dfe43639b2a931, locationContextEnabled=true, webStorageEnabled=true, takesScreenshot=true, browserName=firefox, javascriptEnabled=true, cssSelectorsEnabled=true}]
Session ID: 46ae38afd62a4075a0dfe43639b2a931">
      <![CDATA[org.openqa.selenium.UnsupportedCommandException: ERROR The test with session id 46ae38afd62a4075a0dfe43639b2a931 has already finished, and can't receive further commands
You can learn more at https://saucelabs.com/jobs/46ae38afd62a4075a0dfe43639b2a931
For help, please check https://docs.saucelabs.com/reference/troubleshooting-common-error-messages
Command duration or timeout: 238 milliseconds
Build info: version: '2.48.2', revision: '41bccdd10cf2c0560f637404c2d96164b67d9d67', time: '2015-10-09 13:08:06'
System info: host: 'Gonis-MacBook-Pro.local', ip: '192.168.1.14', os.name: 'Mac OS X', os.arch: 'x86_64', os.version: '10.10.4', java.version: '1.8.0_45'
Driver info: org.openqa.selenium.remote.RemoteWebDriver
Capabilities [{applicationCacheEnabled=true, rotatable=false, hasMetadata=true, databaseEnabled=true, handlesAlerts=true, version=43.0, platform=MAC, nativeEvents=false, acceptSslCerts=true, webdriver.remote.sessionid=46ae38afd62a4075a0dfe43639b2a931, locationContextEnabled=true, webStorageEnabled=true, takesScreenshot=true, browserName=firefox, javascriptEnabled=true, cssSelectorsEnabled=true}]
Session ID: 46ae38afd62a4075a0dfe43639b2a931
	at sun.reflect.GeneratedConstructorAccessor15.newInstance(Unknown Source)
	at sun.reflect.DelegatingConstructorAccessorImpl.newInstance(DelegatingConstructorAccessorImpl.java:45)
	at java.lang.reflect.Constructor.newInstance(Constructor.java:422)
	at org.openqa.selenium.remote.ErrorHandler.createThrowable(ErrorHandler.java:206)
	at org.openqa.selenium.remote.ErrorHandler.throwIfResponseFailed(ErrorHandler.java:158)
	at org.openqa.selenium.remote.RemoteWebDriver.execute(RemoteWebDriver.java:647)
	at org.openqa.selenium.remote.RemoteWebDriver.execute(RemoteWebDriver.java:670)
	at org.openqa.selenium.remote.RemoteWebDriver.getTitle(RemoteWebDriver.java:315)
	at com.biodata.labguru.tests.BaseTest.setLog(BaseTest.java:259)
	at com.biodata.labguru.tests.inventory.AbstractCollectionsTest.uncheckSingleCollection(AbstractCollectionsTest.java:73)
	at sun.reflect.NativeMethodAccessorImpl.invoke0(Native Method)
	at sun.reflect.NativeMethodAccessorImpl.invoke(NativeMethodAccessorImpl.java:62)
	at sun.reflect.DelegatingMethodAccessorImpl.invoke(DelegatingMethodAccessorImpl.java:43)
	at java.lang.reflect.Method.invoke(Method.java:497)
	at org.testng.internal.MethodInvocationHelper.invokeMethod(MethodInvocationHelper.java:85)
	at org.testng.internal.Invoker.invokeConfigurationMethod(Invoker.java:552)
	at org.testng.internal.Invoker.invokeConfigurations(Invoker.java:215)
	at org.testng.internal.Invoker.invokeConfigurations(Invoker.java:140)
	at org.testng.internal.TestMethodWorker.invokeAfterClassMethods(TestMethodWorker.java:220)
	at org.testng.internal.TestMethodWorker.run(TestMethodWorker.java:111)
	at java.util.concurrent.ThreadPoolExecutor.runWorker(ThreadPoolExecutor.java:1142)
	at java.util.concurrent.ThreadPoolExecutor$Worker.run(ThreadPoolExecutor.java:617)
	at java.lang.Thread.run(Thread.java:745)
]]>
    </failure>
  </testcase> <!-- deleteAttachment -->
  <testcase name="deleteAllItemsFromIndexTable" time="0.000" classname="com.biodata.labguru.tests.inventory.purchasables.ProteinsTest">
    <failure type="org.openqa.selenium.UnsupportedCommandException" message="ERROR The test with session id 46ae38afd62a4075a0dfe43639b2a931 has already finished, and can&#039;t receive further commands
You can learn more at https://saucelabs.com/jobs/46ae38afd62a4075a0dfe43639b2a931
For help, please check https://docs.saucelabs.com/reference/troubleshooting-common-error-messages
Command duration or timeout: 238 milliseconds
Build info: version: &#039;2.48.2&#039;, revision: &#039;41bccdd10cf2c0560f637404c2d96164b67d9d67&#039;, time: &#039;2015-10-09 13:08:06&#039;
System info: host: &#039;Gonis-MacBook-Pro.local&#039;, ip: &#039;192.168.1.14&#039;, os.name: &#039;Mac OS X&#039;, os.arch: &#039;x86_64&#039;, os.version: &#039;10.10.4&#039;, java.version: &#039;1.8.0_45&#039;
Driver info: org.openqa.selenium.remote.RemoteWebDriver
Capabilities [{applicationCacheEnabled=true, rotatable=false, hasMetadata=true, databaseEnabled=true, handlesAlerts=true, version=43.0, platform=MAC, nativeEvents=false, acceptSslCerts=true, webdriver.remote.sessionid=46ae38afd62a4075a0dfe43639b2a931, locationContextEnabled=true, webStorageEnabled=true, takesScreenshot=true, browserName=firefox, javascriptEnabled=true, cssSelectorsEnabled=true}]
Session ID: 46ae38afd62a4075a0dfe43639b2a931">
      <![CDATA[org.openqa.selenium.UnsupportedCommandException: ERROR The test with session id 46ae38afd62a4075a0dfe43639b2a931 has already finished, and can't receive further commands
You can learn more at https://saucelabs.com/jobs/46ae38afd62a4075a0dfe43639b2a931
For help, please check https://docs.saucelabs.com/reference/troubleshooting-common-error-messages
Command duration or timeout: 238 milliseconds
Build info: version: '2.48.2', revision: '41bccdd10cf2c0560f637404c2d96164b67d9d67', time: '2015-10-09 13:08:06'
System info: host: 'Gonis-MacBook-Pro.local', ip: '192.168.1.14', os.name: 'Mac OS X', os.arch: 'x86_64', os.version: '10.10.4', java.version: '1.8.0_45'
Driver info: org.openqa.selenium.remote.RemoteWebDriver
Capabilities [{applicationCacheEnabled=true, rotatable=false, hasMetadata=true, databaseEnabled=true, handlesAlerts=true, version=43.0, platform=MAC, nativeEvents=false, acceptSslCerts=true, webdriver.remote.sessionid=46ae38afd62a4075a0dfe43639b2a931, locationContextEnabled=true, webStorageEnabled=true, takesScreenshot=true, browserName=firefox, javascriptEnabled=true, cssSelectorsEnabled=true}]
Session ID: 46ae38afd62a4075a0dfe43639b2a931
	at sun.reflect.GeneratedConstructorAccessor15.newInstance(Unknown Source)
	at sun.reflect.DelegatingConstructorAccessorImpl.newInstance(DelegatingConstructorAccessorImpl.java:45)
	at java.lang.reflect.Constructor.newInstance(Constructor.java:422)
	at org.openqa.selenium.remote.ErrorHandler.createThrowable(ErrorHandler.java:206)
	at org.openqa.selenium.remote.ErrorHandler.throwIfResponseFailed(ErrorHandler.java:158)
	at org.openqa.selenium.remote.RemoteWebDriver.execute(RemoteWebDriver.java:647)
	at org.openqa.selenium.remote.RemoteWebDriver.execute(RemoteWebDriver.java:670)
	at org.openqa.selenium.remote.RemoteWebDriver.getTitle(RemoteWebDriver.java:315)
	at com.biodata.labguru.tests.BaseTest.setLog(BaseTest.java:259)
	at com.biodata.labguru.tests.inventory.AbstractCollectionsTest.uncheckSingleCollection(AbstractCollectionsTest.java:73)
	at sun.reflect.NativeMethodAccessorImpl.invoke0(Native Method)
	at sun.reflect.NativeMethodAccessorImpl.invoke(NativeMethodAccessorImpl.java:62)
	at sun.reflect.DelegatingMethodAccessorImpl.invoke(DelegatingMethodAccessorImpl.java:43)
	at java.lang.reflect.Method.invoke(Method.java:497)
	at org.testng.internal.MethodInvocationHelper.invokeMethod(MethodInvocationHelper.java:85)
	at org.testng.internal.Invoker.invokeConfigurationMethod(Invoker.java:552)
	at org.testng.internal.Invoker.invokeConfigurations(Invoker.java:215)
	at org.testng.internal.Invoker.invokeConfigurations(Invoker.java:140)
	at org.testng.internal.TestMethodWorker.invokeAfterClassMethods(TestMethodWorker.java:220)
	at org.testng.internal.TestMethodWorker.run(TestMethodWorker.java:111)
	at java.util.concurrent.ThreadPoolExecutor.runWorker(ThreadPoolExecutor.java:1142)
	at java.util.concurrent.ThreadPoolExecutor$Worker.run(ThreadPoolExecutor.java:617)
	at java.lang.Thread.run(Thread.java:745)
]]>
    </failure>
  </testcase> <!-- deleteAllItemsFromIndexTable -->
  <testcase name="addTag" time="0.000" classname="com.biodata.labguru.tests.inventory.purchasables.ProteinsTest">
    <failure type="org.openqa.selenium.UnsupportedCommandException" message="ERROR The test with session id 46ae38afd62a4075a0dfe43639b2a931 has already finished, and can&#039;t receive further commands
You can learn more at https://saucelabs.com/jobs/46ae38afd62a4075a0dfe43639b2a931
For help, please check https://docs.saucelabs.com/reference/troubleshooting-common-error-messages
Command duration or timeout: 238 milliseconds
Build info: version: &#039;2.48.2&#039;, revision: &#039;41bccdd10cf2c0560f637404c2d96164b67d9d67&#039;, time: &#039;2015-10-09 13:08:06&#039;
System info: host: &#039;Gonis-MacBook-Pro.local&#039;, ip: &#039;192.168.1.14&#039;, os.name: &#039;Mac OS X&#039;, os.arch: &#039;x86_64&#039;, os.version: &#039;10.10.4&#039;, java.version: &#039;1.8.0_45&#039;
Driver info: org.openqa.selenium.remote.RemoteWebDriver
Capabilities [{applicationCacheEnabled=true, rotatable=false, hasMetadata=true, databaseEnabled=true, handlesAlerts=true, version=43.0, platform=MAC, nativeEvents=false, acceptSslCerts=true, webdriver.remote.sessionid=46ae38afd62a4075a0dfe43639b2a931, locationContextEnabled=true, webStorageEnabled=true, takesScreenshot=true, browserName=firefox, javascriptEnabled=true, cssSelectorsEnabled=true}]
Session ID: 46ae38afd62a4075a0dfe43639b2a931">
      <![CDATA[org.openqa.selenium.UnsupportedCommandException: ERROR The test with session id 46ae38afd62a4075a0dfe43639b2a931 has already finished, and can't receive further commands
You can learn more at https://saucelabs.com/jobs/46ae38afd62a4075a0dfe43639b2a931
For help, please check https://docs.saucelabs.com/reference/troubleshooting-common-error-messages
Command duration or timeout: 238 milliseconds
Build info: version: '2.48.2', revision: '41bccdd10cf2c0560f637404c2d96164b67d9d67', time: '2015-10-09 13:08:06'
System info: host: 'Gonis-MacBook-Pro.local', ip: '192.168.1.14', os.name: 'Mac OS X', os.arch: 'x86_64', os.version: '10.10.4', java.version: '1.8.0_45'
Driver info: org.openqa.selenium.remote.RemoteWebDriver
Capabilities [{applicationCacheEnabled=true, rotatable=false, hasMetadata=true, databaseEnabled=true, handlesAlerts=true, version=43.0, platform=MAC, nativeEvents=false, acceptSslCerts=true, webdriver.remote.sessionid=46ae38afd62a4075a0dfe43639b2a931, locationContextEnabled=true, webStorageEnabled=true, takesScreenshot=true, browserName=firefox, javascriptEnabled=true, cssSelectorsEnabled=true}]
Session ID: 46ae38afd62a4075a0dfe43639b2a931
	at sun.reflect.GeneratedConstructorAccessor15.newInstance(Unknown Source)
	at sun.reflect.DelegatingConstructorAccessorImpl.newInstance(DelegatingConstructorAccessorImpl.java:45)
	at java.lang.reflect.Constructor.newInstance(Constructor.java:422)
	at org.openqa.selenium.remote.ErrorHandler.createThrowable(ErrorHandler.java:206)
	at org.openqa.selenium.remote.ErrorHandler.throwIfResponseFailed(ErrorHandler.java:158)
	at org.openqa.selenium.remote.RemoteWebDriver.execute(RemoteWebDriver.java:647)
	at org.openqa.selenium.remote.RemoteWebDriver.execute(RemoteWebDriver.java:670)
	at org.openqa.selenium.remote.RemoteWebDriver.getTitle(RemoteWebDriver.java:315)
	at com.biodata.labguru.tests.BaseTest.setLog(BaseTest.java:259)
	at com.biodata.labguru.tests.inventory.AbstractCollectionsTest.uncheckSingleCollection(AbstractCollectionsTest.java:73)
	at sun.reflect.NativeMethodAccessorImpl.invoke0(Native Method)
	at sun.reflect.NativeMethodAccessorImpl.invoke(NativeMethodAccessorImpl.java:62)
	at sun.reflect.DelegatingMethodAccessorImpl.invoke(DelegatingMethodAccessorImpl.java:43)
	at java.lang.reflect.Method.invoke(Method.java:497)
	at org.testng.internal.MethodInvocationHelper.invokeMethod(MethodInvocationHelper.java:85)
	at org.testng.internal.Invoker.invokeConfigurationMethod(Invoker.java:552)
	at org.testng.internal.Invoker.invokeConfigurations(Invoker.java:215)
	at org.testng.internal.Invoker.invokeConfigurations(Invoker.java:140)
	at org.testng.internal.TestMethodWorker.invokeAfterClassMethods(TestMethodWorker.java:220)
	at org.testng.internal.TestMethodWorker.run(TestMethodWorker.java:111)
	at java.util.concurrent.ThreadPoolExecutor.runWorker(ThreadPoolExecutor.java:1142)
	at java.util.concurrent.ThreadPoolExecutor$Worker.run(ThreadPoolExecutor.java:617)
	at java.lang.Thread.run(Thread.java:745)
]]>
    </failure>
  </testcase> <!-- addTag -->
  <testcase name="importCollection" time="0.000" classname="com.biodata.labguru.tests.inventory.purchasables.ProteinsTest">
    <failure type="org.openqa.selenium.UnsupportedCommandException" message="ERROR The test with session id 46ae38afd62a4075a0dfe43639b2a931 has already finished, and can&#039;t receive further commands
You can learn more at https://saucelabs.com/jobs/46ae38afd62a4075a0dfe43639b2a931
For help, please check https://docs.saucelabs.com/reference/troubleshooting-common-error-messages
Command duration or timeout: 238 milliseconds
Build info: version: &#039;2.48.2&#039;, revision: &#039;41bccdd10cf2c0560f637404c2d96164b67d9d67&#039;, time: &#039;2015-10-09 13:08:06&#039;
System info: host: &#039;Gonis-MacBook-Pro.local&#039;, ip: &#039;192.168.1.14&#039;, os.name: &#039;Mac OS X&#039;, os.arch: &#039;x86_64&#039;, os.version: &#039;10.10.4&#039;, java.version: &#039;1.8.0_45&#039;
Driver info: org.openqa.selenium.remote.RemoteWebDriver
Capabilities [{applicationCacheEnabled=true, rotatable=false, hasMetadata=true, databaseEnabled=true, handlesAlerts=true, version=43.0, platform=MAC, nativeEvents=false, acceptSslCerts=true, webdriver.remote.sessionid=46ae38afd62a4075a0dfe43639b2a931, locationContextEnabled=true, webStorageEnabled=true, takesScreenshot=true, browserName=firefox, javascriptEnabled=true, cssSelectorsEnabled=true}]
Session ID: 46ae38afd62a4075a0dfe43639b2a931">
      <![CDATA[org.openqa.selenium.UnsupportedCommandException: ERROR The test with session id 46ae38afd62a4075a0dfe43639b2a931 has already finished, and can't receive further commands
You can learn more at https://saucelabs.com/jobs/46ae38afd62a4075a0dfe43639b2a931
For help, please check https://docs.saucelabs.com/reference/troubleshooting-common-error-messages
Command duration or timeout: 238 milliseconds
Build info: version: '2.48.2', revision: '41bccdd10cf2c0560f637404c2d96164b67d9d67', time: '2015-10-09 13:08:06'
System info: host: 'Gonis-MacBook-Pro.local', ip: '192.168.1.14', os.name: 'Mac OS X', os.arch: 'x86_64', os.version: '10.10.4', java.version: '1.8.0_45'
Driver info: org.openqa.selenium.remote.RemoteWebDriver
Capabilities [{applicationCacheEnabled=true, rotatable=false, hasMetadata=true, databaseEnabled=true, handlesAlerts=true, version=43.0, platform=MAC, nativeEvents=false, acceptSslCerts=true, webdriver.remote.sessionid=46ae38afd62a4075a0dfe43639b2a931, locationContextEnabled=true, webStorageEnabled=true, takesScreenshot=true, browserName=firefox, javascriptEnabled=true, cssSelectorsEnabled=true}]
Session ID: 46ae38afd62a4075a0dfe43639b2a931
	at sun.reflect.GeneratedConstructorAccessor15.newInstance(Unknown Source)
	at sun.reflect.DelegatingConstructorAccessorImpl.newInstance(DelegatingConstructorAccessorImpl.java:45)
	at java.lang.reflect.Constructor.newInstance(Constructor.java:422)
	at org.openqa.selenium.remote.ErrorHandler.createThrowable(ErrorHandler.java:206)
	at org.openqa.selenium.remote.ErrorHandler.throwIfResponseFailed(ErrorHandler.java:158)
	at org.openqa.selenium.remote.RemoteWebDriver.execute(RemoteWebDriver.java:647)
	at org.openqa.selenium.remote.RemoteWebDriver.execute(RemoteWebDriver.java:670)
	at org.openqa.selenium.remote.RemoteWebDriver.getTitle(RemoteWebDriver.java:315)
	at com.biodata.labguru.tests.BaseTest.setLog(BaseTest.java:259)
	at com.biodata.labguru.tests.inventory.AbstractCollectionsTest.uncheckSingleCollection(AbstractCollectionsTest.java:73)
	at sun.reflect.NativeMethodAccessorImpl.invoke0(Native Method)
	at sun.reflect.NativeMethodAccessorImpl.invoke(NativeMethodAccessorImpl.java:62)
	at sun.reflect.DelegatingMethodAccessorImpl.invoke(DelegatingMethodAccessorImpl.java:43)
	at java.lang.reflect.Method.invoke(Method.java:497)
	at org.testng.internal.MethodInvocationHelper.invokeMethod(MethodInvocationHelper.java:85)
	at org.testng.internal.Invoker.invokeConfigurationMethod(Invoker.java:552)
	at org.testng.internal.Invoker.invokeConfigurations(Invoker.java:215)
	at org.testng.internal.Invoker.invokeConfigurations(Invoker.java:140)
	at org.testng.internal.TestMethodWorker.invokeAfterClassMethods(TestMethodWorker.java:220)
	at org.testng.internal.TestMethodWorker.run(TestMethodWorker.java:111)
	at java.util.concurrent.ThreadPoolExecutor.runWorker(ThreadPoolExecutor.java:1142)
	at java.util.concurrent.ThreadPoolExecutor$Worker.run(ThreadPoolExecutor.java:617)
	at java.lang.Thread.run(Thread.java:745)
]]>
    </failure>
  </testcase> <!-- importCollection -->
  <testcase name="checkCustomizeTableView" time="0.000" classname="com.biodata.labguru.tests.inventory.purchasables.ProteinsTest">
    <failure type="org.openqa.selenium.UnsupportedCommandException" message="ERROR The test with session id 46ae38afd62a4075a0dfe43639b2a931 has already finished, and can&#039;t receive further commands
You can learn more at https://saucelabs.com/jobs/46ae38afd62a4075a0dfe43639b2a931
For help, please check https://docs.saucelabs.com/reference/troubleshooting-common-error-messages
Command duration or timeout: 238 milliseconds
Build info: version: &#039;2.48.2&#039;, revision: &#039;41bccdd10cf2c0560f637404c2d96164b67d9d67&#039;, time: &#039;2015-10-09 13:08:06&#039;
System info: host: &#039;Gonis-MacBook-Pro.local&#039;, ip: &#039;192.168.1.14&#039;, os.name: &#039;Mac OS X&#039;, os.arch: &#039;x86_64&#039;, os.version: &#039;10.10.4&#039;, java.version: &#039;1.8.0_45&#039;
Driver info: org.openqa.selenium.remote.RemoteWebDriver
Capabilities [{applicationCacheEnabled=true, rotatable=false, hasMetadata=true, databaseEnabled=true, handlesAlerts=true, version=43.0, platform=MAC, nativeEvents=false, acceptSslCerts=true, webdriver.remote.sessionid=46ae38afd62a4075a0dfe43639b2a931, locationContextEnabled=true, webStorageEnabled=true, takesScreenshot=true, browserName=firefox, javascriptEnabled=true, cssSelectorsEnabled=true}]
Session ID: 46ae38afd62a4075a0dfe43639b2a931">
      <![CDATA[org.openqa.selenium.UnsupportedCommandException: ERROR The test with session id 46ae38afd62a4075a0dfe43639b2a931 has already finished, and can't receive further commands
You can learn more at https://saucelabs.com/jobs/46ae38afd62a4075a0dfe43639b2a931
For help, please check https://docs.saucelabs.com/reference/troubleshooting-common-error-messages
Command duration or timeout: 238 milliseconds
Build info: version: '2.48.2', revision: '41bccdd10cf2c0560f637404c2d96164b67d9d67', time: '2015-10-09 13:08:06'
System info: host: 'Gonis-MacBook-Pro.local', ip: '192.168.1.14', os.name: 'Mac OS X', os.arch: 'x86_64', os.version: '10.10.4', java.version: '1.8.0_45'
Driver info: org.openqa.selenium.remote.RemoteWebDriver
Capabilities [{applicationCacheEnabled=true, rotatable=false, hasMetadata=true, databaseEnabled=true, handlesAlerts=true, version=43.0, platform=MAC, nativeEvents=false, acceptSslCerts=true, webdriver.remote.sessionid=46ae38afd62a4075a0dfe43639b2a931, locationContextEnabled=true, webStorageEnabled=true, takesScreenshot=true, browserName=firefox, javascriptEnabled=true, cssSelectorsEnabled=true}]
Session ID: 46ae38afd62a4075a0dfe43639b2a931
	at sun.reflect.GeneratedConstructorAccessor15.newInstance(Unknown Source)
	at sun.reflect.DelegatingConstructorAccessorImpl.newInstance(DelegatingConstructorAccessorImpl.java:45)
	at java.lang.reflect.Constructor.newInstance(Constructor.java:422)
	at org.openqa.selenium.remote.ErrorHandler.createThrowable(ErrorHandler.java:206)
	at org.openqa.selenium.remote.ErrorHandler.throwIfResponseFailed(ErrorHandler.java:158)
	at org.openqa.selenium.remote.RemoteWebDriver.execute(RemoteWebDriver.java:647)
	at org.openqa.selenium.remote.RemoteWebDriver.execute(RemoteWebDriver.java:670)
	at org.openqa.selenium.remote.RemoteWebDriver.getTitle(RemoteWebDriver.java:315)
	at com.biodata.labguru.tests.BaseTest.setLog(BaseTest.java:259)
	at com.biodata.labguru.tests.inventory.AbstractCollectionsTest.uncheckSingleCollection(AbstractCollectionsTest.java:73)
	at sun.reflect.NativeMethodAccessorImpl.invoke0(Native Method)
	at sun.reflect.NativeMethodAccessorImpl.invoke(NativeMethodAccessorImpl.java:62)
	at sun.reflect.DelegatingMethodAccessorImpl.invoke(DelegatingMethodAccessorImpl.java:43)
	at java.lang.reflect.Method.invoke(Method.java:497)
	at org.testng.internal.MethodInvocationHelper.invokeMethod(MethodInvocationHelper.java:85)
	at org.testng.internal.Invoker.invokeConfigurationMethod(Invoker.java:552)
	at org.testng.internal.Invoker.invokeConfigurations(Invoker.java:215)
	at org.testng.internal.Invoker.invokeConfigurations(Invoker.java:140)
	at org.testng.internal.TestMethodWorker.invokeAfterClassMethods(TestMethodWorker.java:220)
	at org.testng.internal.TestMethodWorker.run(TestMethodWorker.java:111)
	at java.util.concurrent.ThreadPoolExecutor.runWorker(ThreadPoolExecutor.java:1142)
	at java.util.concurrent.ThreadPoolExecutor$Worker.run(ThreadPoolExecutor.java:617)
	at java.lang.Thread.run(Thread.java:745)
]]>
    </failure>
  </testcase> <!-- checkCustomizeTableView -->
  <testcase name="addItemSaveAndNew" time="0.000" classname="com.biodata.labguru.tests.inventory.purchasables.ProteinsTest">
    <failure type="org.openqa.selenium.UnsupportedCommandException" message="ERROR The test with session id 46ae38afd62a4075a0dfe43639b2a931 has already finished, and can&#039;t receive further commands
You can learn more at https://saucelabs.com/jobs/46ae38afd62a4075a0dfe43639b2a931
For help, please check https://docs.saucelabs.com/reference/troubleshooting-common-error-messages
Command duration or timeout: 238 milliseconds
Build info: version: &#039;2.48.2&#039;, revision: &#039;41bccdd10cf2c0560f637404c2d96164b67d9d67&#039;, time: &#039;2015-10-09 13:08:06&#039;
System info: host: &#039;Gonis-MacBook-Pro.local&#039;, ip: &#039;192.168.1.14&#039;, os.name: &#039;Mac OS X&#039;, os.arch: &#039;x86_64&#039;, os.version: &#039;10.10.4&#039;, java.version: &#039;1.8.0_45&#039;
Driver info: org.openqa.selenium.remote.RemoteWebDriver
Capabilities [{applicationCacheEnabled=true, rotatable=false, hasMetadata=true, databaseEnabled=true, handlesAlerts=true, version=43.0, platform=MAC, nativeEvents=false, acceptSslCerts=true, webdriver.remote.sessionid=46ae38afd62a4075a0dfe43639b2a931, locationContextEnabled=true, webStorageEnabled=true, takesScreenshot=true, browserName=firefox, javascriptEnabled=true, cssSelectorsEnabled=true}]
Session ID: 46ae38afd62a4075a0dfe43639b2a931">
      <![CDATA[org.openqa.selenium.UnsupportedCommandException: ERROR The test with session id 46ae38afd62a4075a0dfe43639b2a931 has already finished, and can't receive further commands
You can learn more at https://saucelabs.com/jobs/46ae38afd62a4075a0dfe43639b2a931
For help, please check https://docs.saucelabs.com/reference/troubleshooting-common-error-messages
Command duration or timeout: 238 milliseconds
Build info: version: '2.48.2', revision: '41bccdd10cf2c0560f637404c2d96164b67d9d67', time: '2015-10-09 13:08:06'
System info: host: 'Gonis-MacBook-Pro.local', ip: '192.168.1.14', os.name: 'Mac OS X', os.arch: 'x86_64', os.version: '10.10.4', java.version: '1.8.0_45'
Driver info: org.openqa.selenium.remote.RemoteWebDriver
Capabilities [{applicationCacheEnabled=true, rotatable=false, hasMetadata=true, databaseEnabled=true, handlesAlerts=true, version=43.0, platform=MAC, nativeEvents=false, acceptSslCerts=true, webdriver.remote.sessionid=46ae38afd62a4075a0dfe43639b2a931, locationContextEnabled=true, webStorageEnabled=true, takesScreenshot=true, browserName=firefox, javascriptEnabled=true, cssSelectorsEnabled=true}]
Session ID: 46ae38afd62a4075a0dfe43639b2a931
	at sun.reflect.GeneratedConstructorAccessor15.newInstance(Unknown Source)
	at sun.reflect.DelegatingConstructorAccessorImpl.newInstance(DelegatingConstructorAccessorImpl.java:45)
	at java.lang.reflect.Constructor.newInstance(Constructor.java:422)
	at org.openqa.selenium.remote.ErrorHandler.createThrowable(ErrorHandler.java:206)
	at org.openqa.selenium.remote.ErrorHandler.throwIfResponseFailed(ErrorHandler.java:158)
	at org.openqa.selenium.remote.RemoteWebDriver.execute(RemoteWebDriver.java:647)
	at org.openqa.selenium.remote.RemoteWebDriver.execute(RemoteWebDriver.java:670)
	at org.openqa.selenium.remote.RemoteWebDriver.getTitle(RemoteWebDriver.java:315)
	at com.biodata.labguru.tests.BaseTest.setLog(BaseTest.java:259)
	at com.biodata.labguru.tests.inventory.AbstractCollectionsTest.uncheckSingleCollection(AbstractCollectionsTest.java:73)
	at sun.reflect.NativeMethodAccessorImpl.invoke0(Native Method)
	at sun.reflect.NativeMethodAccessorImpl.invoke(NativeMethodAccessorImpl.java:62)
	at sun.reflect.DelegatingMethodAccessorImpl.invoke(DelegatingMethodAccessorImpl.java:43)
	at java.lang.reflect.Method.invoke(Method.java:497)
	at org.testng.internal.MethodInvocationHelper.invokeMethod(MethodInvocationHelper.java:85)
	at org.testng.internal.Invoker.invokeConfigurationMethod(Invoker.java:552)
	at org.testng.internal.Invoker.invokeConfigurations(Invoker.java:215)
	at org.testng.internal.Invoker.invokeConfigurations(Invoker.java:140)
	at org.testng.internal.TestMethodWorker.invokeAfterClassMethods(TestMethodWorker.java:220)
	at org.testng.internal.TestMethodWorker.run(TestMethodWorker.java:111)
	at java.util.concurrent.ThreadPoolExecutor.runWorker(ThreadPoolExecutor.java:1142)
	at java.util.concurrent.ThreadPoolExecutor$Worker.run(ThreadPoolExecutor.java:617)
	at java.lang.Thread.run(Thread.java:745)
]]>
    </failure>
  </testcase> <!-- addItemSaveAndNew -->
  <testcase name="showMenu" time="0.000" classname="com.biodata.labguru.tests.inventory.purchasables.ProteinsTest">
    <failure type="org.openqa.selenium.UnsupportedCommandException" message="ERROR The test with session id 46ae38afd62a4075a0dfe43639b2a931 has already finished, and can&#039;t receive further commands
You can learn more at https://saucelabs.com/jobs/46ae38afd62a4075a0dfe43639b2a931
For help, please check https://docs.saucelabs.com/reference/troubleshooting-common-error-messages
Command duration or timeout: 238 milliseconds
Build info: version: &#039;2.48.2&#039;, revision: &#039;41bccdd10cf2c0560f637404c2d96164b67d9d67&#039;, time: &#039;2015-10-09 13:08:06&#039;
System info: host: &#039;Gonis-MacBook-Pro.local&#039;, ip: &#039;192.168.1.14&#039;, os.name: &#039;Mac OS X&#039;, os.arch: &#039;x86_64&#039;, os.version: &#039;10.10.4&#039;, java.version: &#039;1.8.0_45&#039;
Driver info: org.openqa.selenium.remote.RemoteWebDriver
Capabilities [{applicationCacheEnabled=true, rotatable=false, hasMetadata=true, databaseEnabled=true, handlesAlerts=true, version=43.0, platform=MAC, nativeEvents=false, acceptSslCerts=true, webdriver.remote.sessionid=46ae38afd62a4075a0dfe43639b2a931, locationContextEnabled=true, webStorageEnabled=true, takesScreenshot=true, browserName=firefox, javascriptEnabled=true, cssSelectorsEnabled=true}]
Session ID: 46ae38afd62a4075a0dfe43639b2a931">
      <![CDATA[org.openqa.selenium.UnsupportedCommandException: ERROR The test with session id 46ae38afd62a4075a0dfe43639b2a931 has already finished, and can't receive further commands
You can learn more at https://saucelabs.com/jobs/46ae38afd62a4075a0dfe43639b2a931
For help, please check https://docs.saucelabs.com/reference/troubleshooting-common-error-messages
Command duration or timeout: 238 milliseconds
Build info: version: '2.48.2', revision: '41bccdd10cf2c0560f637404c2d96164b67d9d67', time: '2015-10-09 13:08:06'
System info: host: 'Gonis-MacBook-Pro.local', ip: '192.168.1.14', os.name: 'Mac OS X', os.arch: 'x86_64', os.version: '10.10.4', java.version: '1.8.0_45'
Driver info: org.openqa.selenium.remote.RemoteWebDriver
Capabilities [{applicationCacheEnabled=true, rotatable=false, hasMetadata=true, databaseEnabled=true, handlesAlerts=true, version=43.0, platform=MAC, nativeEvents=false, acceptSslCerts=true, webdriver.remote.sessionid=46ae38afd62a4075a0dfe43639b2a931, locationContextEnabled=true, webStorageEnabled=true, takesScreenshot=true, browserName=firefox, javascriptEnabled=true, cssSelectorsEnabled=true}]
Session ID: 46ae38afd62a4075a0dfe43639b2a931
	at sun.reflect.GeneratedConstructorAccessor15.newInstance(Unknown Source)
	at sun.reflect.DelegatingConstructorAccessorImpl.newInstance(DelegatingConstructorAccessorImpl.java:45)
	at java.lang.reflect.Constructor.newInstance(Constructor.java:422)
	at org.openqa.selenium.remote.ErrorHandler.createThrowable(ErrorHandler.java:206)
	at org.openqa.selenium.remote.ErrorHandler.throwIfResponseFailed(ErrorHandler.java:158)
	at org.openqa.selenium.remote.RemoteWebDriver.execute(RemoteWebDriver.java:647)
	at org.openqa.selenium.remote.RemoteWebDriver.execute(RemoteWebDriver.java:670)
	at org.openqa.selenium.remote.RemoteWebDriver.getTitle(RemoteWebDriver.java:315)
	at com.biodata.labguru.tests.BaseTest.setLog(BaseTest.java:259)
	at com.biodata.labguru.tests.inventory.AbstractCollectionsTest.uncheckSingleCollection(AbstractCollectionsTest.java:73)
	at sun.reflect.NativeMethodAccessorImpl.invoke0(Native Method)
	at sun.reflect.NativeMethodAccessorImpl.invoke(NativeMethodAccessorImpl.java:62)
	at sun.reflect.DelegatingMethodAccessorImpl.invoke(DelegatingMethodAccessorImpl.java:43)
	at java.lang.reflect.Method.invoke(Method.java:497)
	at org.testng.internal.MethodInvocationHelper.invokeMethod(MethodInvocationHelper.java:85)
	at org.testng.internal.Invoker.invokeConfigurationMethod(Invoker.java:552)
	at org.testng.internal.Invoker.invokeConfigurations(Invoker.java:215)
	at org.testng.internal.Invoker.invokeConfigurations(Invoker.java:140)
	at org.testng.internal.TestMethodWorker.invokeAfterClassMethods(TestMethodWorker.java:220)
	at org.testng.internal.TestMethodWorker.run(TestMethodWorker.java:111)
	at java.util.concurrent.ThreadPoolExecutor.runWorker(ThreadPoolExecutor.java:1142)
	at java.util.concurrent.ThreadPoolExecutor$Worker.run(ThreadPoolExecutor.java:617)
	at java.lang.Thread.run(Thread.java:745)
]]>
    </failure>
  </testcase> <!-- showMenu -->
  <testcase name="addSimpleItem" time="374.046" classname="com.biodata.labguru.tests.inventory.purchasables.ProteinsTest"/>
  <testcase name="duplicateItem" time="0.000" classname="com.biodata.labguru.tests.inventory.purchasables.ProteinsTest">
    <failure type="org.openqa.selenium.UnsupportedCommandException" message="ERROR The test with session id 46ae38afd62a4075a0dfe43639b2a931 has already finished, and can&#039;t receive further commands
You can learn more at https://saucelabs.com/jobs/46ae38afd62a4075a0dfe43639b2a931
For help, please check https://docs.saucelabs.com/reference/troubleshooting-common-error-messages
Command duration or timeout: 238 milliseconds
Build info: version: &#039;2.48.2&#039;, revision: &#039;41bccdd10cf2c0560f637404c2d96164b67d9d67&#039;, time: &#039;2015-10-09 13:08:06&#039;
System info: host: &#039;Gonis-MacBook-Pro.local&#039;, ip: &#039;192.168.1.14&#039;, os.name: &#039;Mac OS X&#039;, os.arch: &#039;x86_64&#039;, os.version: &#039;10.10.4&#039;, java.version: &#039;1.8.0_45&#039;
Driver info: org.openqa.selenium.remote.RemoteWebDriver
Capabilities [{applicationCacheEnabled=true, rotatable=false, hasMetadata=true, databaseEnabled=true, handlesAlerts=true, version=43.0, platform=MAC, nativeEvents=false, acceptSslCerts=true, webdriver.remote.sessionid=46ae38afd62a4075a0dfe43639b2a931, locationContextEnabled=true, webStorageEnabled=true, takesScreenshot=true, browserName=firefox, javascriptEnabled=true, cssSelectorsEnabled=true}]
Session ID: 46ae38afd62a4075a0dfe43639b2a931">
      <![CDATA[org.openqa.selenium.UnsupportedCommandException: ERROR The test with session id 46ae38afd62a4075a0dfe43639b2a931 has already finished, and can't receive further commands
You can learn more at https://saucelabs.com/jobs/46ae38afd62a4075a0dfe43639b2a931
For help, please check https://docs.saucelabs.com/reference/troubleshooting-common-error-messages
Command duration or timeout: 238 milliseconds
Build info: version: '2.48.2', revision: '41bccdd10cf2c0560f637404c2d96164b67d9d67', time: '2015-10-09 13:08:06'
System info: host: 'Gonis-MacBook-Pro.local', ip: '192.168.1.14', os.name: 'Mac OS X', os.arch: 'x86_64', os.version: '10.10.4', java.version: '1.8.0_45'
Driver info: org.openqa.selenium.remote.RemoteWebDriver
Capabilities [{applicationCacheEnabled=true, rotatable=false, hasMetadata=true, databaseEnabled=true, handlesAlerts=true, version=43.0, platform=MAC, nativeEvents=false, acceptSslCerts=true, webdriver.remote.sessionid=46ae38afd62a4075a0dfe43639b2a931, locationContextEnabled=true, webStorageEnabled=true, takesScreenshot=true, browserName=firefox, javascriptEnabled=true, cssSelectorsEnabled=true}]
Session ID: 46ae38afd62a4075a0dfe43639b2a931
	at sun.reflect.GeneratedConstructorAccessor15.newInstance(Unknown Source)
	at sun.reflect.DelegatingConstructorAccessorImpl.newInstance(DelegatingConstructorAccessorImpl.java:45)
	at java.lang.reflect.Constructor.newInstance(Constructor.java:422)
	at org.openqa.selenium.remote.ErrorHandler.createThrowable(ErrorHandler.java:206)
	at org.openqa.selenium.remote.ErrorHandler.throwIfResponseFailed(ErrorHandler.java:158)
	at org.openqa.selenium.remote.RemoteWebDriver.execute(RemoteWebDriver.java:647)
	at org.openqa.selenium.remote.RemoteWebDriver.execute(RemoteWebDriver.java:670)
	at org.openqa.selenium.remote.RemoteWebDriver.getTitle(RemoteWebDriver.java:315)
	at com.biodata.labguru.tests.BaseTest.setLog(BaseTest.java:259)
	at com.biodata.labguru.tests.inventory.AbstractCollectionsTest.uncheckSingleCollection(AbstractCollectionsTest.java:73)
	at sun.reflect.NativeMethodAccessorImpl.invoke0(Native Method)
	at sun.reflect.NativeMethodAccessorImpl.invoke(NativeMethodAccessorImpl.java:62)
	at sun.reflect.DelegatingMethodAccessorImpl.invoke(DelegatingMethodAccessorImpl.java:43)
	at java.lang.reflect.Method.invoke(Method.java:497)
	at org.testng.internal.MethodInvocationHelper.invokeMethod(MethodInvocationHelper.java:85)
	at org.testng.internal.Invoker.invokeConfigurationMethod(Invoker.java:552)
	at org.testng.internal.Invoker.invokeConfigurations(Invoker.java:215)
	at org.testng.internal.Invoker.invokeConfigurations(Invoker.java:140)
	at org.testng.internal.TestMethodWorker.invokeAfterClassMethods(TestMethodWorker.java:220)
	at org.testng.internal.TestMethodWorker.run(TestMethodWorker.java:111)
	at java.util.concurrent.ThreadPoolExecutor.runWorker(ThreadPoolExecutor.java:1142)
	at java.util.concurrent.ThreadPoolExecutor$Worker.run(ThreadPoolExecutor.java:617)
	at java.lang.Thread.run(Thread.java:745)
]]>
    </failure>
  </testcase> <!-- duplicateItem -->
  <testcase name="addStockFromMetaDataSection" time="0.000" classname="com.biodata.labguru.tests.inventory.purchasables.ProteinsTest">
    <failure type="org.openqa.selenium.UnsupportedCommandException" message="ERROR The test with session id 46ae38afd62a4075a0dfe43639b2a931 has already finished, and can&#039;t receive further commands
You can learn more at https://saucelabs.com/jobs/46ae38afd62a4075a0dfe43639b2a931
For help, please check https://docs.saucelabs.com/reference/troubleshooting-common-error-messages
Command duration or timeout: 238 milliseconds
Build info: version: &#039;2.48.2&#039;, revision: &#039;41bccdd10cf2c0560f637404c2d96164b67d9d67&#039;, time: &#039;2015-10-09 13:08:06&#039;
System info: host: &#039;Gonis-MacBook-Pro.local&#039;, ip: &#039;192.168.1.14&#039;, os.name: &#039;Mac OS X&#039;, os.arch: &#039;x86_64&#039;, os.version: &#039;10.10.4&#039;, java.version: &#039;1.8.0_45&#039;
Driver info: org.openqa.selenium.remote.RemoteWebDriver
Capabilities [{applicationCacheEnabled=true, rotatable=false, hasMetadata=true, databaseEnabled=true, handlesAlerts=true, version=43.0, platform=MAC, nativeEvents=false, acceptSslCerts=true, webdriver.remote.sessionid=46ae38afd62a4075a0dfe43639b2a931, locationContextEnabled=true, webStorageEnabled=true, takesScreenshot=true, browserName=firefox, javascriptEnabled=true, cssSelectorsEnabled=true}]
Session ID: 46ae38afd62a4075a0dfe43639b2a931">
      <![CDATA[org.openqa.selenium.UnsupportedCommandException: ERROR The test with session id 46ae38afd62a4075a0dfe43639b2a931 has already finished, and can't receive further commands
You can learn more at https://saucelabs.com/jobs/46ae38afd62a4075a0dfe43639b2a931
For help, please check https://docs.saucelabs.com/reference/troubleshooting-common-error-messages
Command duration or timeout: 238 milliseconds
Build info: version: '2.48.2', revision: '41bccdd10cf2c0560f637404c2d96164b67d9d67', time: '2015-10-09 13:08:06'
System info: host: 'Gonis-MacBook-Pro.local', ip: '192.168.1.14', os.name: 'Mac OS X', os.arch: 'x86_64', os.version: '10.10.4', java.version: '1.8.0_45'
Driver info: org.openqa.selenium.remote.RemoteWebDriver
Capabilities [{applicationCacheEnabled=true, rotatable=false, hasMetadata=true, databaseEnabled=true, handlesAlerts=true, version=43.0, platform=MAC, nativeEvents=false, acceptSslCerts=true, webdriver.remote.sessionid=46ae38afd62a4075a0dfe43639b2a931, locationContextEnabled=true, webStorageEnabled=true, takesScreenshot=true, browserName=firefox, javascriptEnabled=true, cssSelectorsEnabled=true}]
Session ID: 46ae38afd62a4075a0dfe43639b2a931
	at sun.reflect.GeneratedConstructorAccessor15.newInstance(Unknown Source)
	at sun.reflect.DelegatingConstructorAccessorImpl.newInstance(DelegatingConstructorAccessorImpl.java:45)
	at java.lang.reflect.Constructor.newInstance(Constructor.java:422)
	at org.openqa.selenium.remote.ErrorHandler.createThrowable(ErrorHandler.java:206)
	at org.openqa.selenium.remote.ErrorHandler.throwIfResponseFailed(ErrorHandler.java:158)
	at org.openqa.selenium.remote.RemoteWebDriver.execute(RemoteWebDriver.java:647)
	at org.openqa.selenium.remote.RemoteWebDriver.execute(RemoteWebDriver.java:670)
	at org.openqa.selenium.remote.RemoteWebDriver.getTitle(RemoteWebDriver.java:315)
	at com.biodata.labguru.tests.BaseTest.setLog(BaseTest.java:259)
	at com.biodata.labguru.tests.inventory.AbstractCollectionsTest.uncheckSingleCollection(AbstractCollectionsTest.java:73)
	at sun.reflect.NativeMethodAccessorImpl.invoke0(Native Method)
	at sun.reflect.NativeMethodAccessorImpl.invoke(NativeMethodAccessorImpl.java:62)
	at sun.reflect.DelegatingMethodAccessorImpl.invoke(DelegatingMethodAccessorImpl.java:43)
	at java.lang.reflect.Method.invoke(Method.java:497)
	at org.testng.internal.MethodInvocationHelper.invokeMethod(MethodInvocationHelper.java:85)
	at org.testng.internal.Invoker.invokeConfigurationMethod(Invoker.java:552)
	at org.testng.internal.Invoker.invokeConfigurations(Invoker.java:215)
	at org.testng.internal.Invoker.invokeConfigurations(Invoker.java:140)
	at org.testng.internal.TestMethodWorker.invokeAfterClassMethods(TestMethodWorker.java:220)
	at org.testng.internal.TestMethodWorker.run(TestMethodWorker.java:111)
	at java.util.concurrent.ThreadPoolExecutor.runWorker(ThreadPoolExecutor.java:1142)
	at java.util.concurrent.ThreadPoolExecutor$Worker.run(ThreadPoolExecutor.java:617)
	at java.lang.Thread.run(Thread.java:745)
]]>
    </failure>
  </testcase> <!-- addStockFromMetaDataSection -->
  <testcase name="addTask" time="0.000" classname="com.biodata.labguru.tests.inventory.purchasables.ProteinsTest">
    <failure type="org.openqa.selenium.UnsupportedCommandException" message="ERROR The test with session id 46ae38afd62a4075a0dfe43639b2a931 has already finished, and can&#039;t receive further commands
You can learn more at https://saucelabs.com/jobs/46ae38afd62a4075a0dfe43639b2a931
For help, please check https://docs.saucelabs.com/reference/troubleshooting-common-error-messages
Command duration or timeout: 238 milliseconds
Build info: version: &#039;2.48.2&#039;, revision: &#039;41bccdd10cf2c0560f637404c2d96164b67d9d67&#039;, time: &#039;2015-10-09 13:08:06&#039;
System info: host: &#039;Gonis-MacBook-Pro.local&#039;, ip: &#039;192.168.1.14&#039;, os.name: &#039;Mac OS X&#039;, os.arch: &#039;x86_64&#039;, os.version: &#039;10.10.4&#039;, java.version: &#039;1.8.0_45&#039;
Driver info: org.openqa.selenium.remote.RemoteWebDriver
Capabilities [{applicationCacheEnabled=true, rotatable=false, hasMetadata=true, databaseEnabled=true, handlesAlerts=true, version=43.0, platform=MAC, nativeEvents=false, acceptSslCerts=true, webdriver.remote.sessionid=46ae38afd62a4075a0dfe43639b2a931, locationContextEnabled=true, webStorageEnabled=true, takesScreenshot=true, browserName=firefox, javascriptEnabled=true, cssSelectorsEnabled=true}]
Session ID: 46ae38afd62a4075a0dfe43639b2a931">
      <![CDATA[org.openqa.selenium.UnsupportedCommandException: ERROR The test with session id 46ae38afd62a4075a0dfe43639b2a931 has already finished, and can't receive further commands
You can learn more at https://saucelabs.com/jobs/46ae38afd62a4075a0dfe43639b2a931
For help, please check https://docs.saucelabs.com/reference/troubleshooting-common-error-messages
Command duration or timeout: 238 milliseconds
Build info: version: '2.48.2', revision: '41bccdd10cf2c0560f637404c2d96164b67d9d67', time: '2015-10-09 13:08:06'
System info: host: 'Gonis-MacBook-Pro.local', ip: '192.168.1.14', os.name: 'Mac OS X', os.arch: 'x86_64', os.version: '10.10.4', java.version: '1.8.0_45'
Driver info: org.openqa.selenium.remote.RemoteWebDriver
Capabilities [{applicationCacheEnabled=true, rotatable=false, hasMetadata=true, databaseEnabled=true, handlesAlerts=true, version=43.0, platform=MAC, nativeEvents=false, acceptSslCerts=true, webdriver.remote.sessionid=46ae38afd62a4075a0dfe43639b2a931, locationContextEnabled=true, webStorageEnabled=true, takesScreenshot=true, browserName=firefox, javascriptEnabled=true, cssSelectorsEnabled=true}]
Session ID: 46ae38afd62a4075a0dfe43639b2a931
	at sun.reflect.GeneratedConstructorAccessor15.newInstance(Unknown Source)
	at sun.reflect.DelegatingConstructorAccessorImpl.newInstance(DelegatingConstructorAccessorImpl.java:45)
	at java.lang.reflect.Constructor.newInstance(Constructor.java:422)
	at org.openqa.selenium.remote.ErrorHandler.createThrowable(ErrorHandler.java:206)
	at org.openqa.selenium.remote.ErrorHandler.throwIfResponseFailed(ErrorHandler.java:158)
	at org.openqa.selenium.remote.RemoteWebDriver.execute(RemoteWebDriver.java:647)
	at org.openqa.selenium.remote.RemoteWebDriver.execute(RemoteWebDriver.java:670)
	at org.openqa.selenium.remote.RemoteWebDriver.getTitle(RemoteWebDriver.java:315)
	at com.biodata.labguru.tests.BaseTest.setLog(BaseTest.java:259)
	at com.biodata.labguru.tests.inventory.AbstractCollectionsTest.uncheckSingleCollection(AbstractCollectionsTest.java:73)
	at sun.reflect.NativeMethodAccessorImpl.invoke0(Native Method)
	at sun.reflect.NativeMethodAccessorImpl.invoke(NativeMethodAccessorImpl.java:62)
	at sun.reflect.DelegatingMethodAccessorImpl.invoke(DelegatingMethodAccessorImpl.java:43)
	at java.lang.reflect.Method.invoke(Method.java:497)
	at org.testng.internal.MethodInvocationHelper.invokeMethod(MethodInvocationHelper.java:85)
	at org.testng.internal.Invoker.invokeConfigurationMethod(Invoker.java:552)
	at org.testng.internal.Invoker.invokeConfigurations(Invoker.java:215)
	at org.testng.internal.Invoker.invokeConfigurations(Invoker.java:140)
	at org.testng.internal.TestMethodWorker.invokeAfterClassMethods(TestMethodWorker.java:220)
	at org.testng.internal.TestMethodWorker.run(TestMethodWorker.java:111)
	at java.util.concurrent.ThreadPoolExecutor.runWorker(ThreadPoolExecutor.java:1142)
	at java.util.concurrent.ThreadPoolExecutor$Worker.run(ThreadPoolExecutor.java:617)
	at java.lang.Thread.run(Thread.java:745)
]]>
    </failure>
  </testcase> <!-- addTask -->
  <testcase name="deleteCollectionItemFromItemShowPage" time="0.001" classname="com.biodata.labguru.tests.inventory.purchasables.ProteinsTest">
    <failure type="org.openqa.selenium.UnsupportedCommandException" message="ERROR The test with session id 46ae38afd62a4075a0dfe43639b2a931 has already finished, and can&#039;t receive further commands
You can learn more at https://saucelabs.com/jobs/46ae38afd62a4075a0dfe43639b2a931
For help, please check https://docs.saucelabs.com/reference/troubleshooting-common-error-messages
Command duration or timeout: 238 milliseconds
Build info: version: &#039;2.48.2&#039;, revision: &#039;41bccdd10cf2c0560f637404c2d96164b67d9d67&#039;, time: &#039;2015-10-09 13:08:06&#039;
System info: host: &#039;Gonis-MacBook-Pro.local&#039;, ip: &#039;192.168.1.14&#039;, os.name: &#039;Mac OS X&#039;, os.arch: &#039;x86_64&#039;, os.version: &#039;10.10.4&#039;, java.version: &#039;1.8.0_45&#039;
Driver info: org.openqa.selenium.remote.RemoteWebDriver
Capabilities [{applicationCacheEnabled=true, rotatable=false, hasMetadata=true, databaseEnabled=true, handlesAlerts=true, version=43.0, platform=MAC, nativeEvents=false, acceptSslCerts=true, webdriver.remote.sessionid=46ae38afd62a4075a0dfe43639b2a931, locationContextEnabled=true, webStorageEnabled=true, takesScreenshot=true, browserName=firefox, javascriptEnabled=true, cssSelectorsEnabled=true}]
Session ID: 46ae38afd62a4075a0dfe43639b2a931">
      <![CDATA[org.openqa.selenium.UnsupportedCommandException: ERROR The test with session id 46ae38afd62a4075a0dfe43639b2a931 has already finished, and can't receive further commands
You can learn more at https://saucelabs.com/jobs/46ae38afd62a4075a0dfe43639b2a931
For help, please check https://docs.saucelabs.com/reference/troubleshooting-common-error-messages
Command duration or timeout: 238 milliseconds
Build info: version: '2.48.2', revision: '41bccdd10cf2c0560f637404c2d96164b67d9d67', time: '2015-10-09 13:08:06'
System info: host: 'Gonis-MacBook-Pro.local', ip: '192.168.1.14', os.name: 'Mac OS X', os.arch: 'x86_64', os.version: '10.10.4', java.version: '1.8.0_45'
Driver info: org.openqa.selenium.remote.RemoteWebDriver
Capabilities [{applicationCacheEnabled=true, rotatable=false, hasMetadata=true, databaseEnabled=true, handlesAlerts=true, version=43.0, platform=MAC, nativeEvents=false, acceptSslCerts=true, webdriver.remote.sessionid=46ae38afd62a4075a0dfe43639b2a931, locationContextEnabled=true, webStorageEnabled=true, takesScreenshot=true, browserName=firefox, javascriptEnabled=true, cssSelectorsEnabled=true}]
Session ID: 46ae38afd62a4075a0dfe43639b2a931
	at sun.reflect.GeneratedConstructorAccessor15.newInstance(Unknown Source)
	at sun.reflect.DelegatingConstructorAccessorImpl.newInstance(DelegatingConstructorAccessorImpl.java:45)
	at java.lang.reflect.Constructor.newInstance(Constructor.java:422)
	at org.openqa.selenium.remote.ErrorHandler.createThrowable(ErrorHandler.java:206)
	at org.openqa.selenium.remote.ErrorHandler.throwIfResponseFailed(ErrorHandler.java:158)
	at org.openqa.selenium.remote.RemoteWebDriver.execute(RemoteWebDriver.java:647)
	at org.openqa.selenium.remote.RemoteWebDriver.execute(RemoteWebDriver.java:670)
	at org.openqa.selenium.remote.RemoteWebDriver.getTitle(RemoteWebDriver.java:315)
	at com.biodata.labguru.tests.BaseTest.setLog(BaseTest.java:259)
	at com.biodata.labguru.tests.inventory.AbstractCollectionsTest.uncheckSingleCollection(AbstractCollectionsTest.java:73)
	at sun.reflect.NativeMethodAccessorImpl.invoke0(Native Method)
	at sun.reflect.NativeMethodAccessorImpl.invoke(NativeMethodAccessorImpl.java:62)
	at sun.reflect.DelegatingMethodAccessorImpl.invoke(DelegatingMethodAccessorImpl.java:43)
	at java.lang.reflect.Method.invoke(Method.java:497)
	at org.testng.internal.MethodInvocationHelper.invokeMethod(MethodInvocationHelper.java:85)
	at org.testng.internal.Invoker.invokeConfigurationMethod(Invoker.java:552)
	at org.testng.internal.Invoker.invokeConfigurations(Invoker.java:215)
	at org.testng.internal.Invoker.invokeConfigurations(Invoker.java:140)
	at org.testng.internal.TestMethodWorker.invokeAfterClassMethods(TestMethodWorker.java:220)
	at org.testng.internal.TestMethodWorker.run(TestMethodWorker.java:111)
	at java.util.concurrent.ThreadPoolExecutor.runWorker(ThreadPoolExecutor.java:1142)
	at java.util.concurrent.ThreadPoolExecutor$Worker.run(ThreadPoolExecutor.java:617)
	at java.lang.Thread.run(Thread.java:745)
]]>
    </failure>
  </testcase> <!-- deleteCollectionItemFromItemShowPage -->
  <testcase name="editCollectionItemFromItemShowPage" time="80.959" classname="com.biodata.labguru.tests.inventory.purchasables.ProteinsTest">
    <failure type="org.openqa.selenium.UnsupportedCommandException" message="ERROR The test with session id 613c28aec06d46a2844ce59d554e64af has already finished, and can&#039;t receive further commands
You can learn more at https://saucelabs.com/jobs/613c28aec06d46a2844ce59d554e64af
For help, please check https://docs.saucelabs.com/reference/troubleshooting-common-error-messages
Command duration or timeout: 399 milliseconds
Build info: version: &#039;2.48.2&#039;, revision: &#039;41bccdd10cf2c0560f637404c2d96164b67d9d67&#039;, time: &#039;2015-10-09 13:08:06&#039;
System info: host: &#039;Gonis-MacBook-Pro.local&#039;, ip: &#039;192.168.1.14&#039;, os.name: &#039;Mac OS X&#039;, os.arch: &#039;x86_64&#039;, os.version: &#039;10.10.4&#039;, java.version: &#039;1.8.0_45&#039;
Driver info: org.openqa.selenium.remote.RemoteWebDriver
Capabilities [{applicationCacheEnabled=true, rotatable=false, hasMetadata=true, databaseEnabled=true, handlesAlerts=true, version=43.0, platform=MAC, nativeEvents=false, acceptSslCerts=true, webdriver.remote.sessionid=613c28aec06d46a2844ce59d554e64af, locationContextEnabled=true, webStorageEnabled=true, takesScreenshot=true, browserName=firefox, javascriptEnabled=true, cssSelectorsEnabled=true}]
Session ID: 613c28aec06d46a2844ce59d554e64af">
      <![CDATA[org.openqa.selenium.UnsupportedCommandException: ERROR The test with session id 613c28aec06d46a2844ce59d554e64af has already finished, and can't receive further commands
You can learn more at https://saucelabs.com/jobs/613c28aec06d46a2844ce59d554e64af
For help, please check https://docs.saucelabs.com/reference/troubleshooting-common-error-messages
Command duration or timeout: 399 milliseconds
Build info: version: '2.48.2', revision: '41bccdd10cf2c0560f637404c2d96164b67d9d67', time: '2015-10-09 13:08:06'
System info: host: 'Gonis-MacBook-Pro.local', ip: '192.168.1.14', os.name: 'Mac OS X', os.arch: 'x86_64', os.version: '10.10.4', java.version: '1.8.0_45'
Driver info: org.openqa.selenium.remote.RemoteWebDriver
Capabilities [{applicationCacheEnabled=true, rotatable=false, hasMetadata=true, databaseEnabled=true, handlesAlerts=true, version=43.0, platform=MAC, nativeEvents=false, acceptSslCerts=true, webdriver.remote.sessionid=613c28aec06d46a2844ce59d554e64af, locationContextEnabled=true, webStorageEnabled=true, takesScreenshot=true, browserName=firefox, javascriptEnabled=true, cssSelectorsEnabled=true}]
Session ID: 613c28aec06d46a2844ce59d554e64af
	at sun.reflect.NativeConstructorAccessorImpl.newInstance0(Native Method)
	at sun.reflect.NativeConstructorAccessorImpl.newInstance(NativeConstructorAccessorImpl.java:62)
	at sun.reflect.DelegatingConstructorAccessorImpl.newInstance(DelegatingConstructorAccessorImpl.java:45)
	at java.lang.reflect.Constructor.newInstance(Constructor.java:422)
	at org.openqa.selenium.remote.ErrorHandler.createThrowable(ErrorHandler.java:206)
	at org.openqa.selenium.remote.ErrorHandler.throwIfResponseFailed(ErrorHandler.java:158)
	at org.openqa.selenium.remote.RemoteWebDriver.execute(RemoteWebDriver.java:647)
	at org.openqa.selenium.remote.RemoteWebDriver.execute(RemoteWebDriver.java:670)
	at org.openqa.selenium.remote.RemoteWebDriver.getTitle(RemoteWebDriver.java:315)
	at com.biodata.labguru.tests.BaseTest.setLog(BaseTest.java:282)
	at com.biodata.labguru.tests.inventory.AbstractCollectionsTest.editCollectionItemFromItemShowPage(AbstractCollectionsTest.java:174)
	at sun.reflect.NativeMethodAccessorImpl.invoke0(Native Method)
	at sun.reflect.NativeMethodAccessorImpl.invoke(NativeMethodAccessorImpl.java:62)
	at sun.reflect.DelegatingMethodAccessorImpl.invoke(DelegatingMethodAccessorImpl.java:43)
	at java.lang.reflect.Method.invoke(Method.java:497)
	at org.testng.internal.MethodInvocationHelper.invokeMethod(MethodInvocationHelper.java:85)
	at org.testng.internal.Invoker.invokeMethod(Invoker.java:696)
	at org.testng.internal.Invoker.invokeTestMethod(Invoker.java:882)
	at org.testng.internal.Invoker.invokeTestMethods(Invoker.java:1189)
	at org.testng.internal.TestMethodWorker.invokeTestMethods(TestMethodWorker.java:124)
	at org.testng.internal.TestMethodWorker.run(TestMethodWorker.java:108)
	at java.util.concurrent.ThreadPoolExecutor.runWorker(ThreadPoolExecutor.java:1142)
	at java.util.concurrent.ThreadPoolExecutor$Worker.run(ThreadPoolExecutor.java:617)
	at java.lang.Thread.run(Thread.java:745)
]]>
    </failure>
  </testcase> <!-- editCollectionItemFromItemShowPage -->
  <testcase name="addStockFromStocksTab" time="0.000" classname="com.biodata.labguru.tests.inventory.purchasables.ProteinsTest">
    <failure type="org.openqa.selenium.UnsupportedCommandException" message="ERROR The test with session id 46ae38afd62a4075a0dfe43639b2a931 has already finished, and can&#039;t receive further commands
You can learn more at https://saucelabs.com/jobs/46ae38afd62a4075a0dfe43639b2a931
For help, please check https://docs.saucelabs.com/reference/troubleshooting-common-error-messages
Command duration or timeout: 238 milliseconds
Build info: version: &#039;2.48.2&#039;, revision: &#039;41bccdd10cf2c0560f637404c2d96164b67d9d67&#039;, time: &#039;2015-10-09 13:08:06&#039;
System info: host: &#039;Gonis-MacBook-Pro.local&#039;, ip: &#039;192.168.1.14&#039;, os.name: &#039;Mac OS X&#039;, os.arch: &#039;x86_64&#039;, os.version: &#039;10.10.4&#039;, java.version: &#039;1.8.0_45&#039;
Driver info: org.openqa.selenium.remote.RemoteWebDriver
Capabilities [{applicationCacheEnabled=true, rotatable=false, hasMetadata=true, databaseEnabled=true, handlesAlerts=true, version=43.0, platform=MAC, nativeEvents=false, acceptSslCerts=true, webdriver.remote.sessionid=46ae38afd62a4075a0dfe43639b2a931, locationContextEnabled=true, webStorageEnabled=true, takesScreenshot=true, browserName=firefox, javascriptEnabled=true, cssSelectorsEnabled=true}]
Session ID: 46ae38afd62a4075a0dfe43639b2a931">
      <![CDATA[org.openqa.selenium.UnsupportedCommandException: ERROR The test with session id 46ae38afd62a4075a0dfe43639b2a931 has already finished, and can't receive further commands
You can learn more at https://saucelabs.com/jobs/46ae38afd62a4075a0dfe43639b2a931
For help, please check https://docs.saucelabs.com/reference/troubleshooting-common-error-messages
Command duration or timeout: 238 milliseconds
Build info: version: '2.48.2', revision: '41bccdd10cf2c0560f637404c2d96164b67d9d67', time: '2015-10-09 13:08:06'
System info: host: 'Gonis-MacBook-Pro.local', ip: '192.168.1.14', os.name: 'Mac OS X', os.arch: 'x86_64', os.version: '10.10.4', java.version: '1.8.0_45'
Driver info: org.openqa.selenium.remote.RemoteWebDriver
Capabilities [{applicationCacheEnabled=true, rotatable=false, hasMetadata=true, databaseEnabled=true, handlesAlerts=true, version=43.0, platform=MAC, nativeEvents=false, acceptSslCerts=true, webdriver.remote.sessionid=46ae38afd62a4075a0dfe43639b2a931, locationContextEnabled=true, webStorageEnabled=true, takesScreenshot=true, browserName=firefox, javascriptEnabled=true, cssSelectorsEnabled=true}]
Session ID: 46ae38afd62a4075a0dfe43639b2a931
	at sun.reflect.GeneratedConstructorAccessor15.newInstance(Unknown Source)
	at sun.reflect.DelegatingConstructorAccessorImpl.newInstance(DelegatingConstructorAccessorImpl.java:45)
	at java.lang.reflect.Constructor.newInstance(Constructor.java:422)
	at org.openqa.selenium.remote.ErrorHandler.createThrowable(ErrorHandler.java:206)
	at org.openqa.selenium.remote.ErrorHandler.throwIfResponseFailed(ErrorHandler.java:158)
	at org.openqa.selenium.remote.RemoteWebDriver.execute(RemoteWebDriver.java:647)
	at org.openqa.selenium.remote.RemoteWebDriver.execute(RemoteWebDriver.java:670)
	at org.openqa.selenium.remote.RemoteWebDriver.getTitle(RemoteWebDriver.java:315)
	at com.biodata.labguru.tests.BaseTest.setLog(BaseTest.java:259)
	at com.biodata.labguru.tests.inventory.AbstractCollectionsTest.uncheckSingleCollection(AbstractCollectionsTest.java:73)
	at sun.reflect.NativeMethodAccessorImpl.invoke0(Native Method)
	at sun.reflect.NativeMethodAccessorImpl.invoke(NativeMethodAccessorImpl.java:62)
	at sun.reflect.DelegatingMethodAccessorImpl.invoke(DelegatingMethodAccessorImpl.java:43)
	at java.lang.reflect.Method.invoke(Method.java:497)
	at org.testng.internal.MethodInvocationHelper.invokeMethod(MethodInvocationHelper.java:85)
	at org.testng.internal.Invoker.invokeConfigurationMethod(Invoker.java:552)
	at org.testng.internal.Invoker.invokeConfigurations(Invoker.java:215)
	at org.testng.internal.Invoker.invokeConfigurations(Invoker.java:140)
	at org.testng.internal.TestMethodWorker.invokeAfterClassMethods(TestMethodWorker.java:220)
	at org.testng.internal.TestMethodWorker.run(TestMethodWorker.java:111)
	at java.util.concurrent.ThreadPoolExecutor.runWorker(ThreadPoolExecutor.java:1142)
	at java.util.concurrent.ThreadPoolExecutor$Worker.run(ThreadPoolExecutor.java:617)
	at java.lang.Thread.run(Thread.java:745)
]]>
    </failure>
  </testcase> <!-- addStockFromStocksTab -->
  <testcase name="checkCollectionCustomizeBreadCrumbs" time="0.000" classname="com.biodata.labguru.tests.inventory.purchasables.ProteinsTest">
    <failure type="org.openqa.selenium.UnsupportedCommandException" message="ERROR The test with session id 46ae38afd62a4075a0dfe43639b2a931 has already finished, and can&#039;t receive further commands
You can learn more at https://saucelabs.com/jobs/46ae38afd62a4075a0dfe43639b2a931
For help, please check https://docs.saucelabs.com/reference/troubleshooting-common-error-messages
Command duration or timeout: 238 milliseconds
Build info: version: &#039;2.48.2&#039;, revision: &#039;41bccdd10cf2c0560f637404c2d96164b67d9d67&#039;, time: &#039;2015-10-09 13:08:06&#039;
System info: host: &#039;Gonis-MacBook-Pro.local&#039;, ip: &#039;192.168.1.14&#039;, os.name: &#039;Mac OS X&#039;, os.arch: &#039;x86_64&#039;, os.version: &#039;10.10.4&#039;, java.version: &#039;1.8.0_45&#039;
Driver info: org.openqa.selenium.remote.RemoteWebDriver
Capabilities [{applicationCacheEnabled=true, rotatable=false, hasMetadata=true, databaseEnabled=true, handlesAlerts=true, version=43.0, platform=MAC, nativeEvents=false, acceptSslCerts=true, webdriver.remote.sessionid=46ae38afd62a4075a0dfe43639b2a931, locationContextEnabled=true, webStorageEnabled=true, takesScreenshot=true, browserName=firefox, javascriptEnabled=true, cssSelectorsEnabled=true}]
Session ID: 46ae38afd62a4075a0dfe43639b2a931">
      <![CDATA[org.openqa.selenium.UnsupportedCommandException: ERROR The test with session id 46ae38afd62a4075a0dfe43639b2a931 has already finished, and can't receive further commands
You can learn more at https://saucelabs.com/jobs/46ae38afd62a4075a0dfe43639b2a931
For help, please check https://docs.saucelabs.com/reference/troubleshooting-common-error-messages
Command duration or timeout: 238 milliseconds
Build info: version: '2.48.2', revision: '41bccdd10cf2c0560f637404c2d96164b67d9d67', time: '2015-10-09 13:08:06'
System info: host: 'Gonis-MacBook-Pro.local', ip: '192.168.1.14', os.name: 'Mac OS X', os.arch: 'x86_64', os.version: '10.10.4', java.version: '1.8.0_45'
Driver info: org.openqa.selenium.remote.RemoteWebDriver
Capabilities [{applicationCacheEnabled=true, rotatable=false, hasMetadata=true, databaseEnabled=true, handlesAlerts=true, version=43.0, platform=MAC, nativeEvents=false, acceptSslCerts=true, webdriver.remote.sessionid=46ae38afd62a4075a0dfe43639b2a931, locationContextEnabled=true, webStorageEnabled=true, takesScreenshot=true, browserName=firefox, javascriptEnabled=true, cssSelectorsEnabled=true}]
Session ID: 46ae38afd62a4075a0dfe43639b2a931
	at sun.reflect.GeneratedConstructorAccessor15.newInstance(Unknown Source)
	at sun.reflect.DelegatingConstructorAccessorImpl.newInstance(DelegatingConstructorAccessorImpl.java:45)
	at java.lang.reflect.Constructor.newInstance(Constructor.java:422)
	at org.openqa.selenium.remote.ErrorHandler.createThrowable(ErrorHandler.java:206)
	at org.openqa.selenium.remote.ErrorHandler.throwIfResponseFailed(ErrorHandler.java:158)
	at org.openqa.selenium.remote.RemoteWebDriver.execute(RemoteWebDriver.java:647)
	at org.openqa.selenium.remote.RemoteWebDriver.execute(RemoteWebDriver.java:670)
	at org.openqa.selenium.remote.RemoteWebDriver.getTitle(RemoteWebDriver.java:315)
	at com.biodata.labguru.tests.BaseTest.setLog(BaseTest.java:259)
	at com.biodata.labguru.tests.inventory.AbstractCollectionsTest.uncheckSingleCollection(AbstractCollectionsTest.java:73)
	at sun.reflect.NativeMethodAccessorImpl.invoke0(Native Method)
	at sun.reflect.NativeMethodAccessorImpl.invoke(NativeMethodAccessorImpl.java:62)
	at sun.reflect.DelegatingMethodAccessorImpl.invoke(DelegatingMethodAccessorImpl.java:43)
	at java.lang.reflect.Method.invoke(Method.java:497)
	at org.testng.internal.MethodInvocationHelper.invokeMethod(MethodInvocationHelper.java:85)
	at org.testng.internal.Invoker.invokeConfigurationMethod(Invoker.java:552)
	at org.testng.internal.Invoker.invokeConfigurations(Invoker.java:215)
	at org.testng.internal.Invoker.invokeConfigurations(Invoker.java:140)
	at org.testng.internal.TestMethodWorker.invokeAfterClassMethods(TestMethodWorker.java:220)
	at org.testng.internal.TestMethodWorker.run(TestMethodWorker.java:111)
	at java.util.concurrent.ThreadPoolExecutor.runWorker(ThreadPoolExecutor.java:1142)
	at java.util.concurrent.ThreadPoolExecutor$Worker.run(ThreadPoolExecutor.java:617)
	at java.lang.Thread.run(Thread.java:745)
]]>
    </failure>
  </testcase> <!-- checkCollectionCustomizeBreadCrumbs -->
  <testcase name="archiveStockFromStocksTab" time="0.000" classname="com.biodata.labguru.tests.inventory.purchasables.ProteinsTest">
    <failure type="org.openqa.selenium.UnsupportedCommandException" message="ERROR The test with session id 46ae38afd62a4075a0dfe43639b2a931 has already finished, and can&#039;t receive further commands
You can learn more at https://saucelabs.com/jobs/46ae38afd62a4075a0dfe43639b2a931
For help, please check https://docs.saucelabs.com/reference/troubleshooting-common-error-messages
Command duration or timeout: 238 milliseconds
Build info: version: &#039;2.48.2&#039;, revision: &#039;41bccdd10cf2c0560f637404c2d96164b67d9d67&#039;, time: &#039;2015-10-09 13:08:06&#039;
System info: host: &#039;Gonis-MacBook-Pro.local&#039;, ip: &#039;192.168.1.14&#039;, os.name: &#039;Mac OS X&#039;, os.arch: &#039;x86_64&#039;, os.version: &#039;10.10.4&#039;, java.version: &#039;1.8.0_45&#039;
Driver info: org.openqa.selenium.remote.RemoteWebDriver
Capabilities [{applicationCacheEnabled=true, rotatable=false, hasMetadata=true, databaseEnabled=true, handlesAlerts=true, version=43.0, platform=MAC, nativeEvents=false, acceptSslCerts=true, webdriver.remote.sessionid=46ae38afd62a4075a0dfe43639b2a931, locationContextEnabled=true, webStorageEnabled=true, takesScreenshot=true, browserName=firefox, javascriptEnabled=true, cssSelectorsEnabled=true}]
Session ID: 46ae38afd62a4075a0dfe43639b2a931">
      <![CDATA[org.openqa.selenium.UnsupportedCommandException: ERROR The test with session id 46ae38afd62a4075a0dfe43639b2a931 has already finished, and can't receive further commands
You can learn more at https://saucelabs.com/jobs/46ae38afd62a4075a0dfe43639b2a931
For help, please check https://docs.saucelabs.com/reference/troubleshooting-common-error-messages
Command duration or timeout: 238 milliseconds
Build info: version: '2.48.2', revision: '41bccdd10cf2c0560f637404c2d96164b67d9d67', time: '2015-10-09 13:08:06'
System info: host: 'Gonis-MacBook-Pro.local', ip: '192.168.1.14', os.name: 'Mac OS X', os.arch: 'x86_64', os.version: '10.10.4', java.version: '1.8.0_45'
Driver info: org.openqa.selenium.remote.RemoteWebDriver
Capabilities [{applicationCacheEnabled=true, rotatable=false, hasMetadata=true, databaseEnabled=true, handlesAlerts=true, version=43.0, platform=MAC, nativeEvents=false, acceptSslCerts=true, webdriver.remote.sessionid=46ae38afd62a4075a0dfe43639b2a931, locationContextEnabled=true, webStorageEnabled=true, takesScreenshot=true, browserName=firefox, javascriptEnabled=true, cssSelectorsEnabled=true}]
Session ID: 46ae38afd62a4075a0dfe43639b2a931
	at sun.reflect.GeneratedConstructorAccessor15.newInstance(Unknown Source)
	at sun.reflect.DelegatingConstructorAccessorImpl.newInstance(DelegatingConstructorAccessorImpl.java:45)
	at java.lang.reflect.Constructor.newInstance(Constructor.java:422)
	at org.openqa.selenium.remote.ErrorHandler.createThrowable(ErrorHandler.java:206)
	at org.openqa.selenium.remote.ErrorHandler.throwIfResponseFailed(ErrorHandler.java:158)
	at org.openqa.selenium.remote.RemoteWebDriver.execute(RemoteWebDriver.java:647)
	at org.openqa.selenium.remote.RemoteWebDriver.execute(RemoteWebDriver.java:670)
	at org.openqa.selenium.remote.RemoteWebDriver.getTitle(RemoteWebDriver.java:315)
	at com.biodata.labguru.tests.BaseTest.setLog(BaseTest.java:259)
	at com.biodata.labguru.tests.inventory.AbstractCollectionsTest.uncheckSingleCollection(AbstractCollectionsTest.java:73)
	at sun.reflect.NativeMethodAccessorImpl.invoke0(Native Method)
	at sun.reflect.NativeMethodAccessorImpl.invoke(NativeMethodAccessorImpl.java:62)
	at sun.reflect.DelegatingMethodAccessorImpl.invoke(DelegatingMethodAccessorImpl.java:43)
	at java.lang.reflect.Method.invoke(Method.java:497)
	at org.testng.internal.MethodInvocationHelper.invokeMethod(MethodInvocationHelper.java:85)
	at org.testng.internal.Invoker.invokeConfigurationMethod(Invoker.java:552)
	at org.testng.internal.Invoker.invokeConfigurations(Invoker.java:215)
	at org.testng.internal.Invoker.invokeConfigurations(Invoker.java:140)
	at org.testng.internal.TestMethodWorker.invokeAfterClassMethods(TestMethodWorker.java:220)
	at org.testng.internal.TestMethodWorker.run(TestMethodWorker.java:111)
	at java.util.concurrent.ThreadPoolExecutor.runWorker(ThreadPoolExecutor.java:1142)
	at java.util.concurrent.ThreadPoolExecutor$Worker.run(ThreadPoolExecutor.java:617)
	at java.lang.Thread.run(Thread.java:745)
]]>
    </failure>
  </testcase> <!-- archiveStockFromStocksTab -->
  <testcase name="searchItemInShoppingList" time="0.000" classname="com.biodata.labguru.tests.inventory.purchasables.ProteinsTest">
    <failure type="org.openqa.selenium.UnsupportedCommandException" message="ERROR The test with session id 46ae38afd62a4075a0dfe43639b2a931 has already finished, and can&#039;t receive further commands
You can learn more at https://saucelabs.com/jobs/46ae38afd62a4075a0dfe43639b2a931
For help, please check https://docs.saucelabs.com/reference/troubleshooting-common-error-messages
Command duration or timeout: 238 milliseconds
Build info: version: &#039;2.48.2&#039;, revision: &#039;41bccdd10cf2c0560f637404c2d96164b67d9d67&#039;, time: &#039;2015-10-09 13:08:06&#039;
System info: host: &#039;Gonis-MacBook-Pro.local&#039;, ip: &#039;192.168.1.14&#039;, os.name: &#039;Mac OS X&#039;, os.arch: &#039;x86_64&#039;, os.version: &#039;10.10.4&#039;, java.version: &#039;1.8.0_45&#039;
Driver info: org.openqa.selenium.remote.RemoteWebDriver
Capabilities [{applicationCacheEnabled=true, rotatable=false, hasMetadata=true, databaseEnabled=true, handlesAlerts=true, version=43.0, platform=MAC, nativeEvents=false, acceptSslCerts=true, webdriver.remote.sessionid=46ae38afd62a4075a0dfe43639b2a931, locationContextEnabled=true, webStorageEnabled=true, takesScreenshot=true, browserName=firefox, javascriptEnabled=true, cssSelectorsEnabled=true}]
Session ID: 46ae38afd62a4075a0dfe43639b2a931">
      <![CDATA[org.openqa.selenium.UnsupportedCommandException: ERROR The test with session id 46ae38afd62a4075a0dfe43639b2a931 has already finished, and can't receive further commands
You can learn more at https://saucelabs.com/jobs/46ae38afd62a4075a0dfe43639b2a931
For help, please check https://docs.saucelabs.com/reference/troubleshooting-common-error-messages
Command duration or timeout: 238 milliseconds
Build info: version: '2.48.2', revision: '41bccdd10cf2c0560f637404c2d96164b67d9d67', time: '2015-10-09 13:08:06'
System info: host: 'Gonis-MacBook-Pro.local', ip: '192.168.1.14', os.name: 'Mac OS X', os.arch: 'x86_64', os.version: '10.10.4', java.version: '1.8.0_45'
Driver info: org.openqa.selenium.remote.RemoteWebDriver
Capabilities [{applicationCacheEnabled=true, rotatable=false, hasMetadata=true, databaseEnabled=true, handlesAlerts=true, version=43.0, platform=MAC, nativeEvents=false, acceptSslCerts=true, webdriver.remote.sessionid=46ae38afd62a4075a0dfe43639b2a931, locationContextEnabled=true, webStorageEnabled=true, takesScreenshot=true, browserName=firefox, javascriptEnabled=true, cssSelectorsEnabled=true}]
Session ID: 46ae38afd62a4075a0dfe43639b2a931
	at sun.reflect.GeneratedConstructorAccessor15.newInstance(Unknown Source)
	at sun.reflect.DelegatingConstructorAccessorImpl.newInstance(DelegatingConstructorAccessorImpl.java:45)
	at java.lang.reflect.Constructor.newInstance(Constructor.java:422)
	at org.openqa.selenium.remote.ErrorHandler.createThrowable(ErrorHandler.java:206)
	at org.openqa.selenium.remote.ErrorHandler.throwIfResponseFailed(ErrorHandler.java:158)
	at org.openqa.selenium.remote.RemoteWebDriver.execute(RemoteWebDriver.java:647)
	at org.openqa.selenium.remote.RemoteWebDriver.execute(RemoteWebDriver.java:670)
	at org.openqa.selenium.remote.RemoteWebDriver.getTitle(RemoteWebDriver.java:315)
	at com.biodata.labguru.tests.BaseTest.setLog(BaseTest.java:259)
	at com.biodata.labguru.tests.inventory.AbstractCollectionsTest.uncheckSingleCollection(AbstractCollectionsTest.java:73)
	at sun.reflect.NativeMethodAccessorImpl.invoke0(Native Method)
	at sun.reflect.NativeMethodAccessorImpl.invoke(NativeMethodAccessorImpl.java:62)
	at sun.reflect.DelegatingMethodAccessorImpl.invoke(DelegatingMethodAccessorImpl.java:43)
	at java.lang.reflect.Method.invoke(Method.java:497)
	at org.testng.internal.MethodInvocationHelper.invokeMethod(MethodInvocationHelper.java:85)
	at org.testng.internal.Invoker.invokeConfigurationMethod(Invoker.java:552)
	at org.testng.internal.Invoker.invokeConfigurations(Invoker.java:215)
	at org.testng.internal.Invoker.invokeConfigurations(Invoker.java:140)
	at org.testng.internal.TestMethodWorker.invokeAfterClassMethods(TestMethodWorker.java:220)
	at org.testng.internal.TestMethodWorker.run(TestMethodWorker.java:111)
	at java.util.concurrent.ThreadPoolExecutor.runWorker(ThreadPoolExecutor.java:1142)
	at java.util.concurrent.ThreadPoolExecutor$Worker.run(ThreadPoolExecutor.java:617)
	at java.lang.Thread.run(Thread.java:745)
]]>
    </failure>
  </testcase> <!-- searchItemInShoppingList -->
  <testcase name="addCustomFieldAndGenerateCollectionTemplate" time="0.000" classname="com.biodata.labguru.tests.inventory.purchasables.ProteinsTest">
    <failure type="org.openqa.selenium.UnsupportedCommandException" message="ERROR The test with session id 46ae38afd62a4075a0dfe43639b2a931 has already finished, and can&#039;t receive further commands
You can learn more at https://saucelabs.com/jobs/46ae38afd62a4075a0dfe43639b2a931
For help, please check https://docs.saucelabs.com/reference/troubleshooting-common-error-messages
Command duration or timeout: 238 milliseconds
Build info: version: &#039;2.48.2&#039;, revision: &#039;41bccdd10cf2c0560f637404c2d96164b67d9d67&#039;, time: &#039;2015-10-09 13:08:06&#039;
System info: host: &#039;Gonis-MacBook-Pro.local&#039;, ip: &#039;192.168.1.14&#039;, os.name: &#039;Mac OS X&#039;, os.arch: &#039;x86_64&#039;, os.version: &#039;10.10.4&#039;, java.version: &#039;1.8.0_45&#039;
Driver info: org.openqa.selenium.remote.RemoteWebDriver
Capabilities [{applicationCacheEnabled=true, rotatable=false, hasMetadata=true, databaseEnabled=true, handlesAlerts=true, version=43.0, platform=MAC, nativeEvents=false, acceptSslCerts=true, webdriver.remote.sessionid=46ae38afd62a4075a0dfe43639b2a931, locationContextEnabled=true, webStorageEnabled=true, takesScreenshot=true, browserName=firefox, javascriptEnabled=true, cssSelectorsEnabled=true}]
Session ID: 46ae38afd62a4075a0dfe43639b2a931">
      <![CDATA[org.openqa.selenium.UnsupportedCommandException: ERROR The test with session id 46ae38afd62a4075a0dfe43639b2a931 has already finished, and can't receive further commands
You can learn more at https://saucelabs.com/jobs/46ae38afd62a4075a0dfe43639b2a931
For help, please check https://docs.saucelabs.com/reference/troubleshooting-common-error-messages
Command duration or timeout: 238 milliseconds
Build info: version: '2.48.2', revision: '41bccdd10cf2c0560f637404c2d96164b67d9d67', time: '2015-10-09 13:08:06'
System info: host: 'Gonis-MacBook-Pro.local', ip: '192.168.1.14', os.name: 'Mac OS X', os.arch: 'x86_64', os.version: '10.10.4', java.version: '1.8.0_45'
Driver info: org.openqa.selenium.remote.RemoteWebDriver
Capabilities [{applicationCacheEnabled=true, rotatable=false, hasMetadata=true, databaseEnabled=true, handlesAlerts=true, version=43.0, platform=MAC, nativeEvents=false, acceptSslCerts=true, webdriver.remote.sessionid=46ae38afd62a4075a0dfe43639b2a931, locationContextEnabled=true, webStorageEnabled=true, takesScreenshot=true, browserName=firefox, javascriptEnabled=true, cssSelectorsEnabled=true}]
Session ID: 46ae38afd62a4075a0dfe43639b2a931
	at sun.reflect.GeneratedConstructorAccessor15.newInstance(Unknown Source)
	at sun.reflect.DelegatingConstructorAccessorImpl.newInstance(DelegatingConstructorAccessorImpl.java:45)
	at java.lang.reflect.Constructor.newInstance(Constructor.java:422)
	at org.openqa.selenium.remote.ErrorHandler.createThrowable(ErrorHandler.java:206)
	at org.openqa.selenium.remote.ErrorHandler.throwIfResponseFailed(ErrorHandler.java:158)
	at org.openqa.selenium.remote.RemoteWebDriver.execute(RemoteWebDriver.java:647)
	at org.openqa.selenium.remote.RemoteWebDriver.execute(RemoteWebDriver.java:670)
	at org.openqa.selenium.remote.RemoteWebDriver.getTitle(RemoteWebDriver.java:315)
	at com.biodata.labguru.tests.BaseTest.setLog(BaseTest.java:259)
	at com.biodata.labguru.tests.inventory.AbstractCollectionsTest.uncheckSingleCollection(AbstractCollectionsTest.java:73)
	at sun.reflect.NativeMethodAccessorImpl.invoke0(Native Method)
	at sun.reflect.NativeMethodAccessorImpl.invoke(NativeMethodAccessorImpl.java:62)
	at sun.reflect.DelegatingMethodAccessorImpl.invoke(DelegatingMethodAccessorImpl.java:43)
	at java.lang.reflect.Method.invoke(Method.java:497)
	at org.testng.internal.MethodInvocationHelper.invokeMethod(MethodInvocationHelper.java:85)
	at org.testng.internal.Invoker.invokeConfigurationMethod(Invoker.java:552)
	at org.testng.internal.Invoker.invokeConfigurations(Invoker.java:215)
	at org.testng.internal.Invoker.invokeConfigurations(Invoker.java:140)
	at org.testng.internal.TestMethodWorker.invokeAfterClassMethods(TestMethodWorker.java:220)
	at org.testng.internal.TestMethodWorker.run(TestMethodWorker.java:111)
	at java.util.concurrent.ThreadPoolExecutor.runWorker(ThreadPoolExecutor.java:1142)
	at java.util.concurrent.ThreadPoolExecutor$Worker.run(ThreadPoolExecutor.java:617)
	at java.lang.Thread.run(Thread.java:745)
]]>
    </failure>
  </testcase> <!-- addCustomFieldAndGenerateCollectionTemplate -->
  <testcase name="uploadImage" time="13.987" classname="com.biodata.labguru.tests.inventory.purchasables.ProteinsTest">
    <failure type="org.openqa.selenium.UnsupportedCommandException" message="ERROR The test with session id 613c28aec06d46a2844ce59d554e64af has already finished, and can&#039;t receive further commands
You can learn more at https://saucelabs.com/jobs/613c28aec06d46a2844ce59d554e64af
For help, please check https://docs.saucelabs.com/reference/troubleshooting-common-error-messages
Command duration or timeout: 416 milliseconds
Build info: version: &#039;2.48.2&#039;, revision: &#039;41bccdd10cf2c0560f637404c2d96164b67d9d67&#039;, time: &#039;2015-10-09 13:08:06&#039;
System info: host: &#039;Gonis-MacBook-Pro.local&#039;, ip: &#039;192.168.1.14&#039;, os.name: &#039;Mac OS X&#039;, os.arch: &#039;x86_64&#039;, os.version: &#039;10.10.4&#039;, java.version: &#039;1.8.0_45&#039;
Driver info: org.openqa.selenium.remote.RemoteWebDriver
Capabilities [{applicationCacheEnabled=true, rotatable=false, hasMetadata=true, databaseEnabled=true, handlesAlerts=true, version=43.0, platform=MAC, nativeEvents=false, acceptSslCerts=true, webdriver.remote.sessionid=613c28aec06d46a2844ce59d554e64af, locationContextEnabled=true, webStorageEnabled=true, takesScreenshot=true, browserName=firefox, javascriptEnabled=true, cssSelectorsEnabled=true}]
Session ID: 613c28aec06d46a2844ce59d554e64af">
      <![CDATA[org.openqa.selenium.UnsupportedCommandException: ERROR The test with session id 613c28aec06d46a2844ce59d554e64af has already finished, and can't receive further commands
You can learn more at https://saucelabs.com/jobs/613c28aec06d46a2844ce59d554e64af
For help, please check https://docs.saucelabs.com/reference/troubleshooting-common-error-messages
Command duration or timeout: 416 milliseconds
Build info: version: '2.48.2', revision: '41bccdd10cf2c0560f637404c2d96164b67d9d67', time: '2015-10-09 13:08:06'
System info: host: 'Gonis-MacBook-Pro.local', ip: '192.168.1.14', os.name: 'Mac OS X', os.arch: 'x86_64', os.version: '10.10.4', java.version: '1.8.0_45'
Driver info: org.openqa.selenium.remote.RemoteWebDriver
Capabilities [{applicationCacheEnabled=true, rotatable=false, hasMetadata=true, databaseEnabled=true, handlesAlerts=true, version=43.0, platform=MAC, nativeEvents=false, acceptSslCerts=true, webdriver.remote.sessionid=613c28aec06d46a2844ce59d554e64af, locationContextEnabled=true, webStorageEnabled=true, takesScreenshot=true, browserName=firefox, javascriptEnabled=true, cssSelectorsEnabled=true}]
Session ID: 613c28aec06d46a2844ce59d554e64af
	at sun.reflect.NativeConstructorAccessorImpl.newInstance0(Native Method)
	at sun.reflect.NativeConstructorAccessorImpl.newInstance(NativeConstructorAccessorImpl.java:62)
	at sun.reflect.DelegatingConstructorAccessorImpl.newInstance(DelegatingConstructorAccessorImpl.java:45)
	at java.lang.reflect.Constructor.newInstance(Constructor.java:422)
	at org.openqa.selenium.remote.ErrorHandler.createThrowable(ErrorHandler.java:206)
	at org.openqa.selenium.remote.ErrorHandler.throwIfResponseFailed(ErrorHandler.java:158)
	at org.openqa.selenium.remote.RemoteWebDriver.execute(RemoteWebDriver.java:647)
	at org.openqa.selenium.remote.RemoteWebDriver.execute(RemoteWebDriver.java:670)
	at org.openqa.selenium.remote.RemoteWebDriver.getTitle(RemoteWebDriver.java:315)
	at com.biodata.labguru.tests.BaseTest.setLog(BaseTest.java:282)
	at com.biodata.labguru.tests.AbstractLGTest.uploadImage(AbstractLGTest.java:148)
	at sun.reflect.NativeMethodAccessorImpl.invoke0(Native Method)
	at sun.reflect.NativeMethodAccessorImpl.invoke(NativeMethodAccessorImpl.java:62)
	at sun.reflect.DelegatingMethodAccessorImpl.invoke(DelegatingMethodAccessorImpl.java:43)
	at java.lang.reflect.Method.invoke(Method.java:497)
	at org.testng.internal.MethodInvocationHelper.invokeMethod(MethodInvocationHelper.java:85)
	at org.testng.internal.Invoker.invokeMethod(Invoker.java:696)
	at org.testng.internal.Invoker.invokeTestMethod(Invoker.java:882)
	at org.testng.internal.Invoker.invokeTestMethods(Invoker.java:1189)
	at org.testng.internal.TestMethodWorker.invokeTestMethods(TestMethodWorker.java:124)
	at org.testng.internal.TestMethodWorker.run(TestMethodWorker.java:108)
	at java.util.concurrent.ThreadPoolExecutor.runWorker(ThreadPoolExecutor.java:1142)
	at java.util.concurrent.ThreadPoolExecutor$Worker.run(ThreadPoolExecutor.java:617)
	at java.lang.Thread.run(Thread.java:745)
]]>
    </failure>
  </testcase> <!-- uploadImage -->
  <testcase name="addStockLocatedInBox" time="0.000" classname="com.biodata.labguru.tests.inventory.purchasables.ProteinsTest">
    <failure type="org.openqa.selenium.UnsupportedCommandException" message="ERROR The test with session id 46ae38afd62a4075a0dfe43639b2a931 has already finished, and can&#039;t receive further commands
You can learn more at https://saucelabs.com/jobs/46ae38afd62a4075a0dfe43639b2a931
For help, please check https://docs.saucelabs.com/reference/troubleshooting-common-error-messages
Command duration or timeout: 238 milliseconds
Build info: version: &#039;2.48.2&#039;, revision: &#039;41bccdd10cf2c0560f637404c2d96164b67d9d67&#039;, time: &#039;2015-10-09 13:08:06&#039;
System info: host: &#039;Gonis-MacBook-Pro.local&#039;, ip: &#039;192.168.1.14&#039;, os.name: &#039;Mac OS X&#039;, os.arch: &#039;x86_64&#039;, os.version: &#039;10.10.4&#039;, java.version: &#039;1.8.0_45&#039;
Driver info: org.openqa.selenium.remote.RemoteWebDriver
Capabilities [{applicationCacheEnabled=true, rotatable=false, hasMetadata=true, databaseEnabled=true, handlesAlerts=true, version=43.0, platform=MAC, nativeEvents=false, acceptSslCerts=true, webdriver.remote.sessionid=46ae38afd62a4075a0dfe43639b2a931, locationContextEnabled=true, webStorageEnabled=true, takesScreenshot=true, browserName=firefox, javascriptEnabled=true, cssSelectorsEnabled=true}]
Session ID: 46ae38afd62a4075a0dfe43639b2a931">
      <![CDATA[org.openqa.selenium.UnsupportedCommandException: ERROR The test with session id 46ae38afd62a4075a0dfe43639b2a931 has already finished, and can't receive further commands
You can learn more at https://saucelabs.com/jobs/46ae38afd62a4075a0dfe43639b2a931
For help, please check https://docs.saucelabs.com/reference/troubleshooting-common-error-messages
Command duration or timeout: 238 milliseconds
Build info: version: '2.48.2', revision: '41bccdd10cf2c0560f637404c2d96164b67d9d67', time: '2015-10-09 13:08:06'
System info: host: 'Gonis-MacBook-Pro.local', ip: '192.168.1.14', os.name: 'Mac OS X', os.arch: 'x86_64', os.version: '10.10.4', java.version: '1.8.0_45'
Driver info: org.openqa.selenium.remote.RemoteWebDriver
Capabilities [{applicationCacheEnabled=true, rotatable=false, hasMetadata=true, databaseEnabled=true, handlesAlerts=true, version=43.0, platform=MAC, nativeEvents=false, acceptSslCerts=true, webdriver.remote.sessionid=46ae38afd62a4075a0dfe43639b2a931, locationContextEnabled=true, webStorageEnabled=true, takesScreenshot=true, browserName=firefox, javascriptEnabled=true, cssSelectorsEnabled=true}]
Session ID: 46ae38afd62a4075a0dfe43639b2a931
	at sun.reflect.GeneratedConstructorAccessor15.newInstance(Unknown Source)
	at sun.reflect.DelegatingConstructorAccessorImpl.newInstance(DelegatingConstructorAccessorImpl.java:45)
	at java.lang.reflect.Constructor.newInstance(Constructor.java:422)
	at org.openqa.selenium.remote.ErrorHandler.createThrowable(ErrorHandler.java:206)
	at org.openqa.selenium.remote.ErrorHandler.throwIfResponseFailed(ErrorHandler.java:158)
	at org.openqa.selenium.remote.RemoteWebDriver.execute(RemoteWebDriver.java:647)
	at org.openqa.selenium.remote.RemoteWebDriver.execute(RemoteWebDriver.java:670)
	at org.openqa.selenium.remote.RemoteWebDriver.getTitle(RemoteWebDriver.java:315)
	at com.biodata.labguru.tests.BaseTest.setLog(BaseTest.java:259)
	at com.biodata.labguru.tests.inventory.AbstractCollectionsTest.uncheckSingleCollection(AbstractCollectionsTest.java:73)
	at sun.reflect.NativeMethodAccessorImpl.invoke0(Native Method)
	at sun.reflect.NativeMethodAccessorImpl.invoke(NativeMethodAccessorImpl.java:62)
	at sun.reflect.DelegatingMethodAccessorImpl.invoke(DelegatingMethodAccessorImpl.java:43)
	at java.lang.reflect.Method.invoke(Method.java:497)
	at org.testng.internal.MethodInvocationHelper.invokeMethod(MethodInvocationHelper.java:85)
	at org.testng.internal.Invoker.invokeConfigurationMethod(Invoker.java:552)
	at org.testng.internal.Invoker.invokeConfigurations(Invoker.java:215)
	at org.testng.internal.Invoker.invokeConfigurations(Invoker.java:140)
	at org.testng.internal.TestMethodWorker.invokeAfterClassMethods(TestMethodWorker.java:220)
	at org.testng.internal.TestMethodWorker.run(TestMethodWorker.java:111)
	at java.util.concurrent.ThreadPoolExecutor.runWorker(ThreadPoolExecutor.java:1142)
	at java.util.concurrent.ThreadPoolExecutor$Worker.run(ThreadPoolExecutor.java:617)
	at java.lang.Thread.run(Thread.java:745)
]]>
    </failure>
  </testcase> <!-- addStockLocatedInBox -->
</testsuite> <!-- com.biodata.labguru.tests.inventory.purchasables.ProteinsTest -->
