<?xml version="1.0" encoding="UTF-8"?>
<!-- Generated by org.testng.reporters.JUnitReportReporter -->
<testsuite hostname="Gonis-MacBook-Pro.local" name="com.biodata.labguru.tests.inventory.purchasables.WormsTest" tests="24" failures="16" timestamp="11 Feb 2016 12:32:53 GMT" time="6974.140" errors="2">
  <testcase name="deleteStockFromStocksTab" time="13.756" classname="com.biodata.labguru.tests.inventory.purchasables.WormsTest">
    <failure type="org.openqa.selenium.UnsupportedCommandException" message="ERROR The test with session id 1e3078ff5cdb4609a4140ff1d5ecb1d5 has already finished, and can&#039;t receive further commands
You can learn more at https://saucelabs.com/jobs/1e3078ff5cdb4609a4140ff1d5ecb1d5
For help, please check https://docs.saucelabs.com/reference/troubleshooting-common-error-messages
Command duration or timeout: 259 milliseconds
Build info: version: &#039;2.48.2&#039;, revision: &#039;41bccdd10cf2c0560f637404c2d96164b67d9d67&#039;, time: &#039;2015-10-09 13:08:06&#039;
System info: host: &#039;Gonis-MacBook-Pro.local&#039;, ip: &#039;192.168.1.14&#039;, os.name: &#039;Mac OS X&#039;, os.arch: &#039;x86_64&#039;, os.version: &#039;10.10.4&#039;, java.version: &#039;1.8.0_45&#039;
Driver info: org.openqa.selenium.remote.RemoteWebDriver
Capabilities [{applicationCacheEnabled=true, rotatable=false, hasMetadata=true, databaseEnabled=true, handlesAlerts=true, version=43.0, platform=MAC, nativeEvents=false, acceptSslCerts=true, webdriver.remote.sessionid=1e3078ff5cdb4609a4140ff1d5ecb1d5, locationContextEnabled=true, webStorageEnabled=true, takesScreenshot=true, browserName=firefox, javascriptEnabled=true, cssSelectorsEnabled=true}]
Session ID: 1e3078ff5cdb4609a4140ff1d5ecb1d5">
      <![CDATA[org.openqa.selenium.UnsupportedCommandException: ERROR The test with session id 1e3078ff5cdb4609a4140ff1d5ecb1d5 has already finished, and can't receive further commands
You can learn more at https://saucelabs.com/jobs/1e3078ff5cdb4609a4140ff1d5ecb1d5
For help, please check https://docs.saucelabs.com/reference/troubleshooting-common-error-messages
Command duration or timeout: 259 milliseconds
Build info: version: '2.48.2', revision: '41bccdd10cf2c0560f637404c2d96164b67d9d67', time: '2015-10-09 13:08:06'
System info: host: 'Gonis-MacBook-Pro.local', ip: '192.168.1.14', os.name: 'Mac OS X', os.arch: 'x86_64', os.version: '10.10.4', java.version: '1.8.0_45'
Driver info: org.openqa.selenium.remote.RemoteWebDriver
Capabilities [{applicationCacheEnabled=true, rotatable=false, hasMetadata=true, databaseEnabled=true, handlesAlerts=true, version=43.0, platform=MAC, nativeEvents=false, acceptSslCerts=true, webdriver.remote.sessionid=1e3078ff5cdb4609a4140ff1d5ecb1d5, locationContextEnabled=true, webStorageEnabled=true, takesScreenshot=true, browserName=firefox, javascriptEnabled=true, cssSelectorsEnabled=true}]
Session ID: 1e3078ff5cdb4609a4140ff1d5ecb1d5
	at sun.reflect.GeneratedConstructorAccessor15.newInstance(Unknown Source)
	at sun.reflect.DelegatingConstructorAccessorImpl.newInstance(DelegatingConstructorAccessorImpl.java:45)
	at java.lang.reflect.Constructor.newInstance(Constructor.java:422)
	at org.openqa.selenium.remote.ErrorHandler.createThrowable(ErrorHandler.java:206)
	at org.openqa.selenium.remote.ErrorHandler.throwIfResponseFailed(ErrorHandler.java:158)
	at org.openqa.selenium.remote.RemoteWebDriver.execute(RemoteWebDriver.java:647)
	at org.openqa.selenium.remote.RemoteWebDriver.execute(RemoteWebDriver.java:670)
	at org.openqa.selenium.remote.RemoteWebDriver.getTitle(RemoteWebDriver.java:315)
	at com.biodata.labguru.tests.BaseTest.setLog(BaseTest.java:282)
	at com.biodata.labguru.tests.inventory.AbstractCollectionsTest.deleteStockFromStocksTab(AbstractCollectionsTest.java:382)
	at sun.reflect.NativeMethodAccessorImpl.invoke0(Native Method)
	at sun.reflect.NativeMethodAccessorImpl.invoke(NativeMethodAccessorImpl.java:62)
	at sun.reflect.DelegatingMethodAccessorImpl.invoke(DelegatingMethodAccessorImpl.java:43)
	at java.lang.reflect.Method.invoke(Method.java:497)
	at org.testng.internal.MethodInvocationHelper.invokeMethod(MethodInvocationHelper.java:85)
	at org.testng.internal.Invoker.invokeMethod(Invoker.java:696)
	at org.testng.internal.Invoker.invokeTestMethod(Invoker.java:882)
	at org.testng.internal.Invoker.invokeTestMethods(Invoker.java:1189)
	at org.testng.internal.TestMethodWorker.invokeTestMethods(TestMethodWorker.java:124)
	at org.testng.internal.TestMethodWorker.run(TestMethodWorker.java:108)
	at java.util.concurrent.ThreadPoolExecutor.runWorker(ThreadPoolExecutor.java:1142)
	at java.util.concurrent.ThreadPoolExecutor$Worker.run(ThreadPoolExecutor.java:617)
	at java.lang.Thread.run(Thread.java:745)
]]>
    </failure>
  </testcase> <!-- deleteStockFromStocksTab -->
  <testcase name="uploadImage" time="479.498" classname="com.biodata.labguru.tests.inventory.purchasables.WormsTest"/>
  <testcase name="searchItemInShoppingList" time="13.758" classname="com.biodata.labguru.tests.inventory.purchasables.WormsTest">
    <failure type="org.openqa.selenium.UnsupportedCommandException" message="ERROR The test with session id 1e3078ff5cdb4609a4140ff1d5ecb1d5 has already finished, and can&#039;t receive further commands
You can learn more at https://saucelabs.com/jobs/1e3078ff5cdb4609a4140ff1d5ecb1d5
For help, please check https://docs.saucelabs.com/reference/troubleshooting-common-error-messages
Command duration or timeout: 418 milliseconds
Build info: version: &#039;2.48.2&#039;, revision: &#039;41bccdd10cf2c0560f637404c2d96164b67d9d67&#039;, time: &#039;2015-10-09 13:08:06&#039;
System info: host: &#039;Gonis-MacBook-Pro.local&#039;, ip: &#039;192.168.1.14&#039;, os.name: &#039;Mac OS X&#039;, os.arch: &#039;x86_64&#039;, os.version: &#039;10.10.4&#039;, java.version: &#039;1.8.0_45&#039;
Driver info: org.openqa.selenium.remote.RemoteWebDriver
Capabilities [{applicationCacheEnabled=true, rotatable=false, hasMetadata=true, databaseEnabled=true, handlesAlerts=true, version=43.0, platform=MAC, nativeEvents=false, acceptSslCerts=true, webdriver.remote.sessionid=1e3078ff5cdb4609a4140ff1d5ecb1d5, locationContextEnabled=true, webStorageEnabled=true, takesScreenshot=true, browserName=firefox, javascriptEnabled=true, cssSelectorsEnabled=true}]
Session ID: 1e3078ff5cdb4609a4140ff1d5ecb1d5">
      <![CDATA[org.openqa.selenium.UnsupportedCommandException: ERROR The test with session id 1e3078ff5cdb4609a4140ff1d5ecb1d5 has already finished, and can't receive further commands
You can learn more at https://saucelabs.com/jobs/1e3078ff5cdb4609a4140ff1d5ecb1d5
For help, please check https://docs.saucelabs.com/reference/troubleshooting-common-error-messages
Command duration or timeout: 418 milliseconds
Build info: version: '2.48.2', revision: '41bccdd10cf2c0560f637404c2d96164b67d9d67', time: '2015-10-09 13:08:06'
System info: host: 'Gonis-MacBook-Pro.local', ip: '192.168.1.14', os.name: 'Mac OS X', os.arch: 'x86_64', os.version: '10.10.4', java.version: '1.8.0_45'
Driver info: org.openqa.selenium.remote.RemoteWebDriver
Capabilities [{applicationCacheEnabled=true, rotatable=false, hasMetadata=true, databaseEnabled=true, handlesAlerts=true, version=43.0, platform=MAC, nativeEvents=false, acceptSslCerts=true, webdriver.remote.sessionid=1e3078ff5cdb4609a4140ff1d5ecb1d5, locationContextEnabled=true, webStorageEnabled=true, takesScreenshot=true, browserName=firefox, javascriptEnabled=true, cssSelectorsEnabled=true}]
Session ID: 1e3078ff5cdb4609a4140ff1d5ecb1d5
	at sun.reflect.GeneratedConstructorAccessor15.newInstance(Unknown Source)
	at sun.reflect.DelegatingConstructorAccessorImpl.newInstance(DelegatingConstructorAccessorImpl.java:45)
	at java.lang.reflect.Constructor.newInstance(Constructor.java:422)
	at org.openqa.selenium.remote.ErrorHandler.createThrowable(ErrorHandler.java:206)
	at org.openqa.selenium.remote.ErrorHandler.throwIfResponseFailed(ErrorHandler.java:158)
	at org.openqa.selenium.remote.RemoteWebDriver.execute(RemoteWebDriver.java:647)
	at org.openqa.selenium.remote.RemoteWebDriver.execute(RemoteWebDriver.java:670)
	at org.openqa.selenium.remote.RemoteWebDriver.getTitle(RemoteWebDriver.java:315)
	at com.biodata.labguru.tests.BaseTest.setLog(BaseTest.java:282)
	at com.biodata.labguru.tests.inventory.purchasables.PurchasableCollectionTest.searchItemInShoppingList(PurchasableCollectionTest.java:64)
	at sun.reflect.NativeMethodAccessorImpl.invoke0(Native Method)
	at sun.reflect.NativeMethodAccessorImpl.invoke(NativeMethodAccessorImpl.java:62)
	at sun.reflect.DelegatingMethodAccessorImpl.invoke(DelegatingMethodAccessorImpl.java:43)
	at java.lang.reflect.Method.invoke(Method.java:497)
	at org.testng.internal.MethodInvocationHelper.invokeMethod(MethodInvocationHelper.java:85)
	at org.testng.internal.Invoker.invokeMethod(Invoker.java:696)
	at org.testng.internal.Invoker.invokeTestMethod(Invoker.java:882)
	at org.testng.internal.Invoker.invokeTestMethods(Invoker.java:1189)
	at org.testng.internal.TestMethodWorker.invokeTestMethods(TestMethodWorker.java:124)
	at org.testng.internal.TestMethodWorker.run(TestMethodWorker.java:108)
	at java.util.concurrent.ThreadPoolExecutor.runWorker(ThreadPoolExecutor.java:1142)
	at java.util.concurrent.ThreadPoolExecutor$Worker.run(ThreadPoolExecutor.java:617)
	at java.lang.Thread.run(Thread.java:745)
]]>
    </failure>
  </testcase> <!-- searchItemInShoppingList -->
  <testcase name="addStockFromMetaDataSection" time="13.624" classname="com.biodata.labguru.tests.inventory.purchasables.WormsTest">
    <failure type="org.openqa.selenium.UnsupportedCommandException" message="ERROR The test with session id 1e3078ff5cdb4609a4140ff1d5ecb1d5 has already finished, and can&#039;t receive further commands
You can learn more at https://saucelabs.com/jobs/1e3078ff5cdb4609a4140ff1d5ecb1d5
For help, please check https://docs.saucelabs.com/reference/troubleshooting-common-error-messages
Command duration or timeout: 374 milliseconds
Build info: version: &#039;2.48.2&#039;, revision: &#039;41bccdd10cf2c0560f637404c2d96164b67d9d67&#039;, time: &#039;2015-10-09 13:08:06&#039;
System info: host: &#039;Gonis-MacBook-Pro.local&#039;, ip: &#039;192.168.1.14&#039;, os.name: &#039;Mac OS X&#039;, os.arch: &#039;x86_64&#039;, os.version: &#039;10.10.4&#039;, java.version: &#039;1.8.0_45&#039;
Driver info: org.openqa.selenium.remote.RemoteWebDriver
Capabilities [{applicationCacheEnabled=true, rotatable=false, hasMetadata=true, databaseEnabled=true, handlesAlerts=true, version=43.0, platform=MAC, nativeEvents=false, acceptSslCerts=true, webdriver.remote.sessionid=1e3078ff5cdb4609a4140ff1d5ecb1d5, locationContextEnabled=true, webStorageEnabled=true, takesScreenshot=true, browserName=firefox, javascriptEnabled=true, cssSelectorsEnabled=true}]
Session ID: 1e3078ff5cdb4609a4140ff1d5ecb1d5">
      <![CDATA[org.openqa.selenium.UnsupportedCommandException: ERROR The test with session id 1e3078ff5cdb4609a4140ff1d5ecb1d5 has already finished, and can't receive further commands
You can learn more at https://saucelabs.com/jobs/1e3078ff5cdb4609a4140ff1d5ecb1d5
For help, please check https://docs.saucelabs.com/reference/troubleshooting-common-error-messages
Command duration or timeout: 374 milliseconds
Build info: version: '2.48.2', revision: '41bccdd10cf2c0560f637404c2d96164b67d9d67', time: '2015-10-09 13:08:06'
System info: host: 'Gonis-MacBook-Pro.local', ip: '192.168.1.14', os.name: 'Mac OS X', os.arch: 'x86_64', os.version: '10.10.4', java.version: '1.8.0_45'
Driver info: org.openqa.selenium.remote.RemoteWebDriver
Capabilities [{applicationCacheEnabled=true, rotatable=false, hasMetadata=true, databaseEnabled=true, handlesAlerts=true, version=43.0, platform=MAC, nativeEvents=false, acceptSslCerts=true, webdriver.remote.sessionid=1e3078ff5cdb4609a4140ff1d5ecb1d5, locationContextEnabled=true, webStorageEnabled=true, takesScreenshot=true, browserName=firefox, javascriptEnabled=true, cssSelectorsEnabled=true}]
Session ID: 1e3078ff5cdb4609a4140ff1d5ecb1d5
	at sun.reflect.GeneratedConstructorAccessor15.newInstance(Unknown Source)
	at sun.reflect.DelegatingConstructorAccessorImpl.newInstance(DelegatingConstructorAccessorImpl.java:45)
	at java.lang.reflect.Constructor.newInstance(Constructor.java:422)
	at org.openqa.selenium.remote.ErrorHandler.createThrowable(ErrorHandler.java:206)
	at org.openqa.selenium.remote.ErrorHandler.throwIfResponseFailed(ErrorHandler.java:158)
	at org.openqa.selenium.remote.RemoteWebDriver.execute(RemoteWebDriver.java:647)
	at org.openqa.selenium.remote.RemoteWebDriver.execute(RemoteWebDriver.java:670)
	at org.openqa.selenium.remote.RemoteWebDriver.getTitle(RemoteWebDriver.java:315)
	at com.biodata.labguru.tests.BaseTest.setLog(BaseTest.java:259)
	at com.biodata.labguru.tests.inventory.AbstractCollectionsTest.addStockFromMetaDataSection(AbstractCollectionsTest.java:285)
	at sun.reflect.NativeMethodAccessorImpl.invoke0(Native Method)
	at sun.reflect.NativeMethodAccessorImpl.invoke(NativeMethodAccessorImpl.java:62)
	at sun.reflect.DelegatingMethodAccessorImpl.invoke(DelegatingMethodAccessorImpl.java:43)
	at java.lang.reflect.Method.invoke(Method.java:497)
	at org.testng.internal.MethodInvocationHelper.invokeMethod(MethodInvocationHelper.java:85)
	at org.testng.internal.Invoker.invokeMethod(Invoker.java:696)
	at org.testng.internal.Invoker.invokeTestMethod(Invoker.java:882)
	at org.testng.internal.Invoker.invokeTestMethods(Invoker.java:1189)
	at org.testng.internal.TestMethodWorker.invokeTestMethods(TestMethodWorker.java:124)
	at org.testng.internal.TestMethodWorker.run(TestMethodWorker.java:108)
	at java.util.concurrent.ThreadPoolExecutor.runWorker(ThreadPoolExecutor.java:1142)
	at java.util.concurrent.ThreadPoolExecutor$Worker.run(ThreadPoolExecutor.java:617)
	at java.lang.Thread.run(Thread.java:745)
]]>
    </failure>
  </testcase> <!-- addStockFromMetaDataSection -->
  <testcase name="addTask" time="639.878" classname="com.biodata.labguru.tests.inventory.purchasables.WormsTest"/>
  <testcase name="showMenu" time="1064.273" classname="com.biodata.labguru.tests.inventory.purchasables.WormsTest">
    <error type="java.lang.AssertionError" message="expected:&lt;CGC&gt; but was:&lt;Worms&gt;">
      <![CDATA[java.lang.AssertionError: expected:<CGC> but was:<Worms>
	at org.testng.AssertJUnit.assertEquals(AssertJUnit.java:101)
	at org.testng.AssertJUnit.assertEquals(AssertJUnit.java:108)
	at com.biodata.labguru.tests.inventory.purchasables.WormsTest.showMenu(WormsTest.java:45)
	at sun.reflect.NativeMethodAccessorImpl.invoke0(Native Method)
	at sun.reflect.NativeMethodAccessorImpl.invoke(NativeMethodAccessorImpl.java:62)
	at sun.reflect.DelegatingMethodAccessorImpl.invoke(DelegatingMethodAccessorImpl.java:43)
	at java.lang.reflect.Method.invoke(Method.java:497)
	at org.testng.internal.MethodInvocationHelper.invokeMethod(MethodInvocationHelper.java:85)
	at org.testng.internal.Invoker.invokeMethod(Invoker.java:696)
	at org.testng.internal.Invoker.invokeTestMethod(Invoker.java:882)
	at org.testng.internal.Invoker.invokeTestMethods(Invoker.java:1189)
	at org.testng.internal.TestMethodWorker.invokeTestMethods(TestMethodWorker.java:124)
	at org.testng.internal.TestMethodWorker.run(TestMethodWorker.java:108)
	at java.util.concurrent.ThreadPoolExecutor.runWorker(ThreadPoolExecutor.java:1142)
	at java.util.concurrent.ThreadPoolExecutor$Worker.run(ThreadPoolExecutor.java:617)
	at java.lang.Thread.run(Thread.java:745)
]]>
    </error>
  </testcase> <!-- showMenu -->
  <testcase name="deleteAttachment" time="13.495" classname="com.biodata.labguru.tests.inventory.purchasables.WormsTest">
    <failure type="org.openqa.selenium.UnsupportedCommandException" message="ERROR The test with session id 1e3078ff5cdb4609a4140ff1d5ecb1d5 has already finished, and can&#039;t receive further commands
You can learn more at https://saucelabs.com/jobs/1e3078ff5cdb4609a4140ff1d5ecb1d5
For help, please check https://docs.saucelabs.com/reference/troubleshooting-common-error-messages
Command duration or timeout: 243 milliseconds
Build info: version: &#039;2.48.2&#039;, revision: &#039;41bccdd10cf2c0560f637404c2d96164b67d9d67&#039;, time: &#039;2015-10-09 13:08:06&#039;
System info: host: &#039;Gonis-MacBook-Pro.local&#039;, ip: &#039;192.168.1.14&#039;, os.name: &#039;Mac OS X&#039;, os.arch: &#039;x86_64&#039;, os.version: &#039;10.10.4&#039;, java.version: &#039;1.8.0_45&#039;
Driver info: org.openqa.selenium.remote.RemoteWebDriver
Capabilities [{applicationCacheEnabled=true, rotatable=false, hasMetadata=true, databaseEnabled=true, handlesAlerts=true, version=43.0, platform=MAC, nativeEvents=false, acceptSslCerts=true, webdriver.remote.sessionid=1e3078ff5cdb4609a4140ff1d5ecb1d5, locationContextEnabled=true, webStorageEnabled=true, takesScreenshot=true, browserName=firefox, javascriptEnabled=true, cssSelectorsEnabled=true}]
Session ID: 1e3078ff5cdb4609a4140ff1d5ecb1d5">
      <![CDATA[org.openqa.selenium.UnsupportedCommandException: ERROR The test with session id 1e3078ff5cdb4609a4140ff1d5ecb1d5 has already finished, and can't receive further commands
You can learn more at https://saucelabs.com/jobs/1e3078ff5cdb4609a4140ff1d5ecb1d5
For help, please check https://docs.saucelabs.com/reference/troubleshooting-common-error-messages
Command duration or timeout: 243 milliseconds
Build info: version: '2.48.2', revision: '41bccdd10cf2c0560f637404c2d96164b67d9d67', time: '2015-10-09 13:08:06'
System info: host: 'Gonis-MacBook-Pro.local', ip: '192.168.1.14', os.name: 'Mac OS X', os.arch: 'x86_64', os.version: '10.10.4', java.version: '1.8.0_45'
Driver info: org.openqa.selenium.remote.RemoteWebDriver
Capabilities [{applicationCacheEnabled=true, rotatable=false, hasMetadata=true, databaseEnabled=true, handlesAlerts=true, version=43.0, platform=MAC, nativeEvents=false, acceptSslCerts=true, webdriver.remote.sessionid=1e3078ff5cdb4609a4140ff1d5ecb1d5, locationContextEnabled=true, webStorageEnabled=true, takesScreenshot=true, browserName=firefox, javascriptEnabled=true, cssSelectorsEnabled=true}]
Session ID: 1e3078ff5cdb4609a4140ff1d5ecb1d5
	at sun.reflect.GeneratedConstructorAccessor15.newInstance(Unknown Source)
	at sun.reflect.DelegatingConstructorAccessorImpl.newInstance(DelegatingConstructorAccessorImpl.java:45)
	at java.lang.reflect.Constructor.newInstance(Constructor.java:422)
	at org.openqa.selenium.remote.ErrorHandler.createThrowable(ErrorHandler.java:206)
	at org.openqa.selenium.remote.ErrorHandler.throwIfResponseFailed(ErrorHandler.java:158)
	at org.openqa.selenium.remote.RemoteWebDriver.execute(RemoteWebDriver.java:647)
	at org.openqa.selenium.remote.RemoteWebDriver.execute(RemoteWebDriver.java:670)
	at org.openqa.selenium.remote.RemoteWebDriver.getTitle(RemoteWebDriver.java:315)
	at com.biodata.labguru.tests.BaseTest.setLog(BaseTest.java:282)
	at com.biodata.labguru.tests.AbstractLGTest.deleteAttachment(AbstractLGTest.java:164)
	at sun.reflect.NativeMethodAccessorImpl.invoke0(Native Method)
	at sun.reflect.NativeMethodAccessorImpl.invoke(NativeMethodAccessorImpl.java:62)
	at sun.reflect.DelegatingMethodAccessorImpl.invoke(DelegatingMethodAccessorImpl.java:43)
	at java.lang.reflect.Method.invoke(Method.java:497)
	at org.testng.internal.MethodInvocationHelper.invokeMethod(MethodInvocationHelper.java:85)
	at org.testng.internal.Invoker.invokeMethod(Invoker.java:696)
	at org.testng.internal.Invoker.invokeTestMethod(Invoker.java:882)
	at org.testng.internal.Invoker.invokeTestMethods(Invoker.java:1189)
	at org.testng.internal.TestMethodWorker.invokeTestMethods(TestMethodWorker.java:124)
	at org.testng.internal.TestMethodWorker.run(TestMethodWorker.java:108)
	at java.util.concurrent.ThreadPoolExecutor.runWorker(ThreadPoolExecutor.java:1142)
	at java.util.concurrent.ThreadPoolExecutor$Worker.run(ThreadPoolExecutor.java:617)
	at java.lang.Thread.run(Thread.java:745)
]]>
    </failure>
  </testcase> <!-- deleteAttachment -->
  <testcase name="searchAndAddFromCGC" time="376.394" classname="com.biodata.labguru.tests.inventory.purchasables.WormsTest"/>
  <testcase name="archiveStockFromStocksTab" time="13.609" classname="com.biodata.labguru.tests.inventory.purchasables.WormsTest">
    <failure type="org.openqa.selenium.UnsupportedCommandException" message="ERROR The test with session id 1e3078ff5cdb4609a4140ff1d5ecb1d5 has already finished, and can&#039;t receive further commands
You can learn more at https://saucelabs.com/jobs/1e3078ff5cdb4609a4140ff1d5ecb1d5
For help, please check https://docs.saucelabs.com/reference/troubleshooting-common-error-messages
Command duration or timeout: 238 milliseconds
Build info: version: &#039;2.48.2&#039;, revision: &#039;41bccdd10cf2c0560f637404c2d96164b67d9d67&#039;, time: &#039;2015-10-09 13:08:06&#039;
System info: host: &#039;Gonis-MacBook-Pro.local&#039;, ip: &#039;192.168.1.14&#039;, os.name: &#039;Mac OS X&#039;, os.arch: &#039;x86_64&#039;, os.version: &#039;10.10.4&#039;, java.version: &#039;1.8.0_45&#039;
Driver info: org.openqa.selenium.remote.RemoteWebDriver
Capabilities [{applicationCacheEnabled=true, rotatable=false, hasMetadata=true, databaseEnabled=true, handlesAlerts=true, version=43.0, platform=MAC, nativeEvents=false, acceptSslCerts=true, webdriver.remote.sessionid=1e3078ff5cdb4609a4140ff1d5ecb1d5, locationContextEnabled=true, webStorageEnabled=true, takesScreenshot=true, browserName=firefox, javascriptEnabled=true, cssSelectorsEnabled=true}]
Session ID: 1e3078ff5cdb4609a4140ff1d5ecb1d5">
      <![CDATA[org.openqa.selenium.UnsupportedCommandException: ERROR The test with session id 1e3078ff5cdb4609a4140ff1d5ecb1d5 has already finished, and can't receive further commands
You can learn more at https://saucelabs.com/jobs/1e3078ff5cdb4609a4140ff1d5ecb1d5
For help, please check https://docs.saucelabs.com/reference/troubleshooting-common-error-messages
Command duration or timeout: 238 milliseconds
Build info: version: '2.48.2', revision: '41bccdd10cf2c0560f637404c2d96164b67d9d67', time: '2015-10-09 13:08:06'
System info: host: 'Gonis-MacBook-Pro.local', ip: '192.168.1.14', os.name: 'Mac OS X', os.arch: 'x86_64', os.version: '10.10.4', java.version: '1.8.0_45'
Driver info: org.openqa.selenium.remote.RemoteWebDriver
Capabilities [{applicationCacheEnabled=true, rotatable=false, hasMetadata=true, databaseEnabled=true, handlesAlerts=true, version=43.0, platform=MAC, nativeEvents=false, acceptSslCerts=true, webdriver.remote.sessionid=1e3078ff5cdb4609a4140ff1d5ecb1d5, locationContextEnabled=true, webStorageEnabled=true, takesScreenshot=true, browserName=firefox, javascriptEnabled=true, cssSelectorsEnabled=true}]
Session ID: 1e3078ff5cdb4609a4140ff1d5ecb1d5
	at sun.reflect.GeneratedConstructorAccessor15.newInstance(Unknown Source)
	at sun.reflect.DelegatingConstructorAccessorImpl.newInstance(DelegatingConstructorAccessorImpl.java:45)
	at java.lang.reflect.Constructor.newInstance(Constructor.java:422)
	at org.openqa.selenium.remote.ErrorHandler.createThrowable(ErrorHandler.java:206)
	at org.openqa.selenium.remote.ErrorHandler.throwIfResponseFailed(ErrorHandler.java:158)
	at org.openqa.selenium.remote.RemoteWebDriver.execute(RemoteWebDriver.java:647)
	at org.openqa.selenium.remote.RemoteWebDriver.execute(RemoteWebDriver.java:670)
	at org.openqa.selenium.remote.RemoteWebDriver.getTitle(RemoteWebDriver.java:315)
	at com.biodata.labguru.tests.BaseTest.setLog(BaseTest.java:282)
	at com.biodata.labguru.tests.inventory.AbstractCollectionsTest.archiveStockFromStocksTab(AbstractCollectionsTest.java:407)
	at sun.reflect.NativeMethodAccessorImpl.invoke0(Native Method)
	at sun.reflect.NativeMethodAccessorImpl.invoke(NativeMethodAccessorImpl.java:62)
	at sun.reflect.DelegatingMethodAccessorImpl.invoke(DelegatingMethodAccessorImpl.java:43)
	at java.lang.reflect.Method.invoke(Method.java:497)
	at org.testng.internal.MethodInvocationHelper.invokeMethod(MethodInvocationHelper.java:85)
	at org.testng.internal.Invoker.invokeMethod(Invoker.java:696)
	at org.testng.internal.Invoker.invokeTestMethod(Invoker.java:882)
	at org.testng.internal.Invoker.invokeTestMethods(Invoker.java:1189)
	at org.testng.internal.TestMethodWorker.invokeTestMethods(TestMethodWorker.java:124)
	at org.testng.internal.TestMethodWorker.run(TestMethodWorker.java:108)
	at java.util.concurrent.ThreadPoolExecutor.runWorker(ThreadPoolExecutor.java:1142)
	at java.util.concurrent.ThreadPoolExecutor$Worker.run(ThreadPoolExecutor.java:617)
	at java.lang.Thread.run(Thread.java:745)
]]>
    </failure>
  </testcase> <!-- archiveStockFromStocksTab -->
  <testcase name="deleteCollectionItemFromItemShowPage" time="1360.451" classname="com.biodata.labguru.tests.inventory.purchasables.WormsTest"/>
  <testcase name="editCollectionItemFromItemShowPage" time="13.693" classname="com.biodata.labguru.tests.inventory.purchasables.WormsTest">
    <failure type="org.openqa.selenium.UnsupportedCommandException" message="ERROR The test with session id 1e3078ff5cdb4609a4140ff1d5ecb1d5 has already finished, and can&#039;t receive further commands
You can learn more at https://saucelabs.com/jobs/1e3078ff5cdb4609a4140ff1d5ecb1d5
For help, please check https://docs.saucelabs.com/reference/troubleshooting-common-error-messages
Command duration or timeout: 242 milliseconds
Build info: version: &#039;2.48.2&#039;, revision: &#039;41bccdd10cf2c0560f637404c2d96164b67d9d67&#039;, time: &#039;2015-10-09 13:08:06&#039;
System info: host: &#039;Gonis-MacBook-Pro.local&#039;, ip: &#039;192.168.1.14&#039;, os.name: &#039;Mac OS X&#039;, os.arch: &#039;x86_64&#039;, os.version: &#039;10.10.4&#039;, java.version: &#039;1.8.0_45&#039;
Driver info: org.openqa.selenium.remote.RemoteWebDriver
Capabilities [{applicationCacheEnabled=true, rotatable=false, hasMetadata=true, databaseEnabled=true, handlesAlerts=true, version=43.0, platform=MAC, nativeEvents=false, acceptSslCerts=true, webdriver.remote.sessionid=1e3078ff5cdb4609a4140ff1d5ecb1d5, locationContextEnabled=true, webStorageEnabled=true, takesScreenshot=true, browserName=firefox, javascriptEnabled=true, cssSelectorsEnabled=true}]
Session ID: 1e3078ff5cdb4609a4140ff1d5ecb1d5">
      <![CDATA[org.openqa.selenium.UnsupportedCommandException: ERROR The test with session id 1e3078ff5cdb4609a4140ff1d5ecb1d5 has already finished, and can't receive further commands
You can learn more at https://saucelabs.com/jobs/1e3078ff5cdb4609a4140ff1d5ecb1d5
For help, please check https://docs.saucelabs.com/reference/troubleshooting-common-error-messages
Command duration or timeout: 242 milliseconds
Build info: version: '2.48.2', revision: '41bccdd10cf2c0560f637404c2d96164b67d9d67', time: '2015-10-09 13:08:06'
System info: host: 'Gonis-MacBook-Pro.local', ip: '192.168.1.14', os.name: 'Mac OS X', os.arch: 'x86_64', os.version: '10.10.4', java.version: '1.8.0_45'
Driver info: org.openqa.selenium.remote.RemoteWebDriver
Capabilities [{applicationCacheEnabled=true, rotatable=false, hasMetadata=true, databaseEnabled=true, handlesAlerts=true, version=43.0, platform=MAC, nativeEvents=false, acceptSslCerts=true, webdriver.remote.sessionid=1e3078ff5cdb4609a4140ff1d5ecb1d5, locationContextEnabled=true, webStorageEnabled=true, takesScreenshot=true, browserName=firefox, javascriptEnabled=true, cssSelectorsEnabled=true}]
Session ID: 1e3078ff5cdb4609a4140ff1d5ecb1d5
	at sun.reflect.GeneratedConstructorAccessor15.newInstance(Unknown Source)
	at sun.reflect.DelegatingConstructorAccessorImpl.newInstance(DelegatingConstructorAccessorImpl.java:45)
	at java.lang.reflect.Constructor.newInstance(Constructor.java:422)
	at org.openqa.selenium.remote.ErrorHandler.createThrowable(ErrorHandler.java:206)
	at org.openqa.selenium.remote.ErrorHandler.throwIfResponseFailed(ErrorHandler.java:158)
	at org.openqa.selenium.remote.RemoteWebDriver.execute(RemoteWebDriver.java:647)
	at org.openqa.selenium.remote.RemoteWebDriver.execute(RemoteWebDriver.java:670)
	at org.openqa.selenium.remote.RemoteWebDriver.getTitle(RemoteWebDriver.java:315)
	at com.biodata.labguru.tests.BaseTest.setLog(BaseTest.java:282)
	at com.biodata.labguru.tests.inventory.AbstractCollectionsTest.editCollectionItemFromItemShowPage(AbstractCollectionsTest.java:174)
	at sun.reflect.NativeMethodAccessorImpl.invoke0(Native Method)
	at sun.reflect.NativeMethodAccessorImpl.invoke(NativeMethodAccessorImpl.java:62)
	at sun.reflect.DelegatingMethodAccessorImpl.invoke(DelegatingMethodAccessorImpl.java:43)
	at java.lang.reflect.Method.invoke(Method.java:497)
	at org.testng.internal.MethodInvocationHelper.invokeMethod(MethodInvocationHelper.java:85)
	at org.testng.internal.Invoker.invokeMethod(Invoker.java:696)
	at org.testng.internal.Invoker.invokeTestMethod(Invoker.java:882)
	at org.testng.internal.Invoker.invokeTestMethods(Invoker.java:1189)
	at org.testng.internal.TestMethodWorker.invokeTestMethods(TestMethodWorker.java:124)
	at org.testng.internal.TestMethodWorker.run(TestMethodWorker.java:108)
	at java.util.concurrent.ThreadPoolExecutor.runWorker(ThreadPoolExecutor.java:1142)
	at java.util.concurrent.ThreadPoolExecutor$Worker.run(ThreadPoolExecutor.java:617)
	at java.lang.Thread.run(Thread.java:745)
]]>
    </failure>
  </testcase> <!-- editCollectionItemFromItemShowPage -->
  <testcase name="checkCustomizeTableView" time="0.001" classname="com.biodata.labguru.tests.inventory.purchasables.WormsTest">
    <failure type="org.openqa.selenium.UnsupportedCommandException" message="ERROR The test with session id 46ae38afd62a4075a0dfe43639b2a931 has already finished, and can&#039;t receive further commands
You can learn more at https://saucelabs.com/jobs/46ae38afd62a4075a0dfe43639b2a931
For help, please check https://docs.saucelabs.com/reference/troubleshooting-common-error-messages
Command duration or timeout: 238 milliseconds
Build info: version: &#039;2.48.2&#039;, revision: &#039;41bccdd10cf2c0560f637404c2d96164b67d9d67&#039;, time: &#039;2015-10-09 13:08:06&#039;
System info: host: &#039;Gonis-MacBook-Pro.local&#039;, ip: &#039;192.168.1.14&#039;, os.name: &#039;Mac OS X&#039;, os.arch: &#039;x86_64&#039;, os.version: &#039;10.10.4&#039;, java.version: &#039;1.8.0_45&#039;
Driver info: org.openqa.selenium.remote.RemoteWebDriver
Capabilities [{applicationCacheEnabled=true, rotatable=false, hasMetadata=true, databaseEnabled=true, handlesAlerts=true, version=43.0, platform=MAC, nativeEvents=false, acceptSslCerts=true, webdriver.remote.sessionid=46ae38afd62a4075a0dfe43639b2a931, locationContextEnabled=true, webStorageEnabled=true, takesScreenshot=true, browserName=firefox, javascriptEnabled=true, cssSelectorsEnabled=true}]
Session ID: 46ae38afd62a4075a0dfe43639b2a931">
      <![CDATA[org.openqa.selenium.UnsupportedCommandException: ERROR The test with session id 46ae38afd62a4075a0dfe43639b2a931 has already finished, and can't receive further commands
You can learn more at https://saucelabs.com/jobs/46ae38afd62a4075a0dfe43639b2a931
For help, please check https://docs.saucelabs.com/reference/troubleshooting-common-error-messages
Command duration or timeout: 238 milliseconds
Build info: version: '2.48.2', revision: '41bccdd10cf2c0560f637404c2d96164b67d9d67', time: '2015-10-09 13:08:06'
System info: host: 'Gonis-MacBook-Pro.local', ip: '192.168.1.14', os.name: 'Mac OS X', os.arch: 'x86_64', os.version: '10.10.4', java.version: '1.8.0_45'
Driver info: org.openqa.selenium.remote.RemoteWebDriver
Capabilities [{applicationCacheEnabled=true, rotatable=false, hasMetadata=true, databaseEnabled=true, handlesAlerts=true, version=43.0, platform=MAC, nativeEvents=false, acceptSslCerts=true, webdriver.remote.sessionid=46ae38afd62a4075a0dfe43639b2a931, locationContextEnabled=true, webStorageEnabled=true, takesScreenshot=true, browserName=firefox, javascriptEnabled=true, cssSelectorsEnabled=true}]
Session ID: 46ae38afd62a4075a0dfe43639b2a931
	at sun.reflect.GeneratedConstructorAccessor15.newInstance(Unknown Source)
	at sun.reflect.DelegatingConstructorAccessorImpl.newInstance(DelegatingConstructorAccessorImpl.java:45)
	at java.lang.reflect.Constructor.newInstance(Constructor.java:422)
	at org.openqa.selenium.remote.ErrorHandler.createThrowable(ErrorHandler.java:206)
	at org.openqa.selenium.remote.ErrorHandler.throwIfResponseFailed(ErrorHandler.java:158)
	at org.openqa.selenium.remote.RemoteWebDriver.execute(RemoteWebDriver.java:647)
	at org.openqa.selenium.remote.RemoteWebDriver.execute(RemoteWebDriver.java:670)
	at org.openqa.selenium.remote.RemoteWebDriver.getTitle(RemoteWebDriver.java:315)
	at com.biodata.labguru.tests.BaseTest.setLog(BaseTest.java:259)
	at com.biodata.labguru.tests.inventory.AbstractCollectionsTest.uncheckSingleCollection(AbstractCollectionsTest.java:73)
	at sun.reflect.NativeMethodAccessorImpl.invoke0(Native Method)
	at sun.reflect.NativeMethodAccessorImpl.invoke(NativeMethodAccessorImpl.java:62)
	at sun.reflect.DelegatingMethodAccessorImpl.invoke(DelegatingMethodAccessorImpl.java:43)
	at java.lang.reflect.Method.invoke(Method.java:497)
	at org.testng.internal.MethodInvocationHelper.invokeMethod(MethodInvocationHelper.java:85)
	at org.testng.internal.Invoker.invokeConfigurationMethod(Invoker.java:552)
	at org.testng.internal.Invoker.invokeConfigurations(Invoker.java:215)
	at org.testng.internal.Invoker.invokeConfigurations(Invoker.java:140)
	at org.testng.internal.TestMethodWorker.invokeAfterClassMethods(TestMethodWorker.java:220)
	at org.testng.internal.TestMethodWorker.run(TestMethodWorker.java:111)
	at java.util.concurrent.ThreadPoolExecutor.runWorker(ThreadPoolExecutor.java:1142)
	at java.util.concurrent.ThreadPoolExecutor$Worker.run(ThreadPoolExecutor.java:617)
	at java.lang.Thread.run(Thread.java:745)
]]>
    </failure>
  </testcase> <!-- checkCustomizeTableView -->
  <testcase name="deleteAllItemsFromIndexTable" time="677.555" classname="com.biodata.labguru.tests.inventory.purchasables.WormsTest">
    <failure type="org.openqa.selenium.UnsupportedCommandException" message="ERROR The test with session id 1e3078ff5cdb4609a4140ff1d5ecb1d5 has already finished, and can&#039;t receive further commands
You can learn more at https://saucelabs.com/jobs/1e3078ff5cdb4609a4140ff1d5ecb1d5
For help, please check https://docs.saucelabs.com/reference/troubleshooting-common-error-messages
Command duration or timeout: 243 milliseconds
Build info: version: &#039;2.48.2&#039;, revision: &#039;41bccdd10cf2c0560f637404c2d96164b67d9d67&#039;, time: &#039;2015-10-09 13:08:06&#039;
System info: host: &#039;Gonis-MacBook-Pro.local&#039;, ip: &#039;192.168.1.14&#039;, os.name: &#039;Mac OS X&#039;, os.arch: &#039;x86_64&#039;, os.version: &#039;10.10.4&#039;, java.version: &#039;1.8.0_45&#039;
Driver info: org.openqa.selenium.remote.RemoteWebDriver
Capabilities [{applicationCacheEnabled=true, rotatable=false, hasMetadata=true, databaseEnabled=true, handlesAlerts=true, version=43.0, platform=MAC, nativeEvents=false, acceptSslCerts=true, webdriver.remote.sessionid=1e3078ff5cdb4609a4140ff1d5ecb1d5, locationContextEnabled=true, webStorageEnabled=true, takesScreenshot=true, browserName=firefox, javascriptEnabled=true, cssSelectorsEnabled=true}]
Session ID: 1e3078ff5cdb4609a4140ff1d5ecb1d5">
      <![CDATA[org.openqa.selenium.UnsupportedCommandException: ERROR The test with session id 1e3078ff5cdb4609a4140ff1d5ecb1d5 has already finished, and can't receive further commands
You can learn more at https://saucelabs.com/jobs/1e3078ff5cdb4609a4140ff1d5ecb1d5
For help, please check https://docs.saucelabs.com/reference/troubleshooting-common-error-messages
Command duration or timeout: 243 milliseconds
Build info: version: '2.48.2', revision: '41bccdd10cf2c0560f637404c2d96164b67d9d67', time: '2015-10-09 13:08:06'
System info: host: 'Gonis-MacBook-Pro.local', ip: '192.168.1.14', os.name: 'Mac OS X', os.arch: 'x86_64', os.version: '10.10.4', java.version: '1.8.0_45'
Driver info: org.openqa.selenium.remote.RemoteWebDriver
Capabilities [{applicationCacheEnabled=true, rotatable=false, hasMetadata=true, databaseEnabled=true, handlesAlerts=true, version=43.0, platform=MAC, nativeEvents=false, acceptSslCerts=true, webdriver.remote.sessionid=1e3078ff5cdb4609a4140ff1d5ecb1d5, locationContextEnabled=true, webStorageEnabled=true, takesScreenshot=true, browserName=firefox, javascriptEnabled=true, cssSelectorsEnabled=true}]
Session ID: 1e3078ff5cdb4609a4140ff1d5ecb1d5
	at sun.reflect.NativeConstructorAccessorImpl.newInstance0(Native Method)
	at sun.reflect.NativeConstructorAccessorImpl.newInstance(NativeConstructorAccessorImpl.java:62)
	at sun.reflect.DelegatingConstructorAccessorImpl.newInstance(DelegatingConstructorAccessorImpl.java:45)
	at java.lang.reflect.Constructor.newInstance(Constructor.java:422)
	at org.openqa.selenium.remote.ErrorHandler.createThrowable(ErrorHandler.java:206)
	at org.openqa.selenium.remote.ErrorHandler.throwIfResponseFailed(ErrorHandler.java:158)
	at org.openqa.selenium.remote.RemoteWebDriver.execute(RemoteWebDriver.java:647)
	at org.openqa.selenium.remote.RemoteWebDriver.execute(RemoteWebDriver.java:670)
	at org.openqa.selenium.remote.RemoteWebDriver.getTitle(RemoteWebDriver.java:315)
	at com.biodata.labguru.tests.BaseTest.setLog(BaseTest.java:282)
	at com.biodata.labguru.tests.inventory.AbstractCollectionsTest.deleteAllItemsFromIndexTable(AbstractCollectionsTest.java:357)
	at sun.reflect.NativeMethodAccessorImpl.invoke0(Native Method)
	at sun.reflect.NativeMethodAccessorImpl.invoke(NativeMethodAccessorImpl.java:62)
	at sun.reflect.DelegatingMethodAccessorImpl.invoke(DelegatingMethodAccessorImpl.java:43)
	at java.lang.reflect.Method.invoke(Method.java:497)
	at org.testng.internal.MethodInvocationHelper.invokeMethod(MethodInvocationHelper.java:85)
	at org.testng.internal.Invoker.invokeMethod(Invoker.java:696)
	at org.testng.internal.Invoker.invokeTestMethod(Invoker.java:882)
	at org.testng.internal.Invoker.invokeTestMethods(Invoker.java:1189)
	at org.testng.internal.TestMethodWorker.invokeTestMethods(TestMethodWorker.java:124)
	at org.testng.internal.TestMethodWorker.run(TestMethodWorker.java:108)
	at java.util.concurrent.ThreadPoolExecutor.runWorker(ThreadPoolExecutor.java:1142)
	at java.util.concurrent.ThreadPoolExecutor$Worker.run(ThreadPoolExecutor.java:617)
	at java.lang.Thread.run(Thread.java:745)
]]>
    </failure>
  </testcase> <!-- deleteAllItemsFromIndexTable -->
  <testcase name="addStockFromStocksTab" time="13.805" classname="com.biodata.labguru.tests.inventory.purchasables.WormsTest">
    <failure type="org.openqa.selenium.UnsupportedCommandException" message="ERROR The test with session id 1e3078ff5cdb4609a4140ff1d5ecb1d5 has already finished, and can&#039;t receive further commands
You can learn more at https://saucelabs.com/jobs/1e3078ff5cdb4609a4140ff1d5ecb1d5
For help, please check https://docs.saucelabs.com/reference/troubleshooting-common-error-messages
Command duration or timeout: 253 milliseconds
Build info: version: &#039;2.48.2&#039;, revision: &#039;41bccdd10cf2c0560f637404c2d96164b67d9d67&#039;, time: &#039;2015-10-09 13:08:06&#039;
System info: host: &#039;Gonis-MacBook-Pro.local&#039;, ip: &#039;192.168.1.14&#039;, os.name: &#039;Mac OS X&#039;, os.arch: &#039;x86_64&#039;, os.version: &#039;10.10.4&#039;, java.version: &#039;1.8.0_45&#039;
Driver info: org.openqa.selenium.remote.RemoteWebDriver
Capabilities [{applicationCacheEnabled=true, rotatable=false, hasMetadata=true, databaseEnabled=true, handlesAlerts=true, version=43.0, platform=MAC, nativeEvents=false, acceptSslCerts=true, webdriver.remote.sessionid=1e3078ff5cdb4609a4140ff1d5ecb1d5, locationContextEnabled=true, webStorageEnabled=true, takesScreenshot=true, browserName=firefox, javascriptEnabled=true, cssSelectorsEnabled=true}]
Session ID: 1e3078ff5cdb4609a4140ff1d5ecb1d5">
      <![CDATA[org.openqa.selenium.UnsupportedCommandException: ERROR The test with session id 1e3078ff5cdb4609a4140ff1d5ecb1d5 has already finished, and can't receive further commands
You can learn more at https://saucelabs.com/jobs/1e3078ff5cdb4609a4140ff1d5ecb1d5
For help, please check https://docs.saucelabs.com/reference/troubleshooting-common-error-messages
Command duration or timeout: 253 milliseconds
Build info: version: '2.48.2', revision: '41bccdd10cf2c0560f637404c2d96164b67d9d67', time: '2015-10-09 13:08:06'
System info: host: 'Gonis-MacBook-Pro.local', ip: '192.168.1.14', os.name: 'Mac OS X', os.arch: 'x86_64', os.version: '10.10.4', java.version: '1.8.0_45'
Driver info: org.openqa.selenium.remote.RemoteWebDriver
Capabilities [{applicationCacheEnabled=true, rotatable=false, hasMetadata=true, databaseEnabled=true, handlesAlerts=true, version=43.0, platform=MAC, nativeEvents=false, acceptSslCerts=true, webdriver.remote.sessionid=1e3078ff5cdb4609a4140ff1d5ecb1d5, locationContextEnabled=true, webStorageEnabled=true, takesScreenshot=true, browserName=firefox, javascriptEnabled=true, cssSelectorsEnabled=true}]
Session ID: 1e3078ff5cdb4609a4140ff1d5ecb1d5
	at sun.reflect.GeneratedConstructorAccessor15.newInstance(Unknown Source)
	at sun.reflect.DelegatingConstructorAccessorImpl.newInstance(DelegatingConstructorAccessorImpl.java:45)
	at java.lang.reflect.Constructor.newInstance(Constructor.java:422)
	at org.openqa.selenium.remote.ErrorHandler.createThrowable(ErrorHandler.java:206)
	at org.openqa.selenium.remote.ErrorHandler.throwIfResponseFailed(ErrorHandler.java:158)
	at org.openqa.selenium.remote.RemoteWebDriver.execute(RemoteWebDriver.java:647)
	at org.openqa.selenium.remote.RemoteWebDriver.execute(RemoteWebDriver.java:670)
	at org.openqa.selenium.remote.RemoteWebDriver.getTitle(RemoteWebDriver.java:315)
	at com.biodata.labguru.tests.BaseTest.setLog(BaseTest.java:259)
	at com.biodata.labguru.tests.inventory.AbstractCollectionsTest.addStockFromStocksTab(AbstractCollectionsTest.java:313)
	at sun.reflect.NativeMethodAccessorImpl.invoke0(Native Method)
	at sun.reflect.NativeMethodAccessorImpl.invoke(NativeMethodAccessorImpl.java:62)
	at sun.reflect.DelegatingMethodAccessorImpl.invoke(DelegatingMethodAccessorImpl.java:43)
	at java.lang.reflect.Method.invoke(Method.java:497)
	at org.testng.internal.MethodInvocationHelper.invokeMethod(MethodInvocationHelper.java:85)
	at org.testng.internal.Invoker.invokeMethod(Invoker.java:696)
	at org.testng.internal.Invoker.invokeTestMethod(Invoker.java:882)
	at org.testng.internal.Invoker.invokeTestMethods(Invoker.java:1189)
	at org.testng.internal.TestMethodWorker.invokeTestMethods(TestMethodWorker.java:124)
	at org.testng.internal.TestMethodWorker.run(TestMethodWorker.java:108)
	at java.util.concurrent.ThreadPoolExecutor.runWorker(ThreadPoolExecutor.java:1142)
	at java.util.concurrent.ThreadPoolExecutor$Worker.run(ThreadPoolExecutor.java:617)
	at java.lang.Thread.run(Thread.java:745)
]]>
    </failure>
  </testcase> <!-- addStockFromStocksTab -->
  <testcase name="deleteCollectionItemFromIndexTable" time="1353.044" classname="com.biodata.labguru.tests.inventory.purchasables.WormsTest">
    <error type="java.lang.AssertionError" message="expected [1 items deleted successfully!] but found []">
      <![CDATA[java.lang.AssertionError: expected [1 items deleted successfully!] but found []
	at org.testng.Assert.fail(Assert.java:94)
	at org.testng.Assert.failNotEquals(Assert.java:494)
	at org.testng.Assert.assertEquals(Assert.java:123)
	at org.testng.Assert.assertEquals(Assert.java:176)
	at org.testng.Assert.assertEquals(Assert.java:186)
	at com.biodata.labguru.tests.inventory.AbstractCollectionsTest.deleteCollectionItemFromIndexTable(AbstractCollectionsTest.java:131)
	at sun.reflect.NativeMethodAccessorImpl.invoke0(Native Method)
	at sun.reflect.NativeMethodAccessorImpl.invoke(NativeMethodAccessorImpl.java:62)
	at sun.reflect.DelegatingMethodAccessorImpl.invoke(DelegatingMethodAccessorImpl.java:43)
	at java.lang.reflect.Method.invoke(Method.java:497)
	at org.testng.internal.MethodInvocationHelper.invokeMethod(MethodInvocationHelper.java:85)
	at org.testng.internal.Invoker.invokeMethod(Invoker.java:696)
	at org.testng.internal.Invoker.invokeTestMethod(Invoker.java:882)
	at org.testng.internal.Invoker.invokeTestMethods(Invoker.java:1189)
	at org.testng.internal.TestMethodWorker.invokeTestMethods(TestMethodWorker.java:124)
	at org.testng.internal.TestMethodWorker.run(TestMethodWorker.java:108)
	at java.util.concurrent.ThreadPoolExecutor.runWorker(ThreadPoolExecutor.java:1142)
	at java.util.concurrent.ThreadPoolExecutor$Worker.run(ThreadPoolExecutor.java:617)
	at java.lang.Thread.run(Thread.java:745)
]]>
    </error>
  </testcase> <!-- deleteCollectionItemFromIndexTable -->
  <testcase name="duplicateItem" time="478.077" classname="com.biodata.labguru.tests.inventory.purchasables.WormsTest"/>
  <testcase name="checkCollectionCustomizeBreadCrumbs" time="353.908" classname="com.biodata.labguru.tests.inventory.purchasables.WormsTest"/>
  <testcase name="addItemSaveAndNew" time="13.549" classname="com.biodata.labguru.tests.inventory.purchasables.WormsTest">
    <failure type="org.openqa.selenium.UnsupportedCommandException" message="ERROR The test with session id 1e3078ff5cdb4609a4140ff1d5ecb1d5 has already finished, and can&#039;t receive further commands
You can learn more at https://saucelabs.com/jobs/1e3078ff5cdb4609a4140ff1d5ecb1d5
For help, please check https://docs.saucelabs.com/reference/troubleshooting-common-error-messages
Command duration or timeout: 240 milliseconds
Build info: version: &#039;2.48.2&#039;, revision: &#039;41bccdd10cf2c0560f637404c2d96164b67d9d67&#039;, time: &#039;2015-10-09 13:08:06&#039;
System info: host: &#039;Gonis-MacBook-Pro.local&#039;, ip: &#039;192.168.1.14&#039;, os.name: &#039;Mac OS X&#039;, os.arch: &#039;x86_64&#039;, os.version: &#039;10.10.4&#039;, java.version: &#039;1.8.0_45&#039;
Driver info: org.openqa.selenium.remote.RemoteWebDriver
Capabilities [{applicationCacheEnabled=true, rotatable=false, hasMetadata=true, databaseEnabled=true, handlesAlerts=true, version=43.0, platform=MAC, nativeEvents=false, acceptSslCerts=true, webdriver.remote.sessionid=1e3078ff5cdb4609a4140ff1d5ecb1d5, locationContextEnabled=true, webStorageEnabled=true, takesScreenshot=true, browserName=firefox, javascriptEnabled=true, cssSelectorsEnabled=true}]
Session ID: 1e3078ff5cdb4609a4140ff1d5ecb1d5">
      <![CDATA[org.openqa.selenium.UnsupportedCommandException: ERROR The test with session id 1e3078ff5cdb4609a4140ff1d5ecb1d5 has already finished, and can't receive further commands
You can learn more at https://saucelabs.com/jobs/1e3078ff5cdb4609a4140ff1d5ecb1d5
For help, please check https://docs.saucelabs.com/reference/troubleshooting-common-error-messages
Command duration or timeout: 240 milliseconds
Build info: version: '2.48.2', revision: '41bccdd10cf2c0560f637404c2d96164b67d9d67', time: '2015-10-09 13:08:06'
System info: host: 'Gonis-MacBook-Pro.local', ip: '192.168.1.14', os.name: 'Mac OS X', os.arch: 'x86_64', os.version: '10.10.4', java.version: '1.8.0_45'
Driver info: org.openqa.selenium.remote.RemoteWebDriver
Capabilities [{applicationCacheEnabled=true, rotatable=false, hasMetadata=true, databaseEnabled=true, handlesAlerts=true, version=43.0, platform=MAC, nativeEvents=false, acceptSslCerts=true, webdriver.remote.sessionid=1e3078ff5cdb4609a4140ff1d5ecb1d5, locationContextEnabled=true, webStorageEnabled=true, takesScreenshot=true, browserName=firefox, javascriptEnabled=true, cssSelectorsEnabled=true}]
Session ID: 1e3078ff5cdb4609a4140ff1d5ecb1d5
	at sun.reflect.GeneratedConstructorAccessor15.newInstance(Unknown Source)
	at sun.reflect.DelegatingConstructorAccessorImpl.newInstance(DelegatingConstructorAccessorImpl.java:45)
	at java.lang.reflect.Constructor.newInstance(Constructor.java:422)
	at org.openqa.selenium.remote.ErrorHandler.createThrowable(ErrorHandler.java:206)
	at org.openqa.selenium.remote.ErrorHandler.throwIfResponseFailed(ErrorHandler.java:158)
	at org.openqa.selenium.remote.RemoteWebDriver.execute(RemoteWebDriver.java:647)
	at org.openqa.selenium.remote.RemoteWebDriver.execute(RemoteWebDriver.java:670)
	at org.openqa.selenium.remote.RemoteWebDriver.getTitle(RemoteWebDriver.java:315)
	at com.biodata.labguru.tests.BaseTest.setLog(BaseTest.java:282)
	at com.biodata.labguru.tests.inventory.AbstractCollectionsTest.addItemSaveAndNew(AbstractCollectionsTest.java:114)
	at sun.reflect.NativeMethodAccessorImpl.invoke0(Native Method)
	at sun.reflect.NativeMethodAccessorImpl.invoke(NativeMethodAccessorImpl.java:62)
	at sun.reflect.DelegatingMethodAccessorImpl.invoke(DelegatingMethodAccessorImpl.java:43)
	at java.lang.reflect.Method.invoke(Method.java:497)
	at org.testng.internal.MethodInvocationHelper.invokeMethod(MethodInvocationHelper.java:85)
	at org.testng.internal.Invoker.invokeMethod(Invoker.java:696)
	at org.testng.internal.Invoker.invokeTestMethod(Invoker.java:882)
	at org.testng.internal.Invoker.invokeTestMethods(Invoker.java:1189)
	at org.testng.internal.TestMethodWorker.invokeTestMethods(TestMethodWorker.java:124)
	at org.testng.internal.TestMethodWorker.run(TestMethodWorker.java:108)
	at java.util.concurrent.ThreadPoolExecutor.runWorker(ThreadPoolExecutor.java:1142)
	at java.util.concurrent.ThreadPoolExecutor$Worker.run(ThreadPoolExecutor.java:617)
	at java.lang.Thread.run(Thread.java:745)
]]>
    </failure>
  </testcase> <!-- addItemSaveAndNew -->
  <testcase name="addStockLocatedInBox" time="13.595" classname="com.biodata.labguru.tests.inventory.purchasables.WormsTest">
    <failure type="org.openqa.selenium.UnsupportedCommandException" message="ERROR The test with session id 1e3078ff5cdb4609a4140ff1d5ecb1d5 has already finished, and can&#039;t receive further commands
You can learn more at https://saucelabs.com/jobs/1e3078ff5cdb4609a4140ff1d5ecb1d5
For help, please check https://docs.saucelabs.com/reference/troubleshooting-common-error-messages
Command duration or timeout: 242 milliseconds
Build info: version: &#039;2.48.2&#039;, revision: &#039;41bccdd10cf2c0560f637404c2d96164b67d9d67&#039;, time: &#039;2015-10-09 13:08:06&#039;
System info: host: &#039;Gonis-MacBook-Pro.local&#039;, ip: &#039;192.168.1.14&#039;, os.name: &#039;Mac OS X&#039;, os.arch: &#039;x86_64&#039;, os.version: &#039;10.10.4&#039;, java.version: &#039;1.8.0_45&#039;
Driver info: org.openqa.selenium.remote.RemoteWebDriver
Capabilities [{applicationCacheEnabled=true, rotatable=false, hasMetadata=true, databaseEnabled=true, handlesAlerts=true, version=43.0, platform=MAC, nativeEvents=false, acceptSslCerts=true, webdriver.remote.sessionid=1e3078ff5cdb4609a4140ff1d5ecb1d5, locationContextEnabled=true, webStorageEnabled=true, takesScreenshot=true, browserName=firefox, javascriptEnabled=true, cssSelectorsEnabled=true}]
Session ID: 1e3078ff5cdb4609a4140ff1d5ecb1d5">
      <![CDATA[org.openqa.selenium.UnsupportedCommandException: ERROR The test with session id 1e3078ff5cdb4609a4140ff1d5ecb1d5 has already finished, and can't receive further commands
You can learn more at https://saucelabs.com/jobs/1e3078ff5cdb4609a4140ff1d5ecb1d5
For help, please check https://docs.saucelabs.com/reference/troubleshooting-common-error-messages
Command duration or timeout: 242 milliseconds
Build info: version: '2.48.2', revision: '41bccdd10cf2c0560f637404c2d96164b67d9d67', time: '2015-10-09 13:08:06'
System info: host: 'Gonis-MacBook-Pro.local', ip: '192.168.1.14', os.name: 'Mac OS X', os.arch: 'x86_64', os.version: '10.10.4', java.version: '1.8.0_45'
Driver info: org.openqa.selenium.remote.RemoteWebDriver
Capabilities [{applicationCacheEnabled=true, rotatable=false, hasMetadata=true, databaseEnabled=true, handlesAlerts=true, version=43.0, platform=MAC, nativeEvents=false, acceptSslCerts=true, webdriver.remote.sessionid=1e3078ff5cdb4609a4140ff1d5ecb1d5, locationContextEnabled=true, webStorageEnabled=true, takesScreenshot=true, browserName=firefox, javascriptEnabled=true, cssSelectorsEnabled=true}]
Session ID: 1e3078ff5cdb4609a4140ff1d5ecb1d5
	at sun.reflect.GeneratedConstructorAccessor15.newInstance(Unknown Source)
	at sun.reflect.DelegatingConstructorAccessorImpl.newInstance(DelegatingConstructorAccessorImpl.java:45)
	at java.lang.reflect.Constructor.newInstance(Constructor.java:422)
	at org.openqa.selenium.remote.ErrorHandler.createThrowable(ErrorHandler.java:206)
	at org.openqa.selenium.remote.ErrorHandler.throwIfResponseFailed(ErrorHandler.java:158)
	at org.openqa.selenium.remote.RemoteWebDriver.execute(RemoteWebDriver.java:647)
	at org.openqa.selenium.remote.RemoteWebDriver.execute(RemoteWebDriver.java:670)
	at org.openqa.selenium.remote.RemoteWebDriver.getTitle(RemoteWebDriver.java:315)
	at com.biodata.labguru.tests.BaseTest.setLog(BaseTest.java:282)
	at com.biodata.labguru.tests.inventory.AbstractCollectionsTest.addStockLocatedInBox(AbstractCollectionsTest.java:337)
	at sun.reflect.NativeMethodAccessorImpl.invoke0(Native Method)
	at sun.reflect.NativeMethodAccessorImpl.invoke(NativeMethodAccessorImpl.java:62)
	at sun.reflect.DelegatingMethodAccessorImpl.invoke(DelegatingMethodAccessorImpl.java:43)
	at java.lang.reflect.Method.invoke(Method.java:497)
	at org.testng.internal.MethodInvocationHelper.invokeMethod(MethodInvocationHelper.java:85)
	at org.testng.internal.Invoker.invokeMethod(Invoker.java:696)
	at org.testng.internal.Invoker.invokeTestMethod(Invoker.java:882)
	at org.testng.internal.Invoker.invokeTestMethods(Invoker.java:1189)
	at org.testng.internal.TestMethodWorker.invokeTestMethods(TestMethodWorker.java:124)
	at org.testng.internal.TestMethodWorker.run(TestMethodWorker.java:108)
	at java.util.concurrent.ThreadPoolExecutor.runWorker(ThreadPoolExecutor.java:1142)
	at java.util.concurrent.ThreadPoolExecutor$Worker.run(ThreadPoolExecutor.java:617)
	at java.lang.Thread.run(Thread.java:745)
]]>
    </failure>
  </testcase> <!-- addStockLocatedInBox -->
  <testcase name="checkShowPageOfCreatedItem" time="13.683" classname="com.biodata.labguru.tests.inventory.purchasables.WormsTest">
    <failure type="org.openqa.selenium.UnsupportedCommandException" message="ERROR The test with session id 1e3078ff5cdb4609a4140ff1d5ecb1d5 has already finished, and can&#039;t receive further commands
You can learn more at https://saucelabs.com/jobs/1e3078ff5cdb4609a4140ff1d5ecb1d5
For help, please check https://docs.saucelabs.com/reference/troubleshooting-common-error-messages
Command duration or timeout: 238 milliseconds
Build info: version: &#039;2.48.2&#039;, revision: &#039;41bccdd10cf2c0560f637404c2d96164b67d9d67&#039;, time: &#039;2015-10-09 13:08:06&#039;
System info: host: &#039;Gonis-MacBook-Pro.local&#039;, ip: &#039;192.168.1.14&#039;, os.name: &#039;Mac OS X&#039;, os.arch: &#039;x86_64&#039;, os.version: &#039;10.10.4&#039;, java.version: &#039;1.8.0_45&#039;
Driver info: org.openqa.selenium.remote.RemoteWebDriver
Capabilities [{applicationCacheEnabled=true, rotatable=false, hasMetadata=true, databaseEnabled=true, handlesAlerts=true, version=43.0, platform=MAC, nativeEvents=false, acceptSslCerts=true, webdriver.remote.sessionid=1e3078ff5cdb4609a4140ff1d5ecb1d5, locationContextEnabled=true, webStorageEnabled=true, takesScreenshot=true, browserName=firefox, javascriptEnabled=true, cssSelectorsEnabled=true}]
Session ID: 1e3078ff5cdb4609a4140ff1d5ecb1d5">
      <![CDATA[org.openqa.selenium.UnsupportedCommandException: ERROR The test with session id 1e3078ff5cdb4609a4140ff1d5ecb1d5 has already finished, and can't receive further commands
You can learn more at https://saucelabs.com/jobs/1e3078ff5cdb4609a4140ff1d5ecb1d5
For help, please check https://docs.saucelabs.com/reference/troubleshooting-common-error-messages
Command duration or timeout: 238 milliseconds
Build info: version: '2.48.2', revision: '41bccdd10cf2c0560f637404c2d96164b67d9d67', time: '2015-10-09 13:08:06'
System info: host: 'Gonis-MacBook-Pro.local', ip: '192.168.1.14', os.name: 'Mac OS X', os.arch: 'x86_64', os.version: '10.10.4', java.version: '1.8.0_45'
Driver info: org.openqa.selenium.remote.RemoteWebDriver
Capabilities [{applicationCacheEnabled=true, rotatable=false, hasMetadata=true, databaseEnabled=true, handlesAlerts=true, version=43.0, platform=MAC, nativeEvents=false, acceptSslCerts=true, webdriver.remote.sessionid=1e3078ff5cdb4609a4140ff1d5ecb1d5, locationContextEnabled=true, webStorageEnabled=true, takesScreenshot=true, browserName=firefox, javascriptEnabled=true, cssSelectorsEnabled=true}]
Session ID: 1e3078ff5cdb4609a4140ff1d5ecb1d5
	at sun.reflect.GeneratedConstructorAccessor15.newInstance(Unknown Source)
	at sun.reflect.DelegatingConstructorAccessorImpl.newInstance(DelegatingConstructorAccessorImpl.java:45)
	at java.lang.reflect.Constructor.newInstance(Constructor.java:422)
	at org.openqa.selenium.remote.ErrorHandler.createThrowable(ErrorHandler.java:206)
	at org.openqa.selenium.remote.ErrorHandler.throwIfResponseFailed(ErrorHandler.java:158)
	at org.openqa.selenium.remote.RemoteWebDriver.execute(RemoteWebDriver.java:647)
	at org.openqa.selenium.remote.RemoteWebDriver.execute(RemoteWebDriver.java:670)
	at org.openqa.selenium.remote.RemoteWebDriver.getTitle(RemoteWebDriver.java:315)
	at com.biodata.labguru.tests.BaseTest.setLog(BaseTest.java:282)
	at com.biodata.labguru.tests.inventory.purchasables.PurchasableCollectionTest.checkShowPageOfCreatedItem(PurchasableCollectionTest.java:33)
	at sun.reflect.NativeMethodAccessorImpl.invoke0(Native Method)
	at sun.reflect.NativeMethodAccessorImpl.invoke(NativeMethodAccessorImpl.java:62)
	at sun.reflect.DelegatingMethodAccessorImpl.invoke(DelegatingMethodAccessorImpl.java:43)
	at java.lang.reflect.Method.invoke(Method.java:497)
	at org.testng.internal.MethodInvocationHelper.invokeMethod(MethodInvocationHelper.java:85)
	at org.testng.internal.Invoker.invokeMethod(Invoker.java:696)
	at org.testng.internal.Invoker.invokeTestMethod(Invoker.java:882)
	at org.testng.internal.Invoker.invokeTestMethods(Invoker.java:1189)
	at org.testng.internal.TestMethodWorker.invokeTestMethods(TestMethodWorker.java:124)
	at org.testng.internal.TestMethodWorker.run(TestMethodWorker.java:108)
	at java.util.concurrent.ThreadPoolExecutor.runWorker(ThreadPoolExecutor.java:1142)
	at java.util.concurrent.ThreadPoolExecutor$Worker.run(ThreadPoolExecutor.java:617)
	at java.lang.Thread.run(Thread.java:745)
]]>
    </failure>
  </testcase> <!-- checkShowPageOfCreatedItem -->
  <testcase name="addSimpleItem" time="13.639" classname="com.biodata.labguru.tests.inventory.purchasables.WormsTest">
    <failure type="org.openqa.selenium.UnsupportedCommandException" message="ERROR The test with session id 1e3078ff5cdb4609a4140ff1d5ecb1d5 has already finished, and can&#039;t receive further commands
You can learn more at https://saucelabs.com/jobs/1e3078ff5cdb4609a4140ff1d5ecb1d5
For help, please check https://docs.saucelabs.com/reference/troubleshooting-common-error-messages
Command duration or timeout: 247 milliseconds
Build info: version: &#039;2.48.2&#039;, revision: &#039;41bccdd10cf2c0560f637404c2d96164b67d9d67&#039;, time: &#039;2015-10-09 13:08:06&#039;
System info: host: &#039;Gonis-MacBook-Pro.local&#039;, ip: &#039;192.168.1.14&#039;, os.name: &#039;Mac OS X&#039;, os.arch: &#039;x86_64&#039;, os.version: &#039;10.10.4&#039;, java.version: &#039;1.8.0_45&#039;
Driver info: org.openqa.selenium.remote.RemoteWebDriver
Capabilities [{applicationCacheEnabled=true, rotatable=false, hasMetadata=true, databaseEnabled=true, handlesAlerts=true, version=43.0, platform=MAC, nativeEvents=false, acceptSslCerts=true, webdriver.remote.sessionid=1e3078ff5cdb4609a4140ff1d5ecb1d5, locationContextEnabled=true, webStorageEnabled=true, takesScreenshot=true, browserName=firefox, javascriptEnabled=true, cssSelectorsEnabled=true}]
Session ID: 1e3078ff5cdb4609a4140ff1d5ecb1d5">
      <![CDATA[org.openqa.selenium.UnsupportedCommandException: ERROR The test with session id 1e3078ff5cdb4609a4140ff1d5ecb1d5 has already finished, and can't receive further commands
You can learn more at https://saucelabs.com/jobs/1e3078ff5cdb4609a4140ff1d5ecb1d5
For help, please check https://docs.saucelabs.com/reference/troubleshooting-common-error-messages
Command duration or timeout: 247 milliseconds
Build info: version: '2.48.2', revision: '41bccdd10cf2c0560f637404c2d96164b67d9d67', time: '2015-10-09 13:08:06'
System info: host: 'Gonis-MacBook-Pro.local', ip: '192.168.1.14', os.name: 'Mac OS X', os.arch: 'x86_64', os.version: '10.10.4', java.version: '1.8.0_45'
Driver info: org.openqa.selenium.remote.RemoteWebDriver
Capabilities [{applicationCacheEnabled=true, rotatable=false, hasMetadata=true, databaseEnabled=true, handlesAlerts=true, version=43.0, platform=MAC, nativeEvents=false, acceptSslCerts=true, webdriver.remote.sessionid=1e3078ff5cdb4609a4140ff1d5ecb1d5, locationContextEnabled=true, webStorageEnabled=true, takesScreenshot=true, browserName=firefox, javascriptEnabled=true, cssSelectorsEnabled=true}]
Session ID: 1e3078ff5cdb4609a4140ff1d5ecb1d5
	at sun.reflect.GeneratedConstructorAccessor15.newInstance(Unknown Source)
	at sun.reflect.DelegatingConstructorAccessorImpl.newInstance(DelegatingConstructorAccessorImpl.java:45)
	at java.lang.reflect.Constructor.newInstance(Constructor.java:422)
	at org.openqa.selenium.remote.ErrorHandler.createThrowable(ErrorHandler.java:206)
	at org.openqa.selenium.remote.ErrorHandler.throwIfResponseFailed(ErrorHandler.java:158)
	at org.openqa.selenium.remote.RemoteWebDriver.execute(RemoteWebDriver.java:647)
	at org.openqa.selenium.remote.RemoteWebDriver.execute(RemoteWebDriver.java:670)
	at org.openqa.selenium.remote.RemoteWebDriver.getTitle(RemoteWebDriver.java:315)
	at com.biodata.labguru.tests.BaseTest.setLog(BaseTest.java:282)
	at com.biodata.labguru.tests.inventory.purchasables.WormsTest.addSimpleItem(WormsTest.java:67)
	at sun.reflect.NativeMethodAccessorImpl.invoke0(Native Method)
	at sun.reflect.NativeMethodAccessorImpl.invoke(NativeMethodAccessorImpl.java:62)
	at sun.reflect.DelegatingMethodAccessorImpl.invoke(DelegatingMethodAccessorImpl.java:43)
	at java.lang.reflect.Method.invoke(Method.java:497)
	at org.testng.internal.MethodInvocationHelper.invokeMethod(MethodInvocationHelper.java:85)
	at org.testng.internal.Invoker.invokeMethod(Invoker.java:696)
	at org.testng.internal.Invoker.invokeTestMethod(Invoker.java:882)
	at org.testng.internal.Invoker.invokeTestMethods(Invoker.java:1189)
	at org.testng.internal.TestMethodWorker.invokeTestMethods(TestMethodWorker.java:124)
	at org.testng.internal.TestMethodWorker.run(TestMethodWorker.java:108)
	at java.util.concurrent.ThreadPoolExecutor.runWorker(ThreadPoolExecutor.java:1142)
	at java.util.concurrent.ThreadPoolExecutor$Worker.run(ThreadPoolExecutor.java:617)
	at java.lang.Thread.run(Thread.java:745)
]]>
    </failure>
  </testcase> <!-- addSimpleItem -->
  <testcase name="addTag" time="13.546" classname="com.biodata.labguru.tests.inventory.purchasables.WormsTest">
    <failure type="org.openqa.selenium.UnsupportedCommandException" message="ERROR The test with session id 1e3078ff5cdb4609a4140ff1d5ecb1d5 has already finished, and can&#039;t receive further commands
You can learn more at https://saucelabs.com/jobs/1e3078ff5cdb4609a4140ff1d5ecb1d5
For help, please check https://docs.saucelabs.com/reference/troubleshooting-common-error-messages
Command duration or timeout: 240 milliseconds
Build info: version: &#039;2.48.2&#039;, revision: &#039;41bccdd10cf2c0560f637404c2d96164b67d9d67&#039;, time: &#039;2015-10-09 13:08:06&#039;
System info: host: &#039;Gonis-MacBook-Pro.local&#039;, ip: &#039;192.168.1.14&#039;, os.name: &#039;Mac OS X&#039;, os.arch: &#039;x86_64&#039;, os.version: &#039;10.10.4&#039;, java.version: &#039;1.8.0_45&#039;
Driver info: org.openqa.selenium.remote.RemoteWebDriver
Capabilities [{applicationCacheEnabled=true, rotatable=false, hasMetadata=true, databaseEnabled=true, handlesAlerts=true, version=43.0, platform=MAC, nativeEvents=false, acceptSslCerts=true, webdriver.remote.sessionid=1e3078ff5cdb4609a4140ff1d5ecb1d5, locationContextEnabled=true, webStorageEnabled=true, takesScreenshot=true, browserName=firefox, javascriptEnabled=true, cssSelectorsEnabled=true}]
Session ID: 1e3078ff5cdb4609a4140ff1d5ecb1d5">
      <![CDATA[org.openqa.selenium.UnsupportedCommandException: ERROR The test with session id 1e3078ff5cdb4609a4140ff1d5ecb1d5 has already finished, and can't receive further commands
You can learn more at https://saucelabs.com/jobs/1e3078ff5cdb4609a4140ff1d5ecb1d5
For help, please check https://docs.saucelabs.com/reference/troubleshooting-common-error-messages
Command duration or timeout: 240 milliseconds
Build info: version: '2.48.2', revision: '41bccdd10cf2c0560f637404c2d96164b67d9d67', time: '2015-10-09 13:08:06'
System info: host: 'Gonis-MacBook-Pro.local', ip: '192.168.1.14', os.name: 'Mac OS X', os.arch: 'x86_64', os.version: '10.10.4', java.version: '1.8.0_45'
Driver info: org.openqa.selenium.remote.RemoteWebDriver
Capabilities [{applicationCacheEnabled=true, rotatable=false, hasMetadata=true, databaseEnabled=true, handlesAlerts=true, version=43.0, platform=MAC, nativeEvents=false, acceptSslCerts=true, webdriver.remote.sessionid=1e3078ff5cdb4609a4140ff1d5ecb1d5, locationContextEnabled=true, webStorageEnabled=true, takesScreenshot=true, browserName=firefox, javascriptEnabled=true, cssSelectorsEnabled=true}]
Session ID: 1e3078ff5cdb4609a4140ff1d5ecb1d5
	at sun.reflect.GeneratedConstructorAccessor15.newInstance(Unknown Source)
	at sun.reflect.DelegatingConstructorAccessorImpl.newInstance(DelegatingConstructorAccessorImpl.java:45)
	at java.lang.reflect.Constructor.newInstance(Constructor.java:422)
	at org.openqa.selenium.remote.ErrorHandler.createThrowable(ErrorHandler.java:206)
	at org.openqa.selenium.remote.ErrorHandler.throwIfResponseFailed(ErrorHandler.java:158)
	at org.openqa.selenium.remote.RemoteWebDriver.execute(RemoteWebDriver.java:647)
	at org.openqa.selenium.remote.RemoteWebDriver.execute(RemoteWebDriver.java:670)
	at org.openqa.selenium.remote.RemoteWebDriver.getTitle(RemoteWebDriver.java:315)
	at com.biodata.labguru.tests.BaseTest.setLog(BaseTest.java:282)
	at com.biodata.labguru.tests.AbstractLGTest.addTag(AbstractLGTest.java:69)
	at sun.reflect.NativeMethodAccessorImpl.invoke0(Native Method)
	at sun.reflect.NativeMethodAccessorImpl.invoke(NativeMethodAccessorImpl.java:62)
	at sun.reflect.DelegatingMethodAccessorImpl.invoke(DelegatingMethodAccessorImpl.java:43)
	at java.lang.reflect.Method.invoke(Method.java:497)
	at org.testng.internal.MethodInvocationHelper.invokeMethod(MethodInvocationHelper.java:85)
	at org.testng.internal.Invoker.invokeMethod(Invoker.java:696)
	at org.testng.internal.Invoker.invokeTestMethod(Invoker.java:882)
	at org.testng.internal.Invoker.invokeTestMethods(Invoker.java:1189)
	at org.testng.internal.TestMethodWorker.invokeTestMethods(TestMethodWorker.java:124)
	at org.testng.internal.TestMethodWorker.run(TestMethodWorker.java:108)
	at java.util.concurrent.ThreadPoolExecutor.runWorker(ThreadPoolExecutor.java:1142)
	at java.util.concurrent.ThreadPoolExecutor$Worker.run(ThreadPoolExecutor.java:617)
	at java.lang.Thread.run(Thread.java:745)
]]>
    </failure>
  </testcase> <!-- addTag -->
  <testcase name="addCustomFieldAndGenerateCollectionTemplate" time="13.530" classname="com.biodata.labguru.tests.inventory.purchasables.WormsTest">
    <failure type="org.openqa.selenium.UnsupportedCommandException" message="ERROR The test with session id 1e3078ff5cdb4609a4140ff1d5ecb1d5 has already finished, and can&#039;t receive further commands
You can learn more at https://saucelabs.com/jobs/1e3078ff5cdb4609a4140ff1d5ecb1d5
For help, please check https://docs.saucelabs.com/reference/troubleshooting-common-error-messages
Command duration or timeout: 239 milliseconds
Build info: version: &#039;2.48.2&#039;, revision: &#039;41bccdd10cf2c0560f637404c2d96164b67d9d67&#039;, time: &#039;2015-10-09 13:08:06&#039;
System info: host: &#039;Gonis-MacBook-Pro.local&#039;, ip: &#039;192.168.1.14&#039;, os.name: &#039;Mac OS X&#039;, os.arch: &#039;x86_64&#039;, os.version: &#039;10.10.4&#039;, java.version: &#039;1.8.0_45&#039;
Driver info: org.openqa.selenium.remote.RemoteWebDriver
Capabilities [{applicationCacheEnabled=true, rotatable=false, hasMetadata=true, databaseEnabled=true, handlesAlerts=true, version=43.0, platform=MAC, nativeEvents=false, acceptSslCerts=true, webdriver.remote.sessionid=1e3078ff5cdb4609a4140ff1d5ecb1d5, locationContextEnabled=true, webStorageEnabled=true, takesScreenshot=true, browserName=firefox, javascriptEnabled=true, cssSelectorsEnabled=true}]
Session ID: 1e3078ff5cdb4609a4140ff1d5ecb1d5">
      <![CDATA[org.openqa.selenium.UnsupportedCommandException: ERROR The test with session id 1e3078ff5cdb4609a4140ff1d5ecb1d5 has already finished, and can't receive further commands
You can learn more at https://saucelabs.com/jobs/1e3078ff5cdb4609a4140ff1d5ecb1d5
For help, please check https://docs.saucelabs.com/reference/troubleshooting-common-error-messages
Command duration or timeout: 239 milliseconds
Build info: version: '2.48.2', revision: '41bccdd10cf2c0560f637404c2d96164b67d9d67', time: '2015-10-09 13:08:06'
System info: host: 'Gonis-MacBook-Pro.local', ip: '192.168.1.14', os.name: 'Mac OS X', os.arch: 'x86_64', os.version: '10.10.4', java.version: '1.8.0_45'
Driver info: org.openqa.selenium.remote.RemoteWebDriver
Capabilities [{applicationCacheEnabled=true, rotatable=false, hasMetadata=true, databaseEnabled=true, handlesAlerts=true, version=43.0, platform=MAC, nativeEvents=false, acceptSslCerts=true, webdriver.remote.sessionid=1e3078ff5cdb4609a4140ff1d5ecb1d5, locationContextEnabled=true, webStorageEnabled=true, takesScreenshot=true, browserName=firefox, javascriptEnabled=true, cssSelectorsEnabled=true}]
Session ID: 1e3078ff5cdb4609a4140ff1d5ecb1d5
	at sun.reflect.GeneratedConstructorAccessor15.newInstance(Unknown Source)
	at sun.reflect.DelegatingConstructorAccessorImpl.newInstance(DelegatingConstructorAccessorImpl.java:45)
	at java.lang.reflect.Constructor.newInstance(Constructor.java:422)
	at org.openqa.selenium.remote.ErrorHandler.createThrowable(ErrorHandler.java:206)
	at org.openqa.selenium.remote.ErrorHandler.throwIfResponseFailed(ErrorHandler.java:158)
	at org.openqa.selenium.remote.RemoteWebDriver.execute(RemoteWebDriver.java:647)
	at org.openqa.selenium.remote.RemoteWebDriver.execute(RemoteWebDriver.java:670)
	at org.openqa.selenium.remote.RemoteWebDriver.getTitle(RemoteWebDriver.java:315)
	at com.biodata.labguru.tests.BaseTest.setLog(BaseTest.java:282)
	at com.biodata.labguru.tests.inventory.AbstractCollectionsTest.addCustomFieldAndGenerateCollectionTemplate(AbstractCollectionsTest.java:242)
	at sun.reflect.NativeMethodAccessorImpl.invoke0(Native Method)
	at sun.reflect.NativeMethodAccessorImpl.invoke(NativeMethodAccessorImpl.java:62)
	at sun.reflect.DelegatingMethodAccessorImpl.invoke(DelegatingMethodAccessorImpl.java:43)
	at java.lang.reflect.Method.invoke(Method.java:497)
	at org.testng.internal.MethodInvocationHelper.invokeMethod(MethodInvocationHelper.java:85)
	at org.testng.internal.Invoker.invokeMethod(Invoker.java:696)
	at org.testng.internal.Invoker.invokeTestMethod(Invoker.java:882)
	at org.testng.internal.Invoker.invokeTestMethods(Invoker.java:1189)
	at org.testng.internal.TestMethodWorker.invokeTestMethods(TestMethodWorker.java:124)
	at org.testng.internal.TestMethodWorker.run(TestMethodWorker.java:108)
	at java.util.concurrent.ThreadPoolExecutor.runWorker(ThreadPoolExecutor.java:1142)
	at java.util.concurrent.ThreadPoolExecutor$Worker.run(ThreadPoolExecutor.java:617)
	at java.lang.Thread.run(Thread.java:745)
]]>
    </failure>
  </testcase> <!-- addCustomFieldAndGenerateCollectionTemplate -->
  <testcase name="importCollection" time="13.779" classname="com.biodata.labguru.tests.inventory.purchasables.WormsTest">
    <failure type="org.openqa.selenium.UnsupportedCommandException" message="ERROR The test with session id 1e3078ff5cdb4609a4140ff1d5ecb1d5 has already finished, and can&#039;t receive further commands
You can learn more at https://saucelabs.com/jobs/1e3078ff5cdb4609a4140ff1d5ecb1d5
For help, please check https://docs.saucelabs.com/reference/troubleshooting-common-error-messages
Command duration or timeout: 239 milliseconds
Build info: version: &#039;2.48.2&#039;, revision: &#039;41bccdd10cf2c0560f637404c2d96164b67d9d67&#039;, time: &#039;2015-10-09 13:08:06&#039;
System info: host: &#039;Gonis-MacBook-Pro.local&#039;, ip: &#039;192.168.1.14&#039;, os.name: &#039;Mac OS X&#039;, os.arch: &#039;x86_64&#039;, os.version: &#039;10.10.4&#039;, java.version: &#039;1.8.0_45&#039;
Driver info: org.openqa.selenium.remote.RemoteWebDriver
Capabilities [{applicationCacheEnabled=true, rotatable=false, hasMetadata=true, databaseEnabled=true, handlesAlerts=true, version=43.0, platform=MAC, nativeEvents=false, acceptSslCerts=true, webdriver.remote.sessionid=1e3078ff5cdb4609a4140ff1d5ecb1d5, locationContextEnabled=true, webStorageEnabled=true, takesScreenshot=true, browserName=firefox, javascriptEnabled=true, cssSelectorsEnabled=true}]
Session ID: 1e3078ff5cdb4609a4140ff1d5ecb1d5">
      <![CDATA[org.openqa.selenium.UnsupportedCommandException: ERROR The test with session id 1e3078ff5cdb4609a4140ff1d5ecb1d5 has already finished, and can't receive further commands
You can learn more at https://saucelabs.com/jobs/1e3078ff5cdb4609a4140ff1d5ecb1d5
For help, please check https://docs.saucelabs.com/reference/troubleshooting-common-error-messages
Command duration or timeout: 239 milliseconds
Build info: version: '2.48.2', revision: '41bccdd10cf2c0560f637404c2d96164b67d9d67', time: '2015-10-09 13:08:06'
System info: host: 'Gonis-MacBook-Pro.local', ip: '192.168.1.14', os.name: 'Mac OS X', os.arch: 'x86_64', os.version: '10.10.4', java.version: '1.8.0_45'
Driver info: org.openqa.selenium.remote.RemoteWebDriver
Capabilities [{applicationCacheEnabled=true, rotatable=false, hasMetadata=true, databaseEnabled=true, handlesAlerts=true, version=43.0, platform=MAC, nativeEvents=false, acceptSslCerts=true, webdriver.remote.sessionid=1e3078ff5cdb4609a4140ff1d5ecb1d5, locationContextEnabled=true, webStorageEnabled=true, takesScreenshot=true, browserName=firefox, javascriptEnabled=true, cssSelectorsEnabled=true}]
Session ID: 1e3078ff5cdb4609a4140ff1d5ecb1d5
	at sun.reflect.GeneratedConstructorAccessor15.newInstance(Unknown Source)
	at sun.reflect.DelegatingConstructorAccessorImpl.newInstance(DelegatingConstructorAccessorImpl.java:45)
	at java.lang.reflect.Constructor.newInstance(Constructor.java:422)
	at org.openqa.selenium.remote.ErrorHandler.createThrowable(ErrorHandler.java:206)
	at org.openqa.selenium.remote.ErrorHandler.throwIfResponseFailed(ErrorHandler.java:158)
	at org.openqa.selenium.remote.RemoteWebDriver.execute(RemoteWebDriver.java:647)
	at org.openqa.selenium.remote.RemoteWebDriver.execute(RemoteWebDriver.java:670)
	at org.openqa.selenium.remote.RemoteWebDriver.getTitle(RemoteWebDriver.java:315)
	at com.biodata.labguru.tests.BaseTest.setLog(BaseTest.java:282)
	at com.biodata.labguru.tests.inventory.AbstractCollectionsTest.importCollection(AbstractCollectionsTest.java:261)
	at sun.reflect.NativeMethodAccessorImpl.invoke0(Native Method)
	at sun.reflect.NativeMethodAccessorImpl.invoke(NativeMethodAccessorImpl.java:62)
	at sun.reflect.DelegatingMethodAccessorImpl.invoke(DelegatingMethodAccessorImpl.java:43)
	at java.lang.reflect.Method.invoke(Method.java:497)
	at org.testng.internal.MethodInvocationHelper.invokeMethod(MethodInvocationHelper.java:85)
	at org.testng.internal.Invoker.invokeMethod(Invoker.java:696)
	at org.testng.internal.Invoker.invokeTestMethod(Invoker.java:882)
	at org.testng.internal.Invoker.invokeTestMethods(Invoker.java:1189)
	at org.testng.internal.TestMethodWorker.invokeTestMethods(TestMethodWorker.java:124)
	at org.testng.internal.TestMethodWorker.run(TestMethodWorker.java:108)
	at java.util.concurrent.ThreadPoolExecutor.runWorker(ThreadPoolExecutor.java:1142)
	at java.util.concurrent.ThreadPoolExecutor$Worker.run(ThreadPoolExecutor.java:617)
	at java.lang.Thread.run(Thread.java:745)
]]>
    </failure>
  </testcase> <!-- importCollection -->
</testsuite> <!-- com.biodata.labguru.tests.inventory.purchasables.WormsTest -->
